# JRE version: Java(TM) SE Runtime Environment (8.0_66-b18) (build 1.8.0_66-b18)
# Java VM: Java HotSpot(TM) 64-Bit Server VM (25.66-b18 mixed mode windows-amd64 compressed oops)
Heap:
 PSYoungGen      total 161792K, used 44599K [0x00000000f5580000, 0x00000000ff600000, 0x0000000100000000)
  eden space 159232K, 28% used [0x00000000f5580000,0x00000000f810dd68,0x00000000ff100000)
  from space 2560K, 0% used [0x00000000ff100000,0x00000000ff100000,0x00000000ff380000)
  to   space 2560K, 0% used [0x00000000ff380000,0x00000000ff380000,0x00000000ff600000)
 ParOldGen       total 93184K, used 58834K [0x00000000e0000000, 0x00000000e5b00000, 0x00000000f5580000)
  object space 93184K, 63% used [0x00000000e0000000,0x00000000e3974930,0x00000000e5b00000)
 Metaspace       used 98756K, capacity 106252K, committed 106520K, reserved 1142784K
  class space    used 11477K, capacity 13758K, committed 13856K, reserved 1048576K
GC Heap History (10 events):
Event: 141472.198 GC heap before
{Heap before GC invocations=195 (full 88):
 PSYoungGen      total 159744K, used 512K [0x00000000f5580000, 0x00000000ff600000, 0x0000000100000000)
  eden space 159232K, 0% used [0x00000000f5580000,0x00000000f5580000,0x00000000ff100000)
  from space 512K, 100% used [0x00000000ff100000,0x00000000ff180000,0x00000000ff180000)
  to   space 2560K, 0% used [0x00000000ff380000,0x00000000ff380000,0x00000000ff600000)
 ParOldGen       total 93184K, used 58645K [0x00000000e0000000, 0x00000000e5b00000, 0x00000000f5580000)
  object space 93184K, 62% used [0x00000000e0000000,0x00000000e3945438,0x00000000e5b00000)
 Metaspace       used 98195K, capacity 105554K, committed 105880K, reserved 1140736K
  class space    used 11415K, capacity 13659K, committed 13728K, reserved 1048576K
Event: 141472.337 GC heap after
Heap after GC invocations=195 (full 88):
 PSYoungGen      total 159744K, used 0K [0x00000000f5580000, 0x00000000ff600000, 0x0000000100000000)
  eden space 159232K, 0% used [0x00000000f5580000,0x00000000f5580000,0x00000000ff100000)
  from space 512K, 0% used [0x00000000ff100000,0x00000000ff100000,0x00000000ff180000)
  to   space 2560K, 0% used [0x00000000ff380000,0x00000000ff380000,0x00000000ff600000)
 ParOldGen       total 93184K, used 58834K [0x00000000e0000000, 0x00000000e5b00000, 0x00000000f5580000)
  object space 93184K, 63% used [0x00000000e0000000,0x00000000e3974930,0x00000000e5b00000)
 Metaspace       used 98195K, capacity 105554K, committed 105880K, reserved 1140736K
  class space    used 11415K, capacity 13659K, committed 13728K, reserved 1048576K
}
Event: 141532.213 GC heap before
{Heap before GC invocations=196 (full 88):
 PSYoungGen      total 159744K, used 8263K [0x00000000f5580000, 0x00000000ff600000, 0x0000000100000000)
  eden space 159232K, 5% used [0x00000000f5580000,0x00000000f5d91cc0,0x00000000ff100000)
  from space 512K, 0% used [0x00000000ff100000,0x00000000ff100000,0x00000000ff180000)
  to   space 2560K, 0% used [0x00000000ff380000,0x00000000ff380000,0x00000000ff600000)
 ParOldGen       total 93184K, used 58834K [0x00000000e0000000, 0x00000000e5b00000, 0x00000000f5580000)
  object space 93184K, 63% used [0x00000000e0000000,0x00000000e3974930,0x00000000e5b00000)
 Metaspace       used 98198K, capacity 105554K, committed 105880K, reserved 1140736K
  class space    used 11415K, capacity 13659K, committed 13728K, reserved 1048576K
Event: 141532.219 GC heap after
Heap after GC invocations=196 (full 88):
 PSYoungGen      total 161792K, used 576K [0x00000000f5580000, 0x00000000ff600000, 0x0000000100000000)
  eden space 159232K, 0% used [0x00000000f5580000,0x00000000f5580000,0x00000000ff100000)
  from space 2560K, 22% used [0x00000000ff380000,0x00000000ff410000,0x00000000ff600000)
  to   space 2560K, 0% used [0x00000000ff100000,0x00000000ff100000,0x00000000ff380000)
 ParOldGen       total 93184K, used 58834K [0x00000000e0000000, 0x00000000e5b00000, 0x00000000f5580000)
  object space 93184K, 63% used [0x00000000e0000000,0x00000000e3974930,0x00000000e5b00000)
 Metaspace       used 98198K, capacity 105554K, committed 105880K, reserved 1140736K
  class space    used 11415K, capacity 13659K, committed 13728K, reserved 1048576K
}
Event: 141532.219 GC heap before
{Heap before GC invocations=197 (full 89):
 PSYoungGen      total 161792K, used 576K [0x00000000f5580000, 0x00000000ff600000, 0x0000000100000000)
  eden space 159232K, 0% used [0x00000000f5580000,0x00000000f5580000,0x00000000ff100000)
  from space 2560K, 22% used [0x00000000ff380000,0x00000000ff410000,0x00000000ff600000)
  to   space 2560K, 0% used [0x00000000ff100000,0x00000000ff100000,0x00000000ff380000)
 ParOldGen       total 93184K, used 58834K [0x00000000e0000000, 0x00000000e5b00000, 0x00000000f5580000)
  object space 93184K, 63% used [0x00000000e0000000,0x00000000e3974930,0x00000000e5b00000)
 Metaspace       used 98198K, capacity 105554K, committed 105880K, reserved 1140736K
  class space    used 11415K, capacity 13659K, committed 13728K, reserved 1048576K
Event: 141532.365 GC heap after
Heap after GC invocations=197 (full 89):
 PSYoungGen      total 161792K, used 0K [0x00000000f5580000, 0x00000000ff600000, 0x0000000100000000)
  eden space 159232K, 0% used [0x00000000f5580000,0x00000000f5580000,0x00000000ff100000)
  from space 2560K, 0% used [0x00000000ff380000,0x00000000ff380000,0x00000000ff600000)
  to   space 2560K, 0% used [0x00000000ff100000,0x00000000ff100000,0x00000000ff380000)
 ParOldGen       total 93184K, used 58989K [0x00000000e0000000, 0x00000000e5b00000, 0x00000000f5580000)
  object space 93184K, 63% used [0x00000000e0000000,0x00000000e399b490,0x00000000e5b00000)
 Metaspace       used 98198K, capacity 105554K, committed 105880K, reserved 1140736K
  class space    used 11415K, capacity 13659K, committed 13728K, reserved 1048576K
}
Event: 141592.215 GC heap before
{Heap before GC invocations=198 (full 89):
 PSYoungGen      total 161792K, used 3734K [0x00000000f5580000, 0x00000000ff600000, 0x0000000100000000)
  eden space 159232K, 2% used [0x00000000f5580000,0x00000000f59258d8,0x00000000ff100000)
  from space 2560K, 0% used [0x00000000ff380000,0x00000000ff380000,0x00000000ff600000)
  to   space 2560K, 0% used [0x00000000ff100000,0x00000000ff100000,0x00000000ff380000)
 ParOldGen       total 93184K, used 58989K [0x00000000e0000000, 0x00000000e5b00000, 0x00000000f5580000)
  object space 93184K, 63% used [0x00000000e0000000,0x00000000e399b490,0x00000000e5b00000)
 Metaspace       used 98198K, capacity 105554K, committed 105880K, reserved 1140736K
  class space    used 11415K, capacity 13659K, committed 13728K, reserved 1048576K
Event: 141592.218 GC heap after
Heap after GC invocations=198 (full 89):
 PSYoungGen      total 161792K, used 288K [0x00000000f5580000, 0x00000000ff600000, 0x0000000100000000)
  eden space 159232K, 0% used [0x00000000f5580000,0x00000000f5580000,0x00000000ff100000)
  from space 2560K, 11% used [0x00000000ff100000,0x00000000ff148000,0x00000000ff380000)
  to   space 2560K, 0% used [0x00000000ff380000,0x00000000ff380000,0x00000000ff600000)
 ParOldGen       total 93184K, used 58989K [0x00000000e0000000, 0x00000000e5b00000, 0x00000000f5580000)
  object space 93184K, 63% used [0x00000000e0000000,0x00000000e399b490,0x00000000e5b00000)
 Metaspace       used 98198K, capacity 105554K, committed 105880K, reserved 1140736K
  class space    used 11415K, capacity 13659K, committed 13728K, reserved 1048576K
}
Event: 141592.218 GC heap before
{Heap before GC invocations=199 (full 90):
 PSYoungGen      total 161792K, used 288K [0x00000000f5580000, 0x00000000ff600000, 0x0000000100000000)
  eden space 159232K, 0% used [0x00000000f5580000,0x00000000f5580000,0x00000000ff100000)
  from space 2560K, 11% used [0x00000000ff100000,0x00000000ff148000,0x00000000ff380000)
  to   space 2560K, 0% used [0x00000000ff380000,0x00000000ff380000,0x00000000ff600000)
 ParOldGen       total 93184K, used 58989K [0x00000000e0000000, 0x00000000e5b00000, 0x00000000f5580000)
  object space 93184K, 63% used [0x00000000e0000000,0x00000000e399b490,0x00000000e5b00000)
 Metaspace       used 98198K, capacity 105554K, committed 105880K, reserved 1140736K
  class space    used 11415K, capacity 13659K, committed 13728K, reserved 1048576K
Event: 141592.362 GC heap after
Heap after GC invocations=199 (full 90):
 PSYoungGen      total 161792K, used 0K [0x00000000f5580000, 0x00000000ff600000, 0x0000000100000000)
  eden space 159232K, 0% used [0x00000000f5580000,0x00000000f5580000,0x00000000ff100000)
  from space 2560K, 0% used [0x00000000ff100000,0x00000000ff100000,0x00000000ff380000)
  to   space 2560K, 0% used [0x00000000ff380000,0x00000000ff380000,0x00000000ff600000)
 ParOldGen       total 93184K, used 58834K [0x00000000e0000000, 0x00000000e5b00000, 0x00000000f5580000)
  object space 93184K, 63% used [0x00000000e0000000,0x00000000e3974930,0x00000000e5b00000)
 Metaspace       used 98198K, capacity 105554K, committed 105880K, reserved 1140736K
  class space    used 11415K, capacity 13659K, committed 13728K, reserved 1048576K
}

