# JRE version: Java(TM) SE Runtime Environment (8.0_66-b18) (build 1.8.0_66-b18)
# Java VM: Java HotSpot(TM) 64-Bit Server VM (25.66-b18 mixed mode windows-amd64 compressed oops)
Heap:
 PSYoungGen      total 96768K, used 35636K [0x00000000f5580000, 0x00000000fb500000, 0x0000000100000000)
  eden space 95744K, 37% used [0x00000000f5580000,0x00000000f784d230,0x00000000fb300000)
  from space 1024K, 0% used [0x00000000fb400000,0x00000000fb400000,0x00000000fb500000)
  to   space 1024K, 0% used [0x00000000fb300000,0x00000000fb300000,0x00000000fb400000)
 ParOldGen       total 117760K, used 50026K [0x00000000e0000000, 0x00000000e7300000, 0x00000000f5580000)
  object space 117760K, 42% used [0x00000000e0000000,0x00000000e30daa80,0x00000000e7300000)
 Metaspace       used 92862K, capacity 100090K, committed 100248K, reserved 1136640K
  class space    used 11042K, capacity 13409K, committed 13488K, reserved 1048576K
GC Heap History (10 events):
Event: 5248.072 GC heap before
{Heap before GC invocations=179 (full 81):
 PSYoungGen      total 96768K, used 192K [0x00000000f5580000, 0x00000000fb500000, 0x0000000100000000)
  eden space 95744K, 0% used [0x00000000f5580000,0x00000000f5580000,0x00000000fb300000)
  from space 1024K, 18% used [0x00000000fb400000,0x00000000fb430000,0x00000000fb500000)
  to   space 1024K, 0% used [0x00000000fb300000,0x00000000fb300000,0x00000000fb400000)
 ParOldGen       total 117760K, used 50030K [0x00000000e0000000, 0x00000000e7300000, 0x00000000f5580000)
  object space 117760K, 42% used [0x00000000e0000000,0x00000000e30db858,0x00000000e7300000)
 Metaspace       used 92075K, capacity 99520K, committed 99864K, reserved 1136640K
  class space    used 10951K, capacity 13246K, committed 13360K, reserved 1048576K
Event: 5248.219 GC heap after
Heap after GC invocations=179 (full 81):
 PSYoungGen      total 96768K, used 0K [0x00000000f5580000, 0x00000000fb500000, 0x0000000100000000)
  eden space 95744K, 0% used [0x00000000f5580000,0x00000000f5580000,0x00000000fb300000)
  from space 1024K, 0% used [0x00000000fb400000,0x00000000fb400000,0x00000000fb500000)
  to   space 1024K, 0% used [0x00000000fb300000,0x00000000fb300000,0x00000000fb400000)
 ParOldGen       total 117760K, used 50027K [0x00000000e0000000, 0x00000000e7300000, 0x00000000f5580000)
  object space 117760K, 42% used [0x00000000e0000000,0x00000000e30dac58,0x00000000e7300000)
 Metaspace       used 92075K, capacity 99520K, committed 99864K, reserved 1136640K
  class space    used 10951K, capacity 13246K, committed 13360K, reserved 1048576K
}
Event: 5308.089 GC heap before
{Heap before GC invocations=180 (full 81):
 PSYoungGen      total 96768K, used 1641K [0x00000000f5580000, 0x00000000fb500000, 0x0000000100000000)
  eden space 95744K, 1% used [0x00000000f5580000,0x00000000f571a4a8,0x00000000fb300000)
  from space 1024K, 0% used [0x00000000fb400000,0x00000000fb400000,0x00000000fb500000)
  to   space 1024K, 0% used [0x00000000fb300000,0x00000000fb300000,0x00000000fb400000)
 ParOldGen       total 117760K, used 50027K [0x00000000e0000000, 0x00000000e7300000, 0x00000000f5580000)
  object space 117760K, 42% used [0x00000000e0000000,0x00000000e30dac58,0x00000000e7300000)
 Metaspace       used 92075K, capacity 99520K, committed 99864K, reserved 1136640K
  class space    used 10951K, capacity 13246K, committed 13360K, reserved 1048576K
Event: 5308.092 GC heap after
Heap after GC invocations=180 (full 81):
 PSYoungGen      total 96768K, used 224K [0x00000000f5580000, 0x00000000fb500000, 0x0000000100000000)
  eden space 95744K, 0% used [0x00000000f5580000,0x00000000f5580000,0x00000000fb300000)
  from space 1024K, 21% used [0x00000000fb300000,0x00000000fb338000,0x00000000fb400000)
  to   space 1024K, 0% used [0x00000000fb400000,0x00000000fb400000,0x00000000fb500000)
 ParOldGen       total 117760K, used 50027K [0x00000000e0000000, 0x00000000e7300000, 0x00000000f5580000)
  object space 117760K, 42% used [0x00000000e0000000,0x00000000e30dac58,0x00000000e7300000)
 Metaspace       used 92075K, capacity 99520K, committed 99864K, reserved 1136640K
  class space    used 10951K, capacity 13246K, committed 13360K, reserved 1048576K
}
Event: 5308.092 GC heap before
{Heap before GC invocations=181 (full 82):
 PSYoungGen      total 96768K, used 224K [0x00000000f5580000, 0x00000000fb500000, 0x0000000100000000)
  eden space 95744K, 0% used [0x00000000f5580000,0x00000000f5580000,0x00000000fb300000)
  from space 1024K, 21% used [0x00000000fb300000,0x00000000fb338000,0x00000000fb400000)
  to   space 1024K, 0% used [0x00000000fb400000,0x00000000fb400000,0x00000000fb500000)
 ParOldGen       total 117760K, used 50027K [0x00000000e0000000, 0x00000000e7300000, 0x00000000f5580000)
  object space 117760K, 42% used [0x00000000e0000000,0x00000000e30dac58,0x00000000e7300000)
 Metaspace       used 92075K, capacity 99520K, committed 99864K, reserved 1136640K
  class space    used 10951K, capacity 13246K, committed 13360K, reserved 1048576K
Event: 5308.220 GC heap after
Heap after GC invocations=181 (full 82):
 PSYoungGen      total 96768K, used 0K [0x00000000f5580000, 0x00000000fb500000, 0x0000000100000000)
  eden space 95744K, 0% used [0x00000000f5580000,0x00000000f5580000,0x00000000fb300000)
  from space 1024K, 0% used [0x00000000fb300000,0x00000000fb300000,0x00000000fb400000)
  to   space 1024K, 0% used [0x00000000fb400000,0x00000000fb400000,0x00000000fb500000)
 ParOldGen       total 117760K, used 50018K [0x00000000e0000000, 0x00000000e7300000, 0x00000000f5580000)
  object space 117760K, 42% used [0x00000000e0000000,0x00000000e30d8868,0x00000000e7300000)
 Metaspace       used 92075K, capacity 99520K, committed 99864K, reserved 1136640K
  class space    used 10951K, capacity 13246K, committed 13360K, reserved 1048576K
}
Event: 5368.093 GC heap before
{Heap before GC invocations=182 (full 82):
 PSYoungGen      total 96768K, used 1824K [0x00000000f5580000, 0x00000000fb500000, 0x0000000100000000)
  eden space 95744K, 1% used [0x00000000f5580000,0x00000000f5748140,0x00000000fb300000)
  from space 1024K, 0% used [0x00000000fb300000,0x00000000fb300000,0x00000000fb400000)
  to   space 1024K, 0% used [0x00000000fb400000,0x00000000fb400000,0x00000000fb500000)
 ParOldGen       total 117760K, used 50018K [0x00000000e0000000, 0x00000000e7300000, 0x00000000f5580000)
  object space 117760K, 42% used [0x00000000e0000000,0x00000000e30d8868,0x00000000e7300000)
 Metaspace       used 92075K, capacity 99520K, committed 99864K, reserved 1136640K
  class space    used 10951K, capacity 13246K, committed 13360K, reserved 1048576K
Event: 5368.095 GC heap after
Heap after GC invocations=182 (full 82):
 PSYoungGen      total 96768K, used 224K [0x00000000f5580000, 0x00000000fb500000, 0x0000000100000000)
  eden space 95744K, 0% used [0x00000000f5580000,0x00000000f5580000,0x00000000fb300000)
  from space 1024K, 21% used [0x00000000fb400000,0x00000000fb438000,0x00000000fb500000)
  to   space 1024K, 0% used [0x00000000fb300000,0x00000000fb300000,0x00000000fb400000)
 ParOldGen       total 117760K, used 50018K [0x00000000e0000000, 0x00000000e7300000, 0x00000000f5580000)
  object space 117760K, 42% used [0x00000000e0000000,0x00000000e30d8868,0x00000000e7300000)
 Metaspace       used 92075K, capacity 99520K, committed 99864K, reserved 1136640K
  class space    used 10951K, capacity 13246K, committed 13360K, reserved 1048576K
}
Event: 5368.095 GC heap before
{Heap before GC invocations=183 (full 83):
 PSYoungGen      total 96768K, used 224K [0x00000000f5580000, 0x00000000fb500000, 0x0000000100000000)
  eden space 95744K, 0% used [0x00000000f5580000,0x00000000f5580000,0x00000000fb300000)
  from space 1024K, 21% used [0x00000000fb400000,0x00000000fb438000,0x00000000fb500000)
  to   space 1024K, 0% used [0x00000000fb300000,0x00000000fb300000,0x00000000fb400000)
 ParOldGen       total 117760K, used 50018K [0x00000000e0000000, 0x00000000e7300000, 0x00000000f5580000)
  object space 117760K, 42% used [0x00000000e0000000,0x00000000e30d8868,0x00000000e7300000)
 Metaspace       used 92075K, capacity 99520K, committed 99864K, reserved 1136640K
  class space    used 10951K, capacity 13246K, committed 13360K, reserved 1048576K
Event: 5368.196 GC heap after
Heap after GC invocations=183 (full 83):
 PSYoungGen      total 96768K, used 0K [0x00000000f5580000, 0x00000000fb500000, 0x0000000100000000)
  eden space 95744K, 0% used [0x00000000f5580000,0x00000000f5580000,0x00000000fb300000)
  from space 1024K, 0% used [0x00000000fb400000,0x00000000fb400000,0x00000000fb500000)
  to   space 1024K, 0% used [0x00000000fb300000,0x00000000fb300000,0x00000000fb400000)
 ParOldGen       total 117760K, used 50026K [0x00000000e0000000, 0x00000000e7300000, 0x00000000f5580000)
  object space 117760K, 42% used [0x00000000e0000000,0x00000000e30daa80,0x00000000e7300000)
 Metaspace       used 92075K, capacity 99520K, committed 99864K, reserved 1136640K
  class space    used 10951K, capacity 13246K, committed 13360K, reserved 1048576K
}

