# JRE version: Java(TM) SE Runtime Environment (8.0_66-b18) (build 1.8.0_66-b18)
# Java VM: Java HotSpot(TM) 64-Bit Server VM (25.66-b18 mixed mode windows-amd64 compressed oops)
Heap:
 PSYoungGen      total 123904K, used 43789K [0x00000000f5580000, 0x00000000fd180000, 0x0000000100000000)
  eden space 120832K, 36% used [0x00000000f5580000,0x00000000f8043528,0x00000000fcb80000)
  from space 3072K, 0% used [0x00000000fcb80000,0x00000000fcb80000,0x00000000fce80000)
  to   space 3072K, 0% used [0x00000000fce80000,0x00000000fce80000,0x00000000fd180000)
 ParOldGen       total 102912K, used 55885K [0x00000000e0000000, 0x00000000e6480000, 0x00000000f5580000)
  object space 102912K, 54% used [0x00000000e0000000,0x00000000e3693528,0x00000000e6480000)
 Metaspace       used 89107K, capacity 96532K, committed 96768K, reserved 1132544K
  class space    used 10648K, capacity 13002K, committed 13056K, reserved 1048576K
GC Heap History (10 events):
Event: 2759.605 GC heap before
{Heap before GC invocations=103 (full 44):
 PSYoungGen      total 124416K, used 480K [0x00000000f5580000, 0x00000000fd280000, 0x0000000100000000)
  eden space 120832K, 0% used [0x00000000f5580000,0x00000000f5580000,0x00000000fcb80000)
  from space 3584K, 13% used [0x00000000fcb80000,0x00000000fcbf8000,0x00000000fcf00000)
  to   space 3584K, 0% used [0x00000000fcf00000,0x00000000fcf00000,0x00000000fd280000)
 ParOldGen       total 102912K, used 55886K [0x00000000e0000000, 0x00000000e6480000, 0x00000000f5580000)
  object space 102912K, 54% used [0x00000000e0000000,0x00000000e36938f8,0x00000000e6480000)
 Metaspace       used 87678K, capacity 95086K, committed 95232K, reserved 1132544K
  class space    used 10475K, capacity 12776K, committed 12800K, reserved 1048576K
Event: 2759.694 GC heap after
Heap after GC invocations=103 (full 44):
 PSYoungGen      total 124416K, used 0K [0x00000000f5580000, 0x00000000fd280000, 0x0000000100000000)
  eden space 120832K, 0% used [0x00000000f5580000,0x00000000f5580000,0x00000000fcb80000)
  from space 3584K, 0% used [0x00000000fcb80000,0x00000000fcb80000,0x00000000fcf00000)
  to   space 3584K, 0% used [0x00000000fcf00000,0x00000000fcf00000,0x00000000fd280000)
 ParOldGen       total 102912K, used 56030K [0x00000000e0000000, 0x00000000e6480000, 0x00000000f5580000)
  object space 102912K, 54% used [0x00000000e0000000,0x00000000e36b7ad0,0x00000000e6480000)
 Metaspace       used 87678K, capacity 95086K, committed 95232K, reserved 1132544K
  class space    used 10475K, capacity 12776K, committed 12800K, reserved 1048576K
}
Event: 2819.614 GC heap before
{Heap before GC invocations=104 (full 44):
 PSYoungGen      total 124416K, used 3947K [0x00000000f5580000, 0x00000000fd280000, 0x0000000100000000)
  eden space 120832K, 3% used [0x00000000f5580000,0x00000000f595af30,0x00000000fcb80000)
  from space 3584K, 0% used [0x00000000fcb80000,0x00000000fcb80000,0x00000000fcf00000)
  to   space 3584K, 0% used [0x00000000fcf00000,0x00000000fcf00000,0x00000000fd280000)
 ParOldGen       total 102912K, used 56030K [0x00000000e0000000, 0x00000000e6480000, 0x00000000f5580000)
  object space 102912K, 54% used [0x00000000e0000000,0x00000000e36b7ad0,0x00000000e6480000)
 Metaspace       used 87678K, capacity 95086K, committed 95232K, reserved 1132544K
  class space    used 10475K, capacity 12776K, committed 12800K, reserved 1048576K
Event: 2819.617 GC heap after
Heap after GC invocations=104 (full 44):
 PSYoungGen      total 123392K, used 128K [0x00000000f5580000, 0x00000000fd180000, 0x0000000100000000)
  eden space 120832K, 0% used [0x00000000f5580000,0x00000000f5580000,0x00000000fcb80000)
  from space 2560K, 5% used [0x00000000fcf00000,0x00000000fcf20000,0x00000000fd180000)
  to   space 3072K, 0% used [0x00000000fcb80000,0x00000000fcb80000,0x00000000fce80000)
 ParOldGen       total 102912K, used 56030K [0x00000000e0000000, 0x00000000e6480000, 0x00000000f5580000)
  object space 102912K, 54% used [0x00000000e0000000,0x00000000e36b7ad0,0x00000000e6480000)
 Metaspace       used 87678K, capacity 95086K, committed 95232K, reserved 1132544K
  class space    used 10475K, capacity 12776K, committed 12800K, reserved 1048576K
}
Event: 2819.617 GC heap before
{Heap before GC invocations=105 (full 45):
 PSYoungGen      total 123392K, used 128K [0x00000000f5580000, 0x00000000fd180000, 0x0000000100000000)
  eden space 120832K, 0% used [0x00000000f5580000,0x00000000f5580000,0x00000000fcb80000)
  from space 2560K, 5% used [0x00000000fcf00000,0x00000000fcf20000,0x00000000fd180000)
  to   space 3072K, 0% used [0x00000000fcb80000,0x00000000fcb80000,0x00000000fce80000)
 ParOldGen       total 102912K, used 56030K [0x00000000e0000000, 0x00000000e6480000, 0x00000000f5580000)
  object space 102912K, 54% used [0x00000000e0000000,0x00000000e36b7ad0,0x00000000e6480000)
 Metaspace       used 87678K, capacity 95086K, committed 95232K, reserved 1132544K
  class space    used 10475K, capacity 12776K, committed 12800K, reserved 1048576K
Event: 2819.715 GC heap after
Heap after GC invocations=105 (full 45):
 PSYoungGen      total 123392K, used 0K [0x00000000f5580000, 0x00000000fd180000, 0x0000000100000000)
  eden space 120832K, 0% used [0x00000000f5580000,0x00000000f5580000,0x00000000fcb80000)
  from space 2560K, 0% used [0x00000000fcf00000,0x00000000fcf00000,0x00000000fd180000)
  to   space 3072K, 0% used [0x00000000fcb80000,0x00000000fcb80000,0x00000000fce80000)
 ParOldGen       total 102912K, used 55875K [0x00000000e0000000, 0x00000000e6480000, 0x00000000f5580000)
  object space 102912K, 54% used [0x00000000e0000000,0x00000000e3690d30,0x00000000e6480000)
 Metaspace       used 87678K, capacity 95086K, committed 95232K, reserved 1132544K
  class space    used 10475K, capacity 12776K, committed 12800K, reserved 1048576K
}
Event: 2879.617 GC heap before
{Heap before GC invocations=106 (full 45):
 PSYoungGen      total 123392K, used 4028K [0x00000000f5580000, 0x00000000fd180000, 0x0000000100000000)
  eden space 120832K, 3% used [0x00000000f5580000,0x00000000f596f3b8,0x00000000fcb80000)
  from space 2560K, 0% used [0x00000000fcf00000,0x00000000fcf00000,0x00000000fd180000)
  to   space 3072K, 0% used [0x00000000fcb80000,0x00000000fcb80000,0x00000000fce80000)
 ParOldGen       total 102912K, used 55875K [0x00000000e0000000, 0x00000000e6480000, 0x00000000f5580000)
  object space 102912K, 54% used [0x00000000e0000000,0x00000000e3690d30,0x00000000e6480000)
 Metaspace       used 87678K, capacity 95086K, committed 95232K, reserved 1132544K
  class space    used 10475K, capacity 12776K, committed 12800K, reserved 1048576K
Event: 2879.620 GC heap after
Heap after GC invocations=106 (full 45):
 PSYoungGen      total 123904K, used 192K [0x00000000f5580000, 0x00000000fd180000, 0x0000000100000000)
  eden space 120832K, 0% used [0x00000000f5580000,0x00000000f5580000,0x00000000fcb80000)
  from space 3072K, 6% used [0x00000000fcb80000,0x00000000fcbb0000,0x00000000fce80000)
  to   space 3072K, 0% used [0x00000000fce80000,0x00000000fce80000,0x00000000fd180000)
 ParOldGen       total 102912K, used 55875K [0x00000000e0000000, 0x00000000e6480000, 0x00000000f5580000)
  object space 102912K, 54% used [0x00000000e0000000,0x00000000e3690d30,0x00000000e6480000)
 Metaspace       used 87678K, capacity 95086K, committed 95232K, reserved 1132544K
  class space    used 10475K, capacity 12776K, committed 12800K, reserved 1048576K
}
Event: 2879.620 GC heap before
{Heap before GC invocations=107 (full 46):
 PSYoungGen      total 123904K, used 192K [0x00000000f5580000, 0x00000000fd180000, 0x0000000100000000)
  eden space 120832K, 0% used [0x00000000f5580000,0x00000000f5580000,0x00000000fcb80000)
  from space 3072K, 6% used [0x00000000fcb80000,0x00000000fcbb0000,0x00000000fce80000)
  to   space 3072K, 0% used [0x00000000fce80000,0x00000000fce80000,0x00000000fd180000)
 ParOldGen       total 102912K, used 55875K [0x00000000e0000000, 0x00000000e6480000, 0x00000000f5580000)
  object space 102912K, 54% used [0x00000000e0000000,0x00000000e3690d30,0x00000000e6480000)
 Metaspace       used 87678K, capacity 95086K, committed 95232K, reserved 1132544K
  class space    used 10475K, capacity 12776K, committed 12800K, reserved 1048576K
Event: 2879.717 GC heap after
Heap after GC invocations=107 (full 46):
 PSYoungGen      total 123904K, used 0K [0x00000000f5580000, 0x00000000fd180000, 0x0000000100000000)
  eden space 120832K, 0% used [0x00000000f5580000,0x00000000f5580000,0x00000000fcb80000)
  from space 3072K, 0% used [0x00000000fcb80000,0x00000000fcb80000,0x00000000fce80000)
  to   space 3072K, 0% used [0x00000000fce80000,0x00000000fce80000,0x00000000fd180000)
 ParOldGen       total 102912K, used 55885K [0x00000000e0000000, 0x00000000e6480000, 0x00000000f5580000)
  object space 102912K, 54% used [0x00000000e0000000,0x00000000e3693528,0x00000000e6480000)
 Metaspace       used 87678K, capacity 95086K, committed 95232K, reserved 1132544K
  class space    used 10475K, capacity 12776K, committed 12800K, reserved 1048576K
}

