# JRE version: Java(TM) SE Runtime Environment (8.0_66-b18) (build 1.8.0_66-b18)
# Java VM: Java HotSpot(TM) 64-Bit Server VM (25.66-b18 mixed mode windows-amd64 compressed oops)
Heap:
 PSYoungGen      total 35328K, used 15789K [0x00000000f5580000, 0x00000000fae80000, 0x0000000100000000)
  eden space 34304K, 43% used [0x00000000f5580000,0x00000000f63eb748,0x00000000f7700000)
  from space 1024K, 100% used [0x00000000fad00000,0x00000000fae00000,0x00000000fae00000)
  to   space 512K, 0% used [0x00000000fae00000,0x00000000fae00000,0x00000000fae80000)
 ParOldGen       total 113152K, used 87318K [0x00000000e0000000, 0x00000000e6e80000, 0x00000000f5580000)
  object space 113152K, 77% used [0x00000000e0000000,0x00000000e5545b50,0x00000000e6e80000)
 Metaspace       used 102376K, capacity 110098K, committed 110232K, reserved 1144832K
  class space    used 12213K, capacity 14749K, committed 14768K, reserved 1048576K
GC Heap History (10 events):
Event: 8163.803 GC heap before
{Heap before GC invocations=1780 (full 79):
 PSYoungGen      total 31232K, used 31136K [0x00000000f5580000, 0x00000000faf00000, 0x0000000100000000)
  eden space 30720K, 100% used [0x00000000f5580000,0x00000000f7380000,0x00000000f7380000)
  from space 512K, 81% used [0x00000000fae80000,0x00000000faee8000,0x00000000faf00000)
  to   space 512K, 0% used [0x00000000fae00000,0x00000000fae00000,0x00000000fae80000)
 ParOldGen       total 113152K, used 86265K [0x00000000e0000000, 0x00000000e6e80000, 0x00000000f5580000)
  object space 113152K, 76% used [0x00000000e0000000,0x00000000e543e630,0x00000000e6e80000)
 Metaspace       used 101668K, capacity 109590K, committed 109720K, reserved 1144832K
  class space    used 12133K, capacity 14649K, committed 14768K, reserved 1048576K
Event: 8163.805 GC heap after
Heap after GC invocations=1780 (full 79):
 PSYoungGen      total 31232K, used 416K [0x00000000f5580000, 0x00000000faf00000, 0x0000000100000000)
  eden space 30720K, 0% used [0x00000000f5580000,0x00000000f5580000,0x00000000f7380000)
  from space 512K, 81% used [0x00000000fae00000,0x00000000fae68000,0x00000000fae80000)
  to   space 512K, 0% used [0x00000000fae80000,0x00000000fae80000,0x00000000faf00000)
 ParOldGen       total 113152K, used 86265K [0x00000000e0000000, 0x00000000e6e80000, 0x00000000f5580000)
  object space 113152K, 76% used [0x00000000e0000000,0x00000000e543e630,0x00000000e6e80000)
 Metaspace       used 101668K, capacity 109590K, committed 109720K, reserved 1144832K
  class space    used 12133K, capacity 14649K, committed 14768K, reserved 1048576K
}
Event: 8164.039 GC heap before
{Heap before GC invocations=1781 (full 79):
 PSYoungGen      total 31232K, used 31136K [0x00000000f5580000, 0x00000000faf00000, 0x0000000100000000)
  eden space 30720K, 100% used [0x00000000f5580000,0x00000000f7380000,0x00000000f7380000)
  from space 512K, 81% used [0x00000000fae00000,0x00000000fae68000,0x00000000fae80000)
  to   space 512K, 0% used [0x00000000fae80000,0x00000000fae80000,0x00000000faf00000)
 ParOldGen       total 113152K, used 86265K [0x00000000e0000000, 0x00000000e6e80000, 0x00000000f5580000)
  object space 113152K, 76% used [0x00000000e0000000,0x00000000e543e630,0x00000000e6e80000)
 Metaspace       used 101834K, capacity 109756K, committed 109976K, reserved 1144832K
  class space    used 12155K, capacity 14682K, committed 14768K, reserved 1048576K
Event: 8164.042 GC heap after
Heap after GC invocations=1781 (full 79):
 PSYoungGen      total 31232K, used 512K [0x00000000f5580000, 0x00000000faf00000, 0x0000000100000000)
  eden space 30720K, 0% used [0x00000000f5580000,0x00000000f5580000,0x00000000f7380000)
  from space 512K, 100% used [0x00000000fae80000,0x00000000faf00000,0x00000000faf00000)
  to   space 1024K, 0% used [0x00000000fad00000,0x00000000fad00000,0x00000000fae00000)
 ParOldGen       total 113152K, used 86534K [0x00000000e0000000, 0x00000000e6e80000, 0x00000000f5580000)
  object space 113152K, 76% used [0x00000000e0000000,0x00000000e54819e8,0x00000000e6e80000)
 Metaspace       used 101834K, capacity 109756K, committed 109976K, reserved 1144832K
  class space    used 12155K, capacity 14682K, committed 14768K, reserved 1048576K
}
Event: 8164.174 GC heap before
{Heap before GC invocations=1782 (full 79):
 PSYoungGen      total 31232K, used 31232K [0x00000000f5580000, 0x00000000faf00000, 0x0000000100000000)
  eden space 30720K, 100% used [0x00000000f5580000,0x00000000f7380000,0x00000000f7380000)
  from space 512K, 100% used [0x00000000fae80000,0x00000000faf00000,0x00000000faf00000)
  to   space 1024K, 0% used [0x00000000fad00000,0x00000000fad00000,0x00000000fae00000)
 ParOldGen       total 113152K, used 86534K [0x00000000e0000000, 0x00000000e6e80000, 0x00000000f5580000)
  object space 113152K, 76% used [0x00000000e0000000,0x00000000e54819e8,0x00000000e6e80000)
 Metaspace       used 101865K, capacity 109832K, committed 109976K, reserved 1144832K
  class space    used 12156K, capacity 14684K, committed 14768K, reserved 1048576K
Event: 8164.177 GC heap after
Heap after GC invocations=1782 (full 79):
 PSYoungGen      total 32768K, used 768K [0x00000000f5580000, 0x00000000faf00000, 0x0000000100000000)
  eden space 31744K, 0% used [0x00000000f5580000,0x00000000f5580000,0x00000000f7480000)
  from space 1024K, 75% used [0x00000000fad00000,0x00000000fadc0000,0x00000000fae00000)
  to   space 1024K, 0% used [0x00000000fae00000,0x00000000fae00000,0x00000000faf00000)
 ParOldGen       total 113152K, used 86542K [0x00000000e0000000, 0x00000000e6e80000, 0x00000000f5580000)
  object space 113152K, 76% used [0x00000000e0000000,0x00000000e54839e8,0x00000000e6e80000)
 Metaspace       used 101865K, capacity 109832K, committed 109976K, reserved 1144832K
  class space    used 12156K, capacity 14684K, committed 14768K, reserved 1048576K
}
Event: 8164.465 GC heap before
{Heap before GC invocations=1783 (full 79):
 PSYoungGen      total 32768K, used 32512K [0x00000000f5580000, 0x00000000faf00000, 0x0000000100000000)
  eden space 31744K, 100% used [0x00000000f5580000,0x00000000f7480000,0x00000000f7480000)
  from space 1024K, 75% used [0x00000000fad00000,0x00000000fadc0000,0x00000000fae00000)
  to   space 1024K, 0% used [0x00000000fae00000,0x00000000fae00000,0x00000000faf00000)
 ParOldGen       total 113152K, used 86542K [0x00000000e0000000, 0x00000000e6e80000, 0x00000000f5580000)
  object space 113152K, 76% used [0x00000000e0000000,0x00000000e54839e8,0x00000000e6e80000)
 Metaspace       used 101964K, capacity 109902K, committed 110232K, reserved 1144832K
  class space    used 12165K, capacity 14685K, committed 14768K, reserved 1048576K
Event: 8164.468 GC heap after
Heap after GC invocations=1783 (full 79):
 PSYoungGen      total 34304K, used 1024K [0x00000000f5580000, 0x00000000faf00000, 0x0000000100000000)
  eden space 33280K, 0% used [0x00000000f5580000,0x00000000f5580000,0x00000000f7600000)
  from space 1024K, 100% used [0x00000000fae00000,0x00000000faf00000,0x00000000faf00000)
  to   space 1024K, 0% used [0x00000000fad00000,0x00000000fad00000,0x00000000fae00000)
 ParOldGen       total 113152K, used 86542K [0x00000000e0000000, 0x00000000e6e80000, 0x00000000f5580000)
  object space 113152K, 76% used [0x00000000e0000000,0x00000000e54839e8,0x00000000e6e80000)
 Metaspace       used 101964K, capacity 109902K, committed 110232K, reserved 1144832K
  class space    used 12165K, capacity 14685K, committed 14768K, reserved 1048576K
}
Event: 8165.427 GC heap before
{Heap before GC invocations=1784 (full 79):
 PSYoungGen      total 34304K, used 34304K [0x00000000f5580000, 0x00000000faf00000, 0x0000000100000000)
  eden space 33280K, 100% used [0x00000000f5580000,0x00000000f7600000,0x00000000f7600000)
  from space 1024K, 100% used [0x00000000fae00000,0x00000000faf00000,0x00000000faf00000)
  to   space 1024K, 0% used [0x00000000fad00000,0x00000000fad00000,0x00000000fae00000)
 ParOldGen       total 113152K, used 86542K [0x00000000e0000000, 0x00000000e6e80000, 0x00000000f5580000)
  object space 113152K, 76% used [0x00000000e0000000,0x00000000e54839e8,0x00000000e6e80000)
 Metaspace       used 102245K, capacity 110098K, committed 110232K, reserved 1144832K
  class space    used 12200K, capacity 14749K, committed 14768K, reserved 1048576K
Event: 8165.432 GC heap after
Heap after GC invocations=1784 (full 79):
 PSYoungGen      total 35328K, used 1024K [0x00000000f5580000, 0x00000000fae80000, 0x0000000100000000)
  eden space 34304K, 0% used [0x00000000f5580000,0x00000000f5580000,0x00000000f7700000)
  from space 1024K, 100% used [0x00000000fad00000,0x00000000fae00000,0x00000000fae00000)
  to   space 512K, 0% used [0x00000000fae00000,0x00000000fae00000,0x00000000fae80000)
 ParOldGen       total 113152K, used 87318K [0x00000000e0000000, 0x00000000e6e80000, 0x00000000f5580000)
  object space 113152K, 77% used [0x00000000e0000000,0x00000000e5545b50,0x00000000e6e80000)
 Metaspace       used 102245K, capacity 110098K, committed 110232K, reserved 1144832K
  class space    used 12200K, capacity 14749K, committed 14768K, reserved 1048576K
}

