# JRE version: Java(TM) SE Runtime Environment (8.0_66-b18) (build 1.8.0_66-b18)
# Java VM: Java HotSpot(TM) 64-Bit Server VM (25.66-b18 mixed mode windows-amd64 compressed oops)
Heap:
 PSYoungGen      total 171008K, used 63441K [0x00000000f5580000, 0x0000000100000000, 0x0000000100000000)
  eden space 168448K, 37% used [0x00000000f5580000,0x00000000f9279ce0,0x00000000ffa00000)
  from space 2560K, 39% used [0x00000000ffa00000,0x00000000ffafa850,0x00000000ffc80000)
  to   space 2560K, 0% used [0x00000000ffd80000,0x00000000ffd80000,0x0000000100000000)
 ParOldGen       total 349696K, used 166562K [0x00000000e0000000, 0x00000000f5580000, 0x00000000f5580000)
  object space 349696K, 47% used [0x00000000e0000000,0x00000000ea2a8888,0x00000000f5580000)
 Metaspace       used 98932K, capacity 106504K, committed 106752K, reserved 1142784K
  class space    used 11304K, capacity 13766K, committed 13824K, reserved 1048576K
GC Heap History (10 events):
Event: 8124.414 GC heap before
{Heap before GC invocations=40207 (full 2502):
 PSYoungGen      total 170496K, used 151496K [0x00000000f5580000, 0x0000000100000000, 0x0000000100000000)
  eden space 167424K, 89% used [0x00000000f5580000,0x00000000fe89c750,0x00000000ff900000)
  from space 3072K, 27% used [0x00000000ff900000,0x00000000ff9d59b0,0x00000000ffc00000)
  to   space 3072K, 0% used [0x00000000ffd00000,0x00000000ffd00000,0x0000000100000000)
 ParOldGen       total 349696K, used 221558K [0x00000000e0000000, 0x00000000f5580000, 0x00000000f5580000)
  object space 349696K, 63% used [0x00000000e0000000,0x00000000ed85dbc0,0x00000000f5580000)
 Metaspace       used 98138K, capacity 105950K, committed 106368K, reserved 1142784K
  class space    used 11220K, capacity 13669K, committed 13696K, reserved 1048576K
Event: 8124.419 GC heap after
Heap after GC invocations=40207 (full 2502):
 PSYoungGen      total 171520K, used 950K [0x00000000f5580000, 0x0000000100000000, 0x0000000100000000)
  eden space 168448K, 0% used [0x00000000f5580000,0x00000000f5580000,0x00000000ffa00000)
  from space 3072K, 30% used [0x00000000ffd00000,0x00000000ffded9b0,0x0000000100000000)
  to   space 3072K, 0% used [0x00000000ffa00000,0x00000000ffa00000,0x00000000ffd00000)
 ParOldGen       total 349696K, used 258276K [0x00000000e0000000, 0x00000000f5580000, 0x00000000f5580000)
  object space 349696K, 73% used [0x00000000e0000000,0x00000000efc39000,0x00000000f5580000)
 Metaspace       used 98138K, capacity 105950K, committed 106368K, reserved 1142784K
  class space    used 11220K, capacity 13669K, committed 13696K, reserved 1048576K
}
Event: 8124.458 GC heap before
{Heap before GC invocations=40208 (full 2502):
 PSYoungGen      total 171520K, used 155379K [0x00000000f5580000, 0x0000000100000000, 0x0000000100000000)
  eden space 168448K, 91% used [0x00000000f5580000,0x00000000fec4f418,0x00000000ffa00000)
  from space 3072K, 30% used [0x00000000ffd00000,0x00000000ffded9b0,0x0000000100000000)
  to   space 3072K, 0% used [0x00000000ffa00000,0x00000000ffa00000,0x00000000ffd00000)
 ParOldGen       total 349696K, used 258276K [0x00000000e0000000, 0x00000000f5580000, 0x00000000f5580000)
  object space 349696K, 73% used [0x00000000e0000000,0x00000000efc39000,0x00000000f5580000)
 Metaspace       used 98138K, capacity 105950K, committed 106368K, reserved 1142784K
  class space    used 11220K, capacity 13669K, committed 13696K, reserved 1048576K
Event: 8124.463 GC heap after
Heap after GC invocations=40208 (full 2502):
 PSYoungGen      total 169472K, used 918K [0x00000000f5580000, 0x00000000fff00000, 0x0000000100000000)
  eden space 168448K, 0% used [0x00000000f5580000,0x00000000f5580000,0x00000000ffa00000)
  from space 1024K, 89% used [0x00000000ffa00000,0x00000000ffae59d8,0x00000000ffb00000)
  to   space 2560K, 0% used [0x00000000ffc80000,0x00000000ffc80000,0x00000000fff00000)
 ParOldGen       total 349696K, used 294994K [0x00000000e0000000, 0x00000000f5580000, 0x00000000f5580000)
  object space 349696K, 84% used [0x00000000e0000000,0x00000000f2014818,0x00000000f5580000)
 Metaspace       used 98138K, capacity 105950K, committed 106368K, reserved 1142784K
  class space    used 11220K, capacity 13669K, committed 13696K, reserved 1048576K
}
Event: 8124.494 GC heap before
{Heap before GC invocations=40209 (full 2502):
 PSYoungGen      total 169472K, used 151879K [0x00000000f5580000, 0x00000000fff00000, 0x0000000100000000)
  eden space 168448K, 89% used [0x00000000f5580000,0x00000000fe8ec500,0x00000000ffa00000)
  from space 1024K, 89% used [0x00000000ffa00000,0x00000000ffae59d8,0x00000000ffb00000)
  to   space 2560K, 0% used [0x00000000ffc80000,0x00000000ffc80000,0x00000000fff00000)
 ParOldGen       total 349696K, used 294994K [0x00000000e0000000, 0x00000000f5580000, 0x00000000f5580000)
  object space 349696K, 84% used [0x00000000e0000000,0x00000000f2014818,0x00000000f5580000)
 Metaspace       used 98138K, capacity 105950K, committed 106368K, reserved 1142784K
  class space    used 11220K, capacity 13669K, committed 13696K, reserved 1048576K
Event: 8124.499 GC heap after
Heap after GC invocations=40209 (full 2502):
 PSYoungGen      total 171008K, used 886K [0x00000000f5580000, 0x0000000100000000, 0x0000000100000000)
  eden space 168448K, 0% used [0x00000000f5580000,0x00000000f5580000,0x00000000ffa00000)
  from space 2560K, 34% used [0x00000000ffc80000,0x00000000ffd5d9d8,0x00000000fff00000)
  to   space 2560K, 0% used [0x00000000ffa00000,0x00000000ffa00000,0x00000000ffc80000)
 ParOldGen       total 349696K, used 313352K [0x00000000e0000000, 0x00000000f5580000, 0x00000000f5580000)
  object space 349696K, 89% used [0x00000000e0000000,0x00000000f32023d0,0x00000000f5580000)
 Metaspace       used 98138K, capacity 105950K, committed 106368K, reserved 1142784K
  class space    used 11220K, capacity 13669K, committed 13696K, reserved 1048576K
}
Event: 8124.499 GC heap before
{Heap before GC invocations=40210 (full 2503):
 PSYoungGen      total 171008K, used 886K [0x00000000f5580000, 0x0000000100000000, 0x0000000100000000)
  eden space 168448K, 0% used [0x00000000f5580000,0x00000000f5580000,0x00000000ffa00000)
  from space 2560K, 34% used [0x00000000ffc80000,0x00000000ffd5d9d8,0x00000000fff00000)
  to   space 2560K, 0% used [0x00000000ffa00000,0x00000000ffa00000,0x00000000ffc80000)
 ParOldGen       total 349696K, used 313352K [0x00000000e0000000, 0x00000000f5580000, 0x00000000f5580000)
  object space 349696K, 89% used [0x00000000e0000000,0x00000000f32023d0,0x00000000f5580000)
 Metaspace       used 98138K, capacity 105950K, committed 106368K, reserved 1142784K
  class space    used 11220K, capacity 13669K, committed 13696K, reserved 1048576K
Event: 8124.599 GC heap after
Heap after GC invocations=40210 (full 2503):
 PSYoungGen      total 171008K, used 0K [0x00000000f5580000, 0x0000000100000000, 0x0000000100000000)
  eden space 168448K, 0% used [0x00000000f5580000,0x00000000f5580000,0x00000000ffa00000)
  from space 2560K, 0% used [0x00000000ffc80000,0x00000000ffc80000,0x00000000fff00000)
  to   space 2560K, 0% used [0x00000000ffa00000,0x00000000ffa00000,0x00000000ffc80000)
 ParOldGen       total 349696K, used 166554K [0x00000000e0000000, 0x00000000f5580000, 0x00000000f5580000)
  object space 349696K, 47% used [0x00000000e0000000,0x00000000ea2a6888,0x00000000f5580000)
 Metaspace       used 98138K, capacity 105950K, committed 106368K, reserved 1142784K
  class space    used 11220K, capacity 13669K, committed 13696K, reserved 1048576K
}
Event: 8127.499 GC heap before
{Heap before GC invocations=40211 (full 2503):
 PSYoungGen      total 171008K, used 168448K [0x00000000f5580000, 0x0000000100000000, 0x0000000100000000)
  eden space 168448K, 100% used [0x00000000f5580000,0x00000000ffa00000,0x00000000ffa00000)
  from space 2560K, 0% used [0x00000000ffc80000,0x00000000ffc80000,0x00000000fff00000)
  to   space 2560K, 0% used [0x00000000ffa00000,0x00000000ffa00000,0x00000000ffc80000)
 ParOldGen       total 349696K, used 166554K [0x00000000e0000000, 0x00000000f5580000, 0x00000000f5580000)
  object space 349696K, 47% used [0x00000000e0000000,0x00000000ea2a6888,0x00000000f5580000)
 Metaspace       used 98545K, capacity 106180K, committed 106496K, reserved 1142784K
  class space    used 11266K, capacity 13702K, committed 13824K, reserved 1048576K
Event: 8127.504 GC heap after
Heap after GC invocations=40211 (full 2503):
 PSYoungGen      total 171008K, used 1002K [0x00000000f5580000, 0x0000000100000000, 0x0000000100000000)
  eden space 168448K, 0% used [0x00000000f5580000,0x00000000f5580000,0x00000000ffa00000)
  from space 2560K, 39% used [0x00000000ffa00000,0x00000000ffafa850,0x00000000ffc80000)
  to   space 2560K, 0% used [0x00000000ffd80000,0x00000000ffd80000,0x0000000100000000)
 ParOldGen       total 349696K, used 166562K [0x00000000e0000000, 0x00000000f5580000, 0x00000000f5580000)
  object space 349696K, 47% used [0x00000000e0000000,0x00000000ea2a8888,0x00000000f5580000)
 Metaspace       used 98545K, capacity 106180K, committed 106496K, reserved 1142784K
  class space    used 11266K, capacity 13702K, committed 13824K, reserved 1048576K
}

