# JRE version: Java(TM) SE Runtime Environment (8.0_66-b18) (build 1.8.0_66-b18)
# Java VM: Java HotSpot(TM) 64-Bit Server VM (25.66-b18 mixed mode windows-amd64 compressed oops)
Heap:
 PSYoungGen      total 124928K, used 104602K [0x00000000f5580000, 0x00000000fe380000, 0x0000000100000000)
  eden space 105984K, 96% used [0x00000000f5580000,0x00000000fb979b70,0x00000000fbd00000)
  from space 18944K, 11% used [0x00000000fbd00000,0x00000000fbf2ce30,0x00000000fcf80000)
  to   space 18944K, 0% used [0x00000000fd100000,0x00000000fd100000,0x00000000fe380000)
 ParOldGen       total 94720K, used 42738K [0x00000000e0000000, 0x00000000e5c80000, 0x00000000f5580000)
  object space 94720K, 45% used [0x00000000e0000000,0x00000000e29bc9a0,0x00000000e5c80000)
 Metaspace       used 89723K, capacity 97114K, committed 97304K, reserved 1134592K
  class space    used 10459K, capacity 12961K, committed 13080K, reserved 1048576K
GC Heap History (10 events):
Event: 696.015 GC heap before
{Heap before GC invocations=25 (full 5):
 PSYoungGen      total 117760K, used 117671K [0x00000000f5580000, 0x00000000fea00000, 0x0000000100000000)
  eden space 113152K, 99% used [0x00000000f5580000,0x00000000fc3fffd0,0x00000000fc400000)
  from space 4608K, 98% used [0x00000000fc800000,0x00000000fcc69ca0,0x00000000fcc80000)
  to   space 19456K, 0% used [0x00000000fd700000,0x00000000fd700000,0x00000000fea00000)
 ParOldGen       total 94720K, used 52805K [0x00000000e0000000, 0x00000000e5c80000, 0x00000000f5580000)
  object space 94720K, 55% used [0x00000000e0000000,0x00000000e3391420,0x00000000e5c80000)
 Metaspace       used 88078K, capacity 95702K, committed 95768K, reserved 1132544K
  class space    used 10328K, capacity 12783K, committed 12824K, reserved 1048576K
Event: 696.022 GC heap after
Heap after GC invocations=25 (full 5):
 PSYoungGen      total 125440K, used 4684K [0x00000000f5580000, 0x00000000fe680000, 0x0000000100000000)
  eden space 109568K, 0% used [0x00000000f5580000,0x00000000f5580000,0x00000000fc080000)
  from space 15872K, 29% used [0x00000000fd700000,0x00000000fdb930c0,0x00000000fe680000)
  to   space 19456K, 0% used [0x00000000fc080000,0x00000000fc080000,0x00000000fd380000)
 ParOldGen       total 94720K, used 52813K [0x00000000e0000000, 0x00000000e5c80000, 0x00000000f5580000)
  object space 94720K, 55% used [0x00000000e0000000,0x00000000e3393420,0x00000000e5c80000)
 Metaspace       used 88078K, capacity 95702K, committed 95768K, reserved 1132544K
  class space    used 10328K, capacity 12783K, committed 12824K, reserved 1048576K
}
Event: 815.272 GC heap before
{Heap before GC invocations=26 (full 5):
 PSYoungGen      total 125440K, used 114252K [0x00000000f5580000, 0x00000000fe680000, 0x0000000100000000)
  eden space 109568K, 100% used [0x00000000f5580000,0x00000000fc080000,0x00000000fc080000)
  from space 15872K, 29% used [0x00000000fd700000,0x00000000fdb930c0,0x00000000fe680000)
  to   space 19456K, 0% used [0x00000000fc080000,0x00000000fc080000,0x00000000fd380000)
 ParOldGen       total 94720K, used 52813K [0x00000000e0000000, 0x00000000e5c80000, 0x00000000f5580000)
  object space 94720K, 55% used [0x00000000e0000000,0x00000000e3393420,0x00000000e5c80000)
 Metaspace       used 88663K, capacity 96150K, committed 96408K, reserved 1132544K
  class space    used 10382K, capacity 12847K, committed 12952K, reserved 1048576K
Event: 815.279 GC heap after
Heap after GC invocations=26 (full 5):
 PSYoungGen      total 111104K, used 4675K [0x00000000f5580000, 0x00000000fe300000, 0x0000000100000000)
  eden space 105984K, 0% used [0x00000000f5580000,0x00000000f5580000,0x00000000fbd00000)
  from space 5120K, 91% used [0x00000000fc080000,0x00000000fc510d88,0x00000000fc580000)
  to   space 19456K, 0% used [0x00000000fd000000,0x00000000fd000000,0x00000000fe300000)
 ParOldGen       total 94720K, used 52813K [0x00000000e0000000, 0x00000000e5c80000, 0x00000000f5580000)
  object space 94720K, 55% used [0x00000000e0000000,0x00000000e3393420,0x00000000e5c80000)
 Metaspace       used 88663K, capacity 96150K, committed 96408K, reserved 1132544K
  class space    used 10382K, capacity 12847K, committed 12952K, reserved 1048576K
}
Event: 834.302 GC heap before
{Heap before GC invocations=27 (full 5):
 PSYoungGen      total 111104K, used 17245K [0x00000000f5580000, 0x00000000fe300000, 0x0000000100000000)
  eden space 105984K, 11% used [0x00000000f5580000,0x00000000f61c68b8,0x00000000fbd00000)
  from space 5120K, 91% used [0x00000000fc080000,0x00000000fc510d88,0x00000000fc580000)
  to   space 19456K, 0% used [0x00000000fd000000,0x00000000fd000000,0x00000000fe300000)
 ParOldGen       total 94720K, used 52813K [0x00000000e0000000, 0x00000000e5c80000, 0x00000000f5580000)
  object space 94720K, 55% used [0x00000000e0000000,0x00000000e3393420,0x00000000e5c80000)
 Metaspace       used 88716K, capacity 96150K, committed 96408K, reserved 1132544K
  class space    used 10383K, capacity 12847K, committed 12952K, reserved 1048576K
Event: 834.308 GC heap after
Heap after GC invocations=27 (full 5):
 PSYoungGen      total 124416K, used 4087K [0x00000000f5580000, 0x00000000fe200000, 0x0000000100000000)
  eden space 105984K, 0% used [0x00000000f5580000,0x00000000f5580000,0x00000000fbd00000)
  from space 18432K, 22% used [0x00000000fd000000,0x00000000fd3fdd00,0x00000000fe200000)
  to   space 18944K, 0% used [0x00000000fbd00000,0x00000000fbd00000,0x00000000fcf80000)
 ParOldGen       total 94720K, used 52821K [0x00000000e0000000, 0x00000000e5c80000, 0x00000000f5580000)
  object space 94720K, 55% used [0x00000000e0000000,0x00000000e3395420,0x00000000e5c80000)
 Metaspace       used 88716K, capacity 96150K, committed 96408K, reserved 1132544K
  class space    used 10383K, capacity 12847K, committed 12952K, reserved 1048576K
}
Event: 834.308 GC heap before
{Heap before GC invocations=28 (full 6):
 PSYoungGen      total 124416K, used 4087K [0x00000000f5580000, 0x00000000fe200000, 0x0000000100000000)
  eden space 105984K, 0% used [0x00000000f5580000,0x00000000f5580000,0x00000000fbd00000)
  from space 18432K, 22% used [0x00000000fd000000,0x00000000fd3fdd00,0x00000000fe200000)
  to   space 18944K, 0% used [0x00000000fbd00000,0x00000000fbd00000,0x00000000fcf80000)
 ParOldGen       total 94720K, used 52821K [0x00000000e0000000, 0x00000000e5c80000, 0x00000000f5580000)
  object space 94720K, 55% used [0x00000000e0000000,0x00000000e3395420,0x00000000e5c80000)
 Metaspace       used 88716K, capacity 96150K, committed 96408K, reserved 1132544K
  class space    used 10383K, capacity 12847K, committed 12952K, reserved 1048576K
Event: 834.526 GC heap after
Heap after GC invocations=28 (full 6):
 PSYoungGen      total 124416K, used 0K [0x00000000f5580000, 0x00000000fe200000, 0x0000000100000000)
  eden space 105984K, 0% used [0x00000000f5580000,0x00000000f5580000,0x00000000fbd00000)
  from space 18432K, 0% used [0x00000000fd000000,0x00000000fd000000,0x00000000fe200000)
  to   space 18944K, 0% used [0x00000000fbd00000,0x00000000fbd00000,0x00000000fcf80000)
 ParOldGen       total 94720K, used 42730K [0x00000000e0000000, 0x00000000e5c80000, 0x00000000f5580000)
  object space 94720K, 45% used [0x00000000e0000000,0x00000000e29ba9a0,0x00000000e5c80000)
 Metaspace       used 88659K, capacity 96050K, committed 96408K, reserved 1132544K
  class space    used 10372K, capacity 12827K, committed 12952K, reserved 1048576K
}
Event: 925.586 GC heap before
{Heap before GC invocations=29 (full 6):
 PSYoungGen      total 124416K, used 105984K [0x00000000f5580000, 0x00000000fe200000, 0x0000000100000000)
  eden space 105984K, 100% used [0x00000000f5580000,0x00000000fbd00000,0x00000000fbd00000)
  from space 18432K, 0% used [0x00000000fd000000,0x00000000fd000000,0x00000000fe200000)
  to   space 18944K, 0% used [0x00000000fbd00000,0x00000000fbd00000,0x00000000fcf80000)
 ParOldGen       total 94720K, used 42730K [0x00000000e0000000, 0x00000000e5c80000, 0x00000000f5580000)
  object space 94720K, 45% used [0x00000000e0000000,0x00000000e29ba9a0,0x00000000e5c80000)
 Metaspace       used 89031K, capacity 96542K, committed 96920K, reserved 1132544K
  class space    used 10394K, capacity 12861K, committed 12952K, reserved 1048576K
Event: 925.591 GC heap after
Heap after GC invocations=29 (full 6):
 PSYoungGen      total 124928K, used 2227K [0x00000000f5580000, 0x00000000fe380000, 0x0000000100000000)
  eden space 105984K, 0% used [0x00000000f5580000,0x00000000f5580000,0x00000000fbd00000)
  from space 18944K, 11% used [0x00000000fbd00000,0x00000000fbf2ce30,0x00000000fcf80000)
  to   space 18944K, 0% used [0x00000000fd100000,0x00000000fd100000,0x00000000fe380000)
 ParOldGen       total 94720K, used 42738K [0x00000000e0000000, 0x00000000e5c80000, 0x00000000f5580000)
  object space 94720K, 45% used [0x00000000e0000000,0x00000000e29bc9a0,0x00000000e5c80000)
 Metaspace       used 89031K, capacity 96542K, committed 96920K, reserved 1132544K
  class space    used 10394K, capacity 12861K, committed 12952K, reserved 1048576K
}

