# JRE version: Java(TM) SE Runtime Environment (8.0_66-b18) (build 1.8.0_66-b18)
# Java VM: Java HotSpot(TM) 64-Bit Server VM (25.66-b18 mixed mode windows-amd64 compressed oops)
Heap:
 PSYoungGen      total 109568K, used 63196K [0x00000000f5580000, 0x00000000fc300000, 0x0000000100000000)
  eden space 109056K, 57% used [0x00000000f5580000,0x00000000f9337330,0x00000000fc000000)
  from space 512K, 0% used [0x00000000fc000000,0x00000000fc000000,0x00000000fc080000)
  to   space 1536K, 0% used [0x00000000fc180000,0x00000000fc180000,0x00000000fc300000)
 ParOldGen       total 106496K, used 65527K [0x00000000e0000000, 0x00000000e6800000, 0x00000000f5580000)
  object space 106496K, 61% used [0x00000000e0000000,0x00000000e3ffdd20,0x00000000e6800000)
 Metaspace       used 99097K, capacity 106810K, committed 106880K, reserved 1142784K
  class space    used 11724K, capacity 14148K, committed 14208K, reserved 1048576K
GC Heap History (10 events):
Event: 6692.946 GC heap before
{Heap before GC invocations=190 (full 83):
 PSYoungGen      total 111104K, used 224K [0x00000000f5580000, 0x00000000fc400000, 0x0000000100000000)
  eden space 109056K, 0% used [0x00000000f5580000,0x00000000f5580000,0x00000000fc000000)
  from space 2048K, 10% used [0x00000000fc000000,0x00000000fc038000,0x00000000fc200000)
  to   space 2048K, 0% used [0x00000000fc200000,0x00000000fc200000,0x00000000fc400000)
 ParOldGen       total 106496K, used 65687K [0x00000000e0000000, 0x00000000e6800000, 0x00000000f5580000)
  object space 106496K, 61% used [0x00000000e0000000,0x00000000e4025e20,0x00000000e6800000)
 Metaspace       used 98414K, capacity 106114K, committed 106368K, reserved 1140736K
  class space    used 11660K, capacity 14076K, committed 14208K, reserved 1048576K
Event: 6693.069 GC heap after
Heap after GC invocations=190 (full 83):
 PSYoungGen      total 111104K, used 0K [0x00000000f5580000, 0x00000000fc400000, 0x0000000100000000)
  eden space 109056K, 0% used [0x00000000f5580000,0x00000000f5580000,0x00000000fc000000)
  from space 2048K, 0% used [0x00000000fc000000,0x00000000fc000000,0x00000000fc200000)
  to   space 2048K, 0% used [0x00000000fc200000,0x00000000fc200000,0x00000000fc400000)
 ParOldGen       total 106496K, used 65528K [0x00000000e0000000, 0x00000000e6800000, 0x00000000f5580000)
  object space 106496K, 61% used [0x00000000e0000000,0x00000000e3ffe3b0,0x00000000e6800000)
 Metaspace       used 98414K, capacity 106114K, committed 106368K, reserved 1140736K
  class space    used 11660K, capacity 14076K, committed 14208K, reserved 1048576K
}
Event: 6752.961 GC heap before
{Heap before GC invocations=191 (full 83):
 PSYoungGen      total 111104K, used 2729K [0x00000000f5580000, 0x00000000fc400000, 0x0000000100000000)
  eden space 109056K, 2% used [0x00000000f5580000,0x00000000f582a680,0x00000000fc000000)
  from space 2048K, 0% used [0x00000000fc000000,0x00000000fc000000,0x00000000fc200000)
  to   space 2048K, 0% used [0x00000000fc200000,0x00000000fc200000,0x00000000fc400000)
 ParOldGen       total 106496K, used 65528K [0x00000000e0000000, 0x00000000e6800000, 0x00000000f5580000)
  object space 106496K, 61% used [0x00000000e0000000,0x00000000e3ffe3b0,0x00000000e6800000)
 Metaspace       used 98414K, capacity 106114K, committed 106368K, reserved 1140736K
  class space    used 11660K, capacity 14076K, committed 14208K, reserved 1048576K
Event: 6752.965 GC heap after
Heap after GC invocations=191 (full 83):
 PSYoungGen      total 111104K, used 160K [0x00000000f5580000, 0x00000000fc400000, 0x0000000100000000)
  eden space 109056K, 0% used [0x00000000f5580000,0x00000000f5580000,0x00000000fc000000)
  from space 2048K, 7% used [0x00000000fc200000,0x00000000fc228000,0x00000000fc400000)
  to   space 2048K, 0% used [0x00000000fc000000,0x00000000fc000000,0x00000000fc200000)
 ParOldGen       total 106496K, used 65528K [0x00000000e0000000, 0x00000000e6800000, 0x00000000f5580000)
  object space 106496K, 61% used [0x00000000e0000000,0x00000000e3ffe3b0,0x00000000e6800000)
 Metaspace       used 98414K, capacity 106114K, committed 106368K, reserved 1140736K
  class space    used 11660K, capacity 14076K, committed 14208K, reserved 1048576K
}
Event: 6752.965 GC heap before
{Heap before GC invocations=192 (full 84):
 PSYoungGen      total 111104K, used 160K [0x00000000f5580000, 0x00000000fc400000, 0x0000000100000000)
  eden space 109056K, 0% used [0x00000000f5580000,0x00000000f5580000,0x00000000fc000000)
  from space 2048K, 7% used [0x00000000fc200000,0x00000000fc228000,0x00000000fc400000)
  to   space 2048K, 0% used [0x00000000fc000000,0x00000000fc000000,0x00000000fc200000)
 ParOldGen       total 106496K, used 65528K [0x00000000e0000000, 0x00000000e6800000, 0x00000000f5580000)
  object space 106496K, 61% used [0x00000000e0000000,0x00000000e3ffe3b0,0x00000000e6800000)
 Metaspace       used 98414K, capacity 106114K, committed 106368K, reserved 1140736K
  class space    used 11660K, capacity 14076K, committed 14208K, reserved 1048576K
Event: 6753.088 GC heap after
Heap after GC invocations=192 (full 84):
 PSYoungGen      total 111104K, used 0K [0x00000000f5580000, 0x00000000fc400000, 0x0000000100000000)
  eden space 109056K, 0% used [0x00000000f5580000,0x00000000f5580000,0x00000000fc000000)
  from space 2048K, 0% used [0x00000000fc200000,0x00000000fc200000,0x00000000fc400000)
  to   space 2048K, 0% used [0x00000000fc000000,0x00000000fc000000,0x00000000fc200000)
 ParOldGen       total 106496K, used 65528K [0x00000000e0000000, 0x00000000e6800000, 0x00000000f5580000)
  object space 106496K, 61% used [0x00000000e0000000,0x00000000e3ffe3b0,0x00000000e6800000)
 Metaspace       used 98414K, capacity 106114K, committed 106368K, reserved 1140736K
  class space    used 11660K, capacity 14076K, committed 14208K, reserved 1048576K
}
Event: 6812.969 GC heap before
{Heap before GC invocations=193 (full 84):
 PSYoungGen      total 111104K, used 2703K [0x00000000f5580000, 0x00000000fc400000, 0x0000000100000000)
  eden space 109056K, 2% used [0x00000000f5580000,0x00000000f5823e88,0x00000000fc000000)
  from space 2048K, 0% used [0x00000000fc200000,0x00000000fc200000,0x00000000fc400000)
  to   space 2048K, 0% used [0x00000000fc000000,0x00000000fc000000,0x00000000fc200000)
 ParOldGen       total 106496K, used 65528K [0x00000000e0000000, 0x00000000e6800000, 0x00000000f5580000)
  object space 106496K, 61% used [0x00000000e0000000,0x00000000e3ffe3b0,0x00000000e6800000)
 Metaspace       used 98414K, capacity 106114K, committed 106368K, reserved 1140736K
  class space    used 11660K, capacity 14076K, committed 14208K, reserved 1048576K
Event: 6812.972 GC heap after
Heap after GC invocations=193 (full 84):
 PSYoungGen      total 109568K, used 192K [0x00000000f5580000, 0x00000000fc300000, 0x0000000100000000)
  eden space 109056K, 0% used [0x00000000f5580000,0x00000000f5580000,0x00000000fc000000)
  from space 512K, 37% used [0x00000000fc000000,0x00000000fc030000,0x00000000fc080000)
  to   space 1536K, 0% used [0x00000000fc180000,0x00000000fc180000,0x00000000fc300000)
 ParOldGen       total 106496K, used 65528K [0x00000000e0000000, 0x00000000e6800000, 0x00000000f5580000)
  object space 106496K, 61% used [0x00000000e0000000,0x00000000e3ffe3b0,0x00000000e6800000)
 Metaspace       used 98414K, capacity 106114K, committed 106368K, reserved 1140736K
  class space    used 11660K, capacity 14076K, committed 14208K, reserved 1048576K
}
Event: 6812.972 GC heap before
{Heap before GC invocations=194 (full 85):
 PSYoungGen      total 109568K, used 192K [0x00000000f5580000, 0x00000000fc300000, 0x0000000100000000)
  eden space 109056K, 0% used [0x00000000f5580000,0x00000000f5580000,0x00000000fc000000)
  from space 512K, 37% used [0x00000000fc000000,0x00000000fc030000,0x00000000fc080000)
  to   space 1536K, 0% used [0x00000000fc180000,0x00000000fc180000,0x00000000fc300000)
 ParOldGen       total 106496K, used 65528K [0x00000000e0000000, 0x00000000e6800000, 0x00000000f5580000)
  object space 106496K, 61% used [0x00000000e0000000,0x00000000e3ffe3b0,0x00000000e6800000)
 Metaspace       used 98414K, capacity 106114K, committed 106368K, reserved 1140736K
  class space    used 11660K, capacity 14076K, committed 14208K, reserved 1048576K
Event: 6813.095 GC heap after
Heap after GC invocations=194 (full 85):
 PSYoungGen      total 109568K, used 0K [0x00000000f5580000, 0x00000000fc300000, 0x0000000100000000)
  eden space 109056K, 0% used [0x00000000f5580000,0x00000000f5580000,0x00000000fc000000)
  from space 512K, 0% used [0x00000000fc000000,0x00000000fc000000,0x00000000fc080000)
  to   space 1536K, 0% used [0x00000000fc180000,0x00000000fc180000,0x00000000fc300000)
 ParOldGen       total 106496K, used 65527K [0x00000000e0000000, 0x00000000e6800000, 0x00000000f5580000)
  object space 106496K, 61% used [0x00000000e0000000,0x00000000e3ffdd20,0x00000000e6800000)
 Metaspace       used 98414K, capacity 106114K, committed 106368K, reserved 1140736K
  class space    used 11660K, capacity 14076K, committed 14208K, reserved 1048576K
}

