# JRE version: Java(TM) SE Runtime Environment (8.0_66-b18) (build 1.8.0_66-b18)
# Java VM: Java HotSpot(TM) 64-Bit Server VM (25.66-b18 mixed mode windows-amd64 compressed oops)
Heap:
 PSYoungGen      total 88064K, used 74086K [0x00000000f5580000, 0x00000000fbf00000, 0x0000000100000000)
  eden space 73216K, 87% used [0x00000000f5580000,0x00000000f946b110,0x00000000f9d00000)
  from space 14848K, 65% used [0x00000000fb080000,0x00000000fb9ee8d8,0x00000000fbf00000)
  to   space 17408K, 0% used [0x00000000f9d00000,0x00000000f9d00000,0x00000000fae00000)
 ParOldGen       total 121344K, used 58964K [0x00000000e0000000, 0x00000000e7680000, 0x00000000f5580000)
  object space 121344K, 48% used [0x00000000e0000000,0x00000000e39953a8,0x00000000e7680000)
 Metaspace       used 99518K, capacity 107316K, committed 107560K, reserved 1142784K
  class space    used 11713K, capacity 14299K, committed 14384K, reserved 1048576K
GC Heap History (10 events):
Event: 1158.380 GC heap before
{Heap before GC invocations=33 (full 5):
 PSYoungGen      total 91648K, used 91329K [0x00000000f5580000, 0x00000000fd080000, 0x0000000100000000)
  eden space 82944K, 100% used [0x00000000f5580000,0x00000000fa680000,0x00000000fa680000)
  from space 8704K, 96% used [0x00000000fa880000,0x00000000fb0b0498,0x00000000fb100000)
  to   space 21504K, 0% used [0x00000000fbb80000,0x00000000fbb80000,0x00000000fd080000)
 ParOldGen       total 121344K, used 58948K [0x00000000e0000000, 0x00000000e7680000, 0x00000000f5580000)
  object space 121344K, 48% used [0x00000000e0000000,0x00000000e39913a8,0x00000000e7680000)
 Metaspace       used 98252K, capacity 106246K, committed 106408K, reserved 1140736K
  class space    used 11622K, capacity 14223K, committed 14256K, reserved 1048576K
Event: 1158.386 GC heap after
Heap after GC invocations=33 (full 5):
 PSYoungGen      total 99328K, used 7473K [0x00000000f5580000, 0x00000000fcd80000, 0x0000000100000000)
  eden space 80896K, 0% used [0x00000000f5580000,0x00000000f5580000,0x00000000fa480000)
  from space 18432K, 40% used [0x00000000fbb80000,0x00000000fc2cc4b8,0x00000000fcd80000)
  to   space 20992K, 0% used [0x00000000fa480000,0x00000000fa480000,0x00000000fb900000)
 ParOldGen       total 121344K, used 58948K [0x00000000e0000000, 0x00000000e7680000, 0x00000000f5580000)
  object space 121344K, 48% used [0x00000000e0000000,0x00000000e39913a8,0x00000000e7680000)
 Metaspace       used 98252K, capacity 106246K, committed 106408K, reserved 1140736K
  class space    used 11622K, capacity 14223K, committed 14256K, reserved 1048576K
}
Event: 1162.168 GC heap before
{Heap before GC invocations=34 (full 5):
 PSYoungGen      total 99328K, used 88369K [0x00000000f5580000, 0x00000000fcd80000, 0x0000000100000000)
  eden space 80896K, 100% used [0x00000000f5580000,0x00000000fa480000,0x00000000fa480000)
  from space 18432K, 40% used [0x00000000fbb80000,0x00000000fc2cc4b8,0x00000000fcd80000)
  to   space 20992K, 0% used [0x00000000fa480000,0x00000000fa480000,0x00000000fb900000)
 ParOldGen       total 121344K, used 58948K [0x00000000e0000000, 0x00000000e7680000, 0x00000000f5580000)
  object space 121344K, 48% used [0x00000000e0000000,0x00000000e39913a8,0x00000000e7680000)
 Metaspace       used 98436K, capacity 106502K, committed 106664K, reserved 1142784K
  class space    used 11625K, capacity 14223K, committed 14256K, reserved 1048576K
Event: 1162.175 GC heap after
Heap after GC invocations=34 (full 5):
 PSYoungGen      total 88064K, used 8781K [0x00000000f5580000, 0x00000000fc980000, 0x0000000100000000)
  eden space 78848K, 0% used [0x00000000f5580000,0x00000000f5580000,0x00000000fa280000)
  from space 9216K, 95% used [0x00000000fa480000,0x00000000fad13630,0x00000000fad80000)
  to   space 19968K, 0% used [0x00000000fb600000,0x00000000fb600000,0x00000000fc980000)
 ParOldGen       total 121344K, used 58956K [0x00000000e0000000, 0x00000000e7680000, 0x00000000f5580000)
  object space 121344K, 48% used [0x00000000e0000000,0x00000000e39933a8,0x00000000e7680000)
 Metaspace       used 98436K, capacity 106502K, committed 106664K, reserved 1142784K
  class space    used 11625K, capacity 14223K, committed 14256K, reserved 1048576K
}
Event: 1247.116 GC heap before
{Heap before GC invocations=35 (full 5):
 PSYoungGen      total 88064K, used 87629K [0x00000000f5580000, 0x00000000fc980000, 0x0000000100000000)
  eden space 78848K, 100% used [0x00000000f5580000,0x00000000fa280000,0x00000000fa280000)
  from space 9216K, 95% used [0x00000000fa480000,0x00000000fad13630,0x00000000fad80000)
  to   space 19968K, 0% used [0x00000000fb600000,0x00000000fb600000,0x00000000fc980000)
 ParOldGen       total 121344K, used 58956K [0x00000000e0000000, 0x00000000e7680000, 0x00000000f5580000)
  object space 121344K, 48% used [0x00000000e0000000,0x00000000e39933a8,0x00000000e7680000)
 Metaspace       used 98650K, capacity 106668K, committed 107048K, reserved 1142784K
  class space    used 11645K, capacity 14261K, committed 14384K, reserved 1048576K
Event: 1247.124 GC heap after
Heap after GC invocations=35 (full 5):
 PSYoungGen      total 92672K, used 9545K [0x00000000f5580000, 0x00000000fc580000, 0x0000000100000000)
  eden space 76800K, 0% used [0x00000000f5580000,0x00000000f5580000,0x00000000fa080000)
  from space 15872K, 60% used [0x00000000fb600000,0x00000000fbf52450,0x00000000fc580000)
  to   space 18944K, 0% used [0x00000000fa080000,0x00000000fa080000,0x00000000fb300000)
 ParOldGen       total 121344K, used 58964K [0x00000000e0000000, 0x00000000e7680000, 0x00000000f5580000)
  object space 121344K, 48% used [0x00000000e0000000,0x00000000e39953a8,0x00000000e7680000)
 Metaspace       used 98650K, capacity 106668K, committed 107048K, reserved 1142784K
  class space    used 11645K, capacity 14261K, committed 14384K, reserved 1048576K
}
Event: 1288.852 GC heap before
{Heap before GC invocations=36 (full 5):
 PSYoungGen      total 92672K, used 86345K [0x00000000f5580000, 0x00000000fc580000, 0x0000000100000000)
  eden space 76800K, 100% used [0x00000000f5580000,0x00000000fa080000,0x00000000fa080000)
  from space 15872K, 60% used [0x00000000fb600000,0x00000000fbf52450,0x00000000fc580000)
  to   space 18944K, 0% used [0x00000000fa080000,0x00000000fa080000,0x00000000fb300000)
 ParOldGen       total 121344K, used 58964K [0x00000000e0000000, 0x00000000e7680000, 0x00000000f5580000)
  object space 121344K, 48% used [0x00000000e0000000,0x00000000e39953a8,0x00000000e7680000)
 Metaspace       used 98763K, capacity 106738K, committed 107048K, reserved 1142784K
  class space    used 11647K, capacity 14262K, committed 14384K, reserved 1048576K
Event: 1288.860 GC heap after
Heap after GC invocations=36 (full 5):
 PSYoungGen      total 84480K, used 9297K [0x00000000f5580000, 0x00000000fc280000, 0x0000000100000000)
  eden space 74752K, 0% used [0x00000000f5580000,0x00000000f5580000,0x00000000f9e80000)
  from space 9728K, 95% used [0x00000000fa080000,0x00000000fa994658,0x00000000faa00000)
  to   space 18432K, 0% used [0x00000000fb080000,0x00000000fb080000,0x00000000fc280000)
 ParOldGen       total 121344K, used 58964K [0x00000000e0000000, 0x00000000e7680000, 0x00000000f5580000)
  object space 121344K, 48% used [0x00000000e0000000,0x00000000e39953a8,0x00000000e7680000)
 Metaspace       used 98763K, capacity 106738K, committed 107048K, reserved 1142784K
  class space    used 11647K, capacity 14262K, committed 14384K, reserved 1048576K
}
Event: 1299.845 GC heap before
{Heap before GC invocations=37 (full 5):
 PSYoungGen      total 84480K, used 84049K [0x00000000f5580000, 0x00000000fc280000, 0x0000000100000000)
  eden space 74752K, 100% used [0x00000000f5580000,0x00000000f9e80000,0x00000000f9e80000)
  from space 9728K, 95% used [0x00000000fa080000,0x00000000fa994658,0x00000000faa00000)
  to   space 18432K, 0% used [0x00000000fb080000,0x00000000fb080000,0x00000000fc280000)
 ParOldGen       total 121344K, used 58964K [0x00000000e0000000, 0x00000000e7680000, 0x00000000f5580000)
  object space 121344K, 48% used [0x00000000e0000000,0x00000000e39953a8,0x00000000e7680000)
 Metaspace       used 98882K, capacity 106942K, committed 107304K, reserved 1142784K
  class space    used 11649K, capacity 14264K, committed 14384K, reserved 1048576K
Event: 1299.854 GC heap after
Heap after GC invocations=37 (full 5):
 PSYoungGen      total 88064K, used 9658K [0x00000000f5580000, 0x00000000fbf00000, 0x0000000100000000)
  eden space 73216K, 0% used [0x00000000f5580000,0x00000000f5580000,0x00000000f9d00000)
  from space 14848K, 65% used [0x00000000fb080000,0x00000000fb9ee8d8,0x00000000fbf00000)
  to   space 17408K, 0% used [0x00000000f9d00000,0x00000000f9d00000,0x00000000fae00000)
 ParOldGen       total 121344K, used 58964K [0x00000000e0000000, 0x00000000e7680000, 0x00000000f5580000)
  object space 121344K, 48% used [0x00000000e0000000,0x00000000e39953a8,0x00000000e7680000)
 Metaspace       used 98882K, capacity 106942K, committed 107304K, reserved 1142784K
  class space    used 11649K, capacity 14264K, committed 14384K, reserved 1048576K
}

