# JRE version: Java(TM) SE Runtime Environment (8.0_66-b18) (build 1.8.0_66-b18)
# Java VM: Java HotSpot(TM) 64-Bit Server VM (25.66-b18 mixed mode windows-amd64 compressed oops)
Heap:
 PSYoungGen      total 83968K, used 27258K [0x00000000f5580000, 0x00000000fac00000, 0x0000000100000000)
  eden space 80896K, 31% used [0x00000000f5580000,0x00000000f6e03ea0,0x00000000fa480000)
  from space 3072K, 70% used [0x00000000fa480000,0x00000000fa69ab08,0x00000000fa780000)
  to   space 3584K, 0% used [0x00000000fa880000,0x00000000fa880000,0x00000000fac00000)
 ParOldGen       total 349696K, used 74331K [0x00000000e0000000, 0x00000000f5580000, 0x00000000f5580000)
  object space 349696K, 21% used [0x00000000e0000000,0x00000000e4896d98,0x00000000f5580000)
 Metaspace       used 100189K, capacity 107910K, committed 108184K, reserved 1142784K
  class space    used 11300K, capacity 13912K, committed 13984K, reserved 1048576K
GC Heap History (10 events):
Event: 13220.726 GC heap before
{Heap before GC invocations=71521 (full 1456):
 PSYoungGen      total 83968K, used 80000K [0x00000000f5580000, 0x00000000fab80000, 0x0000000100000000)
  eden space 79872K, 100% used [0x00000000f5580000,0x00000000fa380000,0x00000000fa380000)
  from space 4096K, 3% used [0x00000000fa780000,0x00000000fa7a0000,0x00000000fab80000)
  to   space 4096K, 0% used [0x00000000fa380000,0x00000000fa380000,0x00000000fa780000)
 ParOldGen       total 349696K, used 74315K [0x00000000e0000000, 0x00000000f5580000, 0x00000000f5580000)
  object space 349696K, 21% used [0x00000000e0000000,0x00000000e4892d98,0x00000000f5580000)
 Metaspace       used 99595K, capacity 107352K, committed 107672K, reserved 1142784K
  class space    used 11227K, capacity 13713K, committed 13728K, reserved 1048576K
Event: 13220.729 GC heap after
Heap after GC invocations=71521 (full 1456):
 PSYoungGen      total 83968K, used 160K [0x00000000f5580000, 0x00000000fab00000, 0x0000000100000000)
  eden space 79872K, 0% used [0x00000000f5580000,0x00000000f5580000,0x00000000fa380000)
  from space 4096K, 3% used [0x00000000fa380000,0x00000000fa3a8000,0x00000000fa780000)
  to   space 3584K, 0% used [0x00000000fa780000,0x00000000fa780000,0x00000000fab00000)
 ParOldGen       total 349696K, used 74315K [0x00000000e0000000, 0x00000000f5580000, 0x00000000f5580000)
  object space 349696K, 21% used [0x00000000e0000000,0x00000000e4892d98,0x00000000f5580000)
 Metaspace       used 99595K, capacity 107352K, committed 107672K, reserved 1142784K
  class space    used 11227K, capacity 13713K, committed 13728K, reserved 1048576K
}
Event: 13222.327 GC heap before
{Heap before GC invocations=71522 (full 1456):
 PSYoungGen      total 83968K, used 80032K [0x00000000f5580000, 0x00000000fab00000, 0x0000000100000000)
  eden space 79872K, 100% used [0x00000000f5580000,0x00000000fa380000,0x00000000fa380000)
  from space 4096K, 3% used [0x00000000fa380000,0x00000000fa3a8000,0x00000000fa780000)
  to   space 3584K, 0% used [0x00000000fa780000,0x00000000fa780000,0x00000000fab00000)
 ParOldGen       total 349696K, used 74315K [0x00000000e0000000, 0x00000000f5580000, 0x00000000f5580000)
  object space 349696K, 21% used [0x00000000e0000000,0x00000000e4892d98,0x00000000f5580000)
 Metaspace       used 99595K, capacity 107352K, committed 107672K, reserved 1142784K
  class space    used 11227K, capacity 13713K, committed 13728K, reserved 1048576K
Event: 13222.329 GC heap after
Heap after GC invocations=71522 (full 1456):
 PSYoungGen      total 83968K, used 1045K [0x00000000f5580000, 0x00000000fab00000, 0x0000000100000000)
  eden space 80384K, 0% used [0x00000000f5580000,0x00000000f5580000,0x00000000fa400000)
  from space 3584K, 29% used [0x00000000fa780000,0x00000000fa885610,0x00000000fab00000)
  to   space 3584K, 0% used [0x00000000fa400000,0x00000000fa400000,0x00000000fa780000)
 ParOldGen       total 349696K, used 74315K [0x00000000e0000000, 0x00000000f5580000, 0x00000000f5580000)
  object space 349696K, 21% used [0x00000000e0000000,0x00000000e4892d98,0x00000000f5580000)
 Metaspace       used 99595K, capacity 107352K, committed 107672K, reserved 1142784K
  class space    used 11227K, capacity 13713K, committed 13728K, reserved 1048576K
}
Event: 13223.966 GC heap before
{Heap before GC invocations=71523 (full 1456):
 PSYoungGen      total 83968K, used 81429K [0x00000000f5580000, 0x00000000fab00000, 0x0000000100000000)
  eden space 80384K, 100% used [0x00000000f5580000,0x00000000fa400000,0x00000000fa400000)
  from space 3584K, 29% used [0x00000000fa780000,0x00000000fa885610,0x00000000fab00000)
  to   space 3584K, 0% used [0x00000000fa400000,0x00000000fa400000,0x00000000fa780000)
 ParOldGen       total 349696K, used 74315K [0x00000000e0000000, 0x00000000f5580000, 0x00000000f5580000)
  object space 349696K, 21% used [0x00000000e0000000,0x00000000e4892d98,0x00000000f5580000)
 Metaspace       used 99606K, capacity 107352K, committed 107672K, reserved 1142784K
  class space    used 11228K, capacity 13713K, committed 13728K, reserved 1048576K
Event: 13223.969 GC heap after
Heap after GC invocations=71523 (full 1456):
 PSYoungGen      total 83968K, used 874K [0x00000000f5580000, 0x00000000fab80000, 0x0000000100000000)
  eden space 80384K, 0% used [0x00000000f5580000,0x00000000f5580000,0x00000000fa400000)
  from space 3584K, 24% used [0x00000000fa400000,0x00000000fa4dab08,0x00000000fa780000)
  to   space 3584K, 0% used [0x00000000fa800000,0x00000000fa800000,0x00000000fab80000)
 ParOldGen       total 349696K, used 74315K [0x00000000e0000000, 0x00000000f5580000, 0x00000000f5580000)
  object space 349696K, 21% used [0x00000000e0000000,0x00000000e4892d98,0x00000000f5580000)
 Metaspace       used 99606K, capacity 107352K, committed 107672K, reserved 1142784K
  class space    used 11228K, capacity 13713K, committed 13728K, reserved 1048576K
}
Event: 13225.624 GC heap before
{Heap before GC invocations=71524 (full 1456):
 PSYoungGen      total 83968K, used 81258K [0x00000000f5580000, 0x00000000fab80000, 0x0000000100000000)
  eden space 80384K, 100% used [0x00000000f5580000,0x00000000fa400000,0x00000000fa400000)
  from space 3584K, 24% used [0x00000000fa400000,0x00000000fa4dab08,0x00000000fa780000)
  to   space 3584K, 0% used [0x00000000fa800000,0x00000000fa800000,0x00000000fab80000)
 ParOldGen       total 349696K, used 74315K [0x00000000e0000000, 0x00000000f5580000, 0x00000000f5580000)
  object space 349696K, 21% used [0x00000000e0000000,0x00000000e4892d98,0x00000000f5580000)
 Metaspace       used 99618K, capacity 107448K, committed 107800K, reserved 1142784K
  class space    used 11230K, capacity 13745K, committed 13856K, reserved 1048576K
Event: 13225.626 GC heap after
Heap after GC invocations=71524 (full 1456):
 PSYoungGen      total 83456K, used 842K [0x00000000f5580000, 0x00000000faa80000, 0x0000000100000000)
  eden space 80896K, 0% used [0x00000000f5580000,0x00000000f5580000,0x00000000fa480000)
  from space 2560K, 32% used [0x00000000fa800000,0x00000000fa8d2b08,0x00000000faa80000)
  to   space 3072K, 0% used [0x00000000fa480000,0x00000000fa480000,0x00000000fa780000)
 ParOldGen       total 349696K, used 74323K [0x00000000e0000000, 0x00000000f5580000, 0x00000000f5580000)
  object space 349696K, 21% used [0x00000000e0000000,0x00000000e4894d98,0x00000000f5580000)
 Metaspace       used 99618K, capacity 107448K, committed 107800K, reserved 1142784K
  class space    used 11230K, capacity 13745K, committed 13856K, reserved 1048576K
}
Event: 13227.173 GC heap before
{Heap before GC invocations=71525 (full 1456):
 PSYoungGen      total 83456K, used 81738K [0x00000000f5580000, 0x00000000faa80000, 0x0000000100000000)
  eden space 80896K, 100% used [0x00000000f5580000,0x00000000fa480000,0x00000000fa480000)
  from space 2560K, 32% used [0x00000000fa800000,0x00000000fa8d2b08,0x00000000faa80000)
  to   space 3072K, 0% used [0x00000000fa480000,0x00000000fa480000,0x00000000fa780000)
 ParOldGen       total 349696K, used 74323K [0x00000000e0000000, 0x00000000f5580000, 0x00000000f5580000)
  object space 349696K, 21% used [0x00000000e0000000,0x00000000e4894d98,0x00000000f5580000)
 Metaspace       used 99901K, capacity 107746K, committed 108056K, reserved 1142784K
  class space    used 11269K, capacity 13816K, committed 13856K, reserved 1048576K
Event: 13227.177 GC heap after
Heap after GC invocations=71525 (full 1456):
 PSYoungGen      total 83968K, used 2154K [0x00000000f5580000, 0x00000000fac00000, 0x0000000100000000)
  eden space 80896K, 0% used [0x00000000f5580000,0x00000000f5580000,0x00000000fa480000)
  from space 3072K, 70% used [0x00000000fa480000,0x00000000fa69ab08,0x00000000fa780000)
  to   space 3584K, 0% used [0x00000000fa880000,0x00000000fa880000,0x00000000fac00000)
 ParOldGen       total 349696K, used 74331K [0x00000000e0000000, 0x00000000f5580000, 0x00000000f5580000)
  object space 349696K, 21% used [0x00000000e0000000,0x00000000e4896d98,0x00000000f5580000)
 Metaspace       used 99901K, capacity 107746K, committed 108056K, reserved 1142784K
  class space    used 11269K, capacity 13816K, committed 13856K, reserved 1048576K
}

