# JRE version: Java(TM) SE Runtime Environment (8.0_66-b18) (build 1.8.0_66-b18)
# Java VM: Java HotSpot(TM) 64-Bit Server VM (25.66-b18 mixed mode windows-amd64 compressed oops)
Heap:
 PSYoungGen      total 86016K, used 56155K [0x00000000f5580000, 0x00000000fc300000, 0x0000000100000000)
  eden space 85504K, 65% used [0x00000000f5580000,0x00000000f8c56f70,0x00000000fa900000)
  from space 512K, 0% used [0x00000000fa900000,0x00000000fa900000,0x00000000fa980000)
  to   space 13312K, 0% used [0x00000000fb600000,0x00000000fb600000,0x00000000fc300000)
 ParOldGen       total 116736K, used 47316K [0x00000000e0000000, 0x00000000e7200000, 0x00000000f5580000)
  object space 116736K, 40% used [0x00000000e0000000,0x00000000e2e351b8,0x00000000e7200000)
 Metaspace       used 80806K, capacity 86926K, committed 87192K, reserved 1124352K
  class space    used 9942K, capacity 12121K, committed 12192K, reserved 1048576K
GC Heap History (10 events):
Event: 2725.117 GC heap before
{Heap before GC invocations=52 (full 21):
 PSYoungGen      total 86528K, used 544K [0x00000000f5580000, 0x00000000fc600000, 0x0000000100000000)
  eden space 85504K, 0% used [0x00000000f5580000,0x00000000f5580000,0x00000000fa900000)
  from space 1024K, 53% used [0x00000000fa900000,0x00000000fa988000,0x00000000faa00000)
  to   space 14848K, 0% used [0x00000000fb780000,0x00000000fb780000,0x00000000fc600000)
 ParOldGen       total 116736K, used 47316K [0x00000000e0000000, 0x00000000e7200000, 0x00000000f5580000)
  object space 116736K, 40% used [0x00000000e0000000,0x00000000e2e350c8,0x00000000e7200000)
 Metaspace       used 79738K, capacity 85896K, committed 86168K, reserved 1124352K
  class space    used 9828K, capacity 11888K, committed 11936K, reserved 1048576K
Event: 2725.205 GC heap after
Heap after GC invocations=52 (full 21):
 PSYoungGen      total 86528K, used 0K [0x00000000f5580000, 0x00000000fc600000, 0x0000000100000000)
  eden space 85504K, 0% used [0x00000000f5580000,0x00000000f5580000,0x00000000fa900000)
  from space 1024K, 0% used [0x00000000fa900000,0x00000000fa900000,0x00000000faa00000)
  to   space 14848K, 0% used [0x00000000fb780000,0x00000000fb780000,0x00000000fc600000)
 ParOldGen       total 116736K, used 47481K [0x00000000e0000000, 0x00000000e7200000, 0x00000000f5580000)
  object space 116736K, 40% used [0x00000000e0000000,0x00000000e2e5e6c8,0x00000000e7200000)
 Metaspace       used 79738K, capacity 85896K, committed 86168K, reserved 1124352K
  class space    used 9828K, capacity 11888K, committed 11936K, reserved 1048576K
}
Event: 2785.124 GC heap before
{Heap before GC invocations=53 (full 21):
 PSYoungGen      total 86528K, used 2428K [0x00000000f5580000, 0x00000000fc600000, 0x0000000100000000)
  eden space 85504K, 2% used [0x00000000f5580000,0x00000000f57df1b0,0x00000000fa900000)
  from space 1024K, 0% used [0x00000000fa900000,0x00000000fa900000,0x00000000faa00000)
  to   space 14848K, 0% used [0x00000000fb780000,0x00000000fb780000,0x00000000fc600000)
 ParOldGen       total 116736K, used 47481K [0x00000000e0000000, 0x00000000e7200000, 0x00000000f5580000)
  object space 116736K, 40% used [0x00000000e0000000,0x00000000e2e5e6c8,0x00000000e7200000)
 Metaspace       used 79738K, capacity 85896K, committed 86168K, reserved 1124352K
  class space    used 9828K, capacity 11888K, committed 11936K, reserved 1048576K
Event: 2785.127 GC heap after
Heap after GC invocations=53 (full 21):
 PSYoungGen      total 98304K, used 160K [0x00000000f5580000, 0x00000000fc400000, 0x0000000100000000)
  eden space 85504K, 0% used [0x00000000f5580000,0x00000000f5580000,0x00000000fa900000)
  from space 12800K, 1% used [0x00000000fb780000,0x00000000fb7a8000,0x00000000fc400000)
  to   space 13824K, 0% used [0x00000000fa900000,0x00000000fa900000,0x00000000fb680000)
 ParOldGen       total 116736K, used 47481K [0x00000000e0000000, 0x00000000e7200000, 0x00000000f5580000)
  object space 116736K, 40% used [0x00000000e0000000,0x00000000e2e5e6c8,0x00000000e7200000)
 Metaspace       used 79738K, capacity 85896K, committed 86168K, reserved 1124352K
  class space    used 9828K, capacity 11888K, committed 11936K, reserved 1048576K
}
Event: 2785.127 GC heap before
{Heap before GC invocations=54 (full 22):
 PSYoungGen      total 98304K, used 160K [0x00000000f5580000, 0x00000000fc400000, 0x0000000100000000)
  eden space 85504K, 0% used [0x00000000f5580000,0x00000000f5580000,0x00000000fa900000)
  from space 12800K, 1% used [0x00000000fb780000,0x00000000fb7a8000,0x00000000fc400000)
  to   space 13824K, 0% used [0x00000000fa900000,0x00000000fa900000,0x00000000fb680000)
 ParOldGen       total 116736K, used 47481K [0x00000000e0000000, 0x00000000e7200000, 0x00000000f5580000)
  object space 116736K, 40% used [0x00000000e0000000,0x00000000e2e5e6c8,0x00000000e7200000)
 Metaspace       used 79738K, capacity 85896K, committed 86168K, reserved 1124352K
  class space    used 9828K, capacity 11888K, committed 11936K, reserved 1048576K
Event: 2785.205 GC heap after
Heap after GC invocations=54 (full 22):
 PSYoungGen      total 98304K, used 0K [0x00000000f5580000, 0x00000000fc400000, 0x0000000100000000)
  eden space 85504K, 0% used [0x00000000f5580000,0x00000000f5580000,0x00000000fa900000)
  from space 12800K, 0% used [0x00000000fb780000,0x00000000fb780000,0x00000000fc400000)
  to   space 13824K, 0% used [0x00000000fa900000,0x00000000fa900000,0x00000000fb680000)
 ParOldGen       total 116736K, used 47316K [0x00000000e0000000, 0x00000000e7200000, 0x00000000f5580000)
  object space 116736K, 40% used [0x00000000e0000000,0x00000000e2e351b8,0x00000000e7200000)
 Metaspace       used 79738K, capacity 85896K, committed 86168K, reserved 1124352K
  class space    used 9828K, capacity 11888K, committed 11936K, reserved 1048576K
}
Event: 2845.143 GC heap before
{Heap before GC invocations=55 (full 22):
 PSYoungGen      total 98304K, used 2385K [0x00000000f5580000, 0x00000000fc400000, 0x0000000100000000)
  eden space 85504K, 2% used [0x00000000f5580000,0x00000000f57d4660,0x00000000fa900000)
  from space 12800K, 0% used [0x00000000fb780000,0x00000000fb780000,0x00000000fc400000)
  to   space 13824K, 0% used [0x00000000fa900000,0x00000000fa900000,0x00000000fb680000)
 ParOldGen       total 116736K, used 47316K [0x00000000e0000000, 0x00000000e7200000, 0x00000000f5580000)
  object space 116736K, 40% used [0x00000000e0000000,0x00000000e2e351b8,0x00000000e7200000)
 Metaspace       used 79738K, capacity 85896K, committed 86168K, reserved 1124352K
  class space    used 9828K, capacity 11888K, committed 11936K, reserved 1048576K
Event: 2845.146 GC heap after
Heap after GC invocations=55 (full 22):
 PSYoungGen      total 86016K, used 224K [0x00000000f5580000, 0x00000000fc300000, 0x0000000100000000)
  eden space 85504K, 0% used [0x00000000f5580000,0x00000000f5580000,0x00000000fa900000)
  from space 512K, 43% used [0x00000000fa900000,0x00000000fa938000,0x00000000fa980000)
  to   space 13312K, 0% used [0x00000000fb600000,0x00000000fb600000,0x00000000fc300000)
 ParOldGen       total 116736K, used 47316K [0x00000000e0000000, 0x00000000e7200000, 0x00000000f5580000)
  object space 116736K, 40% used [0x00000000e0000000,0x00000000e2e351b8,0x00000000e7200000)
 Metaspace       used 79738K, capacity 85896K, committed 86168K, reserved 1124352K
  class space    used 9828K, capacity 11888K, committed 11936K, reserved 1048576K
}
Event: 2845.146 GC heap before
{Heap before GC invocations=56 (full 23):
 PSYoungGen      total 86016K, used 224K [0x00000000f5580000, 0x00000000fc300000, 0x0000000100000000)
  eden space 85504K, 0% used [0x00000000f5580000,0x00000000f5580000,0x00000000fa900000)
  from space 512K, 43% used [0x00000000fa900000,0x00000000fa938000,0x00000000fa980000)
  to   space 13312K, 0% used [0x00000000fb600000,0x00000000fb600000,0x00000000fc300000)
 ParOldGen       total 116736K, used 47316K [0x00000000e0000000, 0x00000000e7200000, 0x00000000f5580000)
  object space 116736K, 40% used [0x00000000e0000000,0x00000000e2e351b8,0x00000000e7200000)
 Metaspace       used 79738K, capacity 85896K, committed 86168K, reserved 1124352K
  class space    used 9828K, capacity 11888K, committed 11936K, reserved 1048576K
Event: 2845.232 GC heap after
Heap after GC invocations=56 (full 23):
 PSYoungGen      total 86016K, used 0K [0x00000000f5580000, 0x00000000fc300000, 0x0000000100000000)
  eden space 85504K, 0% used [0x00000000f5580000,0x00000000f5580000,0x00000000fa900000)
  from space 512K, 0% used [0x00000000fa900000,0x00000000fa900000,0x00000000fa980000)
  to   space 13312K, 0% used [0x00000000fb600000,0x00000000fb600000,0x00000000fc300000)
 ParOldGen       total 116736K, used 47316K [0x00000000e0000000, 0x00000000e7200000, 0x00000000f5580000)
  object space 116736K, 40% used [0x00000000e0000000,0x00000000e2e351b8,0x00000000e7200000)
 Metaspace       used 79738K, capacity 85896K, committed 86168K, reserved 1124352K
  class space    used 9828K, capacity 11888K, committed 11936K, reserved 1048576K
}

