# JRE version: Java(TM) SE Runtime Environment (8.0_66-b18) (build 1.8.0_66-b18)
# Java VM: Java HotSpot(TM) 64-Bit Server VM (25.66-b18 mixed mode windows-amd64 compressed oops)
Heap:
 PSYoungGen      total 164864K, used 55418K [0x00000000f5580000, 0x0000000100000000, 0x0000000100000000)
  eden space 155136K, 35% used [0x00000000f5580000,0x00000000f8b9e818,0x00000000fed00000)
  from space 9728K, 0% used [0x00000000fed00000,0x00000000fed00000,0x00000000ff680000)
  to   space 9216K, 0% used [0x00000000ff700000,0x00000000ff700000,0x0000000100000000)
 ParOldGen       total 162816K, used 58508K [0x00000000e0000000, 0x00000000e9f00000, 0x00000000f5580000)
  object space 162816K, 35% used [0x00000000e0000000,0x00000000e3923070,0x00000000e9f00000)
 Metaspace       used 88584K, capacity 96210K, committed 96536K, reserved 1132544K
  class space    used 10684K, capacity 13212K, committed 13344K, reserved 1048576K
GC Heap History (10 events):
Event: 993.179 GC heap before
{Heap before GC invocations=1006 (full 13):
 PSYoungGen      total 164352K, used 224K [0x00000000f5580000, 0x0000000100000000, 0x0000000100000000)
  eden space 154112K, 0% used [0x00000000f5580000,0x00000000f5580000,0x00000000fec00000)
  from space 10240K, 2% used [0x00000000fec00000,0x00000000fec38000,0x00000000ff600000)
  to   space 9728K, 0% used [0x00000000ff680000,0x00000000ff680000,0x0000000100000000)
 ParOldGen       total 162816K, used 59043K [0x00000000e0000000, 0x00000000e9f00000, 0x00000000f5580000)
  object space 162816K, 36% used [0x00000000e0000000,0x00000000e39a8ff8,0x00000000e9f00000)
 Metaspace       used 87688K, capacity 95204K, committed 95512K, reserved 1132544K
  class space    used 10584K, capacity 12997K, committed 13088K, reserved 1048576K
Event: 993.416 GC heap after
Heap after GC invocations=1006 (full 13):
 PSYoungGen      total 164352K, used 0K [0x00000000f5580000, 0x0000000100000000, 0x0000000100000000)
  eden space 154112K, 0% used [0x00000000f5580000,0x00000000f5580000,0x00000000fec00000)
  from space 10240K, 0% used [0x00000000fec00000,0x00000000fec00000,0x00000000ff600000)
  to   space 9728K, 0% used [0x00000000ff680000,0x00000000ff680000,0x0000000100000000)
 ParOldGen       total 162816K, used 58518K [0x00000000e0000000, 0x00000000e9f00000, 0x00000000f5580000)
  object space 162816K, 35% used [0x00000000e0000000,0x00000000e3925a28,0x00000000e9f00000)
 Metaspace       used 87652K, capacity 95144K, committed 95512K, reserved 1132544K
  class space    used 10579K, capacity 12987K, committed 13088K, reserved 1048576K
}
Event: 1053.188 GC heap before
{Heap before GC invocations=1007 (full 13):
 PSYoungGen      total 164352K, used 3932K [0x00000000f5580000, 0x0000000100000000, 0x0000000100000000)
  eden space 154112K, 2% used [0x00000000f5580000,0x00000000f5957020,0x00000000fec00000)
  from space 10240K, 0% used [0x00000000fec00000,0x00000000fec00000,0x00000000ff600000)
  to   space 9728K, 0% used [0x00000000ff680000,0x00000000ff680000,0x0000000100000000)
 ParOldGen       total 162816K, used 58518K [0x00000000e0000000, 0x00000000e9f00000, 0x00000000f5580000)
  object space 162816K, 35% used [0x00000000e0000000,0x00000000e3925a28,0x00000000e9f00000)
 Metaspace       used 87652K, capacity 95144K, committed 95512K, reserved 1132544K
  class space    used 10579K, capacity 12987K, committed 13088K, reserved 1048576K
Event: 1053.191 GC heap after
Heap after GC invocations=1007 (full 13):
 PSYoungGen      total 164864K, used 256K [0x00000000f5580000, 0x0000000100000000, 0x0000000100000000)
  eden space 155136K, 0% used [0x00000000f5580000,0x00000000f5580000,0x00000000fed00000)
  from space 9728K, 2% used [0x00000000ff680000,0x00000000ff6c0000,0x0000000100000000)
  to   space 9728K, 0% used [0x00000000fed00000,0x00000000fed00000,0x00000000ff680000)
 ParOldGen       total 162816K, used 58518K [0x00000000e0000000, 0x00000000e9f00000, 0x00000000f5580000)
  object space 162816K, 35% used [0x00000000e0000000,0x00000000e3925a28,0x00000000e9f00000)
 Metaspace       used 87652K, capacity 95144K, committed 95512K, reserved 1132544K
  class space    used 10579K, capacity 12987K, committed 13088K, reserved 1048576K
}
Event: 1053.191 GC heap before
{Heap before GC invocations=1008 (full 14):
 PSYoungGen      total 164864K, used 256K [0x00000000f5580000, 0x0000000100000000, 0x0000000100000000)
  eden space 155136K, 0% used [0x00000000f5580000,0x00000000f5580000,0x00000000fed00000)
  from space 9728K, 2% used [0x00000000ff680000,0x00000000ff6c0000,0x0000000100000000)
  to   space 9728K, 0% used [0x00000000fed00000,0x00000000fed00000,0x00000000ff680000)
 ParOldGen       total 162816K, used 58518K [0x00000000e0000000, 0x00000000e9f00000, 0x00000000f5580000)
  object space 162816K, 35% used [0x00000000e0000000,0x00000000e3925a28,0x00000000e9f00000)
 Metaspace       used 87652K, capacity 95144K, committed 95512K, reserved 1132544K
  class space    used 10579K, capacity 12987K, committed 13088K, reserved 1048576K
Event: 1053.319 GC heap after
Heap after GC invocations=1008 (full 14):
 PSYoungGen      total 164864K, used 0K [0x00000000f5580000, 0x0000000100000000, 0x0000000100000000)
  eden space 155136K, 0% used [0x00000000f5580000,0x00000000f5580000,0x00000000fed00000)
  from space 9728K, 0% used [0x00000000ff680000,0x00000000ff680000,0x0000000100000000)
  to   space 9728K, 0% used [0x00000000fed00000,0x00000000fed00000,0x00000000ff680000)
 ParOldGen       total 162816K, used 58518K [0x00000000e0000000, 0x00000000e9f00000, 0x00000000f5580000)
  object space 162816K, 35% used [0x00000000e0000000,0x00000000e39258c8,0x00000000e9f00000)
 Metaspace       used 87652K, capacity 95144K, committed 95512K, reserved 1132544K
  class space    used 10579K, capacity 12987K, committed 13088K, reserved 1048576K
}
Event: 1113.197 GC heap before
{Heap before GC invocations=1009 (full 14):
 PSYoungGen      total 164864K, used 4350K [0x00000000f5580000, 0x0000000100000000, 0x0000000100000000)
  eden space 155136K, 2% used [0x00000000f5580000,0x00000000f59bf990,0x00000000fed00000)
  from space 9728K, 0% used [0x00000000ff680000,0x00000000ff680000,0x0000000100000000)
  to   space 9728K, 0% used [0x00000000fed00000,0x00000000fed00000,0x00000000ff680000)
 ParOldGen       total 162816K, used 58518K [0x00000000e0000000, 0x00000000e9f00000, 0x00000000f5580000)
  object space 162816K, 35% used [0x00000000e0000000,0x00000000e39258c8,0x00000000e9f00000)
 Metaspace       used 87652K, capacity 95144K, committed 95512K, reserved 1132544K
  class space    used 10579K, capacity 12987K, committed 13088K, reserved 1048576K
Event: 1113.200 GC heap after
Heap after GC invocations=1009 (full 14):
 PSYoungGen      total 164864K, used 224K [0x00000000f5580000, 0x0000000100000000, 0x0000000100000000)
  eden space 155136K, 0% used [0x00000000f5580000,0x00000000f5580000,0x00000000fed00000)
  from space 9728K, 2% used [0x00000000fed00000,0x00000000fed38000,0x00000000ff680000)
  to   space 9216K, 0% used [0x00000000ff700000,0x00000000ff700000,0x0000000100000000)
 ParOldGen       total 162816K, used 58526K [0x00000000e0000000, 0x00000000e9f00000, 0x00000000f5580000)
  object space 162816K, 35% used [0x00000000e0000000,0x00000000e39278c8,0x00000000e9f00000)
 Metaspace       used 87652K, capacity 95144K, committed 95512K, reserved 1132544K
  class space    used 10579K, capacity 12987K, committed 13088K, reserved 1048576K
}
Event: 1113.200 GC heap before
{Heap before GC invocations=1010 (full 15):
 PSYoungGen      total 164864K, used 224K [0x00000000f5580000, 0x0000000100000000, 0x0000000100000000)
  eden space 155136K, 0% used [0x00000000f5580000,0x00000000f5580000,0x00000000fed00000)
  from space 9728K, 2% used [0x00000000fed00000,0x00000000fed38000,0x00000000ff680000)
  to   space 9216K, 0% used [0x00000000ff700000,0x00000000ff700000,0x0000000100000000)
 ParOldGen       total 162816K, used 58526K [0x00000000e0000000, 0x00000000e9f00000, 0x00000000f5580000)
  object space 162816K, 35% used [0x00000000e0000000,0x00000000e39278c8,0x00000000e9f00000)
 Metaspace       used 87652K, capacity 95144K, committed 95512K, reserved 1132544K
  class space    used 10579K, capacity 12987K, committed 13088K, reserved 1048576K
Event: 1113.348 GC heap after
Heap after GC invocations=1010 (full 15):
 PSYoungGen      total 164864K, used 0K [0x00000000f5580000, 0x0000000100000000, 0x0000000100000000)
  eden space 155136K, 0% used [0x00000000f5580000,0x00000000f5580000,0x00000000fed00000)
  from space 9728K, 0% used [0x00000000fed00000,0x00000000fed00000,0x00000000ff680000)
  to   space 9216K, 0% used [0x00000000ff700000,0x00000000ff700000,0x0000000100000000)
 ParOldGen       total 162816K, used 58508K [0x00000000e0000000, 0x00000000e9f00000, 0x00000000f5580000)
  object space 162816K, 35% used [0x00000000e0000000,0x00000000e3923070,0x00000000e9f00000)
 Metaspace       used 87650K, capacity 95138K, committed 95512K, reserved 1132544K
  class space    used 10578K, capacity 12986K, committed 13088K, reserved 1048576K
}

