# JRE version: Java(TM) SE Runtime Environment (8.0_66-b18) (build 1.8.0_66-b18)
# Java VM: Java HotSpot(TM) 64-Bit Server VM (25.66-b18 mixed mode windows-amd64 compressed oops)
Heap:
 PSYoungGen      total 170496K, used 75525K [0x00000000f5580000, 0x0000000100000000, 0x0000000100000000)
  eden space 167424K, 45% used [0x00000000f5580000,0x00000000f9f41480,0x00000000ff900000)
  from space 3072K, 0% used [0x00000000ffd00000,0x00000000ffd00000,0x0000000100000000)
  to   space 3584K, 0% used [0x00000000ff900000,0x00000000ff900000,0x00000000ffc80000)
 ParOldGen       total 159744K, used 61894K [0x00000000e0000000, 0x00000000e9c00000, 0x00000000f5580000)
  object space 159744K, 38% used [0x00000000e0000000,0x00000000e3c71998,0x00000000e9c00000)
 Metaspace       used 101399K, capacity 109074K, committed 109352K, reserved 1144832K
  class space    used 11796K, capacity 14265K, committed 14384K, reserved 1048576K
GC Heap History (10 events):
Event: 3258.014 GC heap before
{Heap before GC invocations=200 (full 22):
 PSYoungGen      total 171520K, used 288K [0x00000000f5580000, 0x0000000100000000, 0x0000000100000000)
  eden space 168448K, 0% used [0x00000000f5580000,0x00000000f5580000,0x00000000ffa00000)
  from space 3072K, 9% used [0x00000000ffd00000,0x00000000ffd48000,0x0000000100000000)
  to   space 3072K, 0% used [0x00000000ffa00000,0x00000000ffa00000,0x00000000ffd00000)
 ParOldGen       total 159744K, used 61963K [0x00000000e0000000, 0x00000000e9c00000, 0x00000000f5580000)
  object space 159744K, 38% used [0x00000000e0000000,0x00000000e3c82e18,0x00000000e9c00000)
 Metaspace       used 100223K, capacity 107876K, committed 108200K, reserved 1142784K
  class space    used 11642K, capacity 14130K, committed 14256K, reserved 1048576K
Event: 3258.170 GC heap after
Heap after GC invocations=200 (full 22):
 PSYoungGen      total 171520K, used 0K [0x00000000f5580000, 0x0000000100000000, 0x0000000100000000)
  eden space 168448K, 0% used [0x00000000f5580000,0x00000000f5580000,0x00000000ffa00000)
  from space 3072K, 0% used [0x00000000ffd00000,0x00000000ffd00000,0x0000000100000000)
  to   space 3072K, 0% used [0x00000000ffa00000,0x00000000ffa00000,0x00000000ffd00000)
 ParOldGen       total 159744K, used 61503K [0x00000000e0000000, 0x00000000e9c00000, 0x00000000f5580000)
  object space 159744K, 38% used [0x00000000e0000000,0x00000000e3c0fd10,0x00000000e9c00000)
 Metaspace       used 100223K, capacity 107876K, committed 108200K, reserved 1142784K
  class space    used 11642K, capacity 14130K, committed 14256K, reserved 1048576K
}
Event: 3318.026 GC heap before
{Heap before GC invocations=201 (full 22):
 PSYoungGen      total 171520K, used 93821K [0x00000000f5580000, 0x0000000100000000, 0x0000000100000000)
  eden space 168448K, 55% used [0x00000000f5580000,0x00000000fb11f6a0,0x00000000ffa00000)
  from space 3072K, 0% used [0x00000000ffd00000,0x00000000ffd00000,0x0000000100000000)
  to   space 3072K, 0% used [0x00000000ffa00000,0x00000000ffa00000,0x00000000ffd00000)
 ParOldGen       total 159744K, used 61503K [0x00000000e0000000, 0x00000000e9c00000, 0x00000000f5580000)
  object space 159744K, 38% used [0x00000000e0000000,0x00000000e3c0fd10,0x00000000e9c00000)
 Metaspace       used 100731K, capacity 108516K, committed 108712K, reserved 1144832K
  class space    used 11726K, capacity 14194K, committed 14256K, reserved 1048576K
Event: 3318.030 GC heap after
Heap after GC invocations=201 (full 22):
 PSYoungGen      total 171520K, used 2825K [0x00000000f5580000, 0x0000000100000000, 0x0000000100000000)
  eden space 168448K, 0% used [0x00000000f5580000,0x00000000f5580000,0x00000000ffa00000)
  from space 3072K, 91% used [0x00000000ffa00000,0x00000000ffcc2618,0x00000000ffd00000)
  to   space 3072K, 0% used [0x00000000ffd00000,0x00000000ffd00000,0x0000000100000000)
 ParOldGen       total 159744K, used 61511K [0x00000000e0000000, 0x00000000e9c00000, 0x00000000f5580000)
  object space 159744K, 38% used [0x00000000e0000000,0x00000000e3c11d10,0x00000000e9c00000)
 Metaspace       used 100731K, capacity 108516K, committed 108712K, reserved 1144832K
  class space    used 11726K, capacity 14194K, committed 14256K, reserved 1048576K
}
Event: 3318.030 GC heap before
{Heap before GC invocations=202 (full 23):
 PSYoungGen      total 171520K, used 2825K [0x00000000f5580000, 0x0000000100000000, 0x0000000100000000)
  eden space 168448K, 0% used [0x00000000f5580000,0x00000000f5580000,0x00000000ffa00000)
  from space 3072K, 91% used [0x00000000ffa00000,0x00000000ffcc2618,0x00000000ffd00000)
  to   space 3072K, 0% used [0x00000000ffd00000,0x00000000ffd00000,0x0000000100000000)
 ParOldGen       total 159744K, used 61511K [0x00000000e0000000, 0x00000000e9c00000, 0x00000000f5580000)
  object space 159744K, 38% used [0x00000000e0000000,0x00000000e3c11d10,0x00000000e9c00000)
 Metaspace       used 100731K, capacity 108516K, committed 108712K, reserved 1144832K
  class space    used 11726K, capacity 14194K, committed 14256K, reserved 1048576K
Event: 3318.358 GC heap after
Heap after GC invocations=202 (full 23):
 PSYoungGen      total 171520K, used 0K [0x00000000f5580000, 0x0000000100000000, 0x0000000100000000)
  eden space 168448K, 0% used [0x00000000f5580000,0x00000000f5580000,0x00000000ffa00000)
  from space 3072K, 0% used [0x00000000ffa00000,0x00000000ffa00000,0x00000000ffd00000)
  to   space 3072K, 0% used [0x00000000ffd00000,0x00000000ffd00000,0x0000000100000000)
 ParOldGen       total 159744K, used 63608K [0x00000000e0000000, 0x00000000e9c00000, 0x00000000f5580000)
  object space 159744K, 39% used [0x00000000e0000000,0x00000000e3e1e310,0x00000000e9c00000)
 Metaspace       used 100731K, capacity 108516K, committed 108712K, reserved 1144832K
  class space    used 11726K, capacity 14194K, committed 14256K, reserved 1048576K
}
Event: 3378.038 GC heap before
{Heap before GC invocations=203 (full 23):
 PSYoungGen      total 171520K, used 45397K [0x00000000f5580000, 0x0000000100000000, 0x0000000100000000)
  eden space 168448K, 26% used [0x00000000f5580000,0x00000000f81d5780,0x00000000ffa00000)
  from space 3072K, 0% used [0x00000000ffa00000,0x00000000ffa00000,0x00000000ffd00000)
  to   space 3072K, 0% used [0x00000000ffd00000,0x00000000ffd00000,0x0000000100000000)
 ParOldGen       total 159744K, used 63608K [0x00000000e0000000, 0x00000000e9c00000, 0x00000000f5580000)
  object space 159744K, 39% used [0x00000000e0000000,0x00000000e3e1e310,0x00000000e9c00000)
 Metaspace       used 100749K, capacity 108580K, committed 108968K, reserved 1144832K
  class space    used 11726K, capacity 14194K, committed 14256K, reserved 1048576K
Event: 3378.041 GC heap after
Heap after GC invocations=203 (full 23):
 PSYoungGen      total 170496K, used 1120K [0x00000000f5580000, 0x0000000100000000, 0x0000000100000000)
  eden space 167424K, 0% used [0x00000000f5580000,0x00000000f5580000,0x00000000ff900000)
  from space 3072K, 36% used [0x00000000ffd00000,0x00000000ffe18388,0x0000000100000000)
  to   space 3584K, 0% used [0x00000000ff900000,0x00000000ff900000,0x00000000ffc80000)
 ParOldGen       total 159744K, used 63608K [0x00000000e0000000, 0x00000000e9c00000, 0x00000000f5580000)
  object space 159744K, 39% used [0x00000000e0000000,0x00000000e3e1e310,0x00000000e9c00000)
 Metaspace       used 100749K, capacity 108580K, committed 108968K, reserved 1144832K
  class space    used 11726K, capacity 14194K, committed 14256K, reserved 1048576K
}
Event: 3378.042 GC heap before
{Heap before GC invocations=204 (full 24):
 PSYoungGen      total 170496K, used 1120K [0x00000000f5580000, 0x0000000100000000, 0x0000000100000000)
  eden space 167424K, 0% used [0x00000000f5580000,0x00000000f5580000,0x00000000ff900000)
  from space 3072K, 36% used [0x00000000ffd00000,0x00000000ffe18388,0x0000000100000000)
  to   space 3584K, 0% used [0x00000000ff900000,0x00000000ff900000,0x00000000ffc80000)
 ParOldGen       total 159744K, used 63608K [0x00000000e0000000, 0x00000000e9c00000, 0x00000000f5580000)
  object space 159744K, 39% used [0x00000000e0000000,0x00000000e3e1e310,0x00000000e9c00000)
 Metaspace       used 100749K, capacity 108580K, committed 108968K, reserved 1144832K
  class space    used 11726K, capacity 14194K, committed 14256K, reserved 1048576K
Event: 3378.173 GC heap after
Heap after GC invocations=204 (full 24):
 PSYoungGen      total 170496K, used 0K [0x00000000f5580000, 0x0000000100000000, 0x0000000100000000)
  eden space 167424K, 0% used [0x00000000f5580000,0x00000000f5580000,0x00000000ff900000)
  from space 3072K, 0% used [0x00000000ffd00000,0x00000000ffd00000,0x0000000100000000)
  to   space 3584K, 0% used [0x00000000ff900000,0x00000000ff900000,0x00000000ffc80000)
 ParOldGen       total 159744K, used 61894K [0x00000000e0000000, 0x00000000e9c00000, 0x00000000f5580000)
  object space 159744K, 38% used [0x00000000e0000000,0x00000000e3c71998,0x00000000e9c00000)
 Metaspace       used 100749K, capacity 108580K, committed 108968K, reserved 1144832K
  class space    used 11726K, capacity 14194K, committed 14256K, reserved 1048576K
}

