# JRE version: Java(TM) SE Runtime Environment (8.0_66-b18) (build 1.8.0_66-b18)
# Java VM: Java HotSpot(TM) 64-Bit Server VM (25.66-b18 mixed mode windows-amd64 compressed oops)
Heap:
 PSYoungGen      total 41984K, used 16127K [0x00000000f5580000, 0x00000000f8880000, 0x0000000100000000)
  eden space 32768K, 41% used [0x00000000f5580000,0x00000000f62d0420,0x00000000f7580000)
  from space 9216K, 27% used [0x00000000f7f80000,0x00000000f81efa00,0x00000000f8880000)
  to   space 9728K, 0% used [0x00000000f7580000,0x00000000f7580000,0x00000000f7f00000)
 ParOldGen       total 114688K, used 60536K [0x00000000e0000000, 0x00000000e7000000, 0x00000000f5580000)
  object space 114688K, 52% used [0x00000000e0000000,0x00000000e3b1e248,0x00000000e7000000)
 Metaspace       used 99455K, capacity 106938K, committed 107288K, reserved 1142784K
  class space    used 11582K, capacity 14051K, committed 14128K, reserved 1048576K
GC Heap History (10 events):
Event: 5100.321 GC heap before
{Heap before GC invocations=97 (full 11):
 PSYoungGen      total 38912K, used 38849K [0x00000000f5580000, 0x00000000f8e00000, 0x0000000100000000)
  eden space 35328K, 100% used [0x00000000f5580000,0x00000000f7800000,0x00000000f7800000)
  from space 3584K, 98% used [0x00000000f7880000,0x00000000f7bf0720,0x00000000f7c00000)
  to   space 11264K, 0% used [0x00000000f8300000,0x00000000f8300000,0x00000000f8e00000)
 ParOldGen       total 114688K, used 59624K [0x00000000e0000000, 0x00000000e7000000, 0x00000000f5580000)
  object space 114688K, 51% used [0x00000000e0000000,0x00000000e3a3a1c8,0x00000000e7000000)
 Metaspace       used 98686K, capacity 106156K, committed 106392K, reserved 1142784K
  class space    used 11507K, capacity 13948K, committed 14000K, reserved 1048576K
Event: 5100.326 GC heap after
Heap after GC invocations=97 (full 11):
 PSYoungGen      total 44544K, used 3873K [0x00000000f5580000, 0x00000000f8c80000, 0x0000000100000000)
  eden space 34816K, 0% used [0x00000000f5580000,0x00000000f5580000,0x00000000f7780000)
  from space 9728K, 39% used [0x00000000f8300000,0x00000000f86c8748,0x00000000f8c80000)
  to   space 10752K, 0% used [0x00000000f7780000,0x00000000f7780000,0x00000000f8200000)
 ParOldGen       total 114688K, used 59952K [0x00000000e0000000, 0x00000000e7000000, 0x00000000f5580000)
  object space 114688K, 52% used [0x00000000e0000000,0x00000000e3a8c1c8,0x00000000e7000000)
 Metaspace       used 98686K, capacity 106156K, committed 106392K, reserved 1142784K
  class space    used 11507K, capacity 13948K, committed 14000K, reserved 1048576K
}
Event: 5101.856 GC heap before
{Heap before GC invocations=98 (full 11):
 PSYoungGen      total 44544K, used 38689K [0x00000000f5580000, 0x00000000f8c80000, 0x0000000100000000)
  eden space 34816K, 100% used [0x00000000f5580000,0x00000000f7780000,0x00000000f7780000)
  from space 9728K, 39% used [0x00000000f8300000,0x00000000f86c8748,0x00000000f8c80000)
  to   space 10752K, 0% used [0x00000000f7780000,0x00000000f7780000,0x00000000f8200000)
 ParOldGen       total 114688K, used 59952K [0x00000000e0000000, 0x00000000e7000000, 0x00000000f5580000)
  object space 114688K, 52% used [0x00000000e0000000,0x00000000e3a8c1c8,0x00000000e7000000)
 Metaspace       used 98726K, capacity 106220K, committed 106392K, reserved 1142784K
  class space    used 11507K, capacity 13948K, committed 14000K, reserved 1048576K
Event: 5101.861 GC heap after
Heap after GC invocations=98 (full 11):
 PSYoungGen      total 38912K, used 4509K [0x00000000f5580000, 0x00000000f8c00000, 0x0000000100000000)
  eden space 34304K, 0% used [0x00000000f5580000,0x00000000f5580000,0x00000000f7700000)
  from space 4608K, 97% used [0x00000000f7780000,0x00000000f7be7460,0x00000000f7c00000)
  to   space 10752K, 0% used [0x00000000f8180000,0x00000000f8180000,0x00000000f8c00000)
 ParOldGen       total 114688K, used 60104K [0x00000000e0000000, 0x00000000e7000000, 0x00000000f5580000)
  object space 114688K, 52% used [0x00000000e0000000,0x00000000e3ab21c8,0x00000000e7000000)
 Metaspace       used 98726K, capacity 106220K, committed 106392K, reserved 1142784K
  class space    used 11507K, capacity 13948K, committed 14000K, reserved 1048576K
}
Event: 5110.163 GC heap before
{Heap before GC invocations=99 (full 11):
 PSYoungGen      total 38912K, used 38813K [0x00000000f5580000, 0x00000000f8c00000, 0x0000000100000000)
  eden space 34304K, 100% used [0x00000000f5580000,0x00000000f7700000,0x00000000f7700000)
  from space 4608K, 97% used [0x00000000f7780000,0x00000000f7be7460,0x00000000f7c00000)
  to   space 10752K, 0% used [0x00000000f8180000,0x00000000f8180000,0x00000000f8c00000)
 ParOldGen       total 114688K, used 60104K [0x00000000e0000000, 0x00000000e7000000, 0x00000000f5580000)
  object space 114688K, 52% used [0x00000000e0000000,0x00000000e3ab21c8,0x00000000e7000000)
 Metaspace       used 98761K, capacity 106284K, committed 106648K, reserved 1142784K
  class space    used 11508K, capacity 13948K, committed 14000K, reserved 1048576K
Event: 5110.169 GC heap after
Heap after GC invocations=99 (full 11):
 PSYoungGen      total 43008K, used 5016K [0x00000000f5580000, 0x00000000f8a80000, 0x0000000100000000)
  eden space 33792K, 0% used [0x00000000f5580000,0x00000000f5580000,0x00000000f7680000)
  from space 9216K, 54% used [0x00000000f8180000,0x00000000f8666020,0x00000000f8a80000)
  to   space 10240K, 0% used [0x00000000f7680000,0x00000000f7680000,0x00000000f8080000)
 ParOldGen       total 114688K, used 60296K [0x00000000e0000000, 0x00000000e7000000, 0x00000000f5580000)
  object space 114688K, 52% used [0x00000000e0000000,0x00000000e3ae21c8,0x00000000e7000000)
 Metaspace       used 98761K, capacity 106284K, committed 106648K, reserved 1142784K
  class space    used 11508K, capacity 13948K, committed 14000K, reserved 1048576K
}
Event: 5150.503 GC heap before
{Heap before GC invocations=100 (full 11):
 PSYoungGen      total 43008K, used 38808K [0x00000000f5580000, 0x00000000f8a80000, 0x0000000100000000)
  eden space 33792K, 100% used [0x00000000f5580000,0x00000000f7680000,0x00000000f7680000)
  from space 9216K, 54% used [0x00000000f8180000,0x00000000f8666020,0x00000000f8a80000)
  to   space 10240K, 0% used [0x00000000f7680000,0x00000000f7680000,0x00000000f8080000)
 ParOldGen       total 114688K, used 60296K [0x00000000e0000000, 0x00000000e7000000, 0x00000000f5580000)
  object space 114688K, 52% used [0x00000000e0000000,0x00000000e3ae21c8,0x00000000e7000000)
 Metaspace       used 98803K, capacity 106348K, committed 106648K, reserved 1142784K
  class space    used 11508K, capacity 13948K, committed 14000K, reserved 1048576K
Event: 5150.509 GC heap after
Heap after GC invocations=100 (full 11):
 PSYoungGen      total 38912K, used 5243K [0x00000000f5580000, 0x00000000f8900000, 0x0000000100000000)
  eden space 33280K, 0% used [0x00000000f5580000,0x00000000f5580000,0x00000000f7600000)
  from space 5632K, 93% used [0x00000000f7680000,0x00000000f7b9ee60,0x00000000f7c00000)
  to   space 9728K, 0% used [0x00000000f7f80000,0x00000000f7f80000,0x00000000f8900000)
 ParOldGen       total 114688K, used 60352K [0x00000000e0000000, 0x00000000e7000000, 0x00000000f5580000)
  object space 114688K, 52% used [0x00000000e0000000,0x00000000e3af01c8,0x00000000e7000000)
 Metaspace       used 98803K, capacity 106348K, committed 106648K, reserved 1142784K
  class space    used 11508K, capacity 13948K, committed 14000K, reserved 1048576K
}
Event: 5151.567 GC heap before
{Heap before GC invocations=101 (full 11):
 PSYoungGen      total 38912K, used 38523K [0x00000000f5580000, 0x00000000f8900000, 0x0000000100000000)
  eden space 33280K, 100% used [0x00000000f5580000,0x00000000f7600000,0x00000000f7600000)
  from space 5632K, 93% used [0x00000000f7680000,0x00000000f7b9ee60,0x00000000f7c00000)
  to   space 9728K, 0% used [0x00000000f7f80000,0x00000000f7f80000,0x00000000f8900000)
 ParOldGen       total 114688K, used 60352K [0x00000000e0000000, 0x00000000e7000000, 0x00000000f5580000)
  object space 114688K, 52% used [0x00000000e0000000,0x00000000e3af01c8,0x00000000e7000000)
 Metaspace       used 99007K, capacity 106550K, committed 106648K, reserved 1142784K
  class space    used 11531K, capacity 13987K, committed 14000K, reserved 1048576K
Event: 5151.593 GC heap after
Heap after GC invocations=101 (full 11):
 PSYoungGen      total 41984K, used 2494K [0x00000000f5580000, 0x00000000f8880000, 0x0000000100000000)
  eden space 32768K, 0% used [0x00000000f5580000,0x00000000f5580000,0x00000000f7580000)
  from space 9216K, 27% used [0x00000000f7f80000,0x00000000f81efa00,0x00000000f8880000)
  to   space 9728K, 0% used [0x00000000f7580000,0x00000000f7580000,0x00000000f7f00000)
 ParOldGen       total 114688K, used 60536K [0x00000000e0000000, 0x00000000e7000000, 0x00000000f5580000)
  object space 114688K, 52% used [0x00000000e0000000,0x00000000e3b1e248,0x00000000e7000000)
 Metaspace       used 99007K, capacity 106550K, committed 106648K, reserved 1142784K
  class space    used 11531K, capacity 13987K, committed 14000K, reserved 1048576K
}

