# JRE version: Java(TM) SE Runtime Environment (8.0_66-b18) (build 1.8.0_66-b18)
# Java VM: Java HotSpot(TM) 64-Bit Server VM (25.66-b18 mixed mode windows-amd64 compressed oops)
Heap:
 PSYoungGen      total 123904K, used 74541K [0x00000000f5580000, 0x00000000fd180000, 0x0000000100000000)
  eden space 120832K, 59% used [0x00000000f5580000,0x00000000f9c0cea8,0x00000000fcb80000)
  from space 3072K, 74% used [0x00000000fce80000,0x00000000fd0be6f0,0x00000000fd180000)
  to   space 3072K, 0% used [0x00000000fcb80000,0x00000000fcb80000,0x00000000fce80000)
 ParOldGen       total 107008K, used 52140K [0x00000000e0000000, 0x00000000e6880000, 0x00000000f5580000)
  object space 107008K, 48% used [0x00000000e0000000,0x00000000e32eb058,0x00000000e6880000)
 Metaspace       used 88042K, capacity 95416K, committed 95704K, reserved 1132544K
  class space    used 10368K, capacity 12688K, committed 12800K, reserved 1048576K
GC Heap History (10 events):
Event: 755.932 GC heap before
{Heap before GC invocations=349 (full 7):
 PSYoungGen      total 118784K, used 117834K [0x00000000f5580000, 0x00000000fcd80000, 0x0000000100000000)
  eden space 116224K, 99% used [0x00000000f5580000,0x00000000fc662ff0,0x00000000fc700000)
  from space 2560K, 87% used [0x00000000fc700000,0x00000000fc92f868,0x00000000fc980000)
  to   space 2560K, 0% used [0x00000000fcb00000,0x00000000fcb00000,0x00000000fcd80000)
 ParOldGen       total 107008K, used 52076K [0x00000000e0000000, 0x00000000e6880000, 0x00000000f5580000)
  object space 107008K, 48% used [0x00000000e0000000,0x00000000e32db058,0x00000000e6880000)
 Metaspace       used 87079K, capacity 94440K, committed 94808K, reserved 1132544K
  class space    used 10262K, capacity 12558K, committed 12672K, reserved 1048576K
Event: 755.934 GC heap after
Heap after GC invocations=349 (full 7):
 PSYoungGen      total 120320K, used 2275K [0x00000000f5580000, 0x00000000fcd80000, 0x0000000100000000)
  eden space 117760K, 0% used [0x00000000f5580000,0x00000000f5580000,0x00000000fc880000)
  from space 2560K, 88% used [0x00000000fcb00000,0x00000000fcd38cf8,0x00000000fcd80000)
  to   space 2560K, 0% used [0x00000000fc880000,0x00000000fc880000,0x00000000fcb00000)
 ParOldGen       total 107008K, used 52092K [0x00000000e0000000, 0x00000000e6880000, 0x00000000f5580000)
  object space 107008K, 48% used [0x00000000e0000000,0x00000000e32df058,0x00000000e6880000)
 Metaspace       used 87079K, capacity 94440K, committed 94808K, reserved 1132544K
  class space    used 10262K, capacity 12558K, committed 12672K, reserved 1048576K
}
Event: 756.475 GC heap before
{Heap before GC invocations=350 (full 7):
 PSYoungGen      total 120320K, used 119826K [0x00000000f5580000, 0x00000000fcd80000, 0x0000000100000000)
  eden space 117760K, 99% used [0x00000000f5580000,0x00000000fc84bef0,0x00000000fc880000)
  from space 2560K, 88% used [0x00000000fcb00000,0x00000000fcd38cf8,0x00000000fcd80000)
  to   space 2560K, 0% used [0x00000000fc880000,0x00000000fc880000,0x00000000fcb00000)
 ParOldGen       total 107008K, used 52092K [0x00000000e0000000, 0x00000000e6880000, 0x00000000f5580000)
  object space 107008K, 48% used [0x00000000e0000000,0x00000000e32df058,0x00000000e6880000)
 Metaspace       used 87079K, capacity 94440K, committed 94808K, reserved 1132544K
  class space    used 10262K, capacity 12558K, committed 12672K, reserved 1048576K
Event: 756.478 GC heap after
Heap after GC invocations=350 (full 7):
 PSYoungGen      total 120320K, used 2248K [0x00000000f5580000, 0x00000000fcf00000, 0x0000000100000000)
  eden space 117760K, 0% used [0x00000000f5580000,0x00000000f5580000,0x00000000fc880000)
  from space 2560K, 87% used [0x00000000fc880000,0x00000000fcab22d0,0x00000000fcb00000)
  to   space 2560K, 0% used [0x00000000fcc80000,0x00000000fcc80000,0x00000000fcf00000)
 ParOldGen       total 107008K, used 52100K [0x00000000e0000000, 0x00000000e6880000, 0x00000000f5580000)
  object space 107008K, 48% used [0x00000000e0000000,0x00000000e32e1058,0x00000000e6880000)
 Metaspace       used 87079K, capacity 94440K, committed 94808K, reserved 1132544K
  class space    used 10262K, capacity 12558K, committed 12672K, reserved 1048576K
}
Event: 757.018 GC heap before
{Heap before GC invocations=351 (full 7):
 PSYoungGen      total 120320K, used 119513K [0x00000000f5580000, 0x00000000fcf00000, 0x0000000100000000)
  eden space 117760K, 99% used [0x00000000f5580000,0x00000000fc804410,0x00000000fc880000)
  from space 2560K, 87% used [0x00000000fc880000,0x00000000fcab22d0,0x00000000fcb00000)
  to   space 2560K, 0% used [0x00000000fcc80000,0x00000000fcc80000,0x00000000fcf00000)
 ParOldGen       total 107008K, used 52100K [0x00000000e0000000, 0x00000000e6880000, 0x00000000f5580000)
  object space 107008K, 48% used [0x00000000e0000000,0x00000000e32e1058,0x00000000e6880000)
 Metaspace       used 87079K, capacity 94440K, committed 94808K, reserved 1132544K
  class space    used 10262K, capacity 12558K, committed 12672K, reserved 1048576K
Event: 757.021 GC heap after
Heap after GC invocations=351 (full 7):
 PSYoungGen      total 121856K, used 2254K [0x00000000f5580000, 0x00000000fcf00000, 0x0000000100000000)
  eden space 119296K, 0% used [0x00000000f5580000,0x00000000f5580000,0x00000000fca00000)
  from space 2560K, 88% used [0x00000000fcc80000,0x00000000fceb3a40,0x00000000fcf00000)
  to   space 2560K, 0% used [0x00000000fca00000,0x00000000fca00000,0x00000000fcc80000)
 ParOldGen       total 107008K, used 52124K [0x00000000e0000000, 0x00000000e6880000, 0x00000000f5580000)
  object space 107008K, 48% used [0x00000000e0000000,0x00000000e32e7058,0x00000000e6880000)
 Metaspace       used 87079K, capacity 94440K, committed 94808K, reserved 1132544K
  class space    used 10262K, capacity 12558K, committed 12672K, reserved 1048576K
}
Event: 757.530 GC heap before
{Heap before GC invocations=352 (full 7):
 PSYoungGen      total 121856K, used 120833K [0x00000000f5580000, 0x00000000fcf00000, 0x0000000100000000)
  eden space 119296K, 99% used [0x00000000f5580000,0x00000000fc94cc08,0x00000000fca00000)
  from space 2560K, 88% used [0x00000000fcc80000,0x00000000fceb3a40,0x00000000fcf00000)
  to   space 2560K, 0% used [0x00000000fca00000,0x00000000fca00000,0x00000000fcc80000)
 ParOldGen       total 107008K, used 52124K [0x00000000e0000000, 0x00000000e6880000, 0x00000000f5580000)
  object space 107008K, 48% used [0x00000000e0000000,0x00000000e32e7058,0x00000000e6880000)
 Metaspace       used 87079K, capacity 94440K, committed 94808K, reserved 1132544K
  class space    used 10262K, capacity 12558K, committed 12672K, reserved 1048576K
Event: 757.533 GC heap after
Heap after GC invocations=352 (full 7):
 PSYoungGen      total 121856K, used 2291K [0x00000000f5580000, 0x00000000fd180000, 0x0000000100000000)
  eden space 119296K, 0% used [0x00000000f5580000,0x00000000f5580000,0x00000000fca00000)
  from space 2560K, 89% used [0x00000000fca00000,0x00000000fcc3cfc0,0x00000000fcc80000)
  to   space 3072K, 0% used [0x00000000fce80000,0x00000000fce80000,0x00000000fd180000)
 ParOldGen       total 107008K, used 52132K [0x00000000e0000000, 0x00000000e6880000, 0x00000000f5580000)
  object space 107008K, 48% used [0x00000000e0000000,0x00000000e32e9058,0x00000000e6880000)
 Metaspace       used 87079K, capacity 94440K, committed 94808K, reserved 1132544K
  class space    used 10262K, capacity 12558K, committed 12672K, reserved 1048576K
}
Event: 758.089 GC heap before
{Heap before GC invocations=353 (full 7):
 PSYoungGen      total 121856K, used 120803K [0x00000000f5580000, 0x00000000fd180000, 0x0000000100000000)
  eden space 119296K, 99% used [0x00000000f5580000,0x00000000fc93bf08,0x00000000fca00000)
  from space 2560K, 89% used [0x00000000fca00000,0x00000000fcc3cfc0,0x00000000fcc80000)
  to   space 3072K, 0% used [0x00000000fce80000,0x00000000fce80000,0x00000000fd180000)
 ParOldGen       total 107008K, used 52132K [0x00000000e0000000, 0x00000000e6880000, 0x00000000f5580000)
  object space 107008K, 48% used [0x00000000e0000000,0x00000000e32e9058,0x00000000e6880000)
 Metaspace       used 87079K, capacity 94440K, committed 94808K, reserved 1132544K
  class space    used 10262K, capacity 12558K, committed 12672K, reserved 1048576K
Event: 758.092 GC heap after
Heap after GC invocations=353 (full 7):
 PSYoungGen      total 123904K, used 2297K [0x00000000f5580000, 0x00000000fd180000, 0x0000000100000000)
  eden space 120832K, 0% used [0x00000000f5580000,0x00000000f5580000,0x00000000fcb80000)
  from space 3072K, 74% used [0x00000000fce80000,0x00000000fd0be6f0,0x00000000fd180000)
  to   space 3072K, 0% used [0x00000000fcb80000,0x00000000fcb80000,0x00000000fce80000)
 ParOldGen       total 107008K, used 52140K [0x00000000e0000000, 0x00000000e6880000, 0x00000000f5580000)
  object space 107008K, 48% used [0x00000000e0000000,0x00000000e32eb058,0x00000000e6880000)
 Metaspace       used 87079K, capacity 94440K, committed 94808K, reserved 1132544K
  class space    used 10262K, capacity 12558K, committed 12672K, reserved 1048576K
}

