# JRE version: Java(TM) SE Runtime Environment (8.0_66-b18) (build 1.8.0_66-b18)
# Java VM: Java HotSpot(TM) 64-Bit Server VM (25.66-b18 mixed mode windows-amd64 compressed oops)
Heap:
 PSYoungGen      total 121344K, used 52619K [0x00000000f5580000, 0x00000000fce00000, 0x0000000100000000)
  eden space 120320K, 43% used [0x00000000f5580000,0x00000000f88e2d30,0x00000000fcb00000)
  from space 1024K, 0% used [0x00000000fcb00000,0x00000000fcb00000,0x00000000fcc00000)
  to   space 1536K, 0% used [0x00000000fcc80000,0x00000000fcc80000,0x00000000fce00000)
 ParOldGen       total 119296K, used 54734K [0x00000000e0000000, 0x00000000e7480000, 0x00000000f5580000)
  object space 119296K, 45% used [0x00000000e0000000,0x00000000e3573838,0x00000000e7480000)
 Metaspace       used 96674K, capacity 104250K, committed 104408K, reserved 1140736K
  class space    used 11573K, capacity 13976K, committed 14080K, reserved 1048576K
GC Heap History (10 events):
Event: 9106.086 GC heap before
{Heap before GC invocations=319 (full 152):
 PSYoungGen      total 121344K, used 160K [0x00000000f5580000, 0x00000000fcd00000, 0x0000000100000000)
  eden space 120320K, 0% used [0x00000000f5580000,0x00000000f5580000,0x00000000fcb00000)
  from space 1024K, 15% used [0x00000000fcb00000,0x00000000fcb28000,0x00000000fcc00000)
  to   space 1024K, 0% used [0x00000000fcc00000,0x00000000fcc00000,0x00000000fcd00000)
 ParOldGen       total 119296K, used 54349K [0x00000000e0000000, 0x00000000e7480000, 0x00000000f5580000)
  object space 119296K, 45% used [0x00000000e0000000,0x00000000e3513470,0x00000000e7480000)
 Metaspace       used 95927K, capacity 103544K, committed 103768K, reserved 1138688K
  class space    used 11510K, capacity 13875K, committed 13952K, reserved 1048576K
Event: 9106.166 GC heap after
Heap after GC invocations=319 (full 152):
 PSYoungGen      total 121344K, used 0K [0x00000000f5580000, 0x00000000fcd00000, 0x0000000100000000)
  eden space 120320K, 0% used [0x00000000f5580000,0x00000000f5580000,0x00000000fcb00000)
  from space 1024K, 0% used [0x00000000fcb00000,0x00000000fcb00000,0x00000000fcc00000)
  to   space 1024K, 0% used [0x00000000fcc00000,0x00000000fcc00000,0x00000000fcd00000)
 ParOldGen       total 119296K, used 54187K [0x00000000e0000000, 0x00000000e7480000, 0x00000000f5580000)
  object space 119296K, 45% used [0x00000000e0000000,0x00000000e34eaf00,0x00000000e7480000)
 Metaspace       used 95927K, capacity 103544K, committed 103768K, reserved 1138688K
  class space    used 11510K, capacity 13875K, committed 13952K, reserved 1048576K
}
Event: 9166.095 GC heap before
{Heap before GC invocations=320 (full 152):
 PSYoungGen      total 121344K, used 4020K [0x00000000f5580000, 0x00000000fcd00000, 0x0000000100000000)
  eden space 120320K, 3% used [0x00000000f5580000,0x00000000f596d058,0x00000000fcb00000)
  from space 1024K, 0% used [0x00000000fcb00000,0x00000000fcb00000,0x00000000fcc00000)
  to   space 1024K, 0% used [0x00000000fcc00000,0x00000000fcc00000,0x00000000fcd00000)
 ParOldGen       total 119296K, used 54187K [0x00000000e0000000, 0x00000000e7480000, 0x00000000f5580000)
  object space 119296K, 45% used [0x00000000e0000000,0x00000000e34eaf00,0x00000000e7480000)
 Metaspace       used 95928K, capacity 103544K, committed 103768K, reserved 1138688K
  class space    used 11510K, capacity 13875K, committed 13952K, reserved 1048576K
Event: 9166.098 GC heap after
Heap after GC invocations=320 (full 152):
 PSYoungGen      total 121344K, used 160K [0x00000000f5580000, 0x00000000fcd00000, 0x0000000100000000)
  eden space 120320K, 0% used [0x00000000f5580000,0x00000000f5580000,0x00000000fcb00000)
  from space 1024K, 15% used [0x00000000fcc00000,0x00000000fcc28000,0x00000000fcd00000)
  to   space 1024K, 0% used [0x00000000fcb00000,0x00000000fcb00000,0x00000000fcc00000)
 ParOldGen       total 119296K, used 54187K [0x00000000e0000000, 0x00000000e7480000, 0x00000000f5580000)
  object space 119296K, 45% used [0x00000000e0000000,0x00000000e34eaf00,0x00000000e7480000)
 Metaspace       used 95928K, capacity 103544K, committed 103768K, reserved 1138688K
  class space    used 11510K, capacity 13875K, committed 13952K, reserved 1048576K
}
Event: 9166.098 GC heap before
{Heap before GC invocations=321 (full 153):
 PSYoungGen      total 121344K, used 160K [0x00000000f5580000, 0x00000000fcd00000, 0x0000000100000000)
  eden space 120320K, 0% used [0x00000000f5580000,0x00000000f5580000,0x00000000fcb00000)
  from space 1024K, 15% used [0x00000000fcc00000,0x00000000fcc28000,0x00000000fcd00000)
  to   space 1024K, 0% used [0x00000000fcb00000,0x00000000fcb00000,0x00000000fcc00000)
 ParOldGen       total 119296K, used 54187K [0x00000000e0000000, 0x00000000e7480000, 0x00000000f5580000)
  object space 119296K, 45% used [0x00000000e0000000,0x00000000e34eaf00,0x00000000e7480000)
 Metaspace       used 95928K, capacity 103544K, committed 103768K, reserved 1138688K
  class space    used 11510K, capacity 13875K, committed 13952K, reserved 1048576K
Event: 9166.182 GC heap after
Heap after GC invocations=321 (full 153):
 PSYoungGen      total 121344K, used 0K [0x00000000f5580000, 0x00000000fcd00000, 0x0000000100000000)
  eden space 120320K, 0% used [0x00000000f5580000,0x00000000f5580000,0x00000000fcb00000)
  from space 1024K, 0% used [0x00000000fcc00000,0x00000000fcc00000,0x00000000fcd00000)
  to   space 1024K, 0% used [0x00000000fcb00000,0x00000000fcb00000,0x00000000fcc00000)
 ParOldGen       total 119296K, used 54187K [0x00000000e0000000, 0x00000000e7480000, 0x00000000f5580000)
  object space 119296K, 45% used [0x00000000e0000000,0x00000000e34eaf00,0x00000000e7480000)
 Metaspace       used 95928K, capacity 103544K, committed 103768K, reserved 1138688K
  class space    used 11510K, capacity 13875K, committed 13952K, reserved 1048576K
}
Event: 9226.112 GC heap before
{Heap before GC invocations=322 (full 153):
 PSYoungGen      total 121344K, used 70637K [0x00000000f5580000, 0x00000000fcd00000, 0x0000000100000000)
  eden space 120320K, 58% used [0x00000000f5580000,0x00000000f9a7b528,0x00000000fcb00000)
  from space 1024K, 0% used [0x00000000fcc00000,0x00000000fcc00000,0x00000000fcd00000)
  to   space 1024K, 0% used [0x00000000fcb00000,0x00000000fcb00000,0x00000000fcc00000)
 ParOldGen       total 119296K, used 54187K [0x00000000e0000000, 0x00000000e7480000, 0x00000000f5580000)
  object space 119296K, 45% used [0x00000000e0000000,0x00000000e34eaf00,0x00000000e7480000)
 Metaspace       used 96030K, capacity 103672K, committed 104024K, reserved 1138688K
  class space    used 11512K, capacity 13875K, committed 13952K, reserved 1048576K
Event: 9226.115 GC heap after
Heap after GC invocations=322 (full 153):
 PSYoungGen      total 121344K, used 1018K [0x00000000f5580000, 0x00000000fce00000, 0x0000000100000000)
  eden space 120320K, 0% used [0x00000000f5580000,0x00000000f5580000,0x00000000fcb00000)
  from space 1024K, 99% used [0x00000000fcb00000,0x00000000fcbfebf8,0x00000000fcc00000)
  to   space 1536K, 0% used [0x00000000fcc80000,0x00000000fcc80000,0x00000000fce00000)
 ParOldGen       total 119296K, used 55932K [0x00000000e0000000, 0x00000000e7480000, 0x00000000f5580000)
  object space 119296K, 46% used [0x00000000e0000000,0x00000000e369f380,0x00000000e7480000)
 Metaspace       used 96030K, capacity 103672K, committed 104024K, reserved 1138688K
  class space    used 11512K, capacity 13875K, committed 13952K, reserved 1048576K
}
Event: 9226.115 GC heap before
{Heap before GC invocations=323 (full 154):
 PSYoungGen      total 121344K, used 1018K [0x00000000f5580000, 0x00000000fce00000, 0x0000000100000000)
  eden space 120320K, 0% used [0x00000000f5580000,0x00000000f5580000,0x00000000fcb00000)
  from space 1024K, 99% used [0x00000000fcb00000,0x00000000fcbfebf8,0x00000000fcc00000)
  to   space 1536K, 0% used [0x00000000fcc80000,0x00000000fcc80000,0x00000000fce00000)
 ParOldGen       total 119296K, used 55932K [0x00000000e0000000, 0x00000000e7480000, 0x00000000f5580000)
  object space 119296K, 46% used [0x00000000e0000000,0x00000000e369f380,0x00000000e7480000)
 Metaspace       used 96030K, capacity 103672K, committed 104024K, reserved 1138688K
  class space    used 11512K, capacity 13875K, committed 13952K, reserved 1048576K
Event: 9226.250 GC heap after
Heap after GC invocations=323 (full 154):
 PSYoungGen      total 121344K, used 0K [0x00000000f5580000, 0x00000000fce00000, 0x0000000100000000)
  eden space 120320K, 0% used [0x00000000f5580000,0x00000000f5580000,0x00000000fcb00000)
  from space 1024K, 0% used [0x00000000fcb00000,0x00000000fcb00000,0x00000000fcc00000)
  to   space 1536K, 0% used [0x00000000fcc80000,0x00000000fcc80000,0x00000000fce00000)
 ParOldGen       total 119296K, used 54734K [0x00000000e0000000, 0x00000000e7480000, 0x00000000f5580000)
  object space 119296K, 45% used [0x00000000e0000000,0x00000000e3573838,0x00000000e7480000)
 Metaspace       used 96030K, capacity 103672K, committed 104024K, reserved 1138688K
  class space    used 11512K, capacity 13875K, committed 13952K, reserved 1048576K
}

