# JRE version: Java(TM) SE Runtime Environment (8.0_66-b18) (build 1.8.0_66-b18)
# Java VM: Java HotSpot(TM) 64-Bit Server VM (25.66-b18 mixed mode windows-amd64 compressed oops)
Heap:
 PSYoungGen      total 166912K, used 33369K [0x00000000f5580000, 0x00000000fff80000, 0x0000000100000000)
  eden space 159232K, 17% used [0x00000000f5580000,0x00000000f70c34b8,0x00000000ff100000)
  from space 7680K, 70% used [0x00000000ff100000,0x00000000ff653148,0x00000000ff880000)
  to   space 7168K, 0% used [0x00000000ff880000,0x00000000ff880000,0x00000000fff80000)
 ParOldGen       total 117760K, used 62791K [0x00000000e0000000, 0x00000000e7300000, 0x00000000f5580000)
  object space 117760K, 53% used [0x00000000e0000000,0x00000000e3d51f98,0x00000000e7300000)
 Metaspace       used 93829K, capacity 101257K, committed 101552K, reserved 1136640K
  class space    used 11094K, capacity 13473K, committed 13488K, reserved 1048576K
GC Heap History (10 events):
Event: 958.973 GC heap before
{Heap before GC invocations=1023 (full 10):
 PSYoungGen      total 167936K, used 34225K [0x00000000f5580000, 0x0000000100000000, 0x0000000100000000)
  eden space 161280K, 17% used [0x00000000f5580000,0x00000000f70e6098,0x00000000ff300000)
  from space 6656K, 92% used [0x00000000ff980000,0x00000000fff86580,0x0000000100000000)
  to   space 6656K, 0% used [0x00000000ff300000,0x00000000ff300000,0x00000000ff980000)
 ParOldGen       total 117760K, used 74577K [0x00000000e0000000, 0x00000000e7300000, 0x00000000f5580000)
  object space 117760K, 63% used [0x00000000e0000000,0x00000000e48d4688,0x00000000e7300000)
 Metaspace       used 92582K, capacity 100321K, committed 100528K, reserved 1136640K
  class space    used 10984K, capacity 13403K, committed 13488K, reserved 1048576K
Event: 958.976 GC heap after
Heap after GC invocations=1023 (full 10):
 PSYoungGen      total 165376K, used 3584K [0x00000000f5580000, 0x0000000100000000, 0x0000000100000000)
  eden space 161280K, 0% used [0x00000000f5580000,0x00000000f5580000,0x00000000ff300000)
  from space 4096K, 87% used [0x00000000ff300000,0x00000000ff680128,0x00000000ff700000)
  to   space 7168K, 0% used [0x00000000ff900000,0x00000000ff900000,0x0000000100000000)
 ParOldGen       total 117760K, used 74601K [0x00000000e0000000, 0x00000000e7300000, 0x00000000f5580000)
  object space 117760K, 63% used [0x00000000e0000000,0x00000000e48da688,0x00000000e7300000)
 Metaspace       used 92582K, capacity 100321K, committed 100528K, reserved 1136640K
  class space    used 10984K, capacity 13403K, committed 13488K, reserved 1048576K
}
Event: 958.976 GC heap before
{Heap before GC invocations=1024 (full 11):
 PSYoungGen      total 165376K, used 3584K [0x00000000f5580000, 0x0000000100000000, 0x0000000100000000)
  eden space 161280K, 0% used [0x00000000f5580000,0x00000000f5580000,0x00000000ff300000)
  from space 4096K, 87% used [0x00000000ff300000,0x00000000ff680128,0x00000000ff700000)
  to   space 7168K, 0% used [0x00000000ff900000,0x00000000ff900000,0x0000000100000000)
 ParOldGen       total 117760K, used 74601K [0x00000000e0000000, 0x00000000e7300000, 0x00000000f5580000)
  object space 117760K, 63% used [0x00000000e0000000,0x00000000e48da688,0x00000000e7300000)
 Metaspace       used 92582K, capacity 100321K, committed 100528K, reserved 1136640K
  class space    used 10984K, capacity 13403K, committed 13488K, reserved 1048576K
Event: 959.199 GC heap after
Heap after GC invocations=1024 (full 11):
 PSYoungGen      total 165376K, used 0K [0x00000000f5580000, 0x0000000100000000, 0x0000000100000000)
  eden space 161280K, 0% used [0x00000000f5580000,0x00000000f5580000,0x00000000ff300000)
  from space 4096K, 0% used [0x00000000ff300000,0x00000000ff300000,0x00000000ff700000)
  to   space 7168K, 0% used [0x00000000ff900000,0x00000000ff900000,0x0000000100000000)
 ParOldGen       total 117760K, used 62787K [0x00000000e0000000, 0x00000000e7300000, 0x00000000f5580000)
  object space 117760K, 53% used [0x00000000e0000000,0x00000000e3d50fc8,0x00000000e7300000)
 Metaspace       used 92582K, capacity 100321K, committed 100528K, reserved 1136640K
  class space    used 10984K, capacity 13403K, committed 13488K, reserved 1048576K
}
Event: 1018.980 GC heap before
{Heap before GC invocations=1025 (full 11):
 PSYoungGen      total 165376K, used 43367K [0x00000000f5580000, 0x0000000100000000, 0x0000000100000000)
  eden space 161280K, 26% used [0x00000000f5580000,0x00000000f7fd9ea0,0x00000000ff300000)
  from space 4096K, 0% used [0x00000000ff300000,0x00000000ff300000,0x00000000ff700000)
  to   space 7168K, 0% used [0x00000000ff900000,0x00000000ff900000,0x0000000100000000)
 ParOldGen       total 117760K, used 62787K [0x00000000e0000000, 0x00000000e7300000, 0x00000000f5580000)
  object space 117760K, 53% used [0x00000000e0000000,0x00000000e3d50fc8,0x00000000e7300000)
 Metaspace       used 92640K, capacity 100385K, committed 100784K, reserved 1136640K
  class space    used 10985K, capacity 13403K, committed 13488K, reserved 1048576K
Event: 1018.983 GC heap after
Heap after GC invocations=1025 (full 11):
 PSYoungGen      total 166400K, used 1851K [0x00000000f5580000, 0x0000000100000000, 0x0000000100000000)
  eden space 159232K, 0% used [0x00000000f5580000,0x00000000f5580000,0x00000000ff100000)
  from space 7168K, 25% used [0x00000000ff900000,0x00000000ffaced18,0x0000000100000000)
  to   space 7680K, 0% used [0x00000000ff100000,0x00000000ff100000,0x00000000ff880000)
 ParOldGen       total 117760K, used 62787K [0x00000000e0000000, 0x00000000e7300000, 0x00000000f5580000)
  object space 117760K, 53% used [0x00000000e0000000,0x00000000e3d50fc8,0x00000000e7300000)
 Metaspace       used 92640K, capacity 100385K, committed 100784K, reserved 1136640K
  class space    used 10985K, capacity 13403K, committed 13488K, reserved 1048576K
}
Event: 1018.983 GC heap before
{Heap before GC invocations=1026 (full 12):
 PSYoungGen      total 166400K, used 1851K [0x00000000f5580000, 0x0000000100000000, 0x0000000100000000)
  eden space 159232K, 0% used [0x00000000f5580000,0x00000000f5580000,0x00000000ff100000)
  from space 7168K, 25% used [0x00000000ff900000,0x00000000ffaced18,0x0000000100000000)
  to   space 7680K, 0% used [0x00000000ff100000,0x00000000ff100000,0x00000000ff880000)
 ParOldGen       total 117760K, used 62787K [0x00000000e0000000, 0x00000000e7300000, 0x00000000f5580000)
  object space 117760K, 53% used [0x00000000e0000000,0x00000000e3d50fc8,0x00000000e7300000)
 Metaspace       used 92640K, capacity 100385K, committed 100784K, reserved 1136640K
  class space    used 10985K, capacity 13403K, committed 13488K, reserved 1048576K
Event: 1019.125 GC heap after
Heap after GC invocations=1026 (full 12):
 PSYoungGen      total 166400K, used 0K [0x00000000f5580000, 0x0000000100000000, 0x0000000100000000)
  eden space 159232K, 0% used [0x00000000f5580000,0x00000000f5580000,0x00000000ff100000)
  from space 7168K, 0% used [0x00000000ff900000,0x00000000ff900000,0x0000000100000000)
  to   space 7680K, 0% used [0x00000000ff100000,0x00000000ff100000,0x00000000ff880000)
 ParOldGen       total 117760K, used 62791K [0x00000000e0000000, 0x00000000e7300000, 0x00000000f5580000)
  object space 117760K, 53% used [0x00000000e0000000,0x00000000e3d51f98,0x00000000e7300000)
 Metaspace       used 92640K, capacity 100385K, committed 100784K, reserved 1136640K
  class space    used 10985K, capacity 13403K, committed 13488K, reserved 1048576K
}
Event: 1120.427 GC heap before
{Heap before GC invocations=1027 (full 12):
 PSYoungGen      total 166400K, used 159232K [0x00000000f5580000, 0x0000000100000000, 0x0000000100000000)
  eden space 159232K, 100% used [0x00000000f5580000,0x00000000ff100000,0x00000000ff100000)
  from space 7168K, 0% used [0x00000000ff900000,0x00000000ff900000,0x0000000100000000)
  to   space 7680K, 0% used [0x00000000ff100000,0x00000000ff100000,0x00000000ff880000)
 ParOldGen       total 117760K, used 62791K [0x00000000e0000000, 0x00000000e7300000, 0x00000000f5580000)
  object space 117760K, 53% used [0x00000000e0000000,0x00000000e3d51f98,0x00000000e7300000)
 Metaspace       used 93245K, capacity 100801K, committed 101040K, reserved 1136640K
  class space    used 11029K, capacity 13435K, committed 13488K, reserved 1048576K
Event: 1120.433 GC heap after
Heap after GC invocations=1027 (full 12):
 PSYoungGen      total 166912K, used 5452K [0x00000000f5580000, 0x00000000fff80000, 0x0000000100000000)
  eden space 159232K, 0% used [0x00000000f5580000,0x00000000f5580000,0x00000000ff100000)
  from space 7680K, 70% used [0x00000000ff100000,0x00000000ff653148,0x00000000ff880000)
  to   space 7168K, 0% used [0x00000000ff880000,0x00000000ff880000,0x00000000fff80000)
 ParOldGen       total 117760K, used 62791K [0x00000000e0000000, 0x00000000e7300000, 0x00000000f5580000)
  object space 117760K, 53% used [0x00000000e0000000,0x00000000e3d51f98,0x00000000e7300000)
 Metaspace       used 93245K, capacity 100801K, committed 101040K, reserved 1136640K
  class space    used 11029K, capacity 13435K, committed 13488K, reserved 1048576K
}

