# JRE version: Java(TM) SE Runtime Environment (8.0_66-b18) (build 1.8.0_66-b18)
# Java VM: Java HotSpot(TM) 64-Bit Server VM (25.66-b18 mixed mode windows-amd64 compressed oops)
Heap:
 PSYoungGen      total 158208K, used 141980K [0x00000000f5580000, 0x0000000100000000, 0x0000000100000000)
  eden space 143360K, 88% used [0x00000000f5580000,0x00000000fd1d4c18,0x00000000fe180000)
  from space 14848K, 98% used [0x00000000fe180000,0x00000000fefd2440,0x00000000ff000000)
  to   space 16384K, 0% used [0x00000000ff000000,0x00000000ff000000,0x0000000100000000)
 ParOldGen       total 210432K, used 61292K [0x00000000e0000000, 0x00000000ecd80000, 0x00000000f5580000)
  object space 210432K, 29% used [0x00000000e0000000,0x00000000e3bdb128,0x00000000ecd80000)
 Metaspace       used 94859K, capacity 102420K, committed 102576K, reserved 1138688K
  class space    used 11361K, capacity 13673K, committed 13744K, reserved 1048576K
GC Heap History (10 events):
Event: 1048.053 GC heap before
{Heap before GC invocations=3314 (full 10):
 PSYoungGen      total 150016K, used 143872K [0x00000000f5580000, 0x0000000100000000, 0x0000000100000000)
  eden space 143872K, 100% used [0x00000000f5580000,0x00000000fe200000,0x00000000fe200000)
  from space 6144K, 0% used [0x00000000fe200000,0x00000000fe200000,0x00000000fe800000)
  to   space 15872K, 0% used [0x00000000ff080000,0x00000000ff080000,0x0000000100000000)
 ParOldGen       total 210432K, used 66717K [0x00000000e0000000, 0x00000000ecd80000, 0x00000000f5580000)
  object space 210432K, 31% used [0x00000000e0000000,0x00000000e4127708,0x00000000ecd80000)
 Metaspace       used 92916K, capacity 100538K, committed 100912K, reserved 1136640K
  class space    used 11187K, capacity 13568K, committed 13616K, reserved 1048576K
Event: 1048.061 GC heap after
Heap after GC invocations=3314 (full 10):
 PSYoungGen      total 159232K, used 8306K [0x00000000f5580000, 0x0000000100000000, 0x0000000100000000)
  eden space 143360K, 0% used [0x00000000f5580000,0x00000000f5580000,0x00000000fe180000)
  from space 15872K, 52% used [0x00000000ff080000,0x00000000ff89ca58,0x0000000100000000)
  to   space 15360K, 0% used [0x00000000fe180000,0x00000000fe180000,0x00000000ff080000)
 ParOldGen       total 210432K, used 66717K [0x00000000e0000000, 0x00000000ecd80000, 0x00000000f5580000)
  object space 210432K, 31% used [0x00000000e0000000,0x00000000e4127708,0x00000000ecd80000)
 Metaspace       used 92916K, capacity 100538K, committed 100912K, reserved 1136640K
  class space    used 11187K, capacity 13568K, committed 13616K, reserved 1048576K
}
Event: 1081.015 GC heap before
{Heap before GC invocations=3315 (full 10):
 PSYoungGen      total 159232K, used 149771K [0x00000000f5580000, 0x0000000100000000, 0x0000000100000000)
  eden space 143360K, 98% used [0x00000000f5580000,0x00000000fdfa62a8,0x00000000fe180000)
  from space 15872K, 52% used [0x00000000ff080000,0x00000000ff89ca58,0x0000000100000000)
  to   space 15360K, 0% used [0x00000000fe180000,0x00000000fe180000,0x00000000ff080000)
 ParOldGen       total 210432K, used 66717K [0x00000000e0000000, 0x00000000ecd80000, 0x00000000f5580000)
  object space 210432K, 31% used [0x00000000e0000000,0x00000000e4127708,0x00000000ecd80000)
 Metaspace       used 93309K, capacity 100730K, committed 100912K, reserved 1136640K
  class space    used 11232K, capacity 13568K, committed 13616K, reserved 1048576K
Event: 1081.020 GC heap after
Heap after GC invocations=3315 (full 10):
 PSYoungGen      total 158720K, used 11828K [0x00000000f5580000, 0x00000000fff80000, 0x0000000100000000)
  eden space 143360K, 0% used [0x00000000f5580000,0x00000000f5580000,0x00000000fe180000)
  from space 15360K, 77% used [0x00000000fe180000,0x00000000fed0d1e0,0x00000000ff080000)
  to   space 15360K, 0% used [0x00000000ff080000,0x00000000ff080000,0x00000000fff80000)
 ParOldGen       total 210432K, used 66725K [0x00000000e0000000, 0x00000000ecd80000, 0x00000000f5580000)
  object space 210432K, 31% used [0x00000000e0000000,0x00000000e4129708,0x00000000ecd80000)
 Metaspace       used 93309K, capacity 100730K, committed 100912K, reserved 1136640K
  class space    used 11232K, capacity 13568K, committed 13616K, reserved 1048576K
}
Event: 1096.214 GC heap before
{Heap before GC invocations=3316 (full 10):
 PSYoungGen      total 158720K, used 79008K [0x00000000f5580000, 0x00000000fff80000, 0x0000000100000000)
  eden space 143360K, 46% used [0x00000000f5580000,0x00000000f971b200,0x00000000fe180000)
  from space 15360K, 77% used [0x00000000fe180000,0x00000000fed0d1e0,0x00000000ff080000)
  to   space 15360K, 0% used [0x00000000ff080000,0x00000000ff080000,0x00000000fff80000)
 ParOldGen       total 210432K, used 66725K [0x00000000e0000000, 0x00000000ecd80000, 0x00000000f5580000)
  object space 210432K, 31% used [0x00000000e0000000,0x00000000e4129708,0x00000000ecd80000)
 Metaspace       used 93456K, capacity 100992K, committed 101168K, reserved 1136640K
  class space    used 11243K, capacity 13569K, committed 13616K, reserved 1048576K
Event: 1096.220 GC heap after
Heap after GC invocations=3316 (full 10):
 PSYoungGen      total 158720K, used 6600K [0x00000000f5580000, 0x00000000fff80000, 0x0000000100000000)
  eden space 143360K, 0% used [0x00000000f5580000,0x00000000f5580000,0x00000000fe180000)
  from space 15360K, 42% used [0x00000000ff080000,0x00000000ff6f2250,0x00000000fff80000)
  to   space 15360K, 0% used [0x00000000fe180000,0x00000000fe180000,0x00000000ff080000)
 ParOldGen       total 210432K, used 66733K [0x00000000e0000000, 0x00000000ecd80000, 0x00000000f5580000)
  object space 210432K, 31% used [0x00000000e0000000,0x00000000e412b708,0x00000000ecd80000)
 Metaspace       used 93456K, capacity 100992K, committed 101168K, reserved 1136640K
  class space    used 11243K, capacity 13569K, committed 13616K, reserved 1048576K
}
Event: 1096.220 GC heap before
{Heap before GC invocations=3317 (full 11):
 PSYoungGen      total 158720K, used 6600K [0x00000000f5580000, 0x00000000fff80000, 0x0000000100000000)
  eden space 143360K, 0% used [0x00000000f5580000,0x00000000f5580000,0x00000000fe180000)
  from space 15360K, 42% used [0x00000000ff080000,0x00000000ff6f2250,0x00000000fff80000)
  to   space 15360K, 0% used [0x00000000fe180000,0x00000000fe180000,0x00000000ff080000)
 ParOldGen       total 210432K, used 66733K [0x00000000e0000000, 0x00000000ecd80000, 0x00000000f5580000)
  object space 210432K, 31% used [0x00000000e0000000,0x00000000e412b708,0x00000000ecd80000)
 Metaspace       used 93456K, capacity 100992K, committed 101168K, reserved 1136640K
  class space    used 11243K, capacity 13569K, committed 13616K, reserved 1048576K
Event: 1096.497 GC heap after
Heap after GC invocations=3317 (full 11):
 PSYoungGen      total 158720K, used 0K [0x00000000f5580000, 0x00000000fff80000, 0x0000000100000000)
  eden space 143360K, 0% used [0x00000000f5580000,0x00000000f5580000,0x00000000fe180000)
  from space 15360K, 0% used [0x00000000ff080000,0x00000000ff080000,0x00000000fff80000)
  to   space 15360K, 0% used [0x00000000fe180000,0x00000000fe180000,0x00000000ff080000)
 ParOldGen       total 210432K, used 61292K [0x00000000e0000000, 0x00000000ecd80000, 0x00000000f5580000)
  object space 210432K, 29% used [0x00000000e0000000,0x00000000e3bdb128,0x00000000ecd80000)
 Metaspace       used 93456K, capacity 100992K, committed 101168K, reserved 1136640K
  class space    used 11243K, capacity 13569K, committed 13616K, reserved 1048576K
}
Event: 1152.077 GC heap before
{Heap before GC invocations=3318 (full 11):
 PSYoungGen      total 158720K, used 139467K [0x00000000f5580000, 0x00000000fff80000, 0x0000000100000000)
  eden space 143360K, 97% used [0x00000000f5580000,0x00000000fddb2de8,0x00000000fe180000)
  from space 15360K, 0% used [0x00000000ff080000,0x00000000ff080000,0x00000000fff80000)
  to   space 15360K, 0% used [0x00000000fe180000,0x00000000fe180000,0x00000000ff080000)
 ParOldGen       total 210432K, used 61292K [0x00000000e0000000, 0x00000000ecd80000, 0x00000000f5580000)
  object space 210432K, 29% used [0x00000000e0000000,0x00000000e3bdb128,0x00000000ecd80000)
 Metaspace       used 93780K, capacity 101388K, committed 101680K, reserved 1136640K
  class space    used 11246K, capacity 13571K, committed 13616K, reserved 1048576K
Event: 1152.082 GC heap after
Heap after GC invocations=3318 (full 11):
 PSYoungGen      total 158208K, used 14665K [0x00000000f5580000, 0x0000000100000000, 0x0000000100000000)
  eden space 143360K, 0% used [0x00000000f5580000,0x00000000f5580000,0x00000000fe180000)
  from space 14848K, 98% used [0x00000000fe180000,0x00000000fefd2440,0x00000000ff000000)
  to   space 16384K, 0% used [0x00000000ff000000,0x00000000ff000000,0x0000000100000000)
 ParOldGen       total 210432K, used 61292K [0x00000000e0000000, 0x00000000ecd80000, 0x00000000f5580000)
  object space 210432K, 29% used [0x00000000e0000000,0x00000000e3bdb128,0x00000000ecd80000)
 Metaspace       used 93780K, capacity 101388K, committed 101680K, reserved 1136640K
  class space    used 11246K, capacity 13571K, committed 13616K, reserved 1048576K
}

