# JRE version: Java(TM) SE Runtime Environment (8.0_66-b18) (build 1.8.0_66-b18)
# Java VM: Java HotSpot(TM) 64-Bit Server VM (25.66-b18 mixed mode windows-amd64 compressed oops)
Heap:
 PSYoungGen      total 29184K, used 22996K [0x00000000f5580000, 0x00000000f7480000, 0x0000000100000000)
  eden space 27648K, 77% used [0x00000000f5580000,0x00000000f6a79228,0x00000000f7080000)
  from space 1536K, 98% used [0x00000000f7080000,0x00000000f71fc010,0x00000000f7200000)
  to   space 2048K, 0% used [0x00000000f7280000,0x00000000f7280000,0x00000000f7480000)
 ParOldGen       total 119808K, used 81112K [0x00000000e0000000, 0x00000000e7500000, 0x00000000f5580000)
  object space 119808K, 67% used [0x00000000e0000000,0x00000000e4f36108,0x00000000e7500000)
 Metaspace       used 93135K, capacity 100613K, committed 100904K, reserved 1136640K
  class space    used 11057K, capacity 13515K, committed 13616K, reserved 1048576K
GC Heap History (10 events):
Event: 1268.288 GC heap before
{Heap before GC invocations=804 (full 5):
 PSYoungGen      total 28672K, used 27904K [0x00000000f5580000, 0x00000000f7280000, 0x0000000100000000)
  eden space 27648K, 100% used [0x00000000f5580000,0x00000000f7080000,0x00000000f7080000)
  from space 1024K, 25% used [0x00000000f7180000,0x00000000f71c0020,0x00000000f7280000)
  to   space 1024K, 0% used [0x00000000f7080000,0x00000000f7080000,0x00000000f7180000)
 ParOldGen       total 119808K, used 80659K [0x00000000e0000000, 0x00000000e7500000, 0x00000000f5580000)
  object space 119808K, 67% used [0x00000000e0000000,0x00000000e4ec4d10,0x00000000e7500000)
 Metaspace       used 92364K, capacity 99767K, committed 100264K, reserved 1136640K
  class space    used 10977K, capacity 13348K, committed 13488K, reserved 1048576K
Event: 1268.291 GC heap after
Heap after GC invocations=804 (full 5):
 PSYoungGen      total 28672K, used 368K [0x00000000f5580000, 0x00000000f7280000, 0x0000000100000000)
  eden space 27648K, 0% used [0x00000000f5580000,0x00000000f5580000,0x00000000f7080000)
  from space 1024K, 35% used [0x00000000f7080000,0x00000000f70dc010,0x00000000f7180000)
  to   space 1024K, 0% used [0x00000000f7180000,0x00000000f7180000,0x00000000f7280000)
 ParOldGen       total 119808K, used 80675K [0x00000000e0000000, 0x00000000e7500000, 0x00000000f5580000)
  object space 119808K, 67% used [0x00000000e0000000,0x00000000e4ec8d10,0x00000000e7500000)
 Metaspace       used 92364K, capacity 99767K, committed 100264K, reserved 1136640K
  class space    used 10977K, capacity 13348K, committed 13488K, reserved 1048576K
}
Event: 1269.111 GC heap before
{Heap before GC invocations=805 (full 5):
 PSYoungGen      total 28672K, used 28016K [0x00000000f5580000, 0x00000000f7280000, 0x0000000100000000)
  eden space 27648K, 100% used [0x00000000f5580000,0x00000000f7080000,0x00000000f7080000)
  from space 1024K, 35% used [0x00000000f7080000,0x00000000f70dc010,0x00000000f7180000)
  to   space 1024K, 0% used [0x00000000f7180000,0x00000000f7180000,0x00000000f7280000)
 ParOldGen       total 119808K, used 80675K [0x00000000e0000000, 0x00000000e7500000, 0x00000000f5580000)
  object space 119808K, 67% used [0x00000000e0000000,0x00000000e4ec8d10,0x00000000e7500000)
 Metaspace       used 92371K, capacity 99767K, committed 100264K, reserved 1136640K
  class space    used 10978K, capacity 13348K, committed 13488K, reserved 1048576K
Event: 1269.114 GC heap after
Heap after GC invocations=805 (full 5):
 PSYoungGen      total 28672K, used 400K [0x00000000f5580000, 0x00000000f7280000, 0x0000000100000000)
  eden space 27648K, 0% used [0x00000000f5580000,0x00000000f5580000,0x00000000f7080000)
  from space 1024K, 39% used [0x00000000f7180000,0x00000000f71e4010,0x00000000f7280000)
  to   space 1024K, 0% used [0x00000000f7080000,0x00000000f7080000,0x00000000f7180000)
 ParOldGen       total 119808K, used 80683K [0x00000000e0000000, 0x00000000e7500000, 0x00000000f5580000)
  object space 119808K, 67% used [0x00000000e0000000,0x00000000e4ecad10,0x00000000e7500000)
 Metaspace       used 92371K, capacity 99767K, committed 100264K, reserved 1136640K
  class space    used 10978K, capacity 13348K, committed 13488K, reserved 1048576K
}
Event: 1269.736 GC heap before
{Heap before GC invocations=806 (full 5):
 PSYoungGen      total 28672K, used 28048K [0x00000000f5580000, 0x00000000f7280000, 0x0000000100000000)
  eden space 27648K, 100% used [0x00000000f5580000,0x00000000f7080000,0x00000000f7080000)
  from space 1024K, 39% used [0x00000000f7180000,0x00000000f71e4010,0x00000000f7280000)
  to   space 1024K, 0% used [0x00000000f7080000,0x00000000f7080000,0x00000000f7180000)
 ParOldGen       total 119808K, used 80683K [0x00000000e0000000, 0x00000000e7500000, 0x00000000f5580000)
  object space 119808K, 67% used [0x00000000e0000000,0x00000000e4ecad10,0x00000000e7500000)
 Metaspace       used 92494K, capacity 99913K, committed 100264K, reserved 1136640K
  class space    used 10991K, capacity 13351K, committed 13488K, reserved 1048576K
Event: 1269.739 GC heap after
Heap after GC invocations=806 (full 5):
 PSYoungGen      total 28672K, used 880K [0x00000000f5580000, 0x00000000f7380000, 0x0000000100000000)
  eden space 27648K, 0% used [0x00000000f5580000,0x00000000f5580000,0x00000000f7080000)
  from space 1024K, 85% used [0x00000000f7080000,0x00000000f715c030,0x00000000f7180000)
  to   space 1536K, 0% used [0x00000000f7200000,0x00000000f7200000,0x00000000f7380000)
 ParOldGen       total 119808K, used 80683K [0x00000000e0000000, 0x00000000e7500000, 0x00000000f5580000)
  object space 119808K, 67% used [0x00000000e0000000,0x00000000e4ecad10,0x00000000e7500000)
 Metaspace       used 92494K, capacity 99913K, committed 100264K, reserved 1136640K
  class space    used 10991K, capacity 13351K, committed 13488K, reserved 1048576K
}
Event: 1270.225 GC heap before
{Heap before GC invocations=807 (full 5):
 PSYoungGen      total 28672K, used 28528K [0x00000000f5580000, 0x00000000f7380000, 0x0000000100000000)
  eden space 27648K, 100% used [0x00000000f5580000,0x00000000f7080000,0x00000000f7080000)
  from space 1024K, 85% used [0x00000000f7080000,0x00000000f715c030,0x00000000f7180000)
  to   space 1536K, 0% used [0x00000000f7200000,0x00000000f7200000,0x00000000f7380000)
 ParOldGen       total 119808K, used 80683K [0x00000000e0000000, 0x00000000e7500000, 0x00000000f5580000)
  object space 119808K, 67% used [0x00000000e0000000,0x00000000e4ecad10,0x00000000e7500000)
 Metaspace       used 92618K, capacity 99937K, committed 100264K, reserved 1136640K
  class space    used 11003K, capacity 13355K, committed 13488K, reserved 1048576K
Event: 1270.228 GC heap after
Heap after GC invocations=807 (full 5):
 PSYoungGen      total 29184K, used 992K [0x00000000f5580000, 0x00000000f7380000, 0x0000000100000000)
  eden space 27648K, 0% used [0x00000000f5580000,0x00000000f5580000,0x00000000f7080000)
  from space 1536K, 64% used [0x00000000f7200000,0x00000000f72f8020,0x00000000f7380000)
  to   space 1536K, 0% used [0x00000000f7080000,0x00000000f7080000,0x00000000f7200000)
 ParOldGen       total 119808K, used 80683K [0x00000000e0000000, 0x00000000e7500000, 0x00000000f5580000)
  object space 119808K, 67% used [0x00000000e0000000,0x00000000e4ecad10,0x00000000e7500000)
 Metaspace       used 92618K, capacity 99937K, committed 100264K, reserved 1136640K
  class space    used 11003K, capacity 13355K, committed 13488K, reserved 1048576K
}
Event: 1270.928 GC heap before
{Heap before GC invocations=808 (full 5):
 PSYoungGen      total 29184K, used 28640K [0x00000000f5580000, 0x00000000f7380000, 0x0000000100000000)
  eden space 27648K, 100% used [0x00000000f5580000,0x00000000f7080000,0x00000000f7080000)
  from space 1536K, 64% used [0x00000000f7200000,0x00000000f72f8020,0x00000000f7380000)
  to   space 1536K, 0% used [0x00000000f7080000,0x00000000f7080000,0x00000000f7200000)
 ParOldGen       total 119808K, used 80683K [0x00000000e0000000, 0x00000000e7500000, 0x00000000f5580000)
  object space 119808K, 67% used [0x00000000e0000000,0x00000000e4ecad10,0x00000000e7500000)
 Metaspace       used 92993K, capacity 100613K, committed 100904K, reserved 1136640K
  class space    used 11043K, capacity 13515K, committed 13616K, reserved 1048576K
Event: 1270.931 GC heap after
Heap after GC invocations=808 (full 5):
 PSYoungGen      total 29184K, used 1520K [0x00000000f5580000, 0x00000000f7480000, 0x0000000100000000)
  eden space 27648K, 0% used [0x00000000f5580000,0x00000000f5580000,0x00000000f7080000)
  from space 1536K, 98% used [0x00000000f7080000,0x00000000f71fc010,0x00000000f7200000)
  to   space 2048K, 0% used [0x00000000f7280000,0x00000000f7280000,0x00000000f7480000)
 ParOldGen       total 119808K, used 81112K [0x00000000e0000000, 0x00000000e7500000, 0x00000000f5580000)
  object space 119808K, 67% used [0x00000000e0000000,0x00000000e4f36108,0x00000000e7500000)
 Metaspace       used 92993K, capacity 100613K, committed 100904K, reserved 1136640K
  class space    used 11043K, capacity 13515K, committed 13616K, reserved 1048576K
}

