# JRE version: Java(TM) SE Runtime Environment (8.0_66-b18) (build 1.8.0_66-b18)
# Java VM: Java HotSpot(TM) 64-Bit Server VM (25.66-b18 mixed mode windows-amd64 compressed oops)
Heap:
 PSYoungGen      total 165376K, used 55513K [0x00000000f5580000, 0x0000000100000000, 0x0000000100000000)
  eden space 156160K, 35% used [0x00000000f5580000,0x00000000f8bb64f0,0x00000000fee00000)
  from space 9216K, 0% used [0x00000000fee00000,0x00000000fee00000,0x00000000ff700000)
  to   space 9216K, 0% used [0x00000000ff700000,0x00000000ff700000,0x0000000100000000)
 ParOldGen       total 143872K, used 75104K [0x00000000e0000000, 0x00000000e8c80000, 0x00000000f5580000)
  object space 143872K, 52% used [0x00000000e0000000,0x00000000e4958330,0x00000000e8c80000)
 Metaspace       used 99565K, capacity 107316K, committed 107608K, reserved 1142784K
  class space    used 11315K, capacity 13850K, committed 13952K, reserved 1048576K
GC Heap History (10 events):
Event: 20636.220 GC heap before
{Heap before GC invocations=3815 (full 107):
 PSYoungGen      total 165376K, used 162413K [0x00000000f5580000, 0x0000000100000000, 0x0000000100000000)
  eden space 156160K, 99% used [0x00000000f5580000,0x00000000feca4e18,0x00000000fee00000)
  from space 9216K, 82% used [0x00000000fee00000,0x00000000ff576908,0x00000000ff700000)
  to   space 9216K, 0% used [0x00000000ff700000,0x00000000ff700000,0x0000000100000000)
 ParOldGen       total 143872K, used 80594K [0x00000000e0000000, 0x00000000e8c80000, 0x00000000f5580000)
  object space 143872K, 56% used [0x00000000e0000000,0x00000000e4eb4b48,0x00000000e8c80000)
 Metaspace       used 99004K, capacity 106830K, committed 107224K, reserved 1142784K
  class space    used 11252K, capacity 13743K, committed 13824K, reserved 1048576K
Event: 20636.224 GC heap after
Heap after GC invocations=3815 (full 107):
 PSYoungGen      total 165376K, used 7706K [0x00000000f5580000, 0x0000000100000000, 0x0000000100000000)
  eden space 156160K, 0% used [0x00000000f5580000,0x00000000f5580000,0x00000000fee00000)
  from space 9216K, 83% used [0x00000000ff700000,0x00000000ffe86930,0x0000000100000000)
  to   space 9216K, 0% used [0x00000000fee00000,0x00000000fee00000,0x00000000ff700000)
 ParOldGen       total 143872K, used 80602K [0x00000000e0000000, 0x00000000e8c80000, 0x00000000f5580000)
  object space 143872K, 56% used [0x00000000e0000000,0x00000000e4eb6b48,0x00000000e8c80000)
 Metaspace       used 99004K, capacity 106830K, committed 107224K, reserved 1142784K
  class space    used 11252K, capacity 13743K, committed 13824K, reserved 1048576K
}
Event: 20654.156 GC heap before
{Heap before GC invocations=3816 (full 107):
 PSYoungGen      total 165376K, used 161493K [0x00000000f5580000, 0x0000000100000000, 0x0000000100000000)
  eden space 156160K, 98% used [0x00000000f5580000,0x00000000febaeeb0,0x00000000fee00000)
  from space 9216K, 83% used [0x00000000ff700000,0x00000000ffe86930,0x0000000100000000)
  to   space 9216K, 0% used [0x00000000fee00000,0x00000000fee00000,0x00000000ff700000)
 ParOldGen       total 143872K, used 80602K [0x00000000e0000000, 0x00000000e8c80000, 0x00000000f5580000)
  object space 143872K, 56% used [0x00000000e0000000,0x00000000e4eb6b48,0x00000000e8c80000)
 Metaspace       used 99004K, capacity 106830K, committed 107224K, reserved 1142784K
  class space    used 11252K, capacity 13743K, committed 13824K, reserved 1048576K
Event: 20654.159 GC heap after
Heap after GC invocations=3816 (full 107):
 PSYoungGen      total 165376K, used 7611K [0x00000000f5580000, 0x0000000100000000, 0x0000000100000000)
  eden space 156160K, 0% used [0x00000000f5580000,0x00000000f5580000,0x00000000fee00000)
  from space 9216K, 82% used [0x00000000fee00000,0x00000000ff56edb8,0x00000000ff700000)
  to   space 9216K, 0% used [0x00000000ff700000,0x00000000ff700000,0x0000000100000000)
 ParOldGen       total 143872K, used 80610K [0x00000000e0000000, 0x00000000e8c80000, 0x00000000f5580000)
  object space 143872K, 56% used [0x00000000e0000000,0x00000000e4eb8b48,0x00000000e8c80000)
 Metaspace       used 99004K, capacity 106830K, committed 107224K, reserved 1142784K
  class space    used 11252K, capacity 13743K, committed 13824K, reserved 1048576K
}
Event: 20699.839 GC heap before
{Heap before GC invocations=3817 (full 107):
 PSYoungGen      total 165376K, used 162423K [0x00000000f5580000, 0x0000000100000000, 0x0000000100000000)
  eden space 156160K, 99% used [0x00000000f5580000,0x00000000fecaf0a8,0x00000000fee00000)
  from space 9216K, 82% used [0x00000000fee00000,0x00000000ff56edb8,0x00000000ff700000)
  to   space 9216K, 0% used [0x00000000ff700000,0x00000000ff700000,0x0000000100000000)
 ParOldGen       total 143872K, used 80610K [0x00000000e0000000, 0x00000000e8c80000, 0x00000000f5580000)
  object space 143872K, 56% used [0x00000000e0000000,0x00000000e4eb8b48,0x00000000e8c80000)
 Metaspace       used 99004K, capacity 106830K, committed 107224K, reserved 1142784K
  class space    used 11252K, capacity 13743K, committed 13824K, reserved 1048576K
Event: 20699.842 GC heap after
Heap after GC invocations=3817 (full 107):
 PSYoungGen      total 165376K, used 7708K [0x00000000f5580000, 0x0000000100000000, 0x0000000100000000)
  eden space 156160K, 0% used [0x00000000f5580000,0x00000000f5580000,0x00000000fee00000)
  from space 9216K, 83% used [0x00000000ff700000,0x00000000ffe872a0,0x0000000100000000)
  to   space 9216K, 0% used [0x00000000fee00000,0x00000000fee00000,0x00000000ff700000)
 ParOldGen       total 143872K, used 80618K [0x00000000e0000000, 0x00000000e8c80000, 0x00000000f5580000)
  object space 143872K, 56% used [0x00000000e0000000,0x00000000e4ebab48,0x00000000e8c80000)
 Metaspace       used 99004K, capacity 106830K, committed 107224K, reserved 1142784K
  class space    used 11252K, capacity 13743K, committed 13824K, reserved 1048576K
}
Event: 20714.479 GC heap before
{Heap before GC invocations=3818 (full 107):
 PSYoungGen      total 165376K, used 86714K [0x00000000f5580000, 0x0000000100000000, 0x0000000100000000)
  eden space 156160K, 50% used [0x00000000f5580000,0x00000000fa2a7578,0x00000000fee00000)
  from space 9216K, 83% used [0x00000000ff700000,0x00000000ffe872a0,0x0000000100000000)
  to   space 9216K, 0% used [0x00000000fee00000,0x00000000fee00000,0x00000000ff700000)
 ParOldGen       total 143872K, used 80618K [0x00000000e0000000, 0x00000000e8c80000, 0x00000000f5580000)
  object space 143872K, 56% used [0x00000000e0000000,0x00000000e4ebab48,0x00000000e8c80000)
 Metaspace       used 99022K, capacity 106854K, committed 107224K, reserved 1142784K
  class space    used 11254K, capacity 13747K, committed 13824K, reserved 1048576K
Event: 20714.484 GC heap after
Heap after GC invocations=3818 (full 107):
 PSYoungGen      total 165376K, used 5107K [0x00000000f5580000, 0x0000000100000000, 0x0000000100000000)
  eden space 156160K, 0% used [0x00000000f5580000,0x00000000f5580000,0x00000000fee00000)
  from space 9216K, 55% used [0x00000000fee00000,0x00000000ff2fcec8,0x00000000ff700000)
  to   space 9216K, 0% used [0x00000000ff700000,0x00000000ff700000,0x0000000100000000)
 ParOldGen       total 143872K, used 80626K [0x00000000e0000000, 0x00000000e8c80000, 0x00000000f5580000)
  object space 143872K, 56% used [0x00000000e0000000,0x00000000e4ebcb48,0x00000000e8c80000)
 Metaspace       used 99022K, capacity 106854K, committed 107224K, reserved 1142784K
  class space    used 11254K, capacity 13747K, committed 13824K, reserved 1048576K
}
Event: 20714.484 GC heap before
{Heap before GC invocations=3819 (full 108):
 PSYoungGen      total 165376K, used 5107K [0x00000000f5580000, 0x0000000100000000, 0x0000000100000000)
  eden space 156160K, 0% used [0x00000000f5580000,0x00000000f5580000,0x00000000fee00000)
  from space 9216K, 55% used [0x00000000fee00000,0x00000000ff2fcec8,0x00000000ff700000)
  to   space 9216K, 0% used [0x00000000ff700000,0x00000000ff700000,0x0000000100000000)
 ParOldGen       total 143872K, used 80626K [0x00000000e0000000, 0x00000000e8c80000, 0x00000000f5580000)
  object space 143872K, 56% used [0x00000000e0000000,0x00000000e4ebcb48,0x00000000e8c80000)
 Metaspace       used 99022K, capacity 106854K, committed 107224K, reserved 1142784K
  class space    used 11254K, capacity 13747K, committed 13824K, reserved 1048576K
Event: 20714.647 GC heap after
Heap after GC invocations=3819 (full 108):
 PSYoungGen      total 165376K, used 0K [0x00000000f5580000, 0x0000000100000000, 0x0000000100000000)
  eden space 156160K, 0% used [0x00000000f5580000,0x00000000f5580000,0x00000000fee00000)
  from space 9216K, 0% used [0x00000000fee00000,0x00000000fee00000,0x00000000ff700000)
  to   space 9216K, 0% used [0x00000000ff700000,0x00000000ff700000,0x0000000100000000)
 ParOldGen       total 143872K, used 75104K [0x00000000e0000000, 0x00000000e8c80000, 0x00000000f5580000)
  object space 143872K, 52% used [0x00000000e0000000,0x00000000e4958330,0x00000000e8c80000)
 Metaspace       used 99022K, capacity 106854K, committed 107224K, reserved 1142784K
  class space    used 11254K, capacity 13747K, committed 13824K, reserved 1048576K
}

