# JRE version: Java(TM) SE Runtime Environment (8.0_66-b18) (build 1.8.0_66-b18)
# Java VM: Java HotSpot(TM) 64-Bit Server VM (25.66-b18 mixed mode windows-amd64 compressed oops)
Heap:
 PSYoungGen      total 133632K, used 62334K [0x00000000f5580000, 0x0000000100000000, 0x0000000100000000)
  eden space 97792K, 63% used [0x00000000f5580000,0x00000000f925f860,0x00000000fb500000)
  from space 35840K, 0% used [0x00000000fdd00000,0x00000000fdd00000,0x0000000100000000)
  to   space 38400K, 0% used [0x00000000fb500000,0x00000000fb500000,0x00000000fda80000)
 ParOldGen       total 120832K, used 61710K [0x00000000e0000000, 0x00000000e7600000, 0x00000000f5580000)
  object space 120832K, 51% used [0x00000000e0000000,0x00000000e3c43940,0x00000000e7600000)
 Metaspace       used 85211K, capacity 92510K, committed 92696K, reserved 1128448K
  class space    used 10386K, capacity 12792K, committed 12832K, reserved 1048576K
GC Heap History (10 events):
Event: 5.787 GC heap before
{Heap before GC invocations=12 (full 3):
 PSYoungGen      total 140288K, used 116224K [0x00000000f5580000, 0x00000000ff600000, 0x0000000100000000)
  eden space 116224K, 100% used [0x00000000f5580000,0x00000000fc700000,0x00000000fc700000)
  from space 24064K, 0% used [0x00000000fde80000,0x00000000fde80000,0x00000000ff600000)
  to   space 24064K, 0% used [0x00000000fc700000,0x00000000fc700000,0x00000000fde80000)
 ParOldGen       total 120832K, used 38921K [0x00000000e0000000, 0x00000000e7600000, 0x00000000f5580000)
  object space 120832K, 32% used [0x00000000e0000000,0x00000000e2602750,0x00000000e7600000)
 Metaspace       used 72449K, capacity 78666K, committed 78872K, reserved 1118208K
  class space    used 8818K, capacity 10706K, committed 10784K, reserved 1048576K
Event: 5.809 GC heap after
Heap after GC invocations=12 (full 3):
 PSYoungGen      total 140288K, used 24057K [0x00000000f5580000, 0x0000000100000000, 0x0000000100000000)
  eden space 116224K, 0% used [0x00000000f5580000,0x00000000f5580000,0x00000000fc700000)
  from space 24064K, 99% used [0x00000000fc700000,0x00000000fde7e448,0x00000000fde80000)
  to   space 30208K, 0% used [0x00000000fe280000,0x00000000fe280000,0x0000000100000000)
 ParOldGen       total 120832K, used 44429K [0x00000000e0000000, 0x00000000e7600000, 0x00000000f5580000)
  object space 120832K, 36% used [0x00000000e0000000,0x00000000e2b634d0,0x00000000e7600000)
 Metaspace       used 72449K, capacity 78666K, committed 78872K, reserved 1118208K
  class space    used 8818K, capacity 10706K, committed 10784K, reserved 1048576K
}
Event: 9.549 GC heap before
{Heap before GC invocations=13 (full 3):
 PSYoungGen      total 140288K, used 140281K [0x00000000f5580000, 0x0000000100000000, 0x0000000100000000)
  eden space 116224K, 100% used [0x00000000f5580000,0x00000000fc700000,0x00000000fc700000)
  from space 24064K, 99% used [0x00000000fc700000,0x00000000fde7e448,0x00000000fde80000)
  to   space 30208K, 0% used [0x00000000fe280000,0x00000000fe280000,0x0000000100000000)
 ParOldGen       total 120832K, used 44429K [0x00000000e0000000, 0x00000000e7600000, 0x00000000f5580000)
  object space 120832K, 36% used [0x00000000e0000000,0x00000000e2b634d0,0x00000000e7600000)
 Metaspace       used 76638K, capacity 83344K, committed 83480K, reserved 1122304K
  class space    used 9331K, capacity 11438K, committed 11552K, reserved 1048576K
Event: 9.566 GC heap after
Heap after GC invocations=13 (full 3):
 PSYoungGen      total 139264K, used 25453K [0x00000000f5580000, 0x0000000100000000, 0x0000000100000000)
  eden space 109056K, 0% used [0x00000000f5580000,0x00000000f5580000,0x00000000fc000000)
  from space 30208K, 84% used [0x00000000fe280000,0x00000000ffb5b720,0x0000000100000000)
  to   space 32768K, 0% used [0x00000000fc000000,0x00000000fc000000,0x00000000fe000000)
 ParOldGen       total 120832K, used 44437K [0x00000000e0000000, 0x00000000e7600000, 0x00000000f5580000)
  object space 120832K, 36% used [0x00000000e0000000,0x00000000e2b654d0,0x00000000e7600000)
 Metaspace       used 76638K, capacity 83344K, committed 83480K, reserved 1122304K
  class space    used 9331K, capacity 11438K, committed 11552K, reserved 1048576K
}
Event: 17.779 GC heap before
{Heap before GC invocations=14 (full 3):
 PSYoungGen      total 139264K, used 134509K [0x00000000f5580000, 0x0000000100000000, 0x0000000100000000)
  eden space 109056K, 100% used [0x00000000f5580000,0x00000000fc000000,0x00000000fc000000)
  from space 30208K, 84% used [0x00000000fe280000,0x00000000ffb5b720,0x0000000100000000)
  to   space 32768K, 0% used [0x00000000fc000000,0x00000000fc000000,0x00000000fe000000)
 ParOldGen       total 120832K, used 44437K [0x00000000e0000000, 0x00000000e7600000, 0x00000000f5580000)
  object space 120832K, 36% used [0x00000000e0000000,0x00000000e2b654d0,0x00000000e7600000)
 Metaspace       used 81555K, capacity 88826K, committed 89112K, reserved 1126400K
  class space    used 9927K, capacity 12214K, committed 12320K, reserved 1048576K
Event: 17.793 GC heap after
Heap after GC invocations=14 (full 3):
 PSYoungGen      total 138752K, used 29553K [0x00000000f5580000, 0x0000000100000000, 0x0000000100000000)
  eden space 109056K, 0% used [0x00000000f5580000,0x00000000f5580000,0x00000000fc000000)
  from space 29696K, 99% used [0x00000000fc000000,0x00000000fdcdc510,0x00000000fdd00000)
  to   space 35840K, 0% used [0x00000000fdd00000,0x00000000fdd00000,0x0000000100000000)
 ParOldGen       total 120832K, used 44445K [0x00000000e0000000, 0x00000000e7600000, 0x00000000f5580000)
  object space 120832K, 36% used [0x00000000e0000000,0x00000000e2b674d0,0x00000000e7600000)
 Metaspace       used 81555K, capacity 88826K, committed 89112K, reserved 1126400K
  class space    used 9927K, capacity 12214K, committed 12320K, reserved 1048576K
}
Event: 62.030 GC heap before
{Heap before GC invocations=15 (full 3):
 PSYoungGen      total 138752K, used 105712K [0x00000000f5580000, 0x0000000100000000, 0x0000000100000000)
  eden space 109056K, 69% used [0x00000000f5580000,0x00000000f9fdfc30,0x00000000fc000000)
  from space 29696K, 99% used [0x00000000fc000000,0x00000000fdcdc510,0x00000000fdd00000)
  to   space 35840K, 0% used [0x00000000fdd00000,0x00000000fdd00000,0x0000000100000000)
 ParOldGen       total 120832K, used 44445K [0x00000000e0000000, 0x00000000e7600000, 0x00000000f5580000)
  object space 120832K, 36% used [0x00000000e0000000,0x00000000e2b674d0,0x00000000e7600000)
 Metaspace       used 83148K, capacity 90472K, committed 90648K, reserved 1128448K
  class space    used 10179K, capacity 12501K, committed 12576K, reserved 1048576K
Event: 62.044 GC heap after
Heap after GC invocations=15 (full 3):
 PSYoungGen      total 133632K, used 26529K [0x00000000f5580000, 0x0000000100000000, 0x0000000100000000)
  eden space 97792K, 0% used [0x00000000f5580000,0x00000000f5580000,0x00000000fb500000)
  from space 35840K, 74% used [0x00000000fdd00000,0x00000000ff6e8620,0x0000000100000000)
  to   space 38400K, 0% used [0x00000000fb500000,0x00000000fb500000,0x00000000fda80000)
 ParOldGen       total 120832K, used 44453K [0x00000000e0000000, 0x00000000e7600000, 0x00000000f5580000)
  object space 120832K, 36% used [0x00000000e0000000,0x00000000e2b694d0,0x00000000e7600000)
 Metaspace       used 83148K, capacity 90472K, committed 90648K, reserved 1128448K
  class space    used 10179K, capacity 12501K, committed 12576K, reserved 1048576K
}
Event: 62.044 GC heap before
{Heap before GC invocations=16 (full 4):
 PSYoungGen      total 133632K, used 26529K [0x00000000f5580000, 0x0000000100000000, 0x0000000100000000)
  eden space 97792K, 0% used [0x00000000f5580000,0x00000000f5580000,0x00000000fb500000)
  from space 35840K, 74% used [0x00000000fdd00000,0x00000000ff6e8620,0x0000000100000000)
  to   space 38400K, 0% used [0x00000000fb500000,0x00000000fb500000,0x00000000fda80000)
 ParOldGen       total 120832K, used 44453K [0x00000000e0000000, 0x00000000e7600000, 0x00000000f5580000)
  object space 120832K, 36% used [0x00000000e0000000,0x00000000e2b694d0,0x00000000e7600000)
 Metaspace       used 83148K, capacity 90472K, committed 90648K, reserved 1128448K
  class space    used 10179K, capacity 12501K, committed 12576K, reserved 1048576K
Event: 62.361 GC heap after
Heap after GC invocations=16 (full 4):
 PSYoungGen      total 133632K, used 0K [0x00000000f5580000, 0x0000000100000000, 0x0000000100000000)
  eden space 97792K, 0% used [0x00000000f5580000,0x00000000f5580000,0x00000000fb500000)
  from space 35840K, 0% used [0x00000000fdd00000,0x00000000fdd00000,0x0000000100000000)
  to   space 38400K, 0% used [0x00000000fb500000,0x00000000fb500000,0x00000000fda80000)
 ParOldGen       total 120832K, used 61710K [0x00000000e0000000, 0x00000000e7600000, 0x00000000f5580000)
  object space 120832K, 51% used [0x00000000e0000000,0x00000000e3c43940,0x00000000e7600000)
 Metaspace       used 83148K, capacity 90472K, committed 90648K, reserved 1128448K
  class space    used 10179K, capacity 12501K, committed 12576K, reserved 1048576K
}

