# JRE version: Java(TM) SE Runtime Environment (8.0_66-b18) (build 1.8.0_66-b18)
# Java VM: Java HotSpot(TM) 64-Bit Server VM (25.66-b18 mixed mode windows-amd64 compressed oops)
Heap:
 PSYoungGen      total 51712K, used 21579K [0x00000000f5580000, 0x00000000f9480000, 0x0000000100000000)
  eden space 38912K, 42% used [0x00000000f5580000,0x00000000f65c1180,0x00000000f7b80000)
  from space 12800K, 38% used [0x00000000f7b80000,0x00000000f8051b48,0x00000000f8800000)
  to   space 12288K, 0% used [0x00000000f8880000,0x00000000f8880000,0x00000000f9480000)
 ParOldGen       total 133632K, used 67185K [0x00000000e0000000, 0x00000000e8280000, 0x00000000f5580000)
  object space 133632K, 50% used [0x00000000e0000000,0x00000000e419c780,0x00000000e8280000)
 Metaspace       used 98329K, capacity 106116K, committed 106328K, reserved 1140736K
  class space    used 11660K, capacity 14172K, committed 14208K, reserved 1048576K
GC Heap History (10 events):
Event: 2797.068 GC heap before
{Heap before GC invocations=261 (full 4):
 PSYoungGen      total 49152K, used 45932K [0x00000000f5580000, 0x00000000f9200000, 0x0000000100000000)
  eden space 37888K, 100% used [0x00000000f5580000,0x00000000f7a80000,0x00000000f7a80000)
  from space 11264K, 71% used [0x00000000f8600000,0x00000000f8ddb1f0,0x00000000f9100000)
  to   space 11776K, 0% used [0x00000000f7a80000,0x00000000f7a80000,0x00000000f8600000)
 ParOldGen       total 133632K, used 66732K [0x00000000e0000000, 0x00000000e8280000, 0x00000000f5580000)
  object space 133632K, 49% used [0x00000000e0000000,0x00000000e412b058,0x00000000e8280000)
 Metaspace       used 97405K, capacity 105372K, committed 105816K, reserved 1140736K
  class space    used 11580K, capacity 14127K, committed 14208K, reserved 1048576K
Event: 2797.077 GC heap after
Heap after GC invocations=261 (full 4):
 PSYoungGen      total 49664K, used 8121K [0x00000000f5580000, 0x00000000f9300000, 0x0000000100000000)
  eden space 37888K, 0% used [0x00000000f5580000,0x00000000f5580000,0x00000000f7a80000)
  from space 11776K, 68% used [0x00000000f7a80000,0x00000000f826e4c0,0x00000000f8600000)
  to   space 12288K, 0% used [0x00000000f8700000,0x00000000f8700000,0x00000000f9300000)
 ParOldGen       total 133632K, used 66764K [0x00000000e0000000, 0x00000000e8280000, 0x00000000f5580000)
  object space 133632K, 49% used [0x00000000e0000000,0x00000000e4133058,0x00000000e8280000)
 Metaspace       used 97405K, capacity 105372K, committed 105816K, reserved 1140736K
  class space    used 11580K, capacity 14127K, committed 14208K, reserved 1048576K
}
Event: 2822.059 GC heap before
{Heap before GC invocations=262 (full 4):
 PSYoungGen      total 49664K, used 46009K [0x00000000f5580000, 0x00000000f9300000, 0x0000000100000000)
  eden space 37888K, 100% used [0x00000000f5580000,0x00000000f7a80000,0x00000000f7a80000)
  from space 11776K, 68% used [0x00000000f7a80000,0x00000000f826e4c0,0x00000000f8600000)
  to   space 12288K, 0% used [0x00000000f8700000,0x00000000f8700000,0x00000000f9300000)
 ParOldGen       total 133632K, used 66764K [0x00000000e0000000, 0x00000000e8280000, 0x00000000f5580000)
  object space 133632K, 49% used [0x00000000e0000000,0x00000000e4133058,0x00000000e8280000)
 Metaspace       used 97457K, capacity 105372K, committed 105816K, reserved 1140736K
  class space    used 11580K, capacity 14127K, committed 14208K, reserved 1048576K
Event: 2822.066 GC heap after
Heap after GC invocations=262 (full 4):
 PSYoungGen      total 50688K, used 8039K [0x00000000f5580000, 0x00000000f9300000, 0x0000000100000000)
  eden space 38400K, 0% used [0x00000000f5580000,0x00000000f5580000,0x00000000f7b00000)
  from space 12288K, 65% used [0x00000000f8700000,0x00000000f8ed9f10,0x00000000f9300000)
  to   space 12288K, 0% used [0x00000000f7b00000,0x00000000f7b00000,0x00000000f8700000)
 ParOldGen       total 133632K, used 66892K [0x00000000e0000000, 0x00000000e8280000, 0x00000000f5580000)
  object space 133632K, 50% used [0x00000000e0000000,0x00000000e4153058,0x00000000e8280000)
 Metaspace       used 97457K, capacity 105372K, committed 105816K, reserved 1140736K
  class space    used 11580K, capacity 14127K, committed 14208K, reserved 1048576K
}
Event: 2837.311 GC heap before
{Heap before GC invocations=263 (full 4):
 PSYoungGen      total 50688K, used 46439K [0x00000000f5580000, 0x00000000f9300000, 0x0000000100000000)
  eden space 38400K, 100% used [0x00000000f5580000,0x00000000f7b00000,0x00000000f7b00000)
  from space 12288K, 65% used [0x00000000f8700000,0x00000000f8ed9f10,0x00000000f9300000)
  to   space 12288K, 0% used [0x00000000f7b00000,0x00000000f7b00000,0x00000000f8700000)
 ParOldGen       total 133632K, used 66892K [0x00000000e0000000, 0x00000000e8280000, 0x00000000f5580000)
  object space 133632K, 50% used [0x00000000e0000000,0x00000000e4153058,0x00000000e8280000)
 Metaspace       used 97543K, capacity 105396K, committed 105816K, reserved 1140736K
  class space    used 11583K, capacity 14131K, committed 14208K, reserved 1048576K
Event: 2837.318 GC heap after
Heap after GC invocations=263 (full 4):
 PSYoungGen      total 50688K, used 8567K [0x00000000f5580000, 0x00000000f9480000, 0x0000000100000000)
  eden space 38400K, 0% used [0x00000000f5580000,0x00000000f5580000,0x00000000f7b00000)
  from space 12288K, 69% used [0x00000000f7b00000,0x00000000f835df20,0x00000000f8700000)
  to   space 12800K, 0% used [0x00000000f8800000,0x00000000f8800000,0x00000000f9480000)
 ParOldGen       total 133632K, used 66932K [0x00000000e0000000, 0x00000000e8280000, 0x00000000f5580000)
  object space 133632K, 50% used [0x00000000e0000000,0x00000000e415d058,0x00000000e8280000)
 Metaspace       used 97543K, capacity 105396K, committed 105816K, reserved 1140736K
  class space    used 11583K, capacity 14131K, committed 14208K, reserved 1048576K
}
Event: 2922.600 GC heap before
{Heap before GC invocations=264 (full 4):
 PSYoungGen      total 50688K, used 46967K [0x00000000f5580000, 0x00000000f9480000, 0x0000000100000000)
  eden space 38400K, 100% used [0x00000000f5580000,0x00000000f7b00000,0x00000000f7b00000)
  from space 12288K, 69% used [0x00000000f7b00000,0x00000000f835df20,0x00000000f8700000)
  to   space 12800K, 0% used [0x00000000f8800000,0x00000000f8800000,0x00000000f9480000)
 ParOldGen       total 133632K, used 66932K [0x00000000e0000000, 0x00000000e8280000, 0x00000000f5580000)
  object space 133632K, 50% used [0x00000000e0000000,0x00000000e415d058,0x00000000e8280000)
 Metaspace       used 97725K, capacity 105542K, committed 105816K, reserved 1140736K
  class space    used 11595K, capacity 14134K, committed 14208K, reserved 1048576K
Event: 2922.606 GC heap after
Heap after GC invocations=264 (full 4):
 PSYoungGen      total 51712K, used 7823K [0x00000000f5580000, 0x00000000f9480000, 0x0000000100000000)
  eden space 38912K, 0% used [0x00000000f5580000,0x00000000f5580000,0x00000000f7b80000)
  from space 12800K, 61% used [0x00000000f8800000,0x00000000f8fa3d10,0x00000000f9480000)
  to   space 12800K, 0% used [0x00000000f7b80000,0x00000000f7b80000,0x00000000f8800000)
 ParOldGen       total 133632K, used 67070K [0x00000000e0000000, 0x00000000e8280000, 0x00000000f5580000)
  object space 133632K, 50% used [0x00000000e0000000,0x00000000e417f998,0x00000000e8280000)
 Metaspace       used 97725K, capacity 105542K, committed 105816K, reserved 1140736K
  class space    used 11595K, capacity 14134K, committed 14208K, reserved 1048576K
}
Event: 2923.056 GC heap before
{Heap before GC invocations=265 (full 4):
 PSYoungGen      total 51712K, used 46735K [0x00000000f5580000, 0x00000000f9480000, 0x0000000100000000)
  eden space 38912K, 100% used [0x00000000f5580000,0x00000000f7b80000,0x00000000f7b80000)
  from space 12800K, 61% used [0x00000000f8800000,0x00000000f8fa3d10,0x00000000f9480000)
  to   space 12800K, 0% used [0x00000000f7b80000,0x00000000f7b80000,0x00000000f8800000)
 ParOldGen       total 133632K, used 67070K [0x00000000e0000000, 0x00000000e8280000, 0x00000000f5580000)
  object space 133632K, 50% used [0x00000000e0000000,0x00000000e417f998,0x00000000e8280000)
 Metaspace       used 97797K, capacity 105624K, committed 105816K, reserved 1140736K
  class space    used 11598K, capacity 14137K, committed 14208K, reserved 1048576K
Event: 2923.063 GC heap after
Heap after GC invocations=265 (full 4):
 PSYoungGen      total 51712K, used 4934K [0x00000000f5580000, 0x00000000f9480000, 0x0000000100000000)
  eden space 38912K, 0% used [0x00000000f5580000,0x00000000f5580000,0x00000000f7b80000)
  from space 12800K, 38% used [0x00000000f7b80000,0x00000000f8051b48,0x00000000f8800000)
  to   space 12288K, 0% used [0x00000000f8880000,0x00000000f8880000,0x00000000f9480000)
 ParOldGen       total 133632K, used 67185K [0x00000000e0000000, 0x00000000e8280000, 0x00000000f5580000)
  object space 133632K, 50% used [0x00000000e0000000,0x00000000e419c780,0x00000000e8280000)
 Metaspace       used 97797K, capacity 105624K, committed 105816K, reserved 1140736K
  class space    used 11598K, capacity 14137K, committed 14208K, reserved 1048576K
}

