# JRE version: Java(TM) SE Runtime Environment (8.0_66-b18) (build 1.8.0_66-b18)
# Java VM: Java HotSpot(TM) 64-Bit Server VM (25.66-b18 mixed mode windows-amd64 compressed oops)
Heap:
 PSYoungGen      total 159744K, used 112925K [0x00000000f5580000, 0x0000000100000000, 0x0000000100000000)
  eden space 146944K, 76% used [0x00000000f5580000,0x00000000fc3c76d8,0x00000000fe500000)
  from space 12800K, 0% used [0x00000000ff380000,0x00000000ff380000,0x0000000100000000)
  to   space 13824K, 0% used [0x00000000fe500000,0x00000000fe500000,0x00000000ff280000)
 ParOldGen       total 156160K, used 87048K [0x00000000e0000000, 0x00000000e9880000, 0x00000000f5580000)
  object space 156160K, 55% used [0x00000000e0000000,0x00000000e5502060,0x00000000e9880000)
 Metaspace       used 102800K, capacity 110562K, committed 110848K, reserved 1144832K
  class space    used 11970K, capacity 14524K, committed 14592K, reserved 1048576K
GC Heap History (10 events):
Event: 6716.770 GC heap before
{Heap before GC invocations=2457 (full 98):
 PSYoungGen      total 163840K, used 162420K [0x00000000f5580000, 0x0000000100000000, 0x0000000100000000)
  eden space 153088K, 100% used [0x00000000f5580000,0x00000000feb00000,0x00000000feb00000)
  from space 10752K, 86% used [0x00000000ff580000,0x00000000ffe9d270,0x0000000100000000)
  to   space 10752K, 0% used [0x00000000feb00000,0x00000000feb00000,0x00000000ff580000)
 ParOldGen       total 156160K, used 114238K [0x00000000e0000000, 0x00000000e9880000, 0x00000000f5580000)
  object space 156160K, 73% used [0x00000000e0000000,0x00000000e6f8fb38,0x00000000e9880000)
 Metaspace       used 101268K, capacity 108914K, committed 109312K, reserved 1144832K
  class space    used 11799K, capacity 14297K, committed 14336K, reserved 1048576K
Event: 6716.774 GC heap after
Heap after GC invocations=2457 (full 98):
 PSYoungGen      total 159744K, used 6209K [0x00000000f5580000, 0x0000000100000000, 0x0000000100000000)
  eden space 153088K, 0% used [0x00000000f5580000,0x00000000f5580000,0x00000000feb00000)
  from space 6656K, 93% used [0x00000000feb00000,0x00000000ff110608,0x00000000ff180000)
  to   space 11264K, 0% used [0x00000000ff500000,0x00000000ff500000,0x0000000100000000)
 ParOldGen       total 156160K, used 114294K [0x00000000e0000000, 0x00000000e9880000, 0x00000000f5580000)
  object space 156160K, 73% used [0x00000000e0000000,0x00000000e6f9db38,0x00000000e9880000)
 Metaspace       used 101268K, capacity 108914K, committed 109312K, reserved 1144832K
  class space    used 11799K, capacity 14297K, committed 14336K, reserved 1048576K
}
Event: 6793.943 GC heap before
{Heap before GC invocations=2458 (full 98):
 PSYoungGen      total 159744K, used 159297K [0x00000000f5580000, 0x0000000100000000, 0x0000000100000000)
  eden space 153088K, 100% used [0x00000000f5580000,0x00000000feb00000,0x00000000feb00000)
  from space 6656K, 93% used [0x00000000feb00000,0x00000000ff110608,0x00000000ff180000)
  to   space 11264K, 0% used [0x00000000ff500000,0x00000000ff500000,0x0000000100000000)
 ParOldGen       total 156160K, used 114294K [0x00000000e0000000, 0x00000000e9880000, 0x00000000f5580000)
  object space 156160K, 73% used [0x00000000e0000000,0x00000000e6f9db38,0x00000000e9880000)
 Metaspace       used 101642K, capacity 109400K, committed 109696K, reserved 1144832K
  class space    used 11850K, capacity 14395K, committed 14464K, reserved 1048576K
Event: 6793.948 GC heap after
Heap after GC invocations=2458 (full 98):
 PSYoungGen      total 161280K, used 3080K [0x00000000f5580000, 0x0000000100000000, 0x0000000100000000)
  eden space 150016K, 0% used [0x00000000f5580000,0x00000000f5580000,0x00000000fe800000)
  from space 11264K, 27% used [0x00000000ff500000,0x00000000ff802090,0x0000000100000000)
  to   space 12288K, 0% used [0x00000000fe800000,0x00000000fe800000,0x00000000ff400000)
 ParOldGen       total 156160K, used 120348K [0x00000000e0000000, 0x00000000e9880000, 0x00000000f5580000)
  object space 156160K, 77% used [0x00000000e0000000,0x00000000e7587000,0x00000000e9880000)
 Metaspace       used 101642K, capacity 109400K, committed 109696K, reserved 1144832K
  class space    used 11850K, capacity 14395K, committed 14464K, reserved 1048576K
}
Event: 6973.145 GC heap before
{Heap before GC invocations=2459 (full 98):
 PSYoungGen      total 161280K, used 153096K [0x00000000f5580000, 0x0000000100000000, 0x0000000100000000)
  eden space 150016K, 100% used [0x00000000f5580000,0x00000000fe800000,0x00000000fe800000)
  from space 11264K, 27% used [0x00000000ff500000,0x00000000ff802090,0x0000000100000000)
  to   space 12288K, 0% used [0x00000000fe800000,0x00000000fe800000,0x00000000ff400000)
 ParOldGen       total 156160K, used 120348K [0x00000000e0000000, 0x00000000e9880000, 0x00000000f5580000)
  object space 156160K, 77% used [0x00000000e0000000,0x00000000e7587000,0x00000000e9880000)
 Metaspace       used 102180K, capacity 109822K, committed 110080K, reserved 1144832K
  class space    used 11910K, capacity 14492K, committed 14592K, reserved 1048576K
Event: 6973.153 GC heap after
Heap after GC invocations=2459 (full 98):
 PSYoungGen      total 153600K, used 3390K [0x00000000f5580000, 0x0000000100000000, 0x0000000100000000)
  eden space 150016K, 0% used [0x00000000f5580000,0x00000000f5580000,0x00000000fe800000)
  from space 3584K, 94% used [0x00000000fe800000,0x00000000feb4f840,0x00000000feb80000)
  to   space 12800K, 0% used [0x00000000ff380000,0x00000000ff380000,0x0000000100000000)
 ParOldGen       total 156160K, used 122846K [0x00000000e0000000, 0x00000000e9880000, 0x00000000f5580000)
  object space 156160K, 78% used [0x00000000e0000000,0x00000000e77f78a8,0x00000000e9880000)
 Metaspace       used 102180K, capacity 109822K, committed 110080K, reserved 1144832K
  class space    used 11910K, capacity 14492K, committed 14592K, reserved 1048576K
}
Event: 6973.160 GC heap before
{Heap before GC invocations=2460 (full 98):
 PSYoungGen      total 153600K, used 8947K [0x00000000f5580000, 0x0000000100000000, 0x0000000100000000)
  eden space 150016K, 3% used [0x00000000f5580000,0x00000000f5aed720,0x00000000fe800000)
  from space 3584K, 94% used [0x00000000fe800000,0x00000000feb4f840,0x00000000feb80000)
  to   space 12800K, 0% used [0x00000000ff380000,0x00000000ff380000,0x0000000100000000)
 ParOldGen       total 156160K, used 122846K [0x00000000e0000000, 0x00000000e9880000, 0x00000000f5580000)
  object space 156160K, 78% used [0x00000000e0000000,0x00000000e77f78a8,0x00000000e9880000)
 Metaspace       used 102180K, capacity 109822K, committed 110080K, reserved 1144832K
  class space    used 11910K, capacity 14492K, committed 14592K, reserved 1048576K
Event: 6973.164 GC heap after
Heap after GC invocations=2460 (full 98):
 PSYoungGen      total 159744K, used 128K [0x00000000f5580000, 0x0000000100000000, 0x0000000100000000)
  eden space 146944K, 0% used [0x00000000f5580000,0x00000000f5580000,0x00000000fe500000)
  from space 12800K, 1% used [0x00000000ff380000,0x00000000ff3a0000,0x0000000100000000)
  to   space 13824K, 0% used [0x00000000fe500000,0x00000000fe500000,0x00000000ff280000)
 ParOldGen       total 156160K, used 125701K [0x00000000e0000000, 0x00000000e9880000, 0x00000000f5580000)
  object space 156160K, 80% used [0x00000000e0000000,0x00000000e7ac1788,0x00000000e9880000)
 Metaspace       used 102180K, capacity 109822K, committed 110080K, reserved 1144832K
  class space    used 11910K, capacity 14492K, committed 14592K, reserved 1048576K
}
Event: 6973.164 GC heap before
{Heap before GC invocations=2461 (full 99):
 PSYoungGen      total 159744K, used 128K [0x00000000f5580000, 0x0000000100000000, 0x0000000100000000)
  eden space 146944K, 0% used [0x00000000f5580000,0x00000000f5580000,0x00000000fe500000)
  from space 12800K, 1% used [0x00000000ff380000,0x00000000ff3a0000,0x0000000100000000)
  to   space 13824K, 0% used [0x00000000fe500000,0x00000000fe500000,0x00000000ff280000)
 ParOldGen       total 156160K, used 125701K [0x00000000e0000000, 0x00000000e9880000, 0x00000000f5580000)
  object space 156160K, 80% used [0x00000000e0000000,0x00000000e7ac1788,0x00000000e9880000)
 Metaspace       used 102180K, capacity 109822K, committed 110080K, reserved 1144832K
  class space    used 11910K, capacity 14492K, committed 14592K, reserved 1048576K
Event: 6973.653 GC heap after
Heap after GC invocations=2461 (full 99):
 PSYoungGen      total 159744K, used 0K [0x00000000f5580000, 0x0000000100000000, 0x0000000100000000)
  eden space 146944K, 0% used [0x00000000f5580000,0x00000000f5580000,0x00000000fe500000)
  from space 12800K, 0% used [0x00000000ff380000,0x00000000ff380000,0x0000000100000000)
  to   space 13824K, 0% used [0x00000000fe500000,0x00000000fe500000,0x00000000ff280000)
 ParOldGen       total 156160K, used 87048K [0x00000000e0000000, 0x00000000e9880000, 0x00000000f5580000)
  object space 156160K, 55% used [0x00000000e0000000,0x00000000e5502060,0x00000000e9880000)
 Metaspace       used 102180K, capacity 109822K, committed 110080K, reserved 1144832K
  class space    used 11910K, capacity 14492K, committed 14592K, reserved 1048576K
}

