# JRE version: Java(TM) SE Runtime Environment (8.0_66-b18) (build 1.8.0_66-b18)
# Java VM: Java HotSpot(TM) 64-Bit Server VM (25.66-b18 mixed mode windows-amd64 compressed oops)
Heap:
 PSYoungGen      total 93184K, used 80092K [0x00000000f5580000, 0x00000000fdc80000, 0x0000000100000000)
  eden space 82944K, 84% used [0x00000000f5580000,0x00000000f9a32f38,0x00000000fa680000)
  from space 10240K, 95% used [0x00000000fa900000,0x00000000fb284480,0x00000000fb300000)
  to   space 27648K, 0% used [0x00000000fc180000,0x00000000fc180000,0x00000000fdc80000)
 ParOldGen       total 115200K, used 59523K [0x00000000e0000000, 0x00000000e7080000, 0x00000000f5580000)
  object space 115200K, 51% used [0x00000000e0000000,0x00000000e3a20e68,0x00000000e7080000)
 Metaspace       used 94246K, capacity 101912K, committed 102184K, reserved 1138688K
  class space    used 11300K, capacity 13780K, committed 13872K, reserved 1048576K
GC Heap History (10 events):
Event: 644.409 GC heap before
{Heap before GC invocations=21 (full 4):
 PSYoungGen      total 125440K, used 108697K [0x00000000f5580000, 0x00000000ff600000, 0x0000000100000000)
  eden space 95744K, 100% used [0x00000000f5580000,0x00000000fb300000,0x00000000fb300000)
  from space 29696K, 43% used [0x00000000fd900000,0x00000000fe5a6488,0x00000000ff600000)
  to   space 34304K, 0% used [0x00000000fb300000,0x00000000fb300000,0x00000000fd480000)
 ParOldGen       total 115200K, used 59483K [0x00000000e0000000, 0x00000000e7080000, 0x00000000f5580000)
  object space 115200K, 51% used [0x00000000e0000000,0x00000000e3a16e68,0x00000000e7080000)
 Metaspace       used 91973K, capacity 99670K, committed 99880K, reserved 1136640K
  class space    used 11082K, capacity 13563K, committed 13616K, reserved 1048576K
Event: 644.416 GC heap after
Heap after GC invocations=21 (full 4):
 PSYoungGen      total 105984K, used 12568K [0x00000000f5580000, 0x00000000fef80000, 0x0000000100000000)
  eden space 93184K, 0% used [0x00000000f5580000,0x00000000f5580000,0x00000000fb080000)
  from space 12800K, 98% used [0x00000000fb300000,0x00000000fbf46100,0x00000000fbf80000)
  to   space 32256K, 0% used [0x00000000fd000000,0x00000000fd000000,0x00000000fef80000)
 ParOldGen       total 115200K, used 59491K [0x00000000e0000000, 0x00000000e7080000, 0x00000000f5580000)
  object space 115200K, 51% used [0x00000000e0000000,0x00000000e3a18e68,0x00000000e7080000)
 Metaspace       used 91973K, capacity 99670K, committed 99880K, reserved 1136640K
  class space    used 11082K, capacity 13563K, committed 13616K, reserved 1048576K
}
Event: 756.453 GC heap before
{Heap before GC invocations=22 (full 4):
 PSYoungGen      total 105984K, used 105752K [0x00000000f5580000, 0x00000000fef80000, 0x0000000100000000)
  eden space 93184K, 100% used [0x00000000f5580000,0x00000000fb080000,0x00000000fb080000)
  from space 12800K, 98% used [0x00000000fb300000,0x00000000fbf46100,0x00000000fbf80000)
  to   space 32256K, 0% used [0x00000000fd000000,0x00000000fd000000,0x00000000fef80000)
 ParOldGen       total 115200K, used 59491K [0x00000000e0000000, 0x00000000e7080000, 0x00000000f5580000)
  object space 115200K, 51% used [0x00000000e0000000,0x00000000e3a18e68,0x00000000e7080000)
 Metaspace       used 92101K, capacity 99734K, committed 99880K, reserved 1136640K
  class space    used 11094K, capacity 13563K, committed 13616K, reserved 1048576K
Event: 756.462 GC heap after
Heap after GC invocations=22 (full 4):
 PSYoungGen      total 117248K, used 12690K [0x00000000f5580000, 0x00000000fea00000, 0x0000000100000000)
  eden space 90624K, 0% used [0x00000000f5580000,0x00000000f5580000,0x00000000fae00000)
  from space 26624K, 47% used [0x00000000fd000000,0x00000000fdc64950,0x00000000fea00000)
  to   space 30720K, 0% used [0x00000000fae00000,0x00000000fae00000,0x00000000fcc00000)
 ParOldGen       total 115200K, used 59499K [0x00000000e0000000, 0x00000000e7080000, 0x00000000f5580000)
  object space 115200K, 51% used [0x00000000e0000000,0x00000000e3a1ae68,0x00000000e7080000)
 Metaspace       used 92101K, capacity 99734K, committed 99880K, reserved 1136640K
  class space    used 11094K, capacity 13563K, committed 13616K, reserved 1048576K
}
Event: 831.590 GC heap before
{Heap before GC invocations=23 (full 4):
 PSYoungGen      total 117248K, used 103308K [0x00000000f5580000, 0x00000000fea00000, 0x0000000100000000)
  eden space 90624K, 99% used [0x00000000f5580000,0x00000000fadfe908,0x00000000fae00000)
  from space 26624K, 47% used [0x00000000fd000000,0x00000000fdc64950,0x00000000fea00000)
  to   space 30720K, 0% used [0x00000000fae00000,0x00000000fae00000,0x00000000fcc00000)
 ParOldGen       total 115200K, used 59499K [0x00000000e0000000, 0x00000000e7080000, 0x00000000f5580000)
  object space 115200K, 51% used [0x00000000e0000000,0x00000000e3a1ae68,0x00000000e7080000)
 Metaspace       used 92347K, capacity 99938K, committed 100136K, reserved 1136640K
  class space    used 11105K, capacity 13565K, committed 13616K, reserved 1048576K
Event: 831.598 GC heap after
Heap after GC invocations=23 (full 4):
 PSYoungGen      total 99840K, used 11429K [0x00000000f5580000, 0x00000000fe580000, 0x0000000100000000)
  eden space 88064K, 0% used [0x00000000f5580000,0x00000000f5580000,0x00000000fab80000)
  from space 11776K, 97% used [0x00000000fae00000,0x00000000fb929660,0x00000000fb980000)
  to   space 29696K, 0% used [0x00000000fc880000,0x00000000fc880000,0x00000000fe580000)
 ParOldGen       total 115200K, used 59507K [0x00000000e0000000, 0x00000000e7080000, 0x00000000f5580000)
  object space 115200K, 51% used [0x00000000e0000000,0x00000000e3a1ce68,0x00000000e7080000)
 Metaspace       used 92347K, capacity 99938K, committed 100136K, reserved 1136640K
  class space    used 11105K, capacity 13565K, committed 13616K, reserved 1048576K
}
Event: 1113.085 GC heap before
{Heap before GC invocations=24 (full 4):
 PSYoungGen      total 99840K, used 99493K [0x00000000f5580000, 0x00000000fe580000, 0x0000000100000000)
  eden space 88064K, 100% used [0x00000000f5580000,0x00000000fab80000,0x00000000fab80000)
  from space 11776K, 97% used [0x00000000fae00000,0x00000000fb929660,0x00000000fb980000)
  to   space 29696K, 0% used [0x00000000fc880000,0x00000000fc880000,0x00000000fe580000)
 ParOldGen       total 115200K, used 59507K [0x00000000e0000000, 0x00000000e7080000, 0x00000000f5580000)
  object space 115200K, 51% used [0x00000000e0000000,0x00000000e3a1ce68,0x00000000e7080000)
 Metaspace       used 92956K, capacity 100698K, committed 100904K, reserved 1136640K
  class space    used 11162K, capacity 13601K, committed 13616K, reserved 1048576K
Event: 1113.093 GC heap after
Heap after GC invocations=24 (full 4):
 PSYoungGen      total 110592K, used 11687K [0x00000000f5580000, 0x00000000fe100000, 0x0000000100000000)
  eden space 85504K, 0% used [0x00000000f5580000,0x00000000f5580000,0x00000000fa900000)
  from space 25088K, 46% used [0x00000000fc880000,0x00000000fd3e9f90,0x00000000fe100000)
  to   space 28672K, 0% used [0x00000000fa900000,0x00000000fa900000,0x00000000fc500000)
 ParOldGen       total 115200K, used 59515K [0x00000000e0000000, 0x00000000e7080000, 0x00000000f5580000)
  object space 115200K, 51% used [0x00000000e0000000,0x00000000e3a1ee68,0x00000000e7080000)
 Metaspace       used 92956K, capacity 100698K, committed 100904K, reserved 1136640K
  class space    used 11162K, capacity 13601K, committed 13616K, reserved 1048576K
}
Event: 1293.229 GC heap before
{Heap before GC invocations=25 (full 4):
 PSYoungGen      total 110592K, used 97191K [0x00000000f5580000, 0x00000000fe100000, 0x0000000100000000)
  eden space 85504K, 100% used [0x00000000f5580000,0x00000000fa900000,0x00000000fa900000)
  from space 25088K, 46% used [0x00000000fc880000,0x00000000fd3e9f90,0x00000000fe100000)
  to   space 28672K, 0% used [0x00000000fa900000,0x00000000fa900000,0x00000000fc500000)
 ParOldGen       total 115200K, used 59515K [0x00000000e0000000, 0x00000000e7080000, 0x00000000f5580000)
  object space 115200K, 51% used [0x00000000e0000000,0x00000000e3a1ee68,0x00000000e7080000)
 Metaspace       used 93227K, capacity 100974K, committed 101288K, reserved 1136640K
  class space    used 11189K, capacity 13644K, committed 13744K, reserved 1048576K
Event: 1293.240 GC heap after
Heap after GC invocations=25 (full 4):
 PSYoungGen      total 93184K, used 9745K [0x00000000f5580000, 0x00000000fdc80000, 0x0000000100000000)
  eden space 82944K, 0% used [0x00000000f5580000,0x00000000f5580000,0x00000000fa680000)
  from space 10240K, 95% used [0x00000000fa900000,0x00000000fb284480,0x00000000fb300000)
  to   space 27648K, 0% used [0x00000000fc180000,0x00000000fc180000,0x00000000fdc80000)
 ParOldGen       total 115200K, used 59523K [0x00000000e0000000, 0x00000000e7080000, 0x00000000f5580000)
  object space 115200K, 51% used [0x00000000e0000000,0x00000000e3a20e68,0x00000000e7080000)
 Metaspace       used 93227K, capacity 100974K, committed 101288K, reserved 1136640K
  class space    used 11189K, capacity 13644K, committed 13744K, reserved 1048576K
}

