# JRE version: Java(TM) SE Runtime Environment (8.0_66-b18) (build 1.8.0_66-b18)
# Java VM: Java HotSpot(TM) 64-Bit Server VM (25.66-b18 mixed mode windows-amd64 compressed oops)
Heap:
 PSYoungGen      total 113664K, used 73654K [0x00000000f5580000, 0x00000000fe800000, 0x0000000100000000)
  eden space 83456K, 85% used [0x00000000f5580000,0x00000000f9b4b5f8,0x00000000fa700000)
  from space 30208K, 7% used [0x00000000fca80000,0x00000000fcca22c0,0x00000000fe800000)
  to   space 33280K, 0% used [0x00000000fa700000,0x00000000fa700000,0x00000000fc780000)
 ParOldGen       total 139264K, used 55040K [0x00000000e0000000, 0x00000000e8800000, 0x00000000f5580000)
  object space 139264K, 39% used [0x00000000e0000000,0x00000000e35c0308,0x00000000e8800000)
 Metaspace       used 90684K, capacity 98118K, committed 98580K, reserved 1134592K
  class space    used 10848K, capacity 13246K, committed 13372K, reserved 1048576K
GC Heap History (10 events):
Event: 1405.428 GC heap before
{Heap before GC invocations=24 (full 5):
 PSYoungGen      total 124416K, used 93545K [0x00000000f5580000, 0x00000000ff700000, 0x0000000100000000)
  eden space 89600K, 100% used [0x00000000f5580000,0x00000000fad00000,0x00000000fad00000)
  from space 34816K, 11% used [0x00000000fd500000,0x00000000fd8da770,0x00000000ff700000)
  to   space 37888K, 0% used [0x00000000fad00000,0x00000000fad00000,0x00000000fd200000)
 ParOldGen       total 139264K, used 65037K [0x00000000e0000000, 0x00000000e8800000, 0x00000000f5580000)
  object space 139264K, 46% used [0x00000000e0000000,0x00000000e3f83590,0x00000000e8800000)
 Metaspace       used 88877K, capacity 96510K, committed 96788K, reserved 1132544K
  class space    used 10713K, capacity 13068K, committed 13116K, reserved 1048576K
Event: 1405.434 GC heap after
Heap after GC invocations=24 (full 5):
 PSYoungGen      total 93696K, used 6024K [0x00000000f5580000, 0x00000000ff200000, 0x0000000100000000)
  eden space 87552K, 0% used [0x00000000f5580000,0x00000000f5580000,0x00000000fab00000)
  from space 6144K, 98% used [0x00000000fad00000,0x00000000fb2e2008,0x00000000fb300000)
  to   space 36352K, 0% used [0x00000000fce80000,0x00000000fce80000,0x00000000ff200000)
 ParOldGen       total 139264K, used 65045K [0x00000000e0000000, 0x00000000e8800000, 0x00000000f5580000)
  object space 139264K, 46% used [0x00000000e0000000,0x00000000e3f85590,0x00000000e8800000)
 Metaspace       used 88877K, capacity 96510K, committed 96788K, reserved 1132544K
  class space    used 10713K, capacity 13068K, committed 13116K, reserved 1048576K
}
Event: 1654.538 GC heap before
{Heap before GC invocations=25 (full 5):
 PSYoungGen      total 93696K, used 93576K [0x00000000f5580000, 0x00000000ff200000, 0x0000000100000000)
  eden space 87552K, 100% used [0x00000000f5580000,0x00000000fab00000,0x00000000fab00000)
  from space 6144K, 98% used [0x00000000fad00000,0x00000000fb2e2008,0x00000000fb300000)
  to   space 36352K, 0% used [0x00000000fce80000,0x00000000fce80000,0x00000000ff200000)
 ParOldGen       total 139264K, used 65045K [0x00000000e0000000, 0x00000000e8800000, 0x00000000f5580000)
  object space 139264K, 46% used [0x00000000e0000000,0x00000000e3f85590,0x00000000e8800000)
 Metaspace       used 89128K, capacity 96766K, committed 97044K, reserved 1132544K
  class space    used 10718K, capacity 13068K, committed 13116K, reserved 1048576K
Event: 1654.545 GC heap after
Heap after GC invocations=25 (full 5):
 PSYoungGen      total 117760K, used 4290K [0x00000000f5580000, 0x00000000fee00000, 0x0000000100000000)
  eden space 85504K, 0% used [0x00000000f5580000,0x00000000f5580000,0x00000000fa900000)
  from space 32256K, 13% used [0x00000000fce80000,0x00000000fd2b0b88,0x00000000fee00000)
  to   space 35328K, 0% used [0x00000000fa900000,0x00000000fa900000,0x00000000fcb80000)
 ParOldGen       total 139264K, used 65053K [0x00000000e0000000, 0x00000000e8800000, 0x00000000f5580000)
  object space 139264K, 46% used [0x00000000e0000000,0x00000000e3f87590,0x00000000e8800000)
 Metaspace       used 89128K, capacity 96766K, committed 97044K, reserved 1132544K
  class space    used 10718K, capacity 13068K, committed 13116K, reserved 1048576K
}
Event: 1704.707 GC heap before
{Heap before GC invocations=26 (full 5):
 PSYoungGen      total 117760K, used 28668K [0x00000000f5580000, 0x00000000fee00000, 0x0000000100000000)
  eden space 85504K, 28% used [0x00000000f5580000,0x00000000f6d4e558,0x00000000fa900000)
  from space 32256K, 13% used [0x00000000fce80000,0x00000000fd2b0b88,0x00000000fee00000)
  to   space 35328K, 0% used [0x00000000fa900000,0x00000000fa900000,0x00000000fcb80000)
 ParOldGen       total 139264K, used 65053K [0x00000000e0000000, 0x00000000e8800000, 0x00000000f5580000)
  object space 139264K, 46% used [0x00000000e0000000,0x00000000e3f87590,0x00000000e8800000)
 Metaspace       used 89363K, capacity 96868K, committed 97044K, reserved 1132544K
  class space    used 10734K, capacity 13101K, committed 13116K, reserved 1048576K
Event: 1704.712 GC heap after
Heap after GC invocations=26 (full 5):
 PSYoungGen      total 89600K, used 3798K [0x00000000f5580000, 0x00000000fec00000, 0x0000000100000000)
  eden space 85504K, 0% used [0x00000000f5580000,0x00000000f5580000,0x00000000fa900000)
  from space 4096K, 92% used [0x00000000fa900000,0x00000000facb59b8,0x00000000fad00000)
  to   space 34304K, 0% used [0x00000000fca80000,0x00000000fca80000,0x00000000fec00000)
 ParOldGen       total 139264K, used 65061K [0x00000000e0000000, 0x00000000e8800000, 0x00000000f5580000)
  object space 139264K, 46% used [0x00000000e0000000,0x00000000e3f89590,0x00000000e8800000)
 Metaspace       used 89363K, capacity 96868K, committed 97044K, reserved 1132544K
  class space    used 10734K, capacity 13101K, committed 13116K, reserved 1048576K
}
Event: 1704.712 GC heap before
{Heap before GC invocations=27 (full 6):
 PSYoungGen      total 89600K, used 3798K [0x00000000f5580000, 0x00000000fec00000, 0x0000000100000000)
  eden space 85504K, 0% used [0x00000000f5580000,0x00000000f5580000,0x00000000fa900000)
  from space 4096K, 92% used [0x00000000fa900000,0x00000000facb59b8,0x00000000fad00000)
  to   space 34304K, 0% used [0x00000000fca80000,0x00000000fca80000,0x00000000fec00000)
 ParOldGen       total 139264K, used 65061K [0x00000000e0000000, 0x00000000e8800000, 0x00000000f5580000)
  object space 139264K, 46% used [0x00000000e0000000,0x00000000e3f89590,0x00000000e8800000)
 Metaspace       used 89363K, capacity 96868K, committed 97044K, reserved 1132544K
  class space    used 10734K, capacity 13101K, committed 13116K, reserved 1048576K
Event: 1704.956 GC heap after
Heap after GC invocations=27 (full 6):
 PSYoungGen      total 89600K, used 0K [0x00000000f5580000, 0x00000000fec00000, 0x0000000100000000)
  eden space 85504K, 0% used [0x00000000f5580000,0x00000000f5580000,0x00000000fa900000)
  from space 4096K, 0% used [0x00000000fa900000,0x00000000fa900000,0x00000000fad00000)
  to   space 34304K, 0% used [0x00000000fca80000,0x00000000fca80000,0x00000000fec00000)
 ParOldGen       total 139264K, used 55040K [0x00000000e0000000, 0x00000000e8800000, 0x00000000f5580000)
  object space 139264K, 39% used [0x00000000e0000000,0x00000000e35c0308,0x00000000e8800000)
 Metaspace       used 89304K, capacity 96768K, committed 97044K, reserved 1132544K
  class space    used 10723K, capacity 13081K, committed 13116K, reserved 1048576K
}
Event: 2228.408 GC heap before
{Heap before GC invocations=28 (full 6):
 PSYoungGen      total 89600K, used 85504K [0x00000000f5580000, 0x00000000fec00000, 0x0000000100000000)
  eden space 85504K, 100% used [0x00000000f5580000,0x00000000fa900000,0x00000000fa900000)
  from space 4096K, 0% used [0x00000000fa900000,0x00000000fa900000,0x00000000fad00000)
  to   space 34304K, 0% used [0x00000000fca80000,0x00000000fca80000,0x00000000fec00000)
 ParOldGen       total 139264K, used 55040K [0x00000000e0000000, 0x00000000e8800000, 0x00000000f5580000)
  object space 139264K, 39% used [0x00000000e0000000,0x00000000e35c0308,0x00000000e8800000)
 Metaspace       used 89674K, capacity 97184K, committed 97684K, reserved 1134592K
  class space    used 10735K, capacity 13113K, committed 13244K, reserved 1048576K
Event: 2228.414 GC heap after
Heap after GC invocations=28 (full 6):
 PSYoungGen      total 113664K, used 2184K [0x00000000f5580000, 0x00000000fe800000, 0x0000000100000000)
  eden space 83456K, 0% used [0x00000000f5580000,0x00000000f5580000,0x00000000fa700000)
  from space 30208K, 7% used [0x00000000fca80000,0x00000000fcca22c0,0x00000000fe800000)
  to   space 33280K, 0% used [0x00000000fa700000,0x00000000fa700000,0x00000000fc780000)
 ParOldGen       total 139264K, used 55040K [0x00000000e0000000, 0x00000000e8800000, 0x00000000f5580000)
  object space 139264K, 39% used [0x00000000e0000000,0x00000000e35c0308,0x00000000e8800000)
 Metaspace       used 89674K, capacity 97184K, committed 97684K, reserved 1134592K
  class space    used 10735K, capacity 13113K, committed 13244K, reserved 1048576K
}

