# JRE version: Java(TM) SE Runtime Environment (8.0_66-b18) (build 1.8.0_66-b18)
# Java VM: Java HotSpot(TM) 64-Bit Server VM (25.66-b18 mixed mode windows-amd64 compressed oops)
Heap:
 PSYoungGen      total 158208K, used 120078K [0x00000000f5580000, 0x0000000100000000, 0x0000000100000000)
  eden space 142848K, 78% used [0x00000000f5580000,0x00000000fc2ee170,0x00000000fe100000)
  from space 15360K, 52% used [0x00000000ff100000,0x00000000ff8d5918,0x0000000100000000)
  to   space 15872K, 0% used [0x00000000fe100000,0x00000000fe100000,0x00000000ff080000)
 ParOldGen       total 162304K, used 119783K [0x00000000e0000000, 0x00000000e9e80000, 0x00000000f5580000)
  object space 162304K, 73% used [0x00000000e0000000,0x00000000e74f9cc8,0x00000000e9e80000)
 Metaspace       used 90547K, capacity 98158K, committed 98456K, reserved 1134592K
  class space    used 10712K, capacity 13200K, committed 13232K, reserved 1048576K
GC Heap History (10 events):
Event: 1148.474 GC heap before
{Heap before GC invocations=3290 (full 6):
 PSYoungGen      total 156160K, used 155974K [0x00000000f5580000, 0x00000000fff00000, 0x0000000100000000)
  eden space 143872K, 100% used [0x00000000f5580000,0x00000000fe200000,0x00000000fe200000)
  from space 12288K, 98% used [0x00000000fe200000,0x00000000fedd1a88,0x00000000fee00000)
  to   space 14848K, 0% used [0x00000000ff080000,0x00000000ff080000,0x00000000fff00000)
 ParOldGen       total 162304K, used 119627K [0x00000000e0000000, 0x00000000e9e80000, 0x00000000f5580000)
  object space 162304K, 73% used [0x00000000e0000000,0x00000000e74d2e88,0x00000000e9e80000)
 Metaspace       used 88885K, capacity 96640K, committed 97048K, reserved 1132544K
  class space    used 10601K, capacity 13001K, committed 13104K, reserved 1048576K
Event: 1148.477 GC heap after
Heap after GC invocations=3290 (full 6):
 PSYoungGen      total 157696K, used 8032K [0x00000000f5580000, 0x0000000100000000, 0x0000000100000000)
  eden space 142848K, 0% used [0x00000000f5580000,0x00000000f5580000,0x00000000fe100000)
  from space 14848K, 54% used [0x00000000ff080000,0x00000000ff858340,0x00000000fff00000)
  to   space 15872K, 0% used [0x00000000fe100000,0x00000000fe100000,0x00000000ff080000)
 ParOldGen       total 162304K, used 119651K [0x00000000e0000000, 0x00000000e9e80000, 0x00000000f5580000)
  object space 162304K, 73% used [0x00000000e0000000,0x00000000e74d8e88,0x00000000e9e80000)
 Metaspace       used 88885K, capacity 96640K, committed 97048K, reserved 1132544K
  class space    used 10601K, capacity 13001K, committed 13104K, reserved 1048576K
}
Event: 1148.556 GC heap before
{Heap before GC invocations=3291 (full 6):
 PSYoungGen      total 157696K, used 149306K [0x00000000f5580000, 0x0000000100000000, 0x0000000100000000)
  eden space 142848K, 98% used [0x00000000f5580000,0x00000000fdf765d0,0x00000000fe100000)
  from space 14848K, 54% used [0x00000000ff080000,0x00000000ff858340,0x00000000fff00000)
  to   space 15872K, 0% used [0x00000000fe100000,0x00000000fe100000,0x00000000ff080000)
 ParOldGen       total 162304K, used 119651K [0x00000000e0000000, 0x00000000e9e80000, 0x00000000f5580000)
  object space 162304K, 73% used [0x00000000e0000000,0x00000000e74d8e88,0x00000000e9e80000)
 Metaspace       used 88887K, capacity 96640K, committed 97048K, reserved 1132544K
  class space    used 10601K, capacity 13001K, committed 13104K, reserved 1048576K
Event: 1148.559 GC heap after
Heap after GC invocations=3291 (full 6):
 PSYoungGen      total 158720K, used 12118K [0x00000000f5580000, 0x0000000100000000, 0x0000000100000000)
  eden space 142848K, 0% used [0x00000000f5580000,0x00000000f5580000,0x00000000fe100000)
  from space 15872K, 76% used [0x00000000fe100000,0x00000000fecd5ae8,0x00000000ff080000)
  to   space 15360K, 0% used [0x00000000ff100000,0x00000000ff100000,0x0000000100000000)
 ParOldGen       total 162304K, used 119667K [0x00000000e0000000, 0x00000000e9e80000, 0x00000000f5580000)
  object space 162304K, 73% used [0x00000000e0000000,0x00000000e74dce88,0x00000000e9e80000)
 Metaspace       used 88887K, capacity 96640K, committed 97048K, reserved 1132544K
  class space    used 10601K, capacity 13001K, committed 13104K, reserved 1048576K
}
Event: 1163.976 GC heap before
{Heap before GC invocations=3292 (full 6):
 PSYoungGen      total 158720K, used 150238K [0x00000000f5580000, 0x0000000100000000, 0x0000000100000000)
  eden space 142848K, 96% used [0x00000000f5580000,0x00000000fdc61d20,0x00000000fe100000)
  from space 15872K, 76% used [0x00000000fe100000,0x00000000fecd5ae8,0x00000000ff080000)
  to   space 15360K, 0% used [0x00000000ff100000,0x00000000ff100000,0x0000000100000000)
 ParOldGen       total 162304K, used 119667K [0x00000000e0000000, 0x00000000e9e80000, 0x00000000f5580000)
  object space 162304K, 73% used [0x00000000e0000000,0x00000000e74dce88,0x00000000e9e80000)
 Metaspace       used 88918K, capacity 96652K, committed 97048K, reserved 1132544K
  class space    used 10602K, capacity 13003K, committed 13104K, reserved 1048576K
Event: 1163.980 GC heap after
Heap after GC invocations=3292 (full 6):
 PSYoungGen      total 158208K, used 12292K [0x00000000f5580000, 0x00000000fff80000, 0x0000000100000000)
  eden space 143360K, 0% used [0x00000000f5580000,0x00000000f5580000,0x00000000fe180000)
  from space 14848K, 82% used [0x00000000ff100000,0x00000000ffd01048,0x00000000fff80000)
  to   space 15360K, 0% used [0x00000000fe180000,0x00000000fe180000,0x00000000ff080000)
 ParOldGen       total 162304K, used 119699K [0x00000000e0000000, 0x00000000e9e80000, 0x00000000f5580000)
  object space 162304K, 73% used [0x00000000e0000000,0x00000000e74e4e88,0x00000000e9e80000)
 Metaspace       used 88918K, capacity 96652K, committed 97048K, reserved 1132544K
  class space    used 10602K, capacity 13003K, committed 13104K, reserved 1048576K
}
Event: 1303.411 GC heap before
{Heap before GC invocations=3293 (full 6):
 PSYoungGen      total 158208K, used 155652K [0x00000000f5580000, 0x00000000fff80000, 0x0000000100000000)
  eden space 143360K, 100% used [0x00000000f5580000,0x00000000fe180000,0x00000000fe180000)
  from space 14848K, 82% used [0x00000000ff100000,0x00000000ffd01048,0x00000000fff80000)
  to   space 15360K, 0% used [0x00000000fe180000,0x00000000fe180000,0x00000000ff080000)
 ParOldGen       total 162304K, used 119699K [0x00000000e0000000, 0x00000000e9e80000, 0x00000000f5580000)
  object space 162304K, 73% used [0x00000000e0000000,0x00000000e74e4e88,0x00000000e9e80000)
 Metaspace       used 89273K, capacity 96844K, committed 97304K, reserved 1134592K
  class space    used 10603K, capacity 13003K, committed 13104K, reserved 1048576K
Event: 1303.417 GC heap after
Heap after GC invocations=3293 (full 6):
 PSYoungGen      total 158720K, used 8420K [0x00000000f5580000, 0x0000000100000000, 0x0000000100000000)
  eden space 143360K, 0% used [0x00000000f5580000,0x00000000f5580000,0x00000000fe180000)
  from space 15360K, 54% used [0x00000000fe180000,0x00000000fe9b90d0,0x00000000ff080000)
  to   space 15360K, 0% used [0x00000000ff100000,0x00000000ff100000,0x0000000100000000)
 ParOldGen       total 162304K, used 119731K [0x00000000e0000000, 0x00000000e9e80000, 0x00000000f5580000)
  object space 162304K, 73% used [0x00000000e0000000,0x00000000e74ece88,0x00000000e9e80000)
 Metaspace       used 89273K, capacity 96844K, committed 97304K, reserved 1134592K
  class space    used 10603K, capacity 13003K, committed 13104K, reserved 1048576K
}
Event: 1348.244 GC heap before
{Heap before GC invocations=3294 (full 6):
 PSYoungGen      total 158720K, used 151780K [0x00000000f5580000, 0x0000000100000000, 0x0000000100000000)
  eden space 143360K, 100% used [0x00000000f5580000,0x00000000fe180000,0x00000000fe180000)
  from space 15360K, 54% used [0x00000000fe180000,0x00000000fe9b90d0,0x00000000ff080000)
  to   space 15360K, 0% used [0x00000000ff100000,0x00000000ff100000,0x0000000100000000)
 ParOldGen       total 162304K, used 119731K [0x00000000e0000000, 0x00000000e9e80000, 0x00000000f5580000)
  object space 162304K, 73% used [0x00000000e0000000,0x00000000e74ece88,0x00000000e9e80000)
 Metaspace       used 89592K, capacity 97380K, committed 97816K, reserved 1134592K
  class space    used 10605K, capacity 13007K, committed 13104K, reserved 1048576K
Event: 1348.249 GC heap after
Heap after GC invocations=3294 (full 6):
 PSYoungGen      total 158208K, used 8022K [0x00000000f5580000, 0x0000000100000000, 0x0000000100000000)
  eden space 142848K, 0% used [0x00000000f5580000,0x00000000f5580000,0x00000000fe100000)
  from space 15360K, 52% used [0x00000000ff100000,0x00000000ff8d5918,0x0000000100000000)
  to   space 15872K, 0% used [0x00000000fe100000,0x00000000fe100000,0x00000000ff080000)
 ParOldGen       total 162304K, used 119783K [0x00000000e0000000, 0x00000000e9e80000, 0x00000000f5580000)
  object space 162304K, 73% used [0x00000000e0000000,0x00000000e74f9cc8,0x00000000e9e80000)
 Metaspace       used 89592K, capacity 97380K, committed 97816K, reserved 1134592K
  class space    used 10605K, capacity 13007K, committed 13104K, reserved 1048576K
}

