# JRE version: Java(TM) SE Runtime Environment (8.0_66-b18) (build 1.8.0_66-b18)
# Java VM: Java HotSpot(TM) 64-Bit Server VM (25.66-b18 mixed mode windows-amd64 compressed oops)
Heap:
 PSYoungGen      total 148480K, used 36551K [0x00000000f5580000, 0x00000000fff80000, 0x0000000100000000)
  eden space 123392K, 29% used [0x00000000f5580000,0x00000000f7931d38,0x00000000fce00000)
  from space 25088K, 0% used [0x00000000fce00000,0x00000000fce00000,0x00000000fe680000)
  to   space 25088K, 0% used [0x00000000fe700000,0x00000000fe700000,0x00000000fff80000)
 ParOldGen       total 115712K, used 65747K [0x00000000e0000000, 0x00000000e7100000, 0x00000000f5580000)
  object space 115712K, 56% used [0x00000000e0000000,0x00000000e4034c38,0x00000000e7100000)
 Metaspace       used 90441K, capacity 98312K, committed 98648K, reserved 1134592K
  class space    used 11053K, capacity 13569K, committed 13696K, reserved 1048576K
GC Heap History (10 events):
Event: 61.167 GC heap before
{Heap before GC invocations=18 (full 3):
 PSYoungGen      total 141824K, used 131132K [0x00000000f5580000, 0x00000000ffc80000, 0x0000000100000000)
  eden space 117760K, 100% used [0x00000000f5580000,0x00000000fc880000,0x00000000fc880000)
  from space 24064K, 55% used [0x00000000fe500000,0x00000000ff20f380,0x00000000ffc80000)
  to   space 26624K, 0% used [0x00000000fc880000,0x00000000fc880000,0x00000000fe280000)
 ParOldGen       total 115712K, used 82007K [0x00000000e0000000, 0x00000000e7100000, 0x00000000f5580000)
  object space 115712K, 70% used [0x00000000e0000000,0x00000000e5015fd8,0x00000000e7100000)
 Metaspace       used 84515K, capacity 91504K, committed 91608K, reserved 1128448K
  class space    used 10293K, capacity 12527K, committed 12544K, reserved 1048576K
Event: 61.175 GC heap after
Heap after GC invocations=18 (full 3):
 PSYoungGen      total 144384K, used 14393K [0x00000000f5580000, 0x0000000100000000, 0x0000000100000000)
  eden space 117760K, 0% used [0x00000000f5580000,0x00000000f5580000,0x00000000fc880000)
  from space 26624K, 54% used [0x00000000fc880000,0x00000000fd68e748,0x00000000fe280000)
  to   space 26112K, 0% used [0x00000000fe680000,0x00000000fe680000,0x0000000100000000)
 ParOldGen       total 115712K, used 82015K [0x00000000e0000000, 0x00000000e7100000, 0x00000000f5580000)
  object space 115712K, 70% used [0x00000000e0000000,0x00000000e5017fd8,0x00000000e7100000)
 Metaspace       used 84515K, capacity 91504K, committed 91608K, reserved 1128448K
  class space    used 10293K, capacity 12527K, committed 12544K, reserved 1048576K
}
Event: 70.320 GC heap before
{Heap before GC invocations=19 (full 3):
 PSYoungGen      total 144384K, used 48870K [0x00000000f5580000, 0x0000000100000000, 0x0000000100000000)
  eden space 117760K, 29% used [0x00000000f5580000,0x00000000f772b108,0x00000000fc880000)
  from space 26624K, 54% used [0x00000000fc880000,0x00000000fd68e748,0x00000000fe280000)
  to   space 26112K, 0% used [0x00000000fe680000,0x00000000fe680000,0x0000000100000000)
 ParOldGen       total 115712K, used 82015K [0x00000000e0000000, 0x00000000e7100000, 0x00000000f5580000)
  object space 115712K, 70% used [0x00000000e0000000,0x00000000e5017fd8,0x00000000e7100000)
 Metaspace       used 85557K, capacity 92704K, committed 92888K, reserved 1130496K
  class space    used 10429K, capacity 12736K, committed 12800K, reserved 1048576K
Event: 70.329 GC heap after
Heap after GC invocations=19 (full 3):
 PSYoungGen      total 148992K, used 13394K [0x00000000f5580000, 0x00000000fff80000, 0x0000000100000000)
  eden space 123392K, 0% used [0x00000000f5580000,0x00000000f5580000,0x00000000fce00000)
  from space 25600K, 52% used [0x00000000fe680000,0x00000000ff394930,0x00000000fff80000)
  to   space 25088K, 0% used [0x00000000fce00000,0x00000000fce00000,0x00000000fe680000)
 ParOldGen       total 115712K, used 82023K [0x00000000e0000000, 0x00000000e7100000, 0x00000000f5580000)
  object space 115712K, 70% used [0x00000000e0000000,0x00000000e5019fd8,0x00000000e7100000)
 Metaspace       used 85557K, capacity 92704K, committed 92888K, reserved 1130496K
  class space    used 10429K, capacity 12736K, committed 12800K, reserved 1048576K
}
Event: 70.329 GC heap before
{Heap before GC invocations=20 (full 4):
 PSYoungGen      total 148992K, used 13394K [0x00000000f5580000, 0x00000000fff80000, 0x0000000100000000)
  eden space 123392K, 0% used [0x00000000f5580000,0x00000000f5580000,0x00000000fce00000)
  from space 25600K, 52% used [0x00000000fe680000,0x00000000ff394930,0x00000000fff80000)
  to   space 25088K, 0% used [0x00000000fce00000,0x00000000fce00000,0x00000000fe680000)
 ParOldGen       total 115712K, used 82023K [0x00000000e0000000, 0x00000000e7100000, 0x00000000f5580000)
  object space 115712K, 70% used [0x00000000e0000000,0x00000000e5019fd8,0x00000000e7100000)
 Metaspace       used 85557K, capacity 92704K, committed 92888K, reserved 1130496K
  class space    used 10429K, capacity 12736K, committed 12800K, reserved 1048576K
Event: 70.540 GC heap after
Heap after GC invocations=20 (full 4):
 PSYoungGen      total 148992K, used 0K [0x00000000f5580000, 0x00000000fff80000, 0x0000000100000000)
  eden space 123392K, 0% used [0x00000000f5580000,0x00000000f5580000,0x00000000fce00000)
  from space 25600K, 0% used [0x00000000fe680000,0x00000000fe680000,0x00000000fff80000)
  to   space 25088K, 0% used [0x00000000fce00000,0x00000000fce00000,0x00000000fe680000)
 ParOldGen       total 115712K, used 62433K [0x00000000e0000000, 0x00000000e7100000, 0x00000000f5580000)
  object space 115712K, 53% used [0x00000000e0000000,0x00000000e3cf86e8,0x00000000e7100000)
 Metaspace       used 85557K, capacity 92704K, committed 92888K, reserved 1130496K
  class space    used 10429K, capacity 12736K, committed 12800K, reserved 1048576K
}
Event: 183.282 GC heap before
{Heap before GC invocations=21 (full 4):
 PSYoungGen      total 148992K, used 106348K [0x00000000f5580000, 0x00000000fff80000, 0x0000000100000000)
  eden space 123392K, 86% used [0x00000000f5580000,0x00000000fbd5b340,0x00000000fce00000)
  from space 25600K, 0% used [0x00000000fe680000,0x00000000fe680000,0x00000000fff80000)
  to   space 25088K, 0% used [0x00000000fce00000,0x00000000fce00000,0x00000000fe680000)
 ParOldGen       total 115712K, used 62433K [0x00000000e0000000, 0x00000000e7100000, 0x00000000f5580000)
  object space 115712K, 53% used [0x00000000e0000000,0x00000000e3cf86e8,0x00000000e7100000)
 Metaspace       used 89134K, capacity 96958K, committed 97112K, reserved 1132544K
  class space    used 10916K, capacity 13376K, committed 13440K, reserved 1048576K
Event: 183.288 GC heap after
Heap after GC invocations=21 (full 4):
 PSYoungGen      total 148480K, used 5220K [0x00000000f5580000, 0x00000000fff80000, 0x0000000100000000)
  eden space 123392K, 0% used [0x00000000f5580000,0x00000000f5580000,0x00000000fce00000)
  from space 25088K, 20% used [0x00000000fce00000,0x00000000fd319298,0x00000000fe680000)
  to   space 25088K, 0% used [0x00000000fe700000,0x00000000fe700000,0x00000000fff80000)
 ParOldGen       total 115712K, used 62441K [0x00000000e0000000, 0x00000000e7100000, 0x00000000f5580000)
  object space 115712K, 53% used [0x00000000e0000000,0x00000000e3cfa6e8,0x00000000e7100000)
 Metaspace       used 89134K, capacity 96958K, committed 97112K, reserved 1132544K
  class space    used 10916K, capacity 13376K, committed 13440K, reserved 1048576K
}
Event: 183.289 GC heap before
{Heap before GC invocations=22 (full 5):
 PSYoungGen      total 148480K, used 5220K [0x00000000f5580000, 0x00000000fff80000, 0x0000000100000000)
  eden space 123392K, 0% used [0x00000000f5580000,0x00000000f5580000,0x00000000fce00000)
  from space 25088K, 20% used [0x00000000fce00000,0x00000000fd319298,0x00000000fe680000)
  to   space 25088K, 0% used [0x00000000fe700000,0x00000000fe700000,0x00000000fff80000)
 ParOldGen       total 115712K, used 62441K [0x00000000e0000000, 0x00000000e7100000, 0x00000000f5580000)
  object space 115712K, 53% used [0x00000000e0000000,0x00000000e3cfa6e8,0x00000000e7100000)
 Metaspace       used 89134K, capacity 96958K, committed 97112K, reserved 1132544K
  class space    used 10916K, capacity 13376K, committed 13440K, reserved 1048576K
Event: 183.675 GC heap after
Heap after GC invocations=22 (full 5):
 PSYoungGen      total 148480K, used 0K [0x00000000f5580000, 0x00000000fff80000, 0x0000000100000000)
  eden space 123392K, 0% used [0x00000000f5580000,0x00000000f5580000,0x00000000fce00000)
  from space 25088K, 0% used [0x00000000fce00000,0x00000000fce00000,0x00000000fe680000)
  to   space 25088K, 0% used [0x00000000fe700000,0x00000000fe700000,0x00000000fff80000)
 ParOldGen       total 115712K, used 65747K [0x00000000e0000000, 0x00000000e7100000, 0x00000000f5580000)
  object space 115712K, 56% used [0x00000000e0000000,0x00000000e4034c38,0x00000000e7100000)
 Metaspace       used 89134K, capacity 96958K, committed 97112K, reserved 1132544K
  class space    used 10916K, capacity 13376K, committed 13440K, reserved 1048576K
}

