# JRE version: Java(TM) SE Runtime Environment (8.0_66-b18) (build 1.8.0_66-b18)
# Java VM: Java HotSpot(TM) 64-Bit Server VM (25.66-b18 mixed mode windows-amd64 compressed oops)
Heap:
 PSYoungGen      total 141824K, used 54392K [0x00000000f5580000, 0x00000000ffd00000, 0x0000000100000000)
  eden space 113152K, 48% used [0x00000000f5580000,0x00000000f8a9e208,0x00000000fc400000)
  from space 28672K, 0% used [0x00000000fe100000,0x00000000fe100000,0x00000000ffd00000)
  to   space 29184K, 0% used [0x00000000fc400000,0x00000000fc400000,0x00000000fe080000)
 ParOldGen       total 108032K, used 63092K [0x00000000e0000000, 0x00000000e6980000, 0x00000000f5580000)
  object space 108032K, 58% used [0x00000000e0000000,0x00000000e3d9d3f8,0x00000000e6980000)
 Metaspace       used 95321K, capacity 103100K, committed 103296K, reserved 1138688K
  class space    used 11333K, capacity 13815K, committed 13952K, reserved 1048576K
GC Heap History (10 events):
Event: 432.613 GC heap before
{Heap before GC invocations=35 (full 7):
 PSYoungGen      total 115200K, used 74614K [0x00000000f5580000, 0x00000000ffc80000, 0x0000000100000000)
  eden space 109568K, 68% used [0x00000000f5580000,0x00000000f9e5da08,0x00000000fc080000)
  from space 5632K, 0% used [0x00000000fc080000,0x00000000fc080000,0x00000000fc600000)
  to   space 30720K, 0% used [0x00000000fde80000,0x00000000fde80000,0x00000000ffc80000)
 ParOldGen       total 108032K, used 70126K [0x00000000e0000000, 0x00000000e6980000, 0x00000000f5580000)
  object space 108032K, 64% used [0x00000000e0000000,0x00000000e447bb58,0x00000000e6980000)
 Metaspace       used 93348K, capacity 101018K, committed 101120K, reserved 1136640K
  class space    used 11105K, capacity 13529K, committed 13568K, reserved 1048576K
Event: 432.617 GC heap after
Heap after GC invocations=35 (full 7):
 PSYoungGen      total 140288K, used 1168K [0x00000000f5580000, 0x00000000ffc80000, 0x0000000100000000)
  eden space 109568K, 0% used [0x00000000f5580000,0x00000000f5580000,0x00000000fc080000)
  from space 30720K, 3% used [0x00000000fde80000,0x00000000fdfa4010,0x00000000ffc80000)
  to   space 30720K, 0% used [0x00000000fc080000,0x00000000fc080000,0x00000000fde80000)
 ParOldGen       total 108032K, used 70134K [0x00000000e0000000, 0x00000000e6980000, 0x00000000f5580000)
  object space 108032K, 64% used [0x00000000e0000000,0x00000000e447db58,0x00000000e6980000)
 Metaspace       used 93348K, capacity 101018K, committed 101120K, reserved 1136640K
  class space    used 11105K, capacity 13529K, committed 13568K, reserved 1048576K
}
Event: 432.617 GC heap before
{Heap before GC invocations=36 (full 8):
 PSYoungGen      total 140288K, used 1168K [0x00000000f5580000, 0x00000000ffc80000, 0x0000000100000000)
  eden space 109568K, 0% used [0x00000000f5580000,0x00000000f5580000,0x00000000fc080000)
  from space 30720K, 3% used [0x00000000fde80000,0x00000000fdfa4010,0x00000000ffc80000)
  to   space 30720K, 0% used [0x00000000fc080000,0x00000000fc080000,0x00000000fde80000)
 ParOldGen       total 108032K, used 70134K [0x00000000e0000000, 0x00000000e6980000, 0x00000000f5580000)
  object space 108032K, 64% used [0x00000000e0000000,0x00000000e447db58,0x00000000e6980000)
 Metaspace       used 93348K, capacity 101018K, committed 101120K, reserved 1136640K
  class space    used 11105K, capacity 13529K, committed 13568K, reserved 1048576K
Event: 432.953 GC heap after
Heap after GC invocations=36 (full 8):
 PSYoungGen      total 140288K, used 0K [0x00000000f5580000, 0x00000000ffc80000, 0x0000000100000000)
  eden space 109568K, 0% used [0x00000000f5580000,0x00000000f5580000,0x00000000fc080000)
  from space 30720K, 0% used [0x00000000fde80000,0x00000000fde80000,0x00000000ffc80000)
  to   space 30720K, 0% used [0x00000000fc080000,0x00000000fc080000,0x00000000fde80000)
 ParOldGen       total 108032K, used 69885K [0x00000000e0000000, 0x00000000e6980000, 0x00000000f5580000)
  object space 108032K, 64% used [0x00000000e0000000,0x00000000e443f698,0x00000000e6980000)
 Metaspace       used 93348K, capacity 101018K, committed 101120K, reserved 1136640K
  class space    used 11105K, capacity 13529K, committed 13568K, reserved 1048576K
}
Event: 607.079 GC heap before
{Heap before GC invocations=37 (full 8):
 PSYoungGen      total 140288K, used 109568K [0x00000000f5580000, 0x00000000ffc80000, 0x0000000100000000)
  eden space 109568K, 100% used [0x00000000f5580000,0x00000000fc080000,0x00000000fc080000)
  from space 30720K, 0% used [0x00000000fde80000,0x00000000fde80000,0x00000000ffc80000)
  to   space 30720K, 0% used [0x00000000fc080000,0x00000000fc080000,0x00000000fde80000)
 ParOldGen       total 108032K, used 69885K [0x00000000e0000000, 0x00000000e6980000, 0x00000000f5580000)
  object space 108032K, 64% used [0x00000000e0000000,0x00000000e443f698,0x00000000e6980000)
 Metaspace       used 94548K, capacity 102278K, committed 102528K, reserved 1138688K
  class space    used 11253K, capacity 13666K, committed 13696K, reserved 1048576K
Event: 607.084 GC heap after
Heap after GC invocations=37 (full 8):
 PSYoungGen      total 140288K, used 2408K [0x00000000f5580000, 0x00000000ffe00000, 0x0000000100000000)
  eden space 109568K, 0% used [0x00000000f5580000,0x00000000f5580000,0x00000000fc080000)
  from space 30720K, 7% used [0x00000000fc080000,0x00000000fc2da2c8,0x00000000fde80000)
  to   space 29696K, 0% used [0x00000000fe100000,0x00000000fe100000,0x00000000ffe00000)
 ParOldGen       total 108032K, used 69885K [0x00000000e0000000, 0x00000000e6980000, 0x00000000f5580000)
  object space 108032K, 64% used [0x00000000e0000000,0x00000000e443f698,0x00000000e6980000)
 Metaspace       used 94548K, capacity 102278K, committed 102528K, reserved 1138688K
  class space    used 11253K, capacity 13666K, committed 13696K, reserved 1048576K
}
Event: 612.060 GC heap before
{Heap before GC invocations=38 (full 8):
 PSYoungGen      total 140288K, used 4828K [0x00000000f5580000, 0x00000000ffe00000, 0x0000000100000000)
  eden space 109568K, 2% used [0x00000000f5580000,0x00000000f57dce68,0x00000000fc080000)
  from space 30720K, 7% used [0x00000000fc080000,0x00000000fc2da2c8,0x00000000fde80000)
  to   space 29696K, 0% used [0x00000000fe100000,0x00000000fe100000,0x00000000ffe00000)
 ParOldGen       total 108032K, used 69885K [0x00000000e0000000, 0x00000000e6980000, 0x00000000f5580000)
  object space 108032K, 64% used [0x00000000e0000000,0x00000000e443f698,0x00000000e6980000)
 Metaspace       used 94549K, capacity 102278K, committed 102528K, reserved 1138688K
  class space    used 11253K, capacity 13666K, committed 13696K, reserved 1048576K
Event: 612.064 GC heap after
Heap after GC invocations=38 (full 8):
 PSYoungGen      total 141824K, used 1088K [0x00000000f5580000, 0x00000000ffd00000, 0x0000000100000000)
  eden space 113152K, 0% used [0x00000000f5580000,0x00000000f5580000,0x00000000fc400000)
  from space 28672K, 3% used [0x00000000fe100000,0x00000000fe210000,0x00000000ffd00000)
  to   space 29184K, 0% used [0x00000000fc400000,0x00000000fc400000,0x00000000fe080000)
 ParOldGen       total 108032K, used 69885K [0x00000000e0000000, 0x00000000e6980000, 0x00000000f5580000)
  object space 108032K, 64% used [0x00000000e0000000,0x00000000e443f698,0x00000000e6980000)
 Metaspace       used 94549K, capacity 102278K, committed 102528K, reserved 1138688K
  class space    used 11253K, capacity 13666K, committed 13696K, reserved 1048576K
}
Event: 612.064 GC heap before
{Heap before GC invocations=39 (full 9):
 PSYoungGen      total 141824K, used 1088K [0x00000000f5580000, 0x00000000ffd00000, 0x0000000100000000)
  eden space 113152K, 0% used [0x00000000f5580000,0x00000000f5580000,0x00000000fc400000)
  from space 28672K, 3% used [0x00000000fe100000,0x00000000fe210000,0x00000000ffd00000)
  to   space 29184K, 0% used [0x00000000fc400000,0x00000000fc400000,0x00000000fe080000)
 ParOldGen       total 108032K, used 69885K [0x00000000e0000000, 0x00000000e6980000, 0x00000000f5580000)
  object space 108032K, 64% used [0x00000000e0000000,0x00000000e443f698,0x00000000e6980000)
 Metaspace       used 94549K, capacity 102278K, committed 102528K, reserved 1138688K
  class space    used 11253K, capacity 13666K, committed 13696K, reserved 1048576K
Event: 612.332 GC heap after
Heap after GC invocations=39 (full 9):
 PSYoungGen      total 141824K, used 0K [0x00000000f5580000, 0x00000000ffd00000, 0x0000000100000000)
  eden space 113152K, 0% used [0x00000000f5580000,0x00000000f5580000,0x00000000fc400000)
  from space 28672K, 0% used [0x00000000fe100000,0x00000000fe100000,0x00000000ffd00000)
  to   space 29184K, 0% used [0x00000000fc400000,0x00000000fc400000,0x00000000fe080000)
 ParOldGen       total 108032K, used 63092K [0x00000000e0000000, 0x00000000e6980000, 0x00000000f5580000)
  object space 108032K, 58% used [0x00000000e0000000,0x00000000e3d9d3f8,0x00000000e6980000)
 Metaspace       used 94504K, capacity 102202K, committed 102528K, reserved 1138688K
  class space    used 11244K, capacity 13650K, committed 13696K, reserved 1048576K
}

