# JRE version: Java(TM) SE Runtime Environment (8.0_66-b18) (build 1.8.0_66-b18)
# Java VM: Java HotSpot(TM) 64-Bit Server VM (25.66-b18 mixed mode windows-amd64 compressed oops)
Heap:
 PSYoungGen      total 116736K, used 5403K [0x00000000f5580000, 0x0000000100000000, 0x0000000100000000)
  eden space 58880K, 5% used [0x00000000f5580000,0x00000000f58d8b68,0x00000000f8f00000)
  from space 57856K, 3% used [0x00000000f8f00000,0x00000000f90ee1b8,0x00000000fc780000)
  to   space 57856K, 0% used [0x00000000fc780000,0x00000000fc780000,0x0000000100000000)
 ParOldGen       total 349696K, used 295022K [0x00000000e0000000, 0x00000000f5580000, 0x00000000f5580000)
  object space 349696K, 84% used [0x00000000e0000000,0x00000000f201bb40,0x00000000f5580000)
 Metaspace       used 93044K, capacity 100428K, committed 100736K, reserved 1136640K
  class space    used 10932K, capacity 13359K, committed 13440K, reserved 1048576K
GC Heap History (10 events):
Event: 3835.930 GC heap before
{Heap before GC invocations=40815 (full 9505):
 PSYoungGen      total 116736K, used 52271K [0x00000000f5580000, 0x0000000100000000, 0x0000000100000000)
  eden space 58880K, 88% used [0x00000000f5580000,0x00000000f888bdc8,0x00000000f8f00000)
  from space 57856K, 0% used [0x00000000fc780000,0x00000000fc780000,0x0000000100000000)
  to   space 57856K, 0% used [0x00000000f8f00000,0x00000000f8f00000,0x00000000fc780000)
 ParOldGen       total 349696K, used 346353K [0x00000000e0000000, 0x00000000f5580000, 0x00000000f5580000)
  object space 349696K, 99% used [0x00000000e0000000,0x00000000f523c6c0,0x00000000f5580000)
 Metaspace       used 92043K, capacity 99690K, committed 99840K, reserved 1136640K
  class space    used 10825K, capacity 13226K, committed 13312K, reserved 1048576K
Event: 3836.092 GC heap after
Heap after GC invocations=40815 (full 9505):
 PSYoungGen      total 116736K, used 0K [0x00000000f5580000, 0x0000000100000000, 0x0000000100000000)
  eden space 58880K, 0% used [0x00000000f5580000,0x00000000f5580000,0x00000000f8f00000)
  from space 57856K, 0% used [0x00000000fc780000,0x00000000fc780000,0x0000000100000000)
  to   space 57856K, 0% used [0x00000000f8f00000,0x00000000f8f00000,0x00000000fc780000)
 ParOldGen       total 349696K, used 294957K [0x00000000e0000000, 0x00000000f5580000, 0x00000000f5580000)
  object space 349696K, 84% used [0x00000000e0000000,0x00000000f200b6a0,0x00000000f5580000)
 Metaspace       used 92043K, capacity 99690K, committed 99840K, reserved 1136640K
  class space    used 10825K, capacity 13226K, committed 13312K, reserved 1048576K
}
Event: 3836.103 GC heap before
{Heap before GC invocations=40816 (full 9505):
 PSYoungGen      total 116736K, used 58880K [0x00000000f5580000, 0x0000000100000000, 0x0000000100000000)
  eden space 58880K, 100% used [0x00000000f5580000,0x00000000f8f00000,0x00000000f8f00000)
  from space 57856K, 0% used [0x00000000fc780000,0x00000000fc780000,0x0000000100000000)
  to   space 57856K, 0% used [0x00000000f8f00000,0x00000000f8f00000,0x00000000fc780000)
 ParOldGen       total 349696K, used 294957K [0x00000000e0000000, 0x00000000f5580000, 0x00000000f5580000)
  object space 349696K, 84% used [0x00000000e0000000,0x00000000f200b6a0,0x00000000f5580000)
 Metaspace       used 92043K, capacity 99690K, committed 99840K, reserved 1136640K
  class space    used 10825K, capacity 13226K, committed 13312K, reserved 1048576K
Event: 3836.192 GC heap after
Heap after GC invocations=40816 (full 9505):
 PSYoungGen      total 116736K, used 7633K [0x00000000f5580000, 0x0000000100000000, 0x0000000100000000)
  eden space 58880K, 0% used [0x00000000f5580000,0x00000000f5580000,0x00000000f8f00000)
  from space 57856K, 13% used [0x00000000f8f00000,0x00000000f9674440,0x00000000fc780000)
  to   space 57856K, 0% used [0x00000000fc780000,0x00000000fc780000,0x0000000100000000)
 ParOldGen       total 349696K, used 294957K [0x00000000e0000000, 0x00000000f5580000, 0x00000000f5580000)
  object space 349696K, 84% used [0x00000000e0000000,0x00000000f200b6a0,0x00000000f5580000)
 Metaspace       used 92043K, capacity 99690K, committed 99840K, reserved 1136640K
  class space    used 10825K, capacity 13226K, committed 13312K, reserved 1048576K
}
Event: 3836.230 GC heap before
{Heap before GC invocations=40817 (full 9506):
 PSYoungGen      total 116736K, used 33881K [0x00000000f5580000, 0x0000000100000000, 0x0000000100000000)
  eden space 58880K, 44% used [0x00000000f5580000,0x00000000f6f221d8,0x00000000f8f00000)
  from space 57856K, 13% used [0x00000000f8f00000,0x00000000f9674440,0x00000000fc780000)
  to   space 57856K, 0% used [0x00000000fc780000,0x00000000fc780000,0x0000000100000000)
 ParOldGen       total 349696K, used 346354K [0x00000000e0000000, 0x00000000f5580000, 0x00000000f5580000)
  object space 349696K, 99% used [0x00000000e0000000,0x00000000f523c890,0x00000000f5580000)
 Metaspace       used 92043K, capacity 99690K, committed 99840K, reserved 1136640K
  class space    used 10825K, capacity 13226K, committed 13312K, reserved 1048576K
Event: 3836.403 GC heap after
Heap after GC invocations=40817 (full 9506):
 PSYoungGen      total 116736K, used 0K [0x00000000f5580000, 0x0000000100000000, 0x0000000100000000)
  eden space 58880K, 0% used [0x00000000f5580000,0x00000000f5580000,0x00000000f8f00000)
  from space 57856K, 0% used [0x00000000f8f00000,0x00000000f8f00000,0x00000000fc780000)
  to   space 57856K, 0% used [0x00000000fc780000,0x00000000fc780000,0x0000000100000000)
 ParOldGen       total 349696K, used 294958K [0x00000000e0000000, 0x00000000f5580000, 0x00000000f5580000)
  object space 349696K, 84% used [0x00000000e0000000,0x00000000f200bab0,0x00000000f5580000)
 Metaspace       used 92043K, capacity 99690K, committed 99840K, reserved 1136640K
  class space    used 10825K, capacity 13226K, committed 13312K, reserved 1048576K
}
Event: 3837.822 GC heap before
{Heap before GC invocations=40818 (full 9506):
 PSYoungGen      total 116736K, used 58880K [0x00000000f5580000, 0x0000000100000000, 0x0000000100000000)
  eden space 58880K, 100% used [0x00000000f5580000,0x00000000f8f00000,0x00000000f8f00000)
  from space 57856K, 0% used [0x00000000f8f00000,0x00000000f8f00000,0x00000000fc780000)
  to   space 57856K, 0% used [0x00000000fc780000,0x00000000fc780000,0x0000000100000000)
 ParOldGen       total 349696K, used 294958K [0x00000000e0000000, 0x00000000f5580000, 0x00000000f5580000)
  object space 349696K, 84% used [0x00000000e0000000,0x00000000f200bab0,0x00000000f5580000)
 Metaspace       used 92114K, capacity 99754K, committed 99840K, reserved 1136640K
  class space    used 10833K, capacity 13290K, committed 13312K, reserved 1048576K
Event: 3837.830 GC heap after
Heap after GC invocations=40818 (full 9506):
 PSYoungGen      total 116736K, used 211K [0x00000000f5580000, 0x0000000100000000, 0x0000000100000000)
  eden space 58880K, 0% used [0x00000000f5580000,0x00000000f5580000,0x00000000f8f00000)
  from space 57856K, 0% used [0x00000000fc780000,0x00000000fc7b4d30,0x0000000100000000)
  to   space 57856K, 0% used [0x00000000f8f00000,0x00000000f8f00000,0x00000000fc780000)
 ParOldGen       total 349696K, used 294958K [0x00000000e0000000, 0x00000000f5580000, 0x00000000f5580000)
  object space 349696K, 84% used [0x00000000e0000000,0x00000000f200bab0,0x00000000f5580000)
 Metaspace       used 92114K, capacity 99754K, committed 99840K, reserved 1136640K
  class space    used 10833K, capacity 13290K, committed 13312K, reserved 1048576K
}
Event: 3850.465 GC heap before
{Heap before GC invocations=40819 (full 9506):
 PSYoungGen      total 116736K, used 59091K [0x00000000f5580000, 0x0000000100000000, 0x0000000100000000)
  eden space 58880K, 100% used [0x00000000f5580000,0x00000000f8f00000,0x00000000f8f00000)
  from space 57856K, 0% used [0x00000000fc780000,0x00000000fc7b4d30,0x0000000100000000)
  to   space 57856K, 0% used [0x00000000f8f00000,0x00000000f8f00000,0x00000000fc780000)
 ParOldGen       total 349696K, used 294958K [0x00000000e0000000, 0x00000000f5580000, 0x00000000f5580000)
  object space 349696K, 84% used [0x00000000e0000000,0x00000000f200bab0,0x00000000f5580000)
 Metaspace       used 93032K, capacity 100428K, committed 100736K, reserved 1136640K
  class space    used 10931K, capacity 13359K, committed 13440K, reserved 1048576K
Event: 3850.470 GC heap after
Heap after GC invocations=40819 (full 9506):
 PSYoungGen      total 116736K, used 1976K [0x00000000f5580000, 0x0000000100000000, 0x0000000100000000)
  eden space 58880K, 0% used [0x00000000f5580000,0x00000000f5580000,0x00000000f8f00000)
  from space 57856K, 3% used [0x00000000f8f00000,0x00000000f90ee1b8,0x00000000fc780000)
  to   space 57856K, 0% used [0x00000000fc780000,0x00000000fc780000,0x0000000100000000)
 ParOldGen       total 349696K, used 295022K [0x00000000e0000000, 0x00000000f5580000, 0x00000000f5580000)
  object space 349696K, 84% used [0x00000000e0000000,0x00000000f201bb40,0x00000000f5580000)
 Metaspace       used 93032K, capacity 100428K, committed 100736K, reserved 1136640K
  class space    used 10931K, capacity 13359K, committed 13440K, reserved 1048576K
}

