# JRE version: Java(TM) SE Runtime Environment (8.0_66-b18) (build 1.8.0_66-b18)
# Java VM: Java HotSpot(TM) 64-Bit Server VM (25.66-b18 mixed mode windows-amd64 compressed oops)
Heap:
 PSYoungGen      total 157184K, used 113529K [0x00000000f5580000, 0x0000000100000000, 0x0000000100000000)
  eden space 151040K, 71% used [0x00000000f5580000,0x00000000fbebca70,0x00000000fe900000)
  from space 6144K, 93% used [0x00000000fe900000,0x00000000feea1af0,0x00000000fef00000)
  to   space 12288K, 0% used [0x00000000ff400000,0x00000000ff400000,0x0000000100000000)
 ParOldGen       total 119808K, used 83884K [0x00000000e0000000, 0x00000000e7500000, 0x00000000f5580000)
  object space 119808K, 70% used [0x00000000e0000000,0x00000000e51eb0c0,0x00000000e7500000)
 Metaspace       used 94542K, capacity 102042K, committed 102296K, reserved 1138688K
  class space    used 11132K, capacity 13628K, committed 13728K, reserved 1048576K
GC Heap History (10 events):
Event: 1948.091 GC heap before
{Heap before GC invocations=3168 (full 7):
 PSYoungGen      total 162816K, used 160404K [0x00000000f5580000, 0x0000000100000000, 0x0000000100000000)
  eden space 151040K, 99% used [0x00000000f5580000,0x00000000fe7b7960,0x00000000fe900000)
  from space 11776K, 90% used [0x00000000ff480000,0x00000000ffeeda70,0x0000000100000000)
  to   space 11776K, 0% used [0x00000000fe900000,0x00000000fe900000,0x00000000ff480000)
 ParOldGen       total 119808K, used 83639K [0x00000000e0000000, 0x00000000e7500000, 0x00000000f5580000)
  object space 119808K, 69% used [0x00000000e0000000,0x00000000e51adff0,0x00000000e7500000)
 Metaspace       used 93643K, capacity 101272K, committed 101656K, reserved 1136640K
  class space    used 11031K, capacity 13527K, committed 13600K, reserved 1048576K
Event: 1948.095 GC heap after
Heap after GC invocations=3168 (full 7):
 PSYoungGen      total 162816K, used 10615K [0x00000000f5580000, 0x0000000100000000, 0x0000000100000000)
  eden space 151040K, 0% used [0x00000000f5580000,0x00000000f5580000,0x00000000fe900000)
  from space 11776K, 90% used [0x00000000fe900000,0x00000000ff35dfa0,0x00000000ff480000)
  to   space 11776K, 0% used [0x00000000ff480000,0x00000000ff480000,0x0000000100000000)
 ParOldGen       total 119808K, used 83655K [0x00000000e0000000, 0x00000000e7500000, 0x00000000f5580000)
  object space 119808K, 69% used [0x00000000e0000000,0x00000000e51b1ff0,0x00000000e7500000)
 Metaspace       used 93643K, capacity 101272K, committed 101656K, reserved 1136640K
  class space    used 11031K, capacity 13527K, committed 13600K, reserved 1048576K
}
Event: 1948.220 GC heap before
{Heap before GC invocations=3169 (full 7):
 PSYoungGen      total 162816K, used 160369K [0x00000000f5580000, 0x0000000100000000, 0x0000000100000000)
  eden space 151040K, 99% used [0x00000000f5580000,0x00000000fe7be810,0x00000000fe900000)
  from space 11776K, 90% used [0x00000000fe900000,0x00000000ff35dfa0,0x00000000ff480000)
  to   space 11776K, 0% used [0x00000000ff480000,0x00000000ff480000,0x0000000100000000)
 ParOldGen       total 119808K, used 83655K [0x00000000e0000000, 0x00000000e7500000, 0x00000000f5580000)
  object space 119808K, 69% used [0x00000000e0000000,0x00000000e51b1ff0,0x00000000e7500000)
 Metaspace       used 93643K, capacity 101272K, committed 101656K, reserved 1136640K
  class space    used 11031K, capacity 13527K, committed 13600K, reserved 1048576K
Event: 1948.223 GC heap after
Heap after GC invocations=3169 (full 7):
 PSYoungGen      total 162816K, used 10434K [0x00000000f5580000, 0x0000000100000000, 0x0000000100000000)
  eden space 151040K, 0% used [0x00000000f5580000,0x00000000f5580000,0x00000000fe900000)
  from space 11776K, 88% used [0x00000000ff480000,0x00000000ffeb0998,0x0000000100000000)
  to   space 11776K, 0% used [0x00000000fe900000,0x00000000fe900000,0x00000000ff480000)
 ParOldGen       total 119808K, used 83860K [0x00000000e0000000, 0x00000000e7500000, 0x00000000f5580000)
  object space 119808K, 69% used [0x00000000e0000000,0x00000000e51e50c0,0x00000000e7500000)
 Metaspace       used 93643K, capacity 101272K, committed 101656K, reserved 1136640K
  class space    used 11031K, capacity 13527K, committed 13600K, reserved 1048576K
}
Event: 1948.350 GC heap before
{Heap before GC invocations=3170 (full 7):
 PSYoungGen      total 162816K, used 160215K [0x00000000f5580000, 0x0000000100000000, 0x0000000100000000)
  eden space 151040K, 99% used [0x00000000f5580000,0x00000000fe7c5438,0x00000000fe900000)
  from space 11776K, 88% used [0x00000000ff480000,0x00000000ffeb0998,0x0000000100000000)
  to   space 11776K, 0% used [0x00000000fe900000,0x00000000fe900000,0x00000000ff480000)
 ParOldGen       total 119808K, used 83860K [0x00000000e0000000, 0x00000000e7500000, 0x00000000f5580000)
  object space 119808K, 69% used [0x00000000e0000000,0x00000000e51e50c0,0x00000000e7500000)
 Metaspace       used 93643K, capacity 101272K, committed 101656K, reserved 1136640K
  class space    used 11031K, capacity 13527K, committed 13600K, reserved 1048576K
Event: 1948.353 GC heap after
Heap after GC invocations=3170 (full 7):
 PSYoungGen      total 162816K, used 10437K [0x00000000f5580000, 0x0000000100000000, 0x0000000100000000)
  eden space 151040K, 0% used [0x00000000f5580000,0x00000000f5580000,0x00000000fe900000)
  from space 11776K, 88% used [0x00000000fe900000,0x00000000ff331520,0x00000000ff480000)
  to   space 11776K, 0% used [0x00000000ff480000,0x00000000ff480000,0x0000000100000000)
 ParOldGen       total 119808K, used 83868K [0x00000000e0000000, 0x00000000e7500000, 0x00000000f5580000)
  object space 119808K, 70% used [0x00000000e0000000,0x00000000e51e70c0,0x00000000e7500000)
 Metaspace       used 93643K, capacity 101272K, committed 101656K, reserved 1136640K
  class space    used 11031K, capacity 13527K, committed 13600K, reserved 1048576K
}
Event: 1948.457 GC heap before
{Heap before GC invocations=3171 (full 7):
 PSYoungGen      total 162816K, used 160235K [0x00000000f5580000, 0x0000000100000000, 0x0000000100000000)
  eden space 151040K, 99% used [0x00000000f5580000,0x00000000fe7c9860,0x00000000fe900000)
  from space 11776K, 88% used [0x00000000fe900000,0x00000000ff331520,0x00000000ff480000)
  to   space 11776K, 0% used [0x00000000ff480000,0x00000000ff480000,0x0000000100000000)
 ParOldGen       total 119808K, used 83868K [0x00000000e0000000, 0x00000000e7500000, 0x00000000f5580000)
  object space 119808K, 70% used [0x00000000e0000000,0x00000000e51e70c0,0x00000000e7500000)
 Metaspace       used 93643K, capacity 101272K, committed 101656K, reserved 1136640K
  class space    used 11031K, capacity 13527K, committed 13600K, reserved 1048576K
Event: 1948.460 GC heap after
Heap after GC invocations=3171 (full 7):
 PSYoungGen      total 162816K, used 10470K [0x00000000f5580000, 0x0000000100000000, 0x0000000100000000)
  eden space 151040K, 0% used [0x00000000f5580000,0x00000000f5580000,0x00000000fe900000)
  from space 11776K, 88% used [0x00000000ff480000,0x00000000ffeb9a08,0x0000000100000000)
  to   space 11776K, 0% used [0x00000000fe900000,0x00000000fe900000,0x00000000ff480000)
 ParOldGen       total 119808K, used 83876K [0x00000000e0000000, 0x00000000e7500000, 0x00000000f5580000)
  object space 119808K, 70% used [0x00000000e0000000,0x00000000e51e90c0,0x00000000e7500000)
 Metaspace       used 93643K, capacity 101272K, committed 101656K, reserved 1136640K
  class space    used 11031K, capacity 13527K, committed 13600K, reserved 1048576K
}
Event: 1950.826 GC heap before
{Heap before GC invocations=3172 (full 7):
 PSYoungGen      total 162816K, used 161510K [0x00000000f5580000, 0x0000000100000000, 0x0000000100000000)
  eden space 151040K, 100% used [0x00000000f5580000,0x00000000fe900000,0x00000000fe900000)
  from space 11776K, 88% used [0x00000000ff480000,0x00000000ffeb9a08,0x0000000100000000)
  to   space 11776K, 0% used [0x00000000fe900000,0x00000000fe900000,0x00000000ff480000)
 ParOldGen       total 119808K, used 83876K [0x00000000e0000000, 0x00000000e7500000, 0x00000000f5580000)
  object space 119808K, 70% used [0x00000000e0000000,0x00000000e51e90c0,0x00000000e7500000)
 Metaspace       used 93645K, capacity 101272K, committed 101656K, reserved 1136640K
  class space    used 11031K, capacity 13527K, committed 13600K, reserved 1048576K
Event: 1950.829 GC heap after
Heap after GC invocations=3172 (full 7):
 PSYoungGen      total 157184K, used 5766K [0x00000000f5580000, 0x0000000100000000, 0x0000000100000000)
  eden space 151040K, 0% used [0x00000000f5580000,0x00000000f5580000,0x00000000fe900000)
  from space 6144K, 93% used [0x00000000fe900000,0x00000000feea1af0,0x00000000fef00000)
  to   space 12288K, 0% used [0x00000000ff400000,0x00000000ff400000,0x0000000100000000)
 ParOldGen       total 119808K, used 83884K [0x00000000e0000000, 0x00000000e7500000, 0x00000000f5580000)
  object space 119808K, 70% used [0x00000000e0000000,0x00000000e51eb0c0,0x00000000e7500000)
 Metaspace       used 93645K, capacity 101272K, committed 101656K, reserved 1136640K
  class space    used 11031K, capacity 13527K, committed 13600K, reserved 1048576K
}

