# JRE version: Java(TM) SE Runtime Environment (8.0_66-b18) (build 1.8.0_66-b18)
# Java VM: Java HotSpot(TM) 64-Bit Server VM (25.66-b18 mixed mode windows-amd64 compressed oops)
Heap:
 PSYoungGen      total 159744K, used 24856K [0x00000000f5580000, 0x0000000100000000, 0x0000000100000000)
  eden space 145920K, 13% used [0x00000000f5580000,0x00000000f696dc98,0x00000000fe400000)
  from space 13824K, 32% used [0x00000000ff280000,0x00000000ff6d86e8,0x0000000100000000)
  to   space 14336K, 0% used [0x00000000fe400000,0x00000000fe400000,0x00000000ff200000)
 ParOldGen       total 152576K, used 82489K [0x00000000e0000000, 0x00000000e9500000, 0x00000000f5580000)
  object space 152576K, 54% used [0x00000000e0000000,0x00000000e508e4c0,0x00000000e9500000)
 Metaspace       used 105028K, capacity 112490K, committed 112768K, reserved 1146880K
  class space    used 12500K, capacity 14849K, committed 14976K, reserved 1048576K
GC Heap History (10 events):
Event: 839.254 GC heap before
{Heap before GC invocations=1122 (full 15):
 PSYoungGen      total 162304K, used 133414K [0x00000000f5580000, 0x0000000100000000, 0x0000000100000000)
  eden space 150016K, 81% used [0x00000000f5580000,0x00000000fcc4b420,0x00000000fe800000)
  from space 12288K, 95% used [0x00000000ff400000,0x00000000fff7e6b8,0x0000000100000000)
  to   space 12288K, 0% used [0x00000000fe800000,0x00000000fe800000,0x00000000ff400000)
 ParOldGen       total 152576K, used 84931K [0x00000000e0000000, 0x00000000e9500000, 0x00000000f5580000)
  object space 152576K, 55% used [0x00000000e0000000,0x00000000e52f0e00,0x00000000e9500000)
 Metaspace       used 99291K, capacity 106750K, committed 107008K, reserved 1142784K
  class space    used 11657K, capacity 14030K, committed 14080K, reserved 1048576K
Event: 839.269 GC heap after
Heap after GC invocations=1122 (full 15):
 PSYoungGen      total 157696K, used 7341K [0x00000000f5580000, 0x0000000100000000, 0x0000000100000000)
  eden space 150016K, 0% used [0x00000000f5580000,0x00000000f5580000,0x00000000fe800000)
  from space 7680K, 95% used [0x00000000fe800000,0x00000000fef2b608,0x00000000fef80000)
  to   space 12800K, 0% used [0x00000000ff380000,0x00000000ff380000,0x0000000100000000)
 ParOldGen       total 152576K, used 84947K [0x00000000e0000000, 0x00000000e9500000, 0x00000000f5580000)
  object space 152576K, 55% used [0x00000000e0000000,0x00000000e52f4e00,0x00000000e9500000)
 Metaspace       used 99291K, capacity 106750K, committed 107008K, reserved 1142784K
  class space    used 11657K, capacity 14030K, committed 14080K, reserved 1048576K
}
Event: 839.269 GC heap before
{Heap before GC invocations=1123 (full 16):
 PSYoungGen      total 157696K, used 7341K [0x00000000f5580000, 0x0000000100000000, 0x0000000100000000)
  eden space 150016K, 0% used [0x00000000f5580000,0x00000000f5580000,0x00000000fe800000)
  from space 7680K, 95% used [0x00000000fe800000,0x00000000fef2b608,0x00000000fef80000)
  to   space 12800K, 0% used [0x00000000ff380000,0x00000000ff380000,0x0000000100000000)
 ParOldGen       total 152576K, used 84947K [0x00000000e0000000, 0x00000000e9500000, 0x00000000f5580000)
  object space 152576K, 55% used [0x00000000e0000000,0x00000000e52f4e00,0x00000000e9500000)
 Metaspace       used 99291K, capacity 106750K, committed 107008K, reserved 1142784K
  class space    used 11657K, capacity 14030K, committed 14080K, reserved 1048576K
Event: 839.558 GC heap after
Heap after GC invocations=1123 (full 16):
 PSYoungGen      total 157696K, used 0K [0x00000000f5580000, 0x0000000100000000, 0x0000000100000000)
  eden space 150016K, 0% used [0x00000000f5580000,0x00000000f5580000,0x00000000fe800000)
  from space 7680K, 0% used [0x00000000fe800000,0x00000000fe800000,0x00000000fef80000)
  to   space 12800K, 0% used [0x00000000ff380000,0x00000000ff380000,0x0000000100000000)
 ParOldGen       total 152576K, used 82473K [0x00000000e0000000, 0x00000000e9500000, 0x00000000f5580000)
  object space 152576K, 54% used [0x00000000e0000000,0x00000000e508a4c0,0x00000000e9500000)
 Metaspace       used 99291K, capacity 106750K, committed 107008K, reserved 1142784K
  class space    used 11657K, capacity 14030K, committed 14080K, reserved 1048576K
}
Event: 879.866 GC heap before
{Heap before GC invocations=1124 (full 16):
 PSYoungGen      total 157696K, used 150016K [0x00000000f5580000, 0x0000000100000000, 0x0000000100000000)
  eden space 150016K, 100% used [0x00000000f5580000,0x00000000fe800000,0x00000000fe800000)
  from space 7680K, 0% used [0x00000000fe800000,0x00000000fe800000,0x00000000fef80000)
  to   space 12800K, 0% used [0x00000000ff380000,0x00000000ff380000,0x0000000100000000)
 ParOldGen       total 152576K, used 82473K [0x00000000e0000000, 0x00000000e9500000, 0x00000000f5580000)
  object space 152576K, 54% used [0x00000000e0000000,0x00000000e508a4c0,0x00000000e9500000)
 Metaspace       used 102309K, capacity 109922K, committed 110080K, reserved 1144832K
  class space    used 12147K, capacity 14486K, committed 14592K, reserved 1048576K
Event: 879.873 GC heap after
Heap after GC invocations=1124 (full 16):
 PSYoungGen      total 159744K, used 6663K [0x00000000f5580000, 0x0000000100000000, 0x0000000100000000)
  eden space 146944K, 0% used [0x00000000f5580000,0x00000000f5580000,0x00000000fe500000)
  from space 12800K, 52% used [0x00000000ff380000,0x00000000ffa01e18,0x0000000100000000)
  to   space 13824K, 0% used [0x00000000fe500000,0x00000000fe500000,0x00000000ff280000)
 ParOldGen       total 152576K, used 82473K [0x00000000e0000000, 0x00000000e9500000, 0x00000000f5580000)
  object space 152576K, 54% used [0x00000000e0000000,0x00000000e508a4c0,0x00000000e9500000)
 Metaspace       used 102309K, capacity 109922K, committed 110080K, reserved 1144832K
  class space    used 12147K, capacity 14486K, committed 14592K, reserved 1048576K
}
Event: 955.848 GC heap before
{Heap before GC invocations=1125 (full 16):
 PSYoungGen      total 159744K, used 153607K [0x00000000f5580000, 0x0000000100000000, 0x0000000100000000)
  eden space 146944K, 100% used [0x00000000f5580000,0x00000000fe500000,0x00000000fe500000)
  from space 12800K, 52% used [0x00000000ff380000,0x00000000ffa01e18,0x0000000100000000)
  to   space 13824K, 0% used [0x00000000fe500000,0x00000000fe500000,0x00000000ff280000)
 ParOldGen       total 152576K, used 82473K [0x00000000e0000000, 0x00000000e9500000, 0x00000000f5580000)
  object space 152576K, 54% used [0x00000000e0000000,0x00000000e508a4c0,0x00000000e9500000)
 Metaspace       used 104338K, capacity 111918K, committed 112128K, reserved 1146880K
  class space    used 12436K, capacity 14808K, committed 14848K, reserved 1048576K
Event: 955.858 GC heap after
Heap after GC invocations=1125 (full 16):
 PSYoungGen      total 160768K, used 8037K [0x00000000f5580000, 0x0000000100000000, 0x0000000100000000)
  eden space 146944K, 0% used [0x00000000f5580000,0x00000000f5580000,0x00000000fe500000)
  from space 13824K, 58% used [0x00000000fe500000,0x00000000fecd9610,0x00000000ff280000)
  to   space 13824K, 0% used [0x00000000ff280000,0x00000000ff280000,0x0000000100000000)
 ParOldGen       total 152576K, used 82481K [0x00000000e0000000, 0x00000000e9500000, 0x00000000f5580000)
  object space 152576K, 54% used [0x00000000e0000000,0x00000000e508c4c0,0x00000000e9500000)
 Metaspace       used 104338K, capacity 111918K, committed 112128K, reserved 1146880K
  class space    used 12436K, capacity 14808K, committed 14848K, reserved 1048576K
}
Event: 997.801 GC heap before
{Heap before GC invocations=1126 (full 16):
 PSYoungGen      total 160768K, used 154981K [0x00000000f5580000, 0x0000000100000000, 0x0000000100000000)
  eden space 146944K, 100% used [0x00000000f5580000,0x00000000fe500000,0x00000000fe500000)
  from space 13824K, 58% used [0x00000000fe500000,0x00000000fecd9610,0x00000000ff280000)
  to   space 13824K, 0% used [0x00000000ff280000,0x00000000ff280000,0x0000000100000000)
 ParOldGen       total 152576K, used 82481K [0x00000000e0000000, 0x00000000e9500000, 0x00000000f5580000)
  object space 152576K, 54% used [0x00000000e0000000,0x00000000e508c4c0,0x00000000e9500000)
 Metaspace       used 104611K, capacity 112130K, committed 112384K, reserved 1146880K
  class space    used 12452K, capacity 14813K, committed 14848K, reserved 1048576K
Event: 997.807 GC heap after
Heap after GC invocations=1126 (full 16):
 PSYoungGen      total 159744K, used 4449K [0x00000000f5580000, 0x0000000100000000, 0x0000000100000000)
  eden space 145920K, 0% used [0x00000000f5580000,0x00000000f5580000,0x00000000fe400000)
  from space 13824K, 32% used [0x00000000ff280000,0x00000000ff6d86e8,0x0000000100000000)
  to   space 14336K, 0% used [0x00000000fe400000,0x00000000fe400000,0x00000000ff200000)
 ParOldGen       total 152576K, used 82489K [0x00000000e0000000, 0x00000000e9500000, 0x00000000f5580000)
  object space 152576K, 54% used [0x00000000e0000000,0x00000000e508e4c0,0x00000000e9500000)
 Metaspace       used 104611K, capacity 112130K, committed 112384K, reserved 1146880K
  class space    used 12452K, capacity 14813K, committed 14848K, reserved 1048576K
}

