# JRE version: Java(TM) SE Runtime Environment (8.0_66-b18) (build 1.8.0_66-b18)
# Java VM: Java HotSpot(TM) 64-Bit Server VM (25.66-b18 mixed mode windows-amd64 compressed oops)
Heap:
 PSYoungGen      total 99840K, used 15959K [0x00000000f5580000, 0x00000000ff680000, 0x0000000100000000)
  eden space 92160K, 9% used [0x00000000f5580000,0x00000000f5dca6b0,0x00000000faf80000)
  from space 7680K, 97% used [0x00000000fb200000,0x00000000fb94b6d0,0x00000000fb980000)
  to   space 36352K, 0% used [0x00000000fd300000,0x00000000fd300000,0x00000000ff680000)
 ParOldGen       total 114688K, used 59945K [0x00000000e0000000, 0x00000000e7000000, 0x00000000f5580000)
  object space 114688K, 52% used [0x00000000e0000000,0x00000000e3a8a718,0x00000000e7000000)
 Metaspace       used 88094K, capacity 95470K, committed 95512K, reserved 1132544K
  class space    used 10654K, capacity 13064K, committed 13088K, reserved 1048576K
GC Heap History (10 events):
Event: 62.197 GC heap before
{Heap before GC invocations=19 (full 3):
 PSYoungGen      total 118272K, used 88732K [0x00000000f5580000, 0x00000000ff600000, 0x0000000100000000)
  eden space 84480K, 73% used [0x00000000f5580000,0x00000000f921af58,0x00000000fa800000)
  from space 33792K, 78% used [0x00000000fa800000,0x00000000fc20c340,0x00000000fc900000)
  to   space 35840K, 0% used [0x00000000fd300000,0x00000000fd300000,0x00000000ff600000)
 ParOldGen       total 114688K, used 43996K [0x00000000e0000000, 0x00000000e7000000, 0x00000000f5580000)
  object space 114688K, 38% used [0x00000000e0000000,0x00000000e2af7388,0x00000000e7000000)
 Metaspace       used 80031K, capacity 86312K, committed 86424K, reserved 1124352K
  class space    used 9664K, capacity 11629K, committed 11680K, reserved 1048576K
Event: 62.210 GC heap after
Heap after GC invocations=19 (full 3):
 PSYoungGen      total 126976K, used 25379K [0x00000000f5580000, 0x00000000ff900000, 0x0000000100000000)
  eden space 91136K, 0% used [0x00000000f5580000,0x00000000f5580000,0x00000000fae80000)
  from space 35840K, 70% used [0x00000000fd300000,0x00000000febc8dd8,0x00000000ff600000)
  to   space 37376K, 0% used [0x00000000fae80000,0x00000000fae80000,0x00000000fd300000)
 ParOldGen       total 114688K, used 44004K [0x00000000e0000000, 0x00000000e7000000, 0x00000000f5580000)
  object space 114688K, 38% used [0x00000000e0000000,0x00000000e2af9388,0x00000000e7000000)
 Metaspace       used 80031K, capacity 86312K, committed 86424K, reserved 1124352K
  class space    used 9664K, capacity 11629K, committed 11680K, reserved 1048576K
}
Event: 62.211 GC heap before
{Heap before GC invocations=20 (full 4):
 PSYoungGen      total 126976K, used 25379K [0x00000000f5580000, 0x00000000ff900000, 0x0000000100000000)
  eden space 91136K, 0% used [0x00000000f5580000,0x00000000f5580000,0x00000000fae80000)
  from space 35840K, 70% used [0x00000000fd300000,0x00000000febc8dd8,0x00000000ff600000)
  to   space 37376K, 0% used [0x00000000fae80000,0x00000000fae80000,0x00000000fd300000)
 ParOldGen       total 114688K, used 44004K [0x00000000e0000000, 0x00000000e7000000, 0x00000000f5580000)
  object space 114688K, 38% used [0x00000000e0000000,0x00000000e2af9388,0x00000000e7000000)
 Metaspace       used 80031K, capacity 86312K, committed 86424K, reserved 1124352K
  class space    used 9664K, capacity 11629K, committed 11680K, reserved 1048576K
Event: 62.484 GC heap after
Heap after GC invocations=20 (full 4):
 PSYoungGen      total 126976K, used 0K [0x00000000f5580000, 0x00000000ff900000, 0x0000000100000000)
  eden space 91136K, 0% used [0x00000000f5580000,0x00000000f5580000,0x00000000fae80000)
  from space 35840K, 0% used [0x00000000fd300000,0x00000000fd300000,0x00000000ff600000)
  to   space 37376K, 0% used [0x00000000fae80000,0x00000000fae80000,0x00000000fd300000)
 ParOldGen       total 114688K, used 59921K [0x00000000e0000000, 0x00000000e7000000, 0x00000000f5580000)
  object space 114688K, 52% used [0x00000000e0000000,0x00000000e3a84718,0x00000000e7000000)
 Metaspace       used 80031K, capacity 86312K, committed 86424K, reserved 1124352K
  class space    used 9664K, capacity 11629K, committed 11680K, reserved 1048576K
}
Event: 101.101 GC heap before
{Heap before GC invocations=21 (full 4):
 PSYoungGen      total 126976K, used 91136K [0x00000000f5580000, 0x00000000ff900000, 0x0000000100000000)
  eden space 91136K, 100% used [0x00000000f5580000,0x00000000fae80000,0x00000000fae80000)
  from space 35840K, 0% used [0x00000000fd300000,0x00000000fd300000,0x00000000ff600000)
  to   space 37376K, 0% used [0x00000000fae80000,0x00000000fae80000,0x00000000fd300000)
 ParOldGen       total 114688K, used 59921K [0x00000000e0000000, 0x00000000e7000000, 0x00000000f5580000)
  object space 114688K, 52% used [0x00000000e0000000,0x00000000e3a84718,0x00000000e7000000)
 Metaspace       used 83431K, capacity 90182K, committed 90392K, reserved 1128448K
  class space    used 10078K, capacity 12302K, committed 12320K, reserved 1048576K
Event: 101.106 GC heap after
Heap after GC invocations=21 (full 4):
 PSYoungGen      total 128512K, used 8035K [0x00000000f5580000, 0x00000000ffd80000, 0x0000000100000000)
  eden space 91136K, 0% used [0x00000000f5580000,0x00000000f5580000,0x00000000fae80000)
  from space 37376K, 21% used [0x00000000fae80000,0x00000000fb658f48,0x00000000fd300000)
  to   space 36864K, 0% used [0x00000000fd980000,0x00000000fd980000,0x00000000ffd80000)
 ParOldGen       total 114688K, used 59929K [0x00000000e0000000, 0x00000000e7000000, 0x00000000f5580000)
  object space 114688K, 52% used [0x00000000e0000000,0x00000000e3a86718,0x00000000e7000000)
 Metaspace       used 83431K, capacity 90182K, committed 90392K, reserved 1128448K
  class space    used 10078K, capacity 12302K, committed 12320K, reserved 1048576K
}
Event: 179.111 GC heap before
{Heap before GC invocations=22 (full 4):
 PSYoungGen      total 128512K, used 99171K [0x00000000f5580000, 0x00000000ffd80000, 0x0000000100000000)
  eden space 91136K, 100% used [0x00000000f5580000,0x00000000fae80000,0x00000000fae80000)
  from space 37376K, 21% used [0x00000000fae80000,0x00000000fb658f48,0x00000000fd300000)
  to   space 36864K, 0% used [0x00000000fd980000,0x00000000fd980000,0x00000000ffd80000)
 ParOldGen       total 114688K, used 59929K [0x00000000e0000000, 0x00000000e7000000, 0x00000000f5580000)
  object space 114688K, 52% used [0x00000000e0000000,0x00000000e3a86718,0x00000000e7000000)
 Metaspace       used 85443K, capacity 92706K, committed 92824K, reserved 1130496K
  class space    used 10361K, capacity 12663K, committed 12704K, reserved 1048576K
Event: 179.119 GC heap after
Heap after GC invocations=22 (full 4):
 PSYoungGen      total 128000K, used 5871K [0x00000000f5580000, 0x00000000ffa00000, 0x0000000100000000)
  eden space 94720K, 0% used [0x00000000f5580000,0x00000000f5580000,0x00000000fb200000)
  from space 33280K, 17% used [0x00000000fd980000,0x00000000fdf3bc20,0x00000000ffa00000)
  to   space 36864K, 0% used [0x00000000fb200000,0x00000000fb200000,0x00000000fd600000)
 ParOldGen       total 114688K, used 59937K [0x00000000e0000000, 0x00000000e7000000, 0x00000000f5580000)
  object space 114688K, 52% used [0x00000000e0000000,0x00000000e3a88718,0x00000000e7000000)
 Metaspace       used 85443K, capacity 92706K, committed 92824K, reserved 1130496K
  class space    used 10361K, capacity 12663K, committed 12704K, reserved 1048576K
}
Event: 229.722 GC heap before
{Heap before GC invocations=23 (full 4):
 PSYoungGen      total 128000K, used 100591K [0x00000000f5580000, 0x00000000ffa00000, 0x0000000100000000)
  eden space 94720K, 100% used [0x00000000f5580000,0x00000000fb200000,0x00000000fb200000)
  from space 33280K, 17% used [0x00000000fd980000,0x00000000fdf3bc20,0x00000000ffa00000)
  to   space 36864K, 0% used [0x00000000fb200000,0x00000000fb200000,0x00000000fd600000)
 ParOldGen       total 114688K, used 59937K [0x00000000e0000000, 0x00000000e7000000, 0x00000000f5580000)
  object space 114688K, 52% used [0x00000000e0000000,0x00000000e3a88718,0x00000000e7000000)
 Metaspace       used 87740K, capacity 95242K, committed 95512K, reserved 1132544K
  class space    used 10619K, capacity 13032K, committed 13088K, reserved 1048576K
Event: 229.741 GC heap after
Heap after GC invocations=23 (full 4):
 PSYoungGen      total 99840K, used 7469K [0x00000000f5580000, 0x00000000ff680000, 0x0000000100000000)
  eden space 92160K, 0% used [0x00000000f5580000,0x00000000f5580000,0x00000000faf80000)
  from space 7680K, 97% used [0x00000000fb200000,0x00000000fb94b6d0,0x00000000fb980000)
  to   space 36352K, 0% used [0x00000000fd300000,0x00000000fd300000,0x00000000ff680000)
 ParOldGen       total 114688K, used 59945K [0x00000000e0000000, 0x00000000e7000000, 0x00000000f5580000)
  object space 114688K, 52% used [0x00000000e0000000,0x00000000e3a8a718,0x00000000e7000000)
 Metaspace       used 87740K, capacity 95242K, committed 95512K, reserved 1132544K
  class space    used 10619K, capacity 13032K, committed 13088K, reserved 1048576K
}

