# JRE version: Java(TM) SE Runtime Environment (8.0_66-b18) (build 1.8.0_66-b18)
# Java VM: Java HotSpot(TM) 64-Bit Server VM (25.66-b18 mixed mode windows-amd64 compressed oops)
Heap:
 PSYoungGen      total 132096K, used 66436K [0x00000000f5580000, 0x0000000100000000, 0x0000000100000000)
  eden space 98816K, 33% used [0x00000000f5580000,0x00000000f75ee880,0x00000000fb600000)
  from space 33280K, 99% used [0x00000000fb600000,0x00000000fd672960,0x00000000fd680000)
  to   space 41984K, 0% used [0x00000000fd700000,0x00000000fd700000,0x0000000100000000)
 ParOldGen       total 112640K, used 43887K [0x00000000e0000000, 0x00000000e6e00000, 0x00000000f5580000)
  object space 112640K, 38% used [0x00000000e0000000,0x00000000e2adbd38,0x00000000e6e00000)
 Metaspace       used 87976K, capacity 95078K, committed 95128K, reserved 1132544K
  class space    used 10614K, capacity 12942K, committed 12976K, reserved 1048576K
GC Heap History (10 events):
Event: 5.669 GC heap before
{Heap before GC invocations=12 (full 3):
 PSYoungGen      total 148992K, used 122368K [0x00000000f5580000, 0x0000000100000000, 0x0000000100000000)
  eden space 122368K, 100% used [0x00000000f5580000,0x00000000fcd00000,0x00000000fcd00000)
  from space 26624K, 0% used [0x00000000fe600000,0x00000000fe600000,0x0000000100000000)
  to   space 25600K, 0% used [0x00000000fcd00000,0x00000000fcd00000,0x00000000fe600000)
 ParOldGen       total 112640K, used 38477K [0x00000000e0000000, 0x00000000e6e00000, 0x00000000f5580000)
  object space 112640K, 34% used [0x00000000e0000000,0x00000000e2593530,0x00000000e6e00000)
 Metaspace       used 63081K, capacity 68572K, committed 68760K, reserved 1107968K
  class space    used 7889K, capacity 9620K, committed 9648K, reserved 1048576K
Event: 5.682 GC heap after
Heap after GC invocations=12 (full 3):
 PSYoungGen      total 141824K, used 19144K [0x00000000f5580000, 0x0000000100000000, 0x0000000100000000)
  eden space 122368K, 0% used [0x00000000f5580000,0x00000000f5580000,0x00000000fcd00000)
  from space 19456K, 98% used [0x00000000fcd00000,0x00000000fdfb23b0,0x00000000fe000000)
  to   space 27136K, 0% used [0x00000000fe580000,0x00000000fe580000,0x0000000100000000)
 ParOldGen       total 112640K, used 38485K [0x00000000e0000000, 0x00000000e6e00000, 0x00000000f5580000)
  object space 112640K, 34% used [0x00000000e0000000,0x00000000e2595530,0x00000000e6e00000)
 Metaspace       used 63081K, capacity 68572K, committed 68760K, reserved 1107968K
  class space    used 7889K, capacity 9620K, committed 9648K, reserved 1048576K
}
Event: 24.920 GC heap before
{Heap before GC invocations=13 (full 3):
 PSYoungGen      total 141824K, used 141512K [0x00000000f5580000, 0x0000000100000000, 0x0000000100000000)
  eden space 122368K, 100% used [0x00000000f5580000,0x00000000fcd00000,0x00000000fcd00000)
  from space 19456K, 98% used [0x00000000fcd00000,0x00000000fdfb23b0,0x00000000fe000000)
  to   space 27136K, 0% used [0x00000000fe580000,0x00000000fe580000,0x0000000100000000)
 ParOldGen       total 112640K, used 38485K [0x00000000e0000000, 0x00000000e6e00000, 0x00000000f5580000)
  object space 112640K, 34% used [0x00000000e0000000,0x00000000e2595530,0x00000000e6e00000)
 Metaspace       used 75817K, capacity 81978K, committed 82328K, reserved 1120256K
  class space    used 9534K, capacity 11643K, committed 11696K, reserved 1048576K
Event: 24.938 GC heap after
Heap after GC invocations=13 (full 3):
 PSYoungGen      total 135168K, used 27108K [0x00000000f5580000, 0x0000000100000000, 0x0000000100000000)
  eden space 108032K, 0% used [0x00000000f5580000,0x00000000f5580000,0x00000000fbf00000)
  from space 27136K, 99% used [0x00000000fe580000,0x00000000ffff93d8,0x0000000100000000)
  to   space 33280K, 0% used [0x00000000fbf00000,0x00000000fbf00000,0x00000000fdf80000)
 ParOldGen       total 112640K, used 43863K [0x00000000e0000000, 0x00000000e6e00000, 0x00000000f5580000)
  object space 112640K, 38% used [0x00000000e0000000,0x00000000e2ad5d38,0x00000000e6e00000)
 Metaspace       used 75817K, capacity 81978K, committed 82328K, reserved 1120256K
  class space    used 9534K, capacity 11643K, committed 11696K, reserved 1048576K
}
Event: 74.867 GC heap before
{Heap before GC invocations=14 (full 3):
 PSYoungGen      total 135168K, used 135140K [0x00000000f5580000, 0x0000000100000000, 0x0000000100000000)
  eden space 108032K, 100% used [0x00000000f5580000,0x00000000fbf00000,0x00000000fbf00000)
  from space 27136K, 99% used [0x00000000fe580000,0x00000000ffff93d8,0x0000000100000000)
  to   space 33280K, 0% used [0x00000000fbf00000,0x00000000fbf00000,0x00000000fdf80000)
 ParOldGen       total 112640K, used 43863K [0x00000000e0000000, 0x00000000e6e00000, 0x00000000f5580000)
  object space 112640K, 38% used [0x00000000e0000000,0x00000000e2ad5d38,0x00000000e6e00000)
 Metaspace       used 78661K, capacity 84918K, committed 85144K, reserved 1122304K
  class space    used 9804K, capacity 11909K, committed 11952K, reserved 1048576K
Event: 74.884 GC heap after
Heap after GC invocations=14 (full 3):
 PSYoungGen      total 134656K, used 26548K [0x00000000f5580000, 0x0000000100000000, 0x0000000100000000)
  eden space 108032K, 0% used [0x00000000f5580000,0x00000000f5580000,0x00000000fbf00000)
  from space 26624K, 99% used [0x00000000fbf00000,0x00000000fd8ed2b0,0x00000000fd900000)
  to   space 35840K, 0% used [0x00000000fdd00000,0x00000000fdd00000,0x0000000100000000)
 ParOldGen       total 112640K, used 43871K [0x00000000e0000000, 0x00000000e6e00000, 0x00000000f5580000)
  object space 112640K, 38% used [0x00000000e0000000,0x00000000e2ad7d38,0x00000000e6e00000)
 Metaspace       used 78661K, capacity 84918K, committed 85144K, reserved 1122304K
  class space    used 9804K, capacity 11909K, committed 11952K, reserved 1048576K
}
Event: 153.770 GC heap before
{Heap before GC invocations=15 (full 3):
 PSYoungGen      total 134656K, used 134580K [0x00000000f5580000, 0x0000000100000000, 0x0000000100000000)
  eden space 108032K, 100% used [0x00000000f5580000,0x00000000fbf00000,0x00000000fbf00000)
  from space 26624K, 99% used [0x00000000fbf00000,0x00000000fd8ed2b0,0x00000000fd900000)
  to   space 35840K, 0% used [0x00000000fdd00000,0x00000000fdd00000,0x0000000100000000)
 ParOldGen       total 112640K, used 43871K [0x00000000e0000000, 0x00000000e6e00000, 0x00000000f5580000)
  object space 112640K, 38% used [0x00000000e0000000,0x00000000e2ad7d38,0x00000000e6e00000)
 Metaspace       used 79959K, capacity 86340K, committed 86552K, reserved 1124352K
  class space    used 9896K, capacity 12067K, committed 12080K, reserved 1048576K
Event: 153.787 GC heap after
Heap after GC invocations=15 (full 3):
 PSYoungGen      total 134656K, used 26394K [0x00000000f5580000, 0x0000000100000000, 0x0000000100000000)
  eden space 98816K, 0% used [0x00000000f5580000,0x00000000f5580000,0x00000000fb600000)
  from space 35840K, 73% used [0x00000000fdd00000,0x00000000ff6c6ab8,0x0000000100000000)
  to   space 37888K, 0% used [0x00000000fb600000,0x00000000fb600000,0x00000000fdb00000)
 ParOldGen       total 112640K, used 43879K [0x00000000e0000000, 0x00000000e6e00000, 0x00000000f5580000)
  object space 112640K, 38% used [0x00000000e0000000,0x00000000e2ad9d38,0x00000000e6e00000)
 Metaspace       used 79959K, capacity 86340K, committed 86552K, reserved 1124352K
  class space    used 9896K, capacity 12067K, committed 12080K, reserved 1048576K
}
Event: 205.141 GC heap before
{Heap before GC invocations=16 (full 3):
 PSYoungGen      total 134656K, used 125210K [0x00000000f5580000, 0x0000000100000000, 0x0000000100000000)
  eden space 98816K, 100% used [0x00000000f5580000,0x00000000fb600000,0x00000000fb600000)
  from space 35840K, 73% used [0x00000000fdd00000,0x00000000ff6c6ab8,0x0000000100000000)
  to   space 37888K, 0% used [0x00000000fb600000,0x00000000fb600000,0x00000000fdb00000)
 ParOldGen       total 112640K, used 43879K [0x00000000e0000000, 0x00000000e6e00000, 0x00000000f5580000)
  object space 112640K, 38% used [0x00000000e0000000,0x00000000e2ad9d38,0x00000000e6e00000)
 Metaspace       used 86817K, capacity 93866K, committed 93976K, reserved 1130496K
  class space    used 10506K, capacity 12842K, committed 12848K, reserved 1048576K
Event: 205.160 GC heap after
Heap after GC invocations=16 (full 3):
 PSYoungGen      total 132096K, used 33226K [0x00000000f5580000, 0x0000000100000000, 0x0000000100000000)
  eden space 98816K, 0% used [0x00000000f5580000,0x00000000f5580000,0x00000000fb600000)
  from space 33280K, 99% used [0x00000000fb600000,0x00000000fd672960,0x00000000fd680000)
  to   space 41984K, 0% used [0x00000000fd700000,0x00000000fd700000,0x0000000100000000)
 ParOldGen       total 112640K, used 43887K [0x00000000e0000000, 0x00000000e6e00000, 0x00000000f5580000)
  object space 112640K, 38% used [0x00000000e0000000,0x00000000e2adbd38,0x00000000e6e00000)
 Metaspace       used 86817K, capacity 93866K, committed 93976K, reserved 1130496K
  class space    used 10506K, capacity 12842K, committed 12848K, reserved 1048576K
}

