# JRE version: Java(TM) SE Runtime Environment (8.0_66-b18) (build 1.8.0_66-b18)
# Java VM: Java HotSpot(TM) 64-Bit Server VM (25.66-b18 mixed mode windows-amd64 compressed oops)
Heap:
 PSYoungGen      total 119296K, used 89373K [0x00000000f5580000, 0x00000000fe400000, 0x0000000100000000)
  eden space 97792K, 76% used [0x00000000f5580000,0x00000000f9f00760,0x00000000fb500000)
  from space 21504K, 65% used [0x00000000fcf00000,0x00000000fdcc6ca0,0x00000000fe400000)
  to   space 24064K, 0% used [0x00000000fb500000,0x00000000fb500000,0x00000000fcc80000)
 ParOldGen       total 93696K, used 47560K [0x00000000e0000000, 0x00000000e5b80000, 0x00000000f5580000)
  object space 93696K, 50% used [0x00000000e0000000,0x00000000e2e721e8,0x00000000e5b80000)
 Metaspace       used 96655K, capacity 103928K, committed 104064K, reserved 1138688K
  class space    used 11410K, capacity 13850K, committed 13952K, reserved 1048576K
GC Heap History (10 events):
Event: 2642.952 GC heap before
{Heap before GC invocations=66 (full 26):
 PSYoungGen      total 125952K, used 125872K [0x00000000f5580000, 0x00000000fe580000, 0x0000000100000000)
  eden space 115712K, 100% used [0x00000000f5580000,0x00000000fc680000,0x00000000fc680000)
  from space 10240K, 99% used [0x00000000fca80000,0x00000000fd46c148,0x00000000fd480000)
  to   space 15872K, 0% used [0x00000000fd600000,0x00000000fd600000,0x00000000fe580000)
 ParOldGen       total 93696K, used 47517K [0x00000000e0000000, 0x00000000e5b80000, 0x00000000f5580000)
  object space 93696K, 50% used [0x00000000e0000000,0x00000000e2e67598,0x00000000e5b80000)
 Metaspace       used 95263K, capacity 102614K, committed 102912K, reserved 1138688K
  class space    used 11302K, capacity 13717K, committed 13824K, reserved 1048576K
Event: 2642.960 GC heap after
Heap after GC invocations=66 (full 26):
 PSYoungGen      total 127488K, used 13063K [0x00000000f5580000, 0x00000000fe580000, 0x0000000100000000)
  eden space 111616K, 0% used [0x00000000f5580000,0x00000000f5580000,0x00000000fc280000)
  from space 15872K, 82% used [0x00000000fd600000,0x00000000fe2c1dd0,0x00000000fe580000)
  to   space 17920K, 0% used [0x00000000fc280000,0x00000000fc280000,0x00000000fd400000)
 ParOldGen       total 93696K, used 47536K [0x00000000e0000000, 0x00000000e5b80000, 0x00000000f5580000)
  object space 93696K, 50% used [0x00000000e0000000,0x00000000e2e6c1e8,0x00000000e5b80000)
 Metaspace       used 95263K, capacity 102614K, committed 102912K, reserved 1138688K
  class space    used 11302K, capacity 13717K, committed 13824K, reserved 1048576K
}
Event: 4293.206 GC heap before
{Heap before GC invocations=67 (full 26):
 PSYoungGen      total 127488K, used 124676K [0x00000000f5580000, 0x00000000fe580000, 0x0000000100000000)
  eden space 111616K, 99% used [0x00000000f5580000,0x00000000fc27f618,0x00000000fc280000)
  from space 15872K, 82% used [0x00000000fd600000,0x00000000fe2c1dd0,0x00000000fe580000)
  to   space 17920K, 0% used [0x00000000fc280000,0x00000000fc280000,0x00000000fd400000)
 ParOldGen       total 93696K, used 47536K [0x00000000e0000000, 0x00000000e5b80000, 0x00000000f5580000)
  object space 93696K, 50% used [0x00000000e0000000,0x00000000e2e6c1e8,0x00000000e5b80000)
 Metaspace       used 95564K, capacity 102934K, committed 103168K, reserved 1138688K
  class space    used 11330K, capacity 13717K, committed 13824K, reserved 1048576K
Event: 4293.216 GC heap after
Heap after GC invocations=67 (full 26):
 PSYoungGen      total 122880K, used 14754K [0x00000000f5580000, 0x00000000fe700000, 0x0000000100000000)
  eden space 108032K, 0% used [0x00000000f5580000,0x00000000f5580000,0x00000000fbf00000)
  from space 14848K, 99% used [0x00000000fc280000,0x00000000fd0e8968,0x00000000fd100000)
  to   space 20480K, 0% used [0x00000000fd300000,0x00000000fd300000,0x00000000fe700000)
 ParOldGen       total 93696K, used 47536K [0x00000000e0000000, 0x00000000e5b80000, 0x00000000f5580000)
  object space 93696K, 50% used [0x00000000e0000000,0x00000000e2e6c1e8,0x00000000e5b80000)
 Metaspace       used 95564K, capacity 102934K, committed 103168K, reserved 1138688K
  class space    used 11330K, capacity 13717K, committed 13824K, reserved 1048576K
}
Event: 6906.932 GC heap before
{Heap before GC invocations=68 (full 26):
 PSYoungGen      total 122880K, used 122786K [0x00000000f5580000, 0x00000000fe700000, 0x0000000100000000)
  eden space 108032K, 100% used [0x00000000f5580000,0x00000000fbf00000,0x00000000fbf00000)
  from space 14848K, 99% used [0x00000000fc280000,0x00000000fd0e8968,0x00000000fd100000)
  to   space 20480K, 0% used [0x00000000fd300000,0x00000000fd300000,0x00000000fe700000)
 ParOldGen       total 93696K, used 47536K [0x00000000e0000000, 0x00000000e5b80000, 0x00000000f5580000)
  object space 93696K, 50% used [0x00000000e0000000,0x00000000e2e6c1e8,0x00000000e5b80000)
 Metaspace       used 95619K, capacity 102934K, committed 103168K, reserved 1138688K
  class space    used 11330K, capacity 13717K, committed 13824K, reserved 1048576K
Event: 6906.945 GC heap after
Heap after GC invocations=68 (full 26):
 PSYoungGen      total 124416K, used 15208K [0x00000000f5580000, 0x00000000fe680000, 0x0000000100000000)
  eden space 104448K, 0% used [0x00000000f5580000,0x00000000f5580000,0x00000000fbb80000)
  from space 19968K, 76% used [0x00000000fd300000,0x00000000fe1da3b8,0x00000000fe680000)
  to   space 22016K, 0% used [0x00000000fbb80000,0x00000000fbb80000,0x00000000fd100000)
 ParOldGen       total 93696K, used 47544K [0x00000000e0000000, 0x00000000e5b80000, 0x00000000f5580000)
  object space 93696K, 50% used [0x00000000e0000000,0x00000000e2e6e1e8,0x00000000e5b80000)
 Metaspace       used 95619K, capacity 102934K, committed 103168K, reserved 1138688K
  class space    used 11330K, capacity 13717K, committed 13824K, reserved 1048576K
}
Event: 9114.934 GC heap before
{Heap before GC invocations=69 (full 26):
 PSYoungGen      total 124416K, used 119656K [0x00000000f5580000, 0x00000000fe680000, 0x0000000100000000)
  eden space 104448K, 100% used [0x00000000f5580000,0x00000000fbb80000,0x00000000fbb80000)
  from space 19968K, 76% used [0x00000000fd300000,0x00000000fe1da3b8,0x00000000fe680000)
  to   space 22016K, 0% used [0x00000000fbb80000,0x00000000fbb80000,0x00000000fd100000)
 ParOldGen       total 93696K, used 47544K [0x00000000e0000000, 0x00000000e5b80000, 0x00000000f5580000)
  object space 93696K, 50% used [0x00000000e0000000,0x00000000e2e6e1e8,0x00000000e5b80000)
 Metaspace       used 95677K, capacity 103126K, committed 103424K, reserved 1138688K
  class space    used 11331K, capacity 13717K, committed 13824K, reserved 1048576K
Event: 9114.944 GC heap after
Heap after GC invocations=69 (full 26):
 PSYoungGen      total 115712K, used 14693K [0x00000000f5580000, 0x00000000fe600000, 0x0000000100000000)
  eden space 100864K, 0% used [0x00000000f5580000,0x00000000f5580000,0x00000000fb800000)
  from space 14848K, 98% used [0x00000000fbb80000,0x00000000fc9d9598,0x00000000fca00000)
  to   space 23552K, 0% used [0x00000000fcf00000,0x00000000fcf00000,0x00000000fe600000)
 ParOldGen       total 93696K, used 47552K [0x00000000e0000000, 0x00000000e5b80000, 0x00000000f5580000)
  object space 93696K, 50% used [0x00000000e0000000,0x00000000e2e701e8,0x00000000e5b80000)
 Metaspace       used 95677K, capacity 103126K, committed 103424K, reserved 1138688K
  class space    used 11331K, capacity 13717K, committed 13824K, reserved 1048576K
}
Event: 9185.975 GC heap before
{Heap before GC invocations=70 (full 26):
 PSYoungGen      total 115712K, used 115557K [0x00000000f5580000, 0x00000000fe600000, 0x0000000100000000)
  eden space 100864K, 100% used [0x00000000f5580000,0x00000000fb800000,0x00000000fb800000)
  from space 14848K, 98% used [0x00000000fbb80000,0x00000000fc9d9598,0x00000000fca00000)
  to   space 23552K, 0% used [0x00000000fcf00000,0x00000000fcf00000,0x00000000fe600000)
 ParOldGen       total 93696K, used 47552K [0x00000000e0000000, 0x00000000e5b80000, 0x00000000f5580000)
  object space 93696K, 50% used [0x00000000e0000000,0x00000000e2e701e8,0x00000000e5b80000)
 Metaspace       used 96048K, capacity 103446K, committed 103680K, reserved 1138688K
  class space    used 11347K, capacity 13717K, committed 13824K, reserved 1048576K
Event: 9185.984 GC heap after
Heap after GC invocations=70 (full 26):
 PSYoungGen      total 119296K, used 14107K [0x00000000f5580000, 0x00000000fe400000, 0x0000000100000000)
  eden space 97792K, 0% used [0x00000000f5580000,0x00000000f5580000,0x00000000fb500000)
  from space 21504K, 65% used [0x00000000fcf00000,0x00000000fdcc6ca0,0x00000000fe400000)
  to   space 24064K, 0% used [0x00000000fb500000,0x00000000fb500000,0x00000000fcc80000)
 ParOldGen       total 93696K, used 47560K [0x00000000e0000000, 0x00000000e5b80000, 0x00000000f5580000)
  object space 93696K, 50% used [0x00000000e0000000,0x00000000e2e721e8,0x00000000e5b80000)
 Metaspace       used 96048K, capacity 103446K, committed 103680K, reserved 1138688K
  class space    used 11347K, capacity 13717K, committed 13824K, reserved 1048576K
}

