# JRE version: Java(TM) SE Runtime Environment (8.0_66-b18) (build 1.8.0_66-b18)
# Java VM: Java HotSpot(TM) 64-Bit Server VM (25.66-b18 mixed mode windows-amd64 compressed oops)
Heap:
 PSYoungGen      total 126464K, used 52518K [0x00000000f5580000, 0x00000000fe880000, 0x0000000100000000)
  eden space 121856K, 43% used [0x00000000f5580000,0x00000000f88c9bc8,0x00000000fcc80000)
  from space 4608K, 0% used [0x00000000fcc80000,0x00000000fcc80000,0x00000000fd100000)
  to   space 14336K, 0% used [0x00000000fda80000,0x00000000fda80000,0x00000000fe880000)
 ParOldGen       total 166912K, used 57502K [0x00000000e0000000, 0x00000000ea300000, 0x00000000f5580000)
  object space 166912K, 34% used [0x00000000e0000000,0x00000000e3827848,0x00000000ea300000)
 Metaspace       used 97857K, capacity 105344K, committed 105676K, reserved 1140736K
  class space    used 11401K, capacity 13780K, committed 13824K, reserved 1048576K
GC Heap History (10 events):
Event: 1282.604 GC heap before
{Heap before GC invocations=40 (full 8):
 PSYoungGen      total 136192K, used 6550K [0x00000000f5580000, 0x00000000feb00000, 0x0000000100000000)
  eden space 121344K, 0% used [0x00000000f5580000,0x00000000f5580000,0x00000000fcc00000)
  from space 14848K, 44% used [0x00000000fdc80000,0x00000000fe2e5a80,0x00000000feb00000)
  to   space 15872K, 0% used [0x00000000fcc00000,0x00000000fcc00000,0x00000000fdb80000)
 ParOldGen       total 166912K, used 55517K [0x00000000e0000000, 0x00000000ea300000, 0x00000000f5580000)
  object space 166912K, 33% used [0x00000000e0000000,0x00000000e3637418,0x00000000ea300000)
 Metaspace       used 96699K, capacity 104434K, committed 104780K, reserved 1140736K
  class space    used 11301K, capacity 13677K, committed 13696K, reserved 1048576K
Event: 1282.967 GC heap after
Heap after GC invocations=40 (full 8):
 PSYoungGen      total 136192K, used 0K [0x00000000f5580000, 0x00000000feb00000, 0x0000000100000000)
  eden space 121344K, 0% used [0x00000000f5580000,0x00000000f5580000,0x00000000fcc00000)
  from space 14848K, 0% used [0x00000000fdc80000,0x00000000fdc80000,0x00000000feb00000)
  to   space 15872K, 0% used [0x00000000fcc00000,0x00000000fcc00000,0x00000000fdb80000)
 ParOldGen       total 166912K, used 58631K [0x00000000e0000000, 0x00000000ea300000, 0x00000000f5580000)
  object space 166912K, 35% used [0x00000000e0000000,0x00000000e3941f78,0x00000000ea300000)
 Metaspace       used 96699K, capacity 104434K, committed 104780K, reserved 1140736K
  class space    used 11301K, capacity 13677K, committed 13696K, reserved 1048576K
}
Event: 1666.341 GC heap before
{Heap before GC invocations=41 (full 8):
 PSYoungGen      total 136192K, used 121344K [0x00000000f5580000, 0x00000000feb00000, 0x0000000100000000)
  eden space 121344K, 100% used [0x00000000f5580000,0x00000000fcc00000,0x00000000fcc00000)
  from space 14848K, 0% used [0x00000000fdc80000,0x00000000fdc80000,0x00000000feb00000)
  to   space 15872K, 0% used [0x00000000fcc00000,0x00000000fcc00000,0x00000000fdb80000)
 ParOldGen       total 166912K, used 58631K [0x00000000e0000000, 0x00000000ea300000, 0x00000000f5580000)
  object space 166912K, 35% used [0x00000000e0000000,0x00000000e3941f78,0x00000000ea300000)
 Metaspace       used 97046K, capacity 104728K, committed 105164K, reserved 1140736K
  class space    used 11329K, capacity 13710K, committed 13824K, reserved 1048576K
Event: 1666.346 GC heap after
Heap after GC invocations=41 (full 8):
 PSYoungGen      total 137216K, used 4340K [0x00000000f5580000, 0x00000000fea80000, 0x0000000100000000)
  eden space 121344K, 0% used [0x00000000f5580000,0x00000000f5580000,0x00000000fcc00000)
  from space 15872K, 27% used [0x00000000fcc00000,0x00000000fd03d168,0x00000000fdb80000)
  to   space 15360K, 0% used [0x00000000fdb80000,0x00000000fdb80000,0x00000000fea80000)
 ParOldGen       total 166912K, used 58639K [0x00000000e0000000, 0x00000000ea300000, 0x00000000f5580000)
  object space 166912K, 35% used [0x00000000e0000000,0x00000000e3943f78,0x00000000ea300000)
 Metaspace       used 97046K, capacity 104728K, committed 105164K, reserved 1140736K
  class space    used 11329K, capacity 13710K, committed 13824K, reserved 1048576K
}
Event: 2308.527 GC heap before
{Heap before GC invocations=42 (full 8):
 PSYoungGen      total 137216K, used 125684K [0x00000000f5580000, 0x00000000fea80000, 0x0000000100000000)
  eden space 121344K, 100% used [0x00000000f5580000,0x00000000fcc00000,0x00000000fcc00000)
  from space 15872K, 27% used [0x00000000fcc00000,0x00000000fd03d168,0x00000000fdb80000)
  to   space 15360K, 0% used [0x00000000fdb80000,0x00000000fdb80000,0x00000000fea80000)
 ParOldGen       total 166912K, used 58639K [0x00000000e0000000, 0x00000000ea300000, 0x00000000f5580000)
  object space 166912K, 35% used [0x00000000e0000000,0x00000000e3943f78,0x00000000ea300000)
 Metaspace       used 97149K, capacity 104728K, committed 105164K, reserved 1140736K
  class space    used 11330K, capacity 13710K, committed 13824K, reserved 1048576K
Event: 2308.533 GC heap after
Heap after GC invocations=42 (full 8):
 PSYoungGen      total 136192K, used 5069K [0x00000000f5580000, 0x00000000fe980000, 0x0000000100000000)
  eden space 121856K, 0% used [0x00000000f5580000,0x00000000f5580000,0x00000000fcc80000)
  from space 14336K, 35% used [0x00000000fdb80000,0x00000000fe073750,0x00000000fe980000)
  to   space 14848K, 0% used [0x00000000fcc80000,0x00000000fcc80000,0x00000000fdb00000)
 ParOldGen       total 166912K, used 58639K [0x00000000e0000000, 0x00000000ea300000, 0x00000000f5580000)
  object space 166912K, 35% used [0x00000000e0000000,0x00000000e3943f78,0x00000000ea300000)
 Metaspace       used 97149K, capacity 104728K, committed 105164K, reserved 1140736K
  class space    used 11330K, capacity 13710K, committed 13824K, reserved 1048576K
}
Event: 2455.576 GC heap before
{Heap before GC invocations=43 (full 8):
 PSYoungGen      total 136192K, used 45187K [0x00000000f5580000, 0x00000000fe980000, 0x0000000100000000)
  eden space 121856K, 32% used [0x00000000f5580000,0x00000000f7cad7d8,0x00000000fcc80000)
  from space 14336K, 35% used [0x00000000fdb80000,0x00000000fe073750,0x00000000fe980000)
  to   space 14848K, 0% used [0x00000000fcc80000,0x00000000fcc80000,0x00000000fdb00000)
 ParOldGen       total 166912K, used 58639K [0x00000000e0000000, 0x00000000ea300000, 0x00000000f5580000)
  object space 166912K, 35% used [0x00000000e0000000,0x00000000e3943f78,0x00000000ea300000)
 Metaspace       used 97240K, capacity 104792K, committed 105164K, reserved 1140736K
  class space    used 11333K, capacity 13710K, committed 13824K, reserved 1048576K
Event: 2455.582 GC heap after
Heap after GC invocations=43 (full 8):
 PSYoungGen      total 126464K, used 4313K [0x00000000f5580000, 0x00000000fe880000, 0x0000000100000000)
  eden space 121856K, 0% used [0x00000000f5580000,0x00000000f5580000,0x00000000fcc80000)
  from space 4608K, 93% used [0x00000000fcc80000,0x00000000fd0b6758,0x00000000fd100000)
  to   space 14336K, 0% used [0x00000000fda80000,0x00000000fda80000,0x00000000fe880000)
 ParOldGen       total 166912K, used 58647K [0x00000000e0000000, 0x00000000ea300000, 0x00000000f5580000)
  object space 166912K, 35% used [0x00000000e0000000,0x00000000e3945f78,0x00000000ea300000)
 Metaspace       used 97240K, capacity 104792K, committed 105164K, reserved 1140736K
  class space    used 11333K, capacity 13710K, committed 13824K, reserved 1048576K
}
Event: 2455.582 GC heap before
{Heap before GC invocations=44 (full 9):
 PSYoungGen      total 126464K, used 4313K [0x00000000f5580000, 0x00000000fe880000, 0x0000000100000000)
  eden space 121856K, 0% used [0x00000000f5580000,0x00000000f5580000,0x00000000fcc80000)
  from space 4608K, 93% used [0x00000000fcc80000,0x00000000fd0b6758,0x00000000fd100000)
  to   space 14336K, 0% used [0x00000000fda80000,0x00000000fda80000,0x00000000fe880000)
 ParOldGen       total 166912K, used 58647K [0x00000000e0000000, 0x00000000ea300000, 0x00000000f5580000)
  object space 166912K, 35% used [0x00000000e0000000,0x00000000e3945f78,0x00000000ea300000)
 Metaspace       used 97240K, capacity 104792K, committed 105164K, reserved 1140736K
  class space    used 11333K, capacity 13710K, committed 13824K, reserved 1048576K
Event: 2455.854 GC heap after
Heap after GC invocations=44 (full 9):
 PSYoungGen      total 126464K, used 0K [0x00000000f5580000, 0x00000000fe880000, 0x0000000100000000)
  eden space 121856K, 0% used [0x00000000f5580000,0x00000000f5580000,0x00000000fcc80000)
  from space 4608K, 0% used [0x00000000fcc80000,0x00000000fcc80000,0x00000000fd100000)
  to   space 14336K, 0% used [0x00000000fda80000,0x00000000fda80000,0x00000000fe880000)
 ParOldGen       total 166912K, used 57502K [0x00000000e0000000, 0x00000000ea300000, 0x00000000f5580000)
  object space 166912K, 34% used [0x00000000e0000000,0x00000000e3827848,0x00000000ea300000)
 Metaspace       used 97237K, capacity 104786K, committed 105164K, reserved 1140736K
  class space    used 11332K, capacity 13709K, committed 13824K, reserved 1048576K
}

