# JRE version: Java(TM) SE Runtime Environment (8.0_66-b18) (build 1.8.0_66-b18)
# Java VM: Java HotSpot(TM) 64-Bit Server VM (25.66-b18 mixed mode windows-amd64 compressed oops)
Heap:
 PSYoungGen      total 30720K, used 8984K [0x00000000f5580000, 0x00000000f7880000, 0x0000000100000000)
  eden space 26624K, 20% used [0x00000000f5580000,0x00000000f5aecad0,0x00000000f6f80000)
  from space 4096K, 83% used [0x00000000f7480000,0x00000000f77d9860,0x00000000f7880000)
  to   space 4608K, 0% used [0x00000000f6f80000,0x00000000f6f80000,0x00000000f7400000)
 ParOldGen       total 97792K, used 86223K [0x00000000e0000000, 0x00000000e5f80000, 0x00000000f5580000)
  object space 97792K, 88% used [0x00000000e0000000,0x00000000e5433fd0,0x00000000e5f80000)
 Metaspace       used 98180K, capacity 105832K, committed 106240K, reserved 1142784K
  class space    used 11265K, capacity 13702K, committed 13824K, reserved 1048576K
GC Heap History (10 events):
Event: 11293.676 GC heap before
{Heap before GC invocations=668 (full 66):
 PSYoungGen      total 32256K, used 32044K [0x00000000f5580000, 0x00000000f7b00000, 0x0000000100000000)
  eden space 29184K, 100% used [0x00000000f5580000,0x00000000f7200000,0x00000000f7200000)
  from space 3072K, 93% used [0x00000000f7280000,0x00000000f754b110,0x00000000f7580000)
  to   space 4608K, 0% used [0x00000000f7680000,0x00000000f7680000,0x00000000f7b00000)
 ParOldGen       total 97792K, used 86175K [0x00000000e0000000, 0x00000000e5f80000, 0x00000000f5580000)
  object space 97792K, 88% used [0x00000000e0000000,0x00000000e5427fd0,0x00000000e5f80000)
 Metaspace       used 97384K, capacity 104946K, committed 105216K, reserved 1140736K
  class space    used 11185K, capacity 13539K, committed 13568K, reserved 1048576K
Event: 11293.682 GC heap after
Heap after GC invocations=668 (full 66):
 PSYoungGen      total 32768K, used 3746K [0x00000000f5580000, 0x00000000f7a80000, 0x0000000100000000)
  eden space 28672K, 0% used [0x00000000f5580000,0x00000000f5580000,0x00000000f7180000)
  from space 4096K, 91% used [0x00000000f7680000,0x00000000f7a28ae8,0x00000000f7a80000)
  to   space 4608K, 0% used [0x00000000f7180000,0x00000000f7180000,0x00000000f7600000)
 ParOldGen       total 97792K, used 86183K [0x00000000e0000000, 0x00000000e5f80000, 0x00000000f5580000)
  object space 97792K, 88% used [0x00000000e0000000,0x00000000e5429fd0,0x00000000e5f80000)
 Metaspace       used 97384K, capacity 104946K, committed 105216K, reserved 1140736K
  class space    used 11185K, capacity 13539K, committed 13568K, reserved 1048576K
}
Event: 11300.926 GC heap before
{Heap before GC invocations=669 (full 66):
 PSYoungGen      total 32768K, used 32418K [0x00000000f5580000, 0x00000000f7a80000, 0x0000000100000000)
  eden space 28672K, 100% used [0x00000000f5580000,0x00000000f7180000,0x00000000f7180000)
  from space 4096K, 91% used [0x00000000f7680000,0x00000000f7a28ae8,0x00000000f7a80000)
  to   space 4608K, 0% used [0x00000000f7180000,0x00000000f7180000,0x00000000f7600000)
 ParOldGen       total 97792K, used 86183K [0x00000000e0000000, 0x00000000e5f80000, 0x00000000f5580000)
  object space 97792K, 88% used [0x00000000e0000000,0x00000000e5429fd0,0x00000000e5f80000)
 Metaspace       used 97408K, capacity 105074K, committed 105216K, reserved 1140736K
  class space    used 11185K, capacity 13539K, committed 13568K, reserved 1048576K
Event: 11300.944 GC heap after
Heap after GC invocations=669 (full 66):
 PSYoungGen      total 31232K, used 2981K [0x00000000f5580000, 0x00000000f7a00000, 0x0000000100000000)
  eden space 28160K, 0% used [0x00000000f5580000,0x00000000f5580000,0x00000000f7100000)
  from space 3072K, 97% used [0x00000000f7180000,0x00000000f74694b0,0x00000000f7480000)
  to   space 4608K, 0% used [0x00000000f7580000,0x00000000f7580000,0x00000000f7a00000)
 ParOldGen       total 97792K, used 86191K [0x00000000e0000000, 0x00000000e5f80000, 0x00000000f5580000)
  object space 97792K, 88% used [0x00000000e0000000,0x00000000e542bfd0,0x00000000e5f80000)
 Metaspace       used 97408K, capacity 105074K, committed 105216K, reserved 1140736K
  class space    used 11185K, capacity 13539K, committed 13568K, reserved 1048576K
}
Event: 11331.257 GC heap before
{Heap before GC invocations=670 (full 66):
 PSYoungGen      total 31232K, used 30946K [0x00000000f5580000, 0x00000000f7a00000, 0x0000000100000000)
  eden space 28160K, 99% used [0x00000000f5580000,0x00000000f70cf5b0,0x00000000f7100000)
  from space 3072K, 97% used [0x00000000f7180000,0x00000000f74694b0,0x00000000f7480000)
  to   space 4608K, 0% used [0x00000000f7580000,0x00000000f7580000,0x00000000f7a00000)
 ParOldGen       total 97792K, used 86191K [0x00000000e0000000, 0x00000000e5f80000, 0x00000000f5580000)
  object space 97792K, 88% used [0x00000000e0000000,0x00000000e542bfd0,0x00000000e5f80000)
 Metaspace       used 97416K, capacity 105138K, committed 105472K, reserved 1140736K
  class space    used 11186K, capacity 13539K, committed 13568K, reserved 1048576K
Event: 11331.263 GC heap after
Heap after GC invocations=670 (full 66):
 PSYoungGen      total 31744K, used 3302K [0x00000000f5580000, 0x00000000f7980000, 0x0000000100000000)
  eden space 27648K, 0% used [0x00000000f5580000,0x00000000f5580000,0x00000000f7080000)
  from space 4096K, 80% used [0x00000000f7580000,0x00000000f78b9a30,0x00000000f7980000)
  to   space 4608K, 0% used [0x00000000f7080000,0x00000000f7080000,0x00000000f7500000)
 ParOldGen       total 97792K, used 86207K [0x00000000e0000000, 0x00000000e5f80000, 0x00000000f5580000)
  object space 97792K, 88% used [0x00000000e0000000,0x00000000e542ffd0,0x00000000e5f80000)
 Metaspace       used 97416K, capacity 105138K, committed 105472K, reserved 1140736K
  class space    used 11186K, capacity 13539K, committed 13568K, reserved 1048576K
}
Event: 11353.886 GC heap before
{Heap before GC invocations=671 (full 66):
 PSYoungGen      total 31744K, used 30950K [0x00000000f5580000, 0x00000000f7980000, 0x0000000100000000)
  eden space 27648K, 100% used [0x00000000f5580000,0x00000000f7080000,0x00000000f7080000)
  from space 4096K, 80% used [0x00000000f7580000,0x00000000f78b9a30,0x00000000f7980000)
  to   space 4608K, 0% used [0x00000000f7080000,0x00000000f7080000,0x00000000f7500000)
 ParOldGen       total 97792K, used 86207K [0x00000000e0000000, 0x00000000e5f80000, 0x00000000f5580000)
  object space 97792K, 88% used [0x00000000e0000000,0x00000000e542ffd0,0x00000000e5f80000)
 Metaspace       used 97564K, capacity 105234K, committed 105600K, reserved 1140736K
  class space    used 11204K, capacity 13571K, committed 13696K, reserved 1048576K
Event: 11353.891 GC heap after
Heap after GC invocations=671 (full 66):
 PSYoungGen      total 30720K, used 3305K [0x00000000f5580000, 0x00000000f7900000, 0x0000000100000000)
  eden space 27136K, 0% used [0x00000000f5580000,0x00000000f5580000,0x00000000f7000000)
  from space 3584K, 92% used [0x00000000f7080000,0x00000000f73ba790,0x00000000f7400000)
  to   space 4608K, 0% used [0x00000000f7480000,0x00000000f7480000,0x00000000f7900000)
 ParOldGen       total 97792K, used 86215K [0x00000000e0000000, 0x00000000e5f80000, 0x00000000f5580000)
  object space 97792K, 88% used [0x00000000e0000000,0x00000000e5431fd0,0x00000000e5f80000)
 Metaspace       used 97564K, capacity 105234K, committed 105600K, reserved 1140736K
  class space    used 11204K, capacity 13571K, committed 13696K, reserved 1048576K
}
Event: 11355.983 GC heap before
{Heap before GC invocations=672 (full 66):
 PSYoungGen      total 30720K, used 30441K [0x00000000f5580000, 0x00000000f7900000, 0x0000000100000000)
  eden space 27136K, 100% used [0x00000000f5580000,0x00000000f7000000,0x00000000f7000000)
  from space 3584K, 92% used [0x00000000f7080000,0x00000000f73ba790,0x00000000f7400000)
  to   space 4608K, 0% used [0x00000000f7480000,0x00000000f7480000,0x00000000f7900000)
 ParOldGen       total 97792K, used 86215K [0x00000000e0000000, 0x00000000e5f80000, 0x00000000f5580000)
  object space 97792K, 88% used [0x00000000e0000000,0x00000000e5431fd0,0x00000000e5f80000)
 Metaspace       used 98051K, capacity 105768K, committed 105984K, reserved 1140736K
  class space    used 11256K, capacity 13702K, committed 13824K, reserved 1048576K
Event: 11355.990 GC heap after
Heap after GC invocations=672 (full 66):
 PSYoungGen      total 30720K, used 3430K [0x00000000f5580000, 0x00000000f7880000, 0x0000000100000000)
  eden space 26624K, 0% used [0x00000000f5580000,0x00000000f5580000,0x00000000f6f80000)
  from space 4096K, 83% used [0x00000000f7480000,0x00000000f77d9860,0x00000000f7880000)
  to   space 4608K, 0% used [0x00000000f6f80000,0x00000000f6f80000,0x00000000f7400000)
 ParOldGen       total 97792K, used 86223K [0x00000000e0000000, 0x00000000e5f80000, 0x00000000f5580000)
  object space 97792K, 88% used [0x00000000e0000000,0x00000000e5433fd0,0x00000000e5f80000)
 Metaspace       used 98051K, capacity 105768K, committed 105984K, reserved 1140736K
  class space    used 11256K, capacity 13702K, committed 13824K, reserved 1048576K
}

