# JRE version: Java(TM) SE Runtime Environment (8.0_66-b18) (build 1.8.0_66-b18)
# Java VM: Java HotSpot(TM) 64-Bit Server VM (25.66-b18 mixed mode windows-amd64 compressed oops)
Heap:
 PSYoungGen      total 151552K, used 28320K [0x00000000f5580000, 0x0000000100000000, 0x0000000100000000)
  eden space 148992K, 17% used [0x00000000f5580000,0x00000000f6ee1a90,0x00000000fe700000)
  from space 2560K, 91% used [0x00000000fe700000,0x00000000fe946728,0x00000000fe980000)
  to   space 14336K, 0% used [0x00000000ff200000,0x00000000ff200000,0x0000000100000000)
 ParOldGen       total 142336K, used 82283K [0x00000000e0000000, 0x00000000e8b00000, 0x00000000f5580000)
  object space 142336K, 57% used [0x00000000e0000000,0x00000000e505aca8,0x00000000e8b00000)
 Metaspace       used 100211K, capacity 107676K, committed 107904K, reserved 1142784K
  class space    used 11702K, capacity 14077K, committed 14208K, reserved 1048576K
GC Heap History (10 events):
Event: 4388.938 GC heap before
{Heap before GC invocations=3561 (full 25):
 PSYoungGen      total 162304K, used 161045K [0x00000000f5580000, 0x0000000100000000, 0x0000000100000000)
  eden space 150528K, 99% used [0x00000000f5580000,0x00000000fe749490,0x00000000fe880000)
  from space 11776K, 99% used [0x00000000fe880000,0x00000000ff3fc0d0,0x00000000ff400000)
  to   space 12288K, 0% used [0x00000000ff400000,0x00000000ff400000,0x0000000100000000)
 ParOldGen       total 142336K, used 124457K [0x00000000e0000000, 0x00000000e8b00000, 0x00000000f5580000)
  object space 142336K, 87% used [0x00000000e0000000,0x00000000e798a5e0,0x00000000e8b00000)
 Metaspace       used 99445K, capacity 107022K, committed 107264K, reserved 1142784K
  class space    used 11627K, capacity 14038K, committed 14080K, reserved 1048576K
Event: 4388.942 GC heap after
Heap after GC invocations=3561 (full 25):
 PSYoungGen      total 162304K, used 11232K [0x00000000f5580000, 0x0000000100000000, 0x0000000100000000)
  eden space 150016K, 0% used [0x00000000f5580000,0x00000000f5580000,0x00000000fe800000)
  from space 12288K, 91% used [0x00000000ff400000,0x00000000ffef8290,0x0000000100000000)
  to   space 12288K, 0% used [0x00000000fe800000,0x00000000fe800000,0x00000000ff400000)
 ParOldGen       total 142336K, used 125003K [0x00000000e0000000, 0x00000000e8b00000, 0x00000000f5580000)
  object space 142336K, 87% used [0x00000000e0000000,0x00000000e7a12ce0,0x00000000e8b00000)
 Metaspace       used 99445K, capacity 107022K, committed 107264K, reserved 1142784K
  class space    used 11627K, capacity 14038K, committed 14080K, reserved 1048576K
}
Event: 4389.063 GC heap before
{Heap before GC invocations=3562 (full 25):
 PSYoungGen      total 162304K, used 160573K [0x00000000f5580000, 0x0000000100000000, 0x0000000100000000)
  eden space 150016K, 99% used [0x00000000f5580000,0x00000000fe7572a0,0x00000000fe800000)
  from space 12288K, 91% used [0x00000000ff400000,0x00000000ffef8290,0x0000000100000000)
  to   space 12288K, 0% used [0x00000000fe800000,0x00000000fe800000,0x00000000ff400000)
 ParOldGen       total 142336K, used 125003K [0x00000000e0000000, 0x00000000e8b00000, 0x00000000f5580000)
  object space 142336K, 87% used [0x00000000e0000000,0x00000000e7a12ce0,0x00000000e8b00000)
 Metaspace       used 99445K, capacity 107022K, committed 107264K, reserved 1142784K
  class space    used 11627K, capacity 14038K, committed 14080K, reserved 1048576K
Event: 4389.067 GC heap after
Heap after GC invocations=3562 (full 25):
 PSYoungGen      total 162304K, used 11001K [0x00000000f5580000, 0x0000000100000000, 0x0000000100000000)
  eden space 150016K, 0% used [0x00000000f5580000,0x00000000f5580000,0x00000000fe800000)
  from space 12288K, 89% used [0x00000000fe800000,0x00000000ff2be508,0x00000000ff400000)
  to   space 12288K, 0% used [0x00000000ff400000,0x00000000ff400000,0x0000000100000000)
 ParOldGen       total 142336K, used 125300K [0x00000000e0000000, 0x00000000e8b00000, 0x00000000f5580000)
  object space 142336K, 88% used [0x00000000e0000000,0x00000000e7a5d028,0x00000000e8b00000)
 Metaspace       used 99445K, capacity 107022K, committed 107264K, reserved 1142784K
  class space    used 11627K, capacity 14038K, committed 14080K, reserved 1048576K
}
Event: 4394.026 GC heap before
{Heap before GC invocations=3563 (full 25):
 PSYoungGen      total 162304K, used 122718K [0x00000000f5580000, 0x0000000100000000, 0x0000000100000000)
  eden space 150016K, 74% used [0x00000000f5580000,0x00000000fc2995a8,0x00000000fe800000)
  from space 12288K, 89% used [0x00000000fe800000,0x00000000ff2be508,0x00000000ff400000)
  to   space 12288K, 0% used [0x00000000ff400000,0x00000000ff400000,0x0000000100000000)
 ParOldGen       total 142336K, used 125300K [0x00000000e0000000, 0x00000000e8b00000, 0x00000000f5580000)
  object space 142336K, 88% used [0x00000000e0000000,0x00000000e7a5d028,0x00000000e8b00000)
 Metaspace       used 99445K, capacity 107022K, committed 107264K, reserved 1142784K
  class space    used 11627K, capacity 14038K, committed 14080K, reserved 1048576K
Event: 4394.030 GC heap after
Heap after GC invocations=3563 (full 25):
 PSYoungGen      total 161280K, used 5846K [0x00000000f5580000, 0x0000000100000000, 0x0000000100000000)
  eden space 148992K, 0% used [0x00000000f5580000,0x00000000f5580000,0x00000000fe700000)
  from space 12288K, 47% used [0x00000000ff400000,0x00000000ff9b5948,0x0000000100000000)
  to   space 12800K, 0% used [0x00000000fe700000,0x00000000fe700000,0x00000000ff380000)
 ParOldGen       total 142336K, used 125340K [0x00000000e0000000, 0x00000000e8b00000, 0x00000000f5580000)
  object space 142336K, 88% used [0x00000000e0000000,0x00000000e7a67028,0x00000000e8b00000)
 Metaspace       used 99445K, capacity 107022K, committed 107264K, reserved 1142784K
  class space    used 11627K, capacity 14038K, committed 14080K, reserved 1048576K
}
Event: 4394.030 GC heap before
{Heap before GC invocations=3564 (full 26):
 PSYoungGen      total 161280K, used 5846K [0x00000000f5580000, 0x0000000100000000, 0x0000000100000000)
  eden space 148992K, 0% used [0x00000000f5580000,0x00000000f5580000,0x00000000fe700000)
  from space 12288K, 47% used [0x00000000ff400000,0x00000000ff9b5948,0x0000000100000000)
  to   space 12800K, 0% used [0x00000000fe700000,0x00000000fe700000,0x00000000ff380000)
 ParOldGen       total 142336K, used 125340K [0x00000000e0000000, 0x00000000e8b00000, 0x00000000f5580000)
  object space 142336K, 88% used [0x00000000e0000000,0x00000000e7a67028,0x00000000e8b00000)
 Metaspace       used 99445K, capacity 107022K, committed 107264K, reserved 1142784K
  class space    used 11627K, capacity 14038K, committed 14080K, reserved 1048576K
Event: 4394.356 GC heap after
Heap after GC invocations=3564 (full 26):
 PSYoungGen      total 161280K, used 0K [0x00000000f5580000, 0x0000000100000000, 0x0000000100000000)
  eden space 148992K, 0% used [0x00000000f5580000,0x00000000f5580000,0x00000000fe700000)
  from space 12288K, 0% used [0x00000000ff400000,0x00000000ff400000,0x0000000100000000)
  to   space 12800K, 0% used [0x00000000fe700000,0x00000000fe700000,0x00000000ff380000)
 ParOldGen       total 142336K, used 82283K [0x00000000e0000000, 0x00000000e8b00000, 0x00000000f5580000)
  object space 142336K, 57% used [0x00000000e0000000,0x00000000e505aca8,0x00000000e8b00000)
 Metaspace       used 99445K, capacity 107022K, committed 107264K, reserved 1142784K
  class space    used 11627K, capacity 14038K, committed 14080K, reserved 1048576K
}
Event: 4448.252 GC heap before
{Heap before GC invocations=3565 (full 26):
 PSYoungGen      total 161280K, used 148992K [0x00000000f5580000, 0x0000000100000000, 0x0000000100000000)
  eden space 148992K, 100% used [0x00000000f5580000,0x00000000fe700000,0x00000000fe700000)
  from space 12288K, 0% used [0x00000000ff400000,0x00000000ff400000,0x0000000100000000)
  to   space 12800K, 0% used [0x00000000fe700000,0x00000000fe700000,0x00000000ff380000)
 ParOldGen       total 142336K, used 82283K [0x00000000e0000000, 0x00000000e8b00000, 0x00000000f5580000)
  object space 142336K, 57% used [0x00000000e0000000,0x00000000e505aca8,0x00000000e8b00000)
 Metaspace       used 99701K, capacity 107282K, committed 107648K, reserved 1142784K
  class space    used 11649K, capacity 14076K, committed 14208K, reserved 1048576K
Event: 4448.256 GC heap after
Heap after GC invocations=3565 (full 26):
 PSYoungGen      total 151552K, used 2329K [0x00000000f5580000, 0x0000000100000000, 0x0000000100000000)
  eden space 148992K, 0% used [0x00000000f5580000,0x00000000f5580000,0x00000000fe700000)
  from space 2560K, 91% used [0x00000000fe700000,0x00000000fe946728,0x00000000fe980000)
  to   space 14336K, 0% used [0x00000000ff200000,0x00000000ff200000,0x0000000100000000)
 ParOldGen       total 142336K, used 82283K [0x00000000e0000000, 0x00000000e8b00000, 0x00000000f5580000)
  object space 142336K, 57% used [0x00000000e0000000,0x00000000e505aca8,0x00000000e8b00000)
 Metaspace       used 99701K, capacity 107282K, committed 107648K, reserved 1142784K
  class space    used 11649K, capacity 14076K, committed 14208K, reserved 1048576K
}

