# JRE version: Java(TM) SE Runtime Environment (8.0_66-b18) (build 1.8.0_66-b18)
# Java VM: Java HotSpot(TM) 64-Bit Server VM (25.66-b18 mixed mode windows-amd64 compressed oops)
Heap:
 PSYoungGen      total 163328K, used 61387K [0x00000000f5580000, 0x00000000ff580000, 0x0000000100000000)
  eden space 162816K, 37% used [0x00000000f5580000,0x00000000f910df80,0x00000000ff480000)
  from space 512K, 78% used [0x00000000ff500000,0x00000000ff564d30,0x00000000ff580000)
  to   space 512K, 0% used [0x00000000ff480000,0x00000000ff480000,0x00000000ff500000)
 ParOldGen       total 349696K, used 84144K [0x00000000e0000000, 0x00000000f5580000, 0x00000000f5580000)
  object space 349696K, 24% used [0x00000000e0000000,0x00000000e522c000,0x00000000f5580000)
 Metaspace       used 92305K, capacity 99918K, committed 100248K, reserved 1136640K
  class space    used 11045K, capacity 13416K, committed 13488K, reserved 1048576K
GC Heap History (10 events):
Event: 2305.993 GC heap before
{Heap before GC invocations=13772 (full 178):
 PSYoungGen      total 162304K, used 161792K [0x00000000f5580000, 0x00000000ff480000, 0x0000000100000000)
  eden space 161792K, 100% used [0x00000000f5580000,0x00000000ff380000,0x00000000ff380000)
  from space 512K, 0% used [0x00000000ff380000,0x00000000ff380000,0x00000000ff400000)
  to   space 512K, 0% used [0x00000000ff400000,0x00000000ff400000,0x00000000ff480000)
 ParOldGen       total 349696K, used 84144K [0x00000000e0000000, 0x00000000f5580000, 0x00000000f5580000)
  object space 349696K, 24% used [0x00000000e0000000,0x00000000e522c000,0x00000000f5580000)
 Metaspace       used 91347K, capacity 99038K, committed 99352K, reserved 1134592K
  class space    used 10939K, capacity 13254K, committed 13360K, reserved 1048576K
Event: 2305.996 GC heap after
Heap after GC invocations=13772 (full 178):
 PSYoungGen      total 162304K, used 128K [0x00000000f5580000, 0x00000000ff500000, 0x0000000100000000)
  eden space 161792K, 0% used [0x00000000f5580000,0x00000000f5580000,0x00000000ff380000)
  from space 512K, 25% used [0x00000000ff400000,0x00000000ff420000,0x00000000ff480000)
  to   space 512K, 0% used [0x00000000ff380000,0x00000000ff380000,0x00000000ff400000)
 ParOldGen       total 349696K, used 84144K [0x00000000e0000000, 0x00000000f5580000, 0x00000000f5580000)
  object space 349696K, 24% used [0x00000000e0000000,0x00000000e522c000,0x00000000f5580000)
 Metaspace       used 91347K, capacity 99038K, committed 99352K, reserved 1134592K
  class space    used 10939K, capacity 13254K, committed 13360K, reserved 1048576K
}
Event: 2311.521 GC heap before
{Heap before GC invocations=13773 (full 178):
 PSYoungGen      total 162304K, used 161920K [0x00000000f5580000, 0x00000000ff500000, 0x0000000100000000)
  eden space 161792K, 100% used [0x00000000f5580000,0x00000000ff380000,0x00000000ff380000)
  from space 512K, 25% used [0x00000000ff400000,0x00000000ff420000,0x00000000ff480000)
  to   space 512K, 0% used [0x00000000ff380000,0x00000000ff380000,0x00000000ff400000)
 ParOldGen       total 349696K, used 84144K [0x00000000e0000000, 0x00000000f5580000, 0x00000000f5580000)
  object space 349696K, 24% used [0x00000000e0000000,0x00000000e522c000,0x00000000f5580000)
 Metaspace       used 91347K, capacity 99038K, committed 99352K, reserved 1134592K
  class space    used 10939K, capacity 13254K, committed 13360K, reserved 1048576K
Event: 2311.523 GC heap after
Heap after GC invocations=13773 (full 178):
 PSYoungGen      total 162304K, used 192K [0x00000000f5580000, 0x00000000ff500000, 0x0000000100000000)
  eden space 161792K, 0% used [0x00000000f5580000,0x00000000f5580000,0x00000000ff380000)
  from space 512K, 37% used [0x00000000ff380000,0x00000000ff3b0000,0x00000000ff400000)
  to   space 512K, 0% used [0x00000000ff480000,0x00000000ff480000,0x00000000ff500000)
 ParOldGen       total 349696K, used 84144K [0x00000000e0000000, 0x00000000f5580000, 0x00000000f5580000)
  object space 349696K, 24% used [0x00000000e0000000,0x00000000e522c000,0x00000000f5580000)
 Metaspace       used 91347K, capacity 99038K, committed 99352K, reserved 1134592K
  class space    used 10939K, capacity 13254K, committed 13360K, reserved 1048576K
}
Event: 2317.048 GC heap before
{Heap before GC invocations=13774 (full 178):
 PSYoungGen      total 162304K, used 161984K [0x00000000f5580000, 0x00000000ff500000, 0x0000000100000000)
  eden space 161792K, 100% used [0x00000000f5580000,0x00000000ff380000,0x00000000ff380000)
  from space 512K, 37% used [0x00000000ff380000,0x00000000ff3b0000,0x00000000ff400000)
  to   space 512K, 0% used [0x00000000ff480000,0x00000000ff480000,0x00000000ff500000)
 ParOldGen       total 349696K, used 84144K [0x00000000e0000000, 0x00000000f5580000, 0x00000000f5580000)
  object space 349696K, 24% used [0x00000000e0000000,0x00000000e522c000,0x00000000f5580000)
 Metaspace       used 91347K, capacity 99038K, committed 99352K, reserved 1134592K
  class space    used 10939K, capacity 13254K, committed 13360K, reserved 1048576K
Event: 2317.051 GC heap after
Heap after GC invocations=13774 (full 178):
 PSYoungGen      total 162816K, used 160K [0x00000000f5580000, 0x00000000ff500000, 0x0000000100000000)
  eden space 162304K, 0% used [0x00000000f5580000,0x00000000f5580000,0x00000000ff400000)
  from space 512K, 31% used [0x00000000ff480000,0x00000000ff4a8000,0x00000000ff500000)
  to   space 512K, 0% used [0x00000000ff400000,0x00000000ff400000,0x00000000ff480000)
 ParOldGen       total 349696K, used 84144K [0x00000000e0000000, 0x00000000f5580000, 0x00000000f5580000)
  object space 349696K, 24% used [0x00000000e0000000,0x00000000e522c000,0x00000000f5580000)
 Metaspace       used 91347K, capacity 99038K, committed 99352K, reserved 1134592K
  class space    used 10939K, capacity 13254K, committed 13360K, reserved 1048576K
}
Event: 2322.598 GC heap before
{Heap before GC invocations=13775 (full 178):
 PSYoungGen      total 162816K, used 162464K [0x00000000f5580000, 0x00000000ff500000, 0x0000000100000000)
  eden space 162304K, 100% used [0x00000000f5580000,0x00000000ff400000,0x00000000ff400000)
  from space 512K, 31% used [0x00000000ff480000,0x00000000ff4a8000,0x00000000ff500000)
  to   space 512K, 0% used [0x00000000ff400000,0x00000000ff400000,0x00000000ff480000)
 ParOldGen       total 349696K, used 84144K [0x00000000e0000000, 0x00000000f5580000, 0x00000000f5580000)
  object space 349696K, 24% used [0x00000000e0000000,0x00000000e522c000,0x00000000f5580000)
 Metaspace       used 91347K, capacity 99038K, committed 99352K, reserved 1134592K
  class space    used 10939K, capacity 13254K, committed 13360K, reserved 1048576K
Event: 2322.601 GC heap after
Heap after GC invocations=13775 (full 178):
 PSYoungGen      total 162816K, used 160K [0x00000000f5580000, 0x00000000ff580000, 0x0000000100000000)
  eden space 162304K, 0% used [0x00000000f5580000,0x00000000f5580000,0x00000000ff400000)
  from space 512K, 31% used [0x00000000ff400000,0x00000000ff428000,0x00000000ff480000)
  to   space 512K, 0% used [0x00000000ff500000,0x00000000ff500000,0x00000000ff580000)
 ParOldGen       total 349696K, used 84144K [0x00000000e0000000, 0x00000000f5580000, 0x00000000f5580000)
  object space 349696K, 24% used [0x00000000e0000000,0x00000000e522c000,0x00000000f5580000)
 Metaspace       used 91347K, capacity 99038K, committed 99352K, reserved 1134592K
  class space    used 10939K, capacity 13254K, committed 13360K, reserved 1048576K
}
Event: 2327.583 GC heap before
{Heap before GC invocations=13776 (full 178):
 PSYoungGen      total 162816K, used 162464K [0x00000000f5580000, 0x00000000ff580000, 0x0000000100000000)
  eden space 162304K, 100% used [0x00000000f5580000,0x00000000ff400000,0x00000000ff400000)
  from space 512K, 31% used [0x00000000ff400000,0x00000000ff428000,0x00000000ff480000)
  to   space 512K, 0% used [0x00000000ff500000,0x00000000ff500000,0x00000000ff580000)
 ParOldGen       total 349696K, used 84144K [0x00000000e0000000, 0x00000000f5580000, 0x00000000f5580000)
  object space 349696K, 24% used [0x00000000e0000000,0x00000000e522c000,0x00000000f5580000)
 Metaspace       used 91453K, capacity 99134K, committed 99352K, reserved 1134592K
  class space    used 10950K, capacity 13286K, committed 13360K, reserved 1048576K
Event: 2327.586 GC heap after
Heap after GC invocations=13776 (full 178):
 PSYoungGen      total 163328K, used 403K [0x00000000f5580000, 0x00000000ff580000, 0x0000000100000000)
  eden space 162816K, 0% used [0x00000000f5580000,0x00000000f5580000,0x00000000ff480000)
  from space 512K, 78% used [0x00000000ff500000,0x00000000ff564d30,0x00000000ff580000)
  to   space 512K, 0% used [0x00000000ff480000,0x00000000ff480000,0x00000000ff500000)
 ParOldGen       total 349696K, used 84144K [0x00000000e0000000, 0x00000000f5580000, 0x00000000f5580000)
  object space 349696K, 24% used [0x00000000e0000000,0x00000000e522c000,0x00000000f5580000)
 Metaspace       used 91453K, capacity 99134K, committed 99352K, reserved 1134592K
  class space    used 10950K, capacity 13286K, committed 13360K, reserved 1048576K
}

