# JRE version: Java(TM) SE Runtime Environment (8.0_66-b18) (build 1.8.0_66-b18)
# Java VM: Java HotSpot(TM) 64-Bit Server VM (25.66-b18 mixed mode windows-amd64 compressed oops)
Heap:
 PSYoungGen      total 78848K, used 31828K [0x00000000f5580000, 0x00000000fae00000, 0x0000000100000000)
  eden space 72192K, 40% used [0x00000000f5580000,0x00000000f7254380,0x00000000f9c00000)
  from space 6656K, 34% used [0x00000000f9c00000,0x00000000f9e40fd8,0x00000000fa280000)
  to   space 6656K, 0% used [0x00000000fa780000,0x00000000fa780000,0x00000000fae00000)
 ParOldGen       total 117760K, used 89199K [0x00000000e0000000, 0x00000000e7300000, 0x00000000f5580000)
  object space 117760K, 75% used [0x00000000e0000000,0x00000000e571be48,0x00000000e7300000)
 Metaspace       used 109412K, capacity 117450K, committed 117632K, reserved 1150976K
  class space    used 12644K, capacity 15160K, committed 15232K, reserved 1048576K
GC Heap History (10 events):
Event: 18902.749 GC heap before
{Heap before GC invocations=395 (full 54):
 PSYoungGen      total 66560K, used 65520K [0x00000000f5580000, 0x00000000f9e00000, 0x0000000100000000)
  eden space 59904K, 99% used [0x00000000f5580000,0x00000000f8ffd0f8,0x00000000f9000000)
  from space 6656K, 84% used [0x00000000f9700000,0x00000000f9c7f098,0x00000000f9d80000)
  to   space 7168K, 0% used [0x00000000f9000000,0x00000000f9000000,0x00000000f9700000)
 ParOldGen       total 117760K, used 87144K [0x00000000e0000000, 0x00000000e7300000, 0x00000000f5580000)
  object space 117760K, 74% used [0x00000000e0000000,0x00000000e551a2c8,0x00000000e7300000)
 Metaspace       used 108717K, capacity 116862K, committed 117120K, reserved 1150976K
  class space    used 12578K, capacity 15157K, committed 15232K, reserved 1048576K
Event: 18902.754 GC heap after
Heap after GC invocations=395 (full 54):
 PSYoungGen      total 67072K, used 4561K [0x00000000f5580000, 0x00000000fa580000, 0x0000000100000000)
  eden space 59904K, 0% used [0x00000000f5580000,0x00000000f5580000,0x00000000f9000000)
  from space 7168K, 63% used [0x00000000f9000000,0x00000000f9474770,0x00000000f9700000)
  to   space 7168K, 0% used [0x00000000f9e80000,0x00000000f9e80000,0x00000000fa580000)
 ParOldGen       total 117760K, used 87430K [0x00000000e0000000, 0x00000000e7300000, 0x00000000f5580000)
  object space 117760K, 74% used [0x00000000e0000000,0x00000000e5561b98,0x00000000e7300000)
 Metaspace       used 108717K, capacity 116862K, committed 117120K, reserved 1150976K
  class space    used 12578K, capacity 15157K, committed 15232K, reserved 1048576K
}
Event: 18961.377 GC heap before
{Heap before GC invocations=396 (full 54):
 PSYoungGen      total 67072K, used 64465K [0x00000000f5580000, 0x00000000fa580000, 0x0000000100000000)
  eden space 59904K, 100% used [0x00000000f5580000,0x00000000f9000000,0x00000000f9000000)
  from space 7168K, 63% used [0x00000000f9000000,0x00000000f9474770,0x00000000f9700000)
  to   space 7168K, 0% used [0x00000000f9e80000,0x00000000f9e80000,0x00000000fa580000)
 ParOldGen       total 117760K, used 87430K [0x00000000e0000000, 0x00000000e7300000, 0x00000000f5580000)
  object space 117760K, 74% used [0x00000000e0000000,0x00000000e5561b98,0x00000000e7300000)
 Metaspace       used 108734K, capacity 116862K, committed 117120K, reserved 1150976K
  class space    used 12578K, capacity 15157K, committed 15232K, reserved 1048576K
Event: 18961.383 GC heap after
Heap after GC invocations=396 (full 54):
 PSYoungGen      total 71680K, used 3381K [0x00000000f5580000, 0x00000000fa380000, 0x0000000100000000)
  eden space 66560K, 0% used [0x00000000f5580000,0x00000000f5580000,0x00000000f9680000)
  from space 5120K, 66% used [0x00000000f9e80000,0x00000000fa1cd720,0x00000000fa380000)
  to   space 6656K, 0% used [0x00000000f9680000,0x00000000f9680000,0x00000000f9d00000)
 ParOldGen       total 117760K, used 89007K [0x00000000e0000000, 0x00000000e7300000, 0x00000000f5580000)
  object space 117760K, 75% used [0x00000000e0000000,0x00000000e56ebe48,0x00000000e7300000)
 Metaspace       used 108734K, capacity 116862K, committed 117120K, reserved 1150976K
  class space    used 12578K, capacity 15157K, committed 15232K, reserved 1048576K
}
Event: 18968.367 GC heap before
{Heap before GC invocations=397 (full 54):
 PSYoungGen      total 71680K, used 69941K [0x00000000f5580000, 0x00000000fa380000, 0x0000000100000000)
  eden space 66560K, 100% used [0x00000000f5580000,0x00000000f9680000,0x00000000f9680000)
  from space 5120K, 66% used [0x00000000f9e80000,0x00000000fa1cd720,0x00000000fa380000)
  to   space 6656K, 0% used [0x00000000f9680000,0x00000000f9680000,0x00000000f9d00000)
 ParOldGen       total 117760K, used 89007K [0x00000000e0000000, 0x00000000e7300000, 0x00000000f5580000)
  object space 117760K, 75% used [0x00000000e0000000,0x00000000e56ebe48,0x00000000e7300000)
 Metaspace       used 108767K, capacity 116862K, committed 117120K, reserved 1150976K
  class space    used 12578K, capacity 15157K, committed 15232K, reserved 1048576K
Event: 18968.371 GC heap after
Heap after GC invocations=397 (full 54):
 PSYoungGen      total 73216K, used 3367K [0x00000000f5580000, 0x00000000fa980000, 0x0000000100000000)
  eden space 66560K, 0% used [0x00000000f5580000,0x00000000f5580000,0x00000000f9680000)
  from space 6656K, 50% used [0x00000000f9680000,0x00000000f99c9c90,0x00000000f9d00000)
  to   space 6656K, 0% used [0x00000000fa300000,0x00000000fa300000,0x00000000fa980000)
 ParOldGen       total 117760K, used 89199K [0x00000000e0000000, 0x00000000e7300000, 0x00000000f5580000)
  object space 117760K, 75% used [0x00000000e0000000,0x00000000e571be48,0x00000000e7300000)
 Metaspace       used 108767K, capacity 116862K, committed 117120K, reserved 1150976K
  class space    used 12578K, capacity 15157K, committed 15232K, reserved 1048576K
}
Event: 18980.368 GC heap before
{Heap before GC invocations=398 (full 54):
 PSYoungGen      total 73216K, used 69927K [0x00000000f5580000, 0x00000000fa980000, 0x0000000100000000)
  eden space 66560K, 100% used [0x00000000f5580000,0x00000000f9680000,0x00000000f9680000)
  from space 6656K, 50% used [0x00000000f9680000,0x00000000f99c9c90,0x00000000f9d00000)
  to   space 6656K, 0% used [0x00000000fa300000,0x00000000fa300000,0x00000000fa980000)
 ParOldGen       total 117760K, used 89199K [0x00000000e0000000, 0x00000000e7300000, 0x00000000f5580000)
  object space 117760K, 75% used [0x00000000e0000000,0x00000000e571be48,0x00000000e7300000)
 Metaspace       used 108801K, capacity 116862K, committed 117120K, reserved 1150976K
  class space    used 12583K, capacity 15157K, committed 15232K, reserved 1048576K
Event: 18980.374 GC heap after
Heap after GC invocations=398 (full 54):
 PSYoungGen      total 78336K, used 3723K [0x00000000f5580000, 0x00000000fa900000, 0x0000000100000000)
  eden space 72192K, 0% used [0x00000000f5580000,0x00000000f5580000,0x00000000f9c00000)
  from space 6144K, 60% used [0x00000000fa300000,0x00000000fa6a2df0,0x00000000fa900000)
  to   space 6656K, 0% used [0x00000000f9c00000,0x00000000f9c00000,0x00000000fa280000)
 ParOldGen       total 117760K, used 89199K [0x00000000e0000000, 0x00000000e7300000, 0x00000000f5580000)
  object space 117760K, 75% used [0x00000000e0000000,0x00000000e571be48,0x00000000e7300000)
 Metaspace       used 108801K, capacity 116862K, committed 117120K, reserved 1150976K
  class space    used 12583K, capacity 15157K, committed 15232K, reserved 1048576K
}
Event: 18989.264 GC heap before
{Heap before GC invocations=399 (full 54):
 PSYoungGen      total 78336K, used 75915K [0x00000000f5580000, 0x00000000fa900000, 0x0000000100000000)
  eden space 72192K, 100% used [0x00000000f5580000,0x00000000f9c00000,0x00000000f9c00000)
  from space 6144K, 60% used [0x00000000fa300000,0x00000000fa6a2df0,0x00000000fa900000)
  to   space 6656K, 0% used [0x00000000f9c00000,0x00000000f9c00000,0x00000000fa280000)
 ParOldGen       total 117760K, used 89199K [0x00000000e0000000, 0x00000000e7300000, 0x00000000f5580000)
  object space 117760K, 75% used [0x00000000e0000000,0x00000000e571be48,0x00000000e7300000)
 Metaspace       used 108917K, capacity 117118K, committed 117376K, reserved 1150976K
  class space    used 12594K, capacity 15157K, committed 15232K, reserved 1048576K
Event: 18989.269 GC heap after
Heap after GC invocations=399 (full 54):
 PSYoungGen      total 78848K, used 2307K [0x00000000f5580000, 0x00000000fae00000, 0x0000000100000000)
  eden space 72192K, 0% used [0x00000000f5580000,0x00000000f5580000,0x00000000f9c00000)
  from space 6656K, 34% used [0x00000000f9c00000,0x00000000f9e40fd8,0x00000000fa280000)
  to   space 6656K, 0% used [0x00000000fa780000,0x00000000fa780000,0x00000000fae00000)
 ParOldGen       total 117760K, used 89199K [0x00000000e0000000, 0x00000000e7300000, 0x00000000f5580000)
  object space 117760K, 75% used [0x00000000e0000000,0x00000000e571be48,0x00000000e7300000)
 Metaspace       used 108917K, capacity 117118K, committed 117376K, reserved 1150976K
  class space    used 12594K, capacity 15157K, committed 15232K, reserved 1048576K
}

