# JRE version: Java(TM) SE Runtime Environment (8.0_66-b18) (build 1.8.0_66-b18)
# Java VM: Java HotSpot(TM) 64-Bit Server VM (25.66-b18 mixed mode windows-amd64 compressed oops)
Heap:
 PSYoungGen      total 124928K, used 102680K [0x00000000f5580000, 0x00000000fe800000, 0x0000000100000000)
  eden space 110080K, 88% used [0x00000000f5580000,0x00000000fb4e4540,0x00000000fc100000)
  from space 14848K, 33% used [0x00000000fd980000,0x00000000fde61c70,0x00000000fe800000)
  to   space 19968K, 0% used [0x00000000fc100000,0x00000000fc100000,0x00000000fd480000)
 ParOldGen       total 107520K, used 57921K [0x00000000e0000000, 0x00000000e6900000, 0x00000000f5580000)
  object space 107520K, 53% used [0x00000000e0000000,0x00000000e38905d0,0x00000000e6900000)
 Metaspace       used 88330K, capacity 95698K, committed 96000K, reserved 1132544K
  class space    used 10326K, capacity 12704K, committed 12800K, reserved 1048576K
GC Heap History (10 events):
Event: 2546.636 GC heap before
{Heap before GC invocations=35 (full 9):
 PSYoungGen      total 151040K, used 416K [0x00000000f5580000, 0x0000000100000000, 0x0000000100000000)
  eden space 127488K, 0% used [0x00000000f5580000,0x00000000f5580000,0x00000000fd200000)
  from space 23552K, 1% used [0x00000000fe900000,0x00000000fe968000,0x0000000100000000)
  to   space 23552K, 0% used [0x00000000fd200000,0x00000000fd200000,0x00000000fe900000)
 ParOldGen       total 107520K, used 60825K [0x00000000e0000000, 0x00000000e6900000, 0x00000000f5580000)
  object space 107520K, 56% used [0x00000000e0000000,0x00000000e3b66678,0x00000000e6900000)
 Metaspace       used 85859K, capacity 92620K, committed 93056K, reserved 1130496K
  class space    used 10077K, capacity 12351K, committed 12416K, reserved 1048576K
Event: 2546.900 GC heap after
Heap after GC invocations=35 (full 9):
 PSYoungGen      total 151040K, used 0K [0x00000000f5580000, 0x0000000100000000, 0x0000000100000000)
  eden space 127488K, 0% used [0x00000000f5580000,0x00000000f5580000,0x00000000fd200000)
  from space 23552K, 0% used [0x00000000fe900000,0x00000000fe900000,0x0000000100000000)
  to   space 23552K, 0% used [0x00000000fd200000,0x00000000fd200000,0x00000000fe900000)
 ParOldGen       total 107520K, used 57897K [0x00000000e0000000, 0x00000000e6900000, 0x00000000f5580000)
  object space 107520K, 53% used [0x00000000e0000000,0x00000000e388a5d0,0x00000000e6900000)
 Metaspace       used 85859K, capacity 92620K, committed 93056K, reserved 1130496K
  class space    used 10077K, capacity 12351K, committed 12416K, reserved 1048576K
}
Event: 4216.540 GC heap before
{Heap before GC invocations=36 (full 9):
 PSYoungGen      total 151040K, used 127488K [0x00000000f5580000, 0x0000000100000000, 0x0000000100000000)
  eden space 127488K, 100% used [0x00000000f5580000,0x00000000fd200000,0x00000000fd200000)
  from space 23552K, 0% used [0x00000000fe900000,0x00000000fe900000,0x0000000100000000)
  to   space 23552K, 0% used [0x00000000fd200000,0x00000000fd200000,0x00000000fe900000)
 ParOldGen       total 107520K, used 57897K [0x00000000e0000000, 0x00000000e6900000, 0x00000000f5580000)
  object space 107520K, 53% used [0x00000000e0000000,0x00000000e388a5d0,0x00000000e6900000)
 Metaspace       used 86201K, capacity 93054K, committed 93312K, reserved 1130496K
  class space    used 10082K, capacity 12386K, committed 12416K, reserved 1048576K
Event: 4216.552 GC heap after
Heap after GC invocations=36 (full 9):
 PSYoungGen      total 128000K, used 4704K [0x00000000f5580000, 0x00000000ffa80000, 0x0000000100000000)
  eden space 122880K, 0% used [0x00000000f5580000,0x00000000f5580000,0x00000000fcd80000)
  from space 5120K, 91% used [0x00000000fd200000,0x00000000fd698150,0x00000000fd700000)
  to   space 23040K, 0% used [0x00000000fe400000,0x00000000fe400000,0x00000000ffa80000)
 ParOldGen       total 107520K, used 57905K [0x00000000e0000000, 0x00000000e6900000, 0x00000000f5580000)
  object space 107520K, 53% used [0x00000000e0000000,0x00000000e388c5d0,0x00000000e6900000)
 Metaspace       used 86201K, capacity 93054K, committed 93312K, reserved 1130496K
  class space    used 10082K, capacity 12386K, committed 12416K, reserved 1048576K
}
Event: 6402.260 GC heap before
{Heap before GC invocations=37 (full 9):
 PSYoungGen      total 128000K, used 127584K [0x00000000f5580000, 0x00000000ffa80000, 0x0000000100000000)
  eden space 122880K, 100% used [0x00000000f5580000,0x00000000fcd80000,0x00000000fcd80000)
  from space 5120K, 91% used [0x00000000fd200000,0x00000000fd698150,0x00000000fd700000)
  to   space 23040K, 0% used [0x00000000fe400000,0x00000000fe400000,0x00000000ffa80000)
 ParOldGen       total 107520K, used 57905K [0x00000000e0000000, 0x00000000e6900000, 0x00000000f5580000)
  object space 107520K, 53% used [0x00000000e0000000,0x00000000e388c5d0,0x00000000e6900000)
 Metaspace       used 86412K, capacity 93220K, committed 93696K, reserved 1130496K
  class space    used 10096K, capacity 12419K, committed 12544K, reserved 1048576K
Event: 6402.267 GC heap after
Heap after GC invocations=37 (full 9):
 PSYoungGen      total 134656K, used 5286K [0x00000000f5580000, 0x00000000ff400000, 0x0000000100000000)
  eden space 118272K, 0% used [0x00000000f5580000,0x00000000f5580000,0x00000000fc900000)
  from space 16384K, 32% used [0x00000000fe400000,0x00000000fe929800,0x00000000ff400000)
  to   space 22016K, 0% used [0x00000000fc900000,0x00000000fc900000,0x00000000fde80000)
 ParOldGen       total 107520K, used 57913K [0x00000000e0000000, 0x00000000e6900000, 0x00000000f5580000)
  object space 107520K, 53% used [0x00000000e0000000,0x00000000e388e5d0,0x00000000e6900000)
 Metaspace       used 86412K, capacity 93220K, committed 93696K, reserved 1130496K
  class space    used 10096K, capacity 12419K, committed 12544K, reserved 1048576K
}
Event: 8846.870 GC heap before
{Heap before GC invocations=38 (full 9):
 PSYoungGen      total 134656K, used 123550K [0x00000000f5580000, 0x00000000ff400000, 0x0000000100000000)
  eden space 118272K, 99% used [0x00000000f5580000,0x00000000fc8fe070,0x00000000fc900000)
  from space 16384K, 32% used [0x00000000fe400000,0x00000000fe929800,0x00000000ff400000)
  to   space 22016K, 0% used [0x00000000fc900000,0x00000000fc900000,0x00000000fde80000)
 ParOldGen       total 107520K, used 57913K [0x00000000e0000000, 0x00000000e6900000, 0x00000000f5580000)
  object space 107520K, 53% used [0x00000000e0000000,0x00000000e388e5d0,0x00000000e6900000)
 Metaspace       used 86483K, capacity 93348K, committed 93696K, reserved 1130496K
  class space    used 10096K, capacity 12419K, committed 12544K, reserved 1048576K
Event: 8846.878 GC heap after
Heap after GC invocations=38 (full 9):
 PSYoungGen      total 118784K, used 4551K [0x00000000f5580000, 0x00000000fee00000, 0x0000000100000000)
  eden space 114176K, 0% used [0x00000000f5580000,0x00000000f5580000,0x00000000fc500000)
  from space 4608K, 98% used [0x00000000fc900000,0x00000000fcd71c60,0x00000000fcd80000)
  to   space 20992K, 0% used [0x00000000fd980000,0x00000000fd980000,0x00000000fee00000)
 ParOldGen       total 107520K, used 57921K [0x00000000e0000000, 0x00000000e6900000, 0x00000000f5580000)
  object space 107520K, 53% used [0x00000000e0000000,0x00000000e38905d0,0x00000000e6900000)
 Metaspace       used 86483K, capacity 93348K, committed 93696K, reserved 1130496K
  class space    used 10096K, capacity 12419K, committed 12544K, reserved 1048576K
}
Event: 11117.123 GC heap before
{Heap before GC invocations=39 (full 9):
 PSYoungGen      total 118784K, used 118727K [0x00000000f5580000, 0x00000000fee00000, 0x0000000100000000)
  eden space 114176K, 100% used [0x00000000f5580000,0x00000000fc500000,0x00000000fc500000)
  from space 4608K, 98% used [0x00000000fc900000,0x00000000fcd71c60,0x00000000fcd80000)
  to   space 20992K, 0% used [0x00000000fd980000,0x00000000fd980000,0x00000000fee00000)
 ParOldGen       total 107520K, used 57921K [0x00000000e0000000, 0x00000000e6900000, 0x00000000f5580000)
  object space 107520K, 53% used [0x00000000e0000000,0x00000000e38905d0,0x00000000e6900000)
 Metaspace       used 86502K, capacity 93348K, committed 93696K, reserved 1130496K
  class space    used 10096K, capacity 12419K, committed 12544K, reserved 1048576K
Event: 11117.130 GC heap after
Heap after GC invocations=39 (full 9):
 PSYoungGen      total 124928K, used 4999K [0x00000000f5580000, 0x00000000fe800000, 0x0000000100000000)
  eden space 110080K, 0% used [0x00000000f5580000,0x00000000f5580000,0x00000000fc100000)
  from space 14848K, 33% used [0x00000000fd980000,0x00000000fde61c70,0x00000000fe800000)
  to   space 19968K, 0% used [0x00000000fc100000,0x00000000fc100000,0x00000000fd480000)
 ParOldGen       total 107520K, used 57921K [0x00000000e0000000, 0x00000000e6900000, 0x00000000f5580000)
  object space 107520K, 53% used [0x00000000e0000000,0x00000000e38905d0,0x00000000e6900000)
 Metaspace       used 86502K, capacity 93348K, committed 93696K, reserved 1130496K
  class space    used 10096K, capacity 12419K, committed 12544K, reserved 1048576K
}

