# JRE version: Java(TM) SE Runtime Environment (8.0_66-b18) (build 1.8.0_66-b18)
# Java VM: Java HotSpot(TM) 64-Bit Server VM (25.66-b18 mixed mode windows-amd64 compressed oops)
Heap:
 PSYoungGen      total 122368K, used 32910K [0x00000000f5580000, 0x00000000fff00000, 0x0000000100000000)
  eden space 73728K, 43% used [0x00000000f5580000,0x00000000f7487e10,0x00000000f9d80000)
  from space 48640K, 2% used [0x00000000f9d80000,0x00000000f9e9bd60,0x00000000fcd00000)
  to   space 47104K, 0% used [0x00000000fd100000,0x00000000fd100000,0x00000000fff00000)
 ParOldGen       total 349696K, used 308223K [0x00000000e0000000, 0x00000000f5580000, 0x00000000f5580000)
  object space 349696K, 88% used [0x00000000e0000000,0x00000000f2cffc58,0x00000000f5580000)
 Metaspace       used 92656K, capacity 100066K, committed 100248K, reserved 1136640K
  class space    used 10774K, capacity 13231K, committed 13232K, reserved 1048576K
GC Heap History (10 events):
Event: 4139.030 GC heap before
{Heap before GC invocations=93418 (full 1567):
 PSYoungGen      total 115200K, used 102080K [0x00000000f5580000, 0x0000000100000000, 0x0000000100000000)
  eden space 68096K, 90% used [0x00000000f5580000,0x00000000f91c0520,0x00000000f9800000)
  from space 47104K, 85% used [0x00000000fcf00000,0x00000000ff66fd48,0x00000000ffd00000)
  to   space 53248K, 0% used [0x00000000f9800000,0x00000000f9800000,0x00000000fcc00000)
 ParOldGen       total 349696K, used 266529K [0x00000000e0000000, 0x00000000f5580000, 0x00000000f5580000)
  object space 349696K, 76% used [0x00000000e0000000,0x00000000f0448560,0x00000000f5580000)
 Metaspace       used 91610K, capacity 99122K, committed 99352K, reserved 1136640K
  class space    used 10661K, capacity 13069K, committed 13104K, reserved 1048576K
Event: 4139.036 GC heap after
Heap after GC invocations=93418 (full 1567):
 PSYoungGen      total 121344K, used 96K [0x00000000f5580000, 0x0000000100000000, 0x0000000100000000)
  eden space 68096K, 0% used [0x00000000f5580000,0x00000000f5580000,0x00000000f9800000)
  from space 53248K, 0% used [0x00000000f9800000,0x00000000f9818000,0x00000000fcc00000)
  to   space 52736K, 0% used [0x00000000fcc80000,0x00000000fcc80000,0x0000000100000000)
 ParOldGen       total 349696K, used 306857K [0x00000000e0000000, 0x00000000f5580000, 0x00000000f5580000)
  object space 349696K, 87% used [0x00000000e0000000,0x00000000f2baa500,0x00000000f5580000)
 Metaspace       used 91610K, capacity 99122K, committed 99352K, reserved 1136640K
  class space    used 10661K, capacity 13069K, committed 13104K, reserved 1048576K
}
Event: 4139.048 GC heap before
{Heap before GC invocations=93419 (full 1567):
 PSYoungGen      total 121344K, used 61834K [0x00000000f5580000, 0x0000000100000000, 0x0000000100000000)
  eden space 68096K, 90% used [0x00000000f5580000,0x00000000f91ca8a0,0x00000000f9800000)
  from space 53248K, 0% used [0x00000000f9800000,0x00000000f9818000,0x00000000fcc00000)
  to   space 52736K, 0% used [0x00000000fcc80000,0x00000000fcc80000,0x0000000100000000)
 ParOldGen       total 349696K, used 306857K [0x00000000e0000000, 0x00000000f5580000, 0x00000000f5580000)
  object space 349696K, 87% used [0x00000000e0000000,0x00000000f2baa500,0x00000000f5580000)
 Metaspace       used 91610K, capacity 99122K, committed 99352K, reserved 1136640K
  class space    used 10661K, capacity 13069K, committed 13104K, reserved 1048576K
Event: 4139.053 GC heap after
Heap after GC invocations=93419 (full 1567):
 PSYoungGen      total 116736K, used 20159K [0x00000000f5580000, 0x00000000ffb80000, 0x0000000100000000)
  eden space 68608K, 0% used [0x00000000f5580000,0x00000000f5580000,0x00000000f9880000)
  from space 48128K, 41% used [0x00000000fcc80000,0x00000000fe02fdb8,0x00000000ffb80000)
  to   space 50688K, 0% used [0x00000000f9880000,0x00000000f9880000,0x00000000fca00000)
 ParOldGen       total 349696K, used 306865K [0x00000000e0000000, 0x00000000f5580000, 0x00000000f5580000)
  object space 349696K, 87% used [0x00000000e0000000,0x00000000f2bac500,0x00000000f5580000)
 Metaspace       used 91610K, capacity 99122K, committed 99352K, reserved 1136640K
  class space    used 10661K, capacity 13069K, committed 13104K, reserved 1048576K
}
Event: 4139.064 GC heap before
{Heap before GC invocations=93420 (full 1567):
 PSYoungGen      total 116736K, used 81776K [0x00000000f5580000, 0x00000000ffb80000, 0x0000000100000000)
  eden space 68608K, 89% used [0x00000000f5580000,0x00000000f91ac4f8,0x00000000f9880000)
  from space 48128K, 41% used [0x00000000fcc80000,0x00000000fe02fdb8,0x00000000ffb80000)
  to   space 50688K, 0% used [0x00000000f9880000,0x00000000f9880000,0x00000000fca00000)
 ParOldGen       total 349696K, used 306865K [0x00000000e0000000, 0x00000000f5580000, 0x00000000f5580000)
  object space 349696K, 87% used [0x00000000e0000000,0x00000000f2bac500,0x00000000f5580000)
 Metaspace       used 91610K, capacity 99122K, committed 99352K, reserved 1136640K
  class space    used 10661K, capacity 13069K, committed 13104K, reserved 1048576K
Event: 4139.067 GC heap after
Heap after GC invocations=93420 (full 1567):
 PSYoungGen      total 119296K, used 64K [0x00000000f5580000, 0x0000000100000000, 0x0000000100000000)
  eden space 68608K, 0% used [0x00000000f5580000,0x00000000f5580000,0x00000000f9880000)
  from space 50688K, 0% used [0x00000000f9880000,0x00000000f9890000,0x00000000fca00000)
  to   space 50176K, 0% used [0x00000000fcf00000,0x00000000fcf00000,0x0000000100000000)
 ParOldGen       total 349696K, used 306865K [0x00000000e0000000, 0x00000000f5580000, 0x00000000f5580000)
  object space 349696K, 87% used [0x00000000e0000000,0x00000000f2bac500,0x00000000f5580000)
 Metaspace       used 91610K, capacity 99122K, committed 99352K, reserved 1136640K
  class space    used 10661K, capacity 13069K, committed 13104K, reserved 1048576K
}
Event: 4139.084 GC heap before
{Heap before GC invocations=93421 (full 1567):
 PSYoungGen      total 119296K, used 50268K [0x00000000f5580000, 0x0000000100000000, 0x0000000100000000)
  eden space 68608K, 73% used [0x00000000f5580000,0x00000000f8687158,0x00000000f9880000)
  from space 50688K, 0% used [0x00000000f9880000,0x00000000f9890000,0x00000000fca00000)
  to   space 50176K, 0% used [0x00000000fcf00000,0x00000000fcf00000,0x0000000100000000)
 ParOldGen       total 349696K, used 306865K [0x00000000e0000000, 0x00000000f5580000, 0x00000000f5580000)
  object space 349696K, 87% used [0x00000000e0000000,0x00000000f2bac500,0x00000000f5580000)
 Metaspace       used 91610K, capacity 99122K, committed 99352K, reserved 1136640K
  class space    used 10661K, capacity 13069K, committed 13104K, reserved 1048576K
Event: 4139.087 GC heap after
Heap after GC invocations=93421 (full 1567):
 PSYoungGen      total 120320K, used 1405K [0x00000000f5580000, 0x00000000ffc80000, 0x0000000100000000)
  eden space 73728K, 0% used [0x00000000f5580000,0x00000000f5580000,0x00000000f9d80000)
  from space 46592K, 3% used [0x00000000fcf00000,0x00000000fd05f758,0x00000000ffc80000)
  to   space 48640K, 0% used [0x00000000f9d80000,0x00000000f9d80000,0x00000000fcd00000)
 ParOldGen       total 349696K, used 306873K [0x00000000e0000000, 0x00000000f5580000, 0x00000000f5580000)
  object space 349696K, 87% used [0x00000000e0000000,0x00000000f2bae500,0x00000000f5580000)
 Metaspace       used 91610K, capacity 99122K, committed 99352K, reserved 1136640K
  class space    used 10661K, capacity 13069K, committed 13104K, reserved 1048576K
}
Event: 4140.119 GC heap before
{Heap before GC invocations=93422 (full 1567):
 PSYoungGen      total 120320K, used 75133K [0x00000000f5580000, 0x00000000ffc80000, 0x0000000100000000)
  eden space 73728K, 100% used [0x00000000f5580000,0x00000000f9d80000,0x00000000f9d80000)
  from space 46592K, 3% used [0x00000000fcf00000,0x00000000fd05f758,0x00000000ffc80000)
  to   space 48640K, 0% used [0x00000000f9d80000,0x00000000f9d80000,0x00000000fcd00000)
 ParOldGen       total 349696K, used 306873K [0x00000000e0000000, 0x00000000f5580000, 0x00000000f5580000)
  object space 349696K, 87% used [0x00000000e0000000,0x00000000f2bae500,0x00000000f5580000)
 Metaspace       used 92010K, capacity 99486K, committed 99608K, reserved 1136640K
  class space    used 10705K, capacity 13103K, committed 13104K, reserved 1048576K
Event: 4140.123 GC heap after
Heap after GC invocations=93422 (full 1567):
 PSYoungGen      total 122368K, used 1135K [0x00000000f5580000, 0x00000000fff00000, 0x0000000100000000)
  eden space 73728K, 0% used [0x00000000f5580000,0x00000000f5580000,0x00000000f9d80000)
  from space 48640K, 2% used [0x00000000f9d80000,0x00000000f9e9bd60,0x00000000fcd00000)
  to   space 47104K, 0% used [0x00000000fd100000,0x00000000fd100000,0x00000000fff00000)
 ParOldGen       total 349696K, used 308223K [0x00000000e0000000, 0x00000000f5580000, 0x00000000f5580000)
  object space 349696K, 88% used [0x00000000e0000000,0x00000000f2cffc58,0x00000000f5580000)
 Metaspace       used 92010K, capacity 99486K, committed 99608K, reserved 1136640K
  class space    used 10705K, capacity 13103K, committed 13104K, reserved 1048576K
}

