# JRE version: Java(TM) SE Runtime Environment (8.0_66-b18) (build 1.8.0_66-b18)
# Java VM: Java HotSpot(TM) 64-Bit Server VM (25.66-b18 mixed mode windows-amd64 compressed oops)
Heap:
 PSYoungGen      total 164352K, used 12321K [0x00000000f5580000, 0x0000000100000000, 0x0000000100000000)
  eden space 155136K, 2% used [0x00000000f5580000,0x00000000f588daf0,0x00000000fed00000)
  from space 9216K, 99% used [0x00000000fed00000,0x00000000ff5facb0,0x00000000ff600000)
  to   space 10240K, 0% used [0x00000000ff600000,0x00000000ff600000,0x0000000100000000)
 ParOldGen       total 155648K, used 67834K [0x00000000e0000000, 0x00000000e9800000, 0x00000000f5580000)
  object space 155648K, 43% used [0x00000000e0000000,0x00000000e423eb18,0x00000000e9800000)
 Metaspace       used 98542K, capacity 105917K, committed 106280K, reserved 1142784K
  class space    used 11328K, capacity 13745K, committed 13872K, reserved 1048576K
GC Heap History (10 events):
Event: 4429.880 GC heap before
{Heap before GC invocations=1021 (full 16):
 PSYoungGen      total 163328K, used 158156K [0x00000000f5580000, 0x00000000fff80000, 0x0000000100000000)
  eden space 152576K, 100% used [0x00000000f5580000,0x00000000fea80000,0x00000000fea80000)
  from space 10752K, 51% used [0x00000000ff500000,0x00000000ffa73308,0x00000000fff80000)
  to   space 10752K, 0% used [0x00000000fea80000,0x00000000fea80000,0x00000000ff500000)
 ParOldGen       total 155648K, used 67467K [0x00000000e0000000, 0x00000000e9800000, 0x00000000f5580000)
  object space 155648K, 43% used [0x00000000e0000000,0x00000000e41e2f00,0x00000000e9800000)
 Metaspace       used 97733K, capacity 105313K, committed 105640K, reserved 1140736K
  class space    used 11244K, capacity 13677K, committed 13744K, reserved 1048576K
Event: 4429.885 GC heap after
Heap after GC invocations=1021 (full 16):
 PSYoungGen      total 163328K, used 4172K [0x00000000f5580000, 0x00000000fff00000, 0x0000000100000000)
  eden space 152576K, 0% used [0x00000000f5580000,0x00000000f5580000,0x00000000fea80000)
  from space 10752K, 38% used [0x00000000fea80000,0x00000000fee931b8,0x00000000ff500000)
  to   space 10240K, 0% used [0x00000000ff500000,0x00000000ff500000,0x00000000fff00000)
 ParOldGen       total 155648K, used 67467K [0x00000000e0000000, 0x00000000e9800000, 0x00000000f5580000)
  object space 155648K, 43% used [0x00000000e0000000,0x00000000e41e2f00,0x00000000e9800000)
 Metaspace       used 97733K, capacity 105313K, committed 105640K, reserved 1140736K
  class space    used 11244K, capacity 13677K, committed 13744K, reserved 1048576K
}
Event: 4502.169 GC heap before
{Heap before GC invocations=1022 (full 16):
 PSYoungGen      total 163328K, used 156748K [0x00000000f5580000, 0x00000000fff00000, 0x0000000100000000)
  eden space 152576K, 100% used [0x00000000f5580000,0x00000000fea80000,0x00000000fea80000)
  from space 10752K, 38% used [0x00000000fea80000,0x00000000fee931b8,0x00000000ff500000)
  to   space 10240K, 0% used [0x00000000ff500000,0x00000000ff500000,0x00000000fff00000)
 ParOldGen       total 155648K, used 67467K [0x00000000e0000000, 0x00000000e9800000, 0x00000000f5580000)
  object space 155648K, 43% used [0x00000000e0000000,0x00000000e41e2f00,0x00000000e9800000)
 Metaspace       used 97767K, capacity 105313K, committed 105640K, reserved 1140736K
  class space    used 11244K, capacity 13677K, committed 13744K, reserved 1048576K
Event: 4502.174 GC heap after
Heap after GC invocations=1022 (full 16):
 PSYoungGen      total 163328K, used 4882K [0x00000000f5580000, 0x00000000ffe80000, 0x0000000100000000)
  eden space 153600K, 0% used [0x00000000f5580000,0x00000000f5580000,0x00000000feb80000)
  from space 9728K, 50% used [0x00000000ff500000,0x00000000ff9c4b28,0x00000000ffe80000)
  to   space 9728K, 0% used [0x00000000feb80000,0x00000000feb80000,0x00000000ff500000)
 ParOldGen       total 155648K, used 67467K [0x00000000e0000000, 0x00000000e9800000, 0x00000000f5580000)
  object space 155648K, 43% used [0x00000000e0000000,0x00000000e41e2f00,0x00000000e9800000)
 Metaspace       used 97767K, capacity 105313K, committed 105640K, reserved 1140736K
  class space    used 11244K, capacity 13677K, committed 13744K, reserved 1048576K
}
Event: 4513.881 GC heap before
{Heap before GC invocations=1023 (full 16):
 PSYoungGen      total 163328K, used 158408K [0x00000000f5580000, 0x00000000ffe80000, 0x0000000100000000)
  eden space 153600K, 99% used [0x00000000f5580000,0x00000000feb6d500,0x00000000feb80000)
  from space 9728K, 50% used [0x00000000ff500000,0x00000000ff9c4b28,0x00000000ffe80000)
  to   space 9728K, 0% used [0x00000000feb80000,0x00000000feb80000,0x00000000ff500000)
 ParOldGen       total 155648K, used 67467K [0x00000000e0000000, 0x00000000e9800000, 0x00000000f5580000)
  object space 155648K, 43% used [0x00000000e0000000,0x00000000e41e2f00,0x00000000e9800000)
 Metaspace       used 97819K, capacity 105377K, committed 105640K, reserved 1140736K
  class space    used 11248K, capacity 13677K, committed 13744K, reserved 1048576K
Event: 4513.887 GC heap after
Heap after GC invocations=1023 (full 16):
 PSYoungGen      total 163328K, used 5782K [0x00000000f5580000, 0x00000000fff80000, 0x0000000100000000)
  eden space 153600K, 0% used [0x00000000f5580000,0x00000000f5580000,0x00000000feb80000)
  from space 9728K, 59% used [0x00000000feb80000,0x00000000ff1258f0,0x00000000ff500000)
  to   space 9728K, 0% used [0x00000000ff600000,0x00000000ff600000,0x00000000fff80000)
 ParOldGen       total 155648K, used 67467K [0x00000000e0000000, 0x00000000e9800000, 0x00000000f5580000)
  object space 155648K, 43% used [0x00000000e0000000,0x00000000e41e2f00,0x00000000e9800000)
 Metaspace       used 97819K, capacity 105377K, committed 105640K, reserved 1140736K
  class space    used 11248K, capacity 13677K, committed 13744K, reserved 1048576K
}
Event: 4514.156 GC heap before
{Heap before GC invocations=1024 (full 16):
 PSYoungGen      total 163328K, used 159262K [0x00000000f5580000, 0x00000000fff80000, 0x0000000100000000)
  eden space 153600K, 99% used [0x00000000f5580000,0x00000000feb620f0,0x00000000feb80000)
  from space 9728K, 59% used [0x00000000feb80000,0x00000000ff1258f0,0x00000000ff500000)
  to   space 9728K, 0% used [0x00000000ff600000,0x00000000ff600000,0x00000000fff80000)
 ParOldGen       total 155648K, used 67467K [0x00000000e0000000, 0x00000000e9800000, 0x00000000f5580000)
  object space 155648K, 43% used [0x00000000e0000000,0x00000000e41e2f00,0x00000000e9800000)
 Metaspace       used 97819K, capacity 105377K, committed 105640K, reserved 1140736K
  class space    used 11248K, capacity 13677K, committed 13744K, reserved 1048576K
Event: 4514.160 GC heap after
Heap after GC invocations=1024 (full 16):
 PSYoungGen      total 164352K, used 4667K [0x00000000f5580000, 0x00000000fff00000, 0x0000000100000000)
  eden space 155136K, 0% used [0x00000000f5580000,0x00000000f5580000,0x00000000fed00000)
  from space 9216K, 50% used [0x00000000ff600000,0x00000000ffa8eda0,0x00000000fff00000)
  to   space 9216K, 0% used [0x00000000fed00000,0x00000000fed00000,0x00000000ff600000)
 ParOldGen       total 155648K, used 67467K [0x00000000e0000000, 0x00000000e9800000, 0x00000000f5580000)
  object space 155648K, 43% used [0x00000000e0000000,0x00000000e41e2f00,0x00000000e9800000)
 Metaspace       used 97819K, capacity 105377K, committed 105640K, reserved 1140736K
  class space    used 11248K, capacity 13677K, committed 13744K, reserved 1048576K
}
Event: 4525.393 GC heap before
{Heap before GC invocations=1025 (full 16):
 PSYoungGen      total 164352K, used 159803K [0x00000000f5580000, 0x00000000fff00000, 0x0000000100000000)
  eden space 155136K, 100% used [0x00000000f5580000,0x00000000fed00000,0x00000000fed00000)
  from space 9216K, 50% used [0x00000000ff600000,0x00000000ffa8eda0,0x00000000fff00000)
  to   space 9216K, 0% used [0x00000000fed00000,0x00000000fed00000,0x00000000ff600000)
 ParOldGen       total 155648K, used 67467K [0x00000000e0000000, 0x00000000e9800000, 0x00000000f5580000)
  object space 155648K, 43% used [0x00000000e0000000,0x00000000e41e2f00,0x00000000e9800000)
 Metaspace       used 98527K, capacity 105917K, committed 106280K, reserved 1142784K
  class space    used 11327K, capacity 13745K, committed 13872K, reserved 1048576K
Event: 4525.400 GC heap after
Heap after GC invocations=1025 (full 16):
 PSYoungGen      total 164352K, used 9195K [0x00000000f5580000, 0x0000000100000000, 0x0000000100000000)
  eden space 155136K, 0% used [0x00000000f5580000,0x00000000f5580000,0x00000000fed00000)
  from space 9216K, 99% used [0x00000000fed00000,0x00000000ff5facb0,0x00000000ff600000)
  to   space 10240K, 0% used [0x00000000ff600000,0x00000000ff600000,0x0000000100000000)
 ParOldGen       total 155648K, used 67834K [0x00000000e0000000, 0x00000000e9800000, 0x00000000f5580000)
  object space 155648K, 43% used [0x00000000e0000000,0x00000000e423eb18,0x00000000e9800000)
 Metaspace       used 98527K, capacity 105917K, committed 106280K, reserved 1142784K
  class space    used 11327K, capacity 13745K, committed 13872K, reserved 1048576K
}

