# JRE version: Java(TM) SE Runtime Environment (8.0_66-b18) (build 1.8.0_66-b18)
# Java VM: Java HotSpot(TM) 64-Bit Server VM (25.66-b18 mixed mode windows-amd64 compressed oops)
Heap:
 PSYoungGen      total 155648K, used 63042K [0x00000000f5580000, 0x00000000fef00000, 0x0000000100000000)
  eden space 154112K, 40% used [0x00000000f5580000,0x00000000f9310840,0x00000000fec00000)
  from space 1536K, 0% used [0x00000000fed80000,0x00000000fed80000,0x00000000fef00000)
  to   space 1536K, 0% used [0x00000000fec00000,0x00000000fec00000,0x00000000fed80000)
 ParOldGen       total 136192K, used 65952K [0x00000000e0000000, 0x00000000e8500000, 0x00000000f5580000)
  object space 136192K, 48% used [0x00000000e0000000,0x00000000e40682c0,0x00000000e8500000)
 Metaspace       used 87215K, capacity 94160K, committed 94336K, reserved 1130496K
  class space    used 10361K, capacity 12644K, committed 12672K, reserved 1048576K
GC Heap History (10 events):
Event: 3547.493 GC heap before
{Heap before GC invocations=1766 (full 54):
 PSYoungGen      total 155648K, used 192K [0x00000000f5580000, 0x00000000fef00000, 0x0000000100000000)
  eden space 154112K, 0% used [0x00000000f5580000,0x00000000f5580000,0x00000000fec00000)
  from space 1536K, 12% used [0x00000000fed80000,0x00000000fedb0000,0x00000000fef00000)
  to   space 1536K, 0% used [0x00000000fec00000,0x00000000fec00000,0x00000000fed80000)
 ParOldGen       total 136192K, used 65952K [0x00000000e0000000, 0x00000000e8500000, 0x00000000f5580000)
  object space 136192K, 48% used [0x00000000e0000000,0x00000000e4068010,0x00000000e8500000)
 Metaspace       used 86040K, capacity 93082K, committed 93568K, reserved 1130496K
  class space    used 10238K, capacity 12545K, committed 12672K, reserved 1048576K
Event: 3547.583 GC heap after
Heap after GC invocations=1766 (full 54):
 PSYoungGen      total 155648K, used 0K [0x00000000f5580000, 0x00000000fef00000, 0x0000000100000000)
  eden space 154112K, 0% used [0x00000000f5580000,0x00000000f5580000,0x00000000fec00000)
  from space 1536K, 0% used [0x00000000fed80000,0x00000000fed80000,0x00000000fef00000)
  to   space 1536K, 0% used [0x00000000fec00000,0x00000000fec00000,0x00000000fed80000)
 ParOldGen       total 136192K, used 65949K [0x00000000e0000000, 0x00000000e8500000, 0x00000000f5580000)
  object space 136192K, 48% used [0x00000000e0000000,0x00000000e40675f0,0x00000000e8500000)
 Metaspace       used 86040K, capacity 93082K, committed 93568K, reserved 1130496K
  class space    used 10238K, capacity 12545K, committed 12672K, reserved 1048576K
}
Event: 3607.504 GC heap before
{Heap before GC invocations=1767 (full 54):
 PSYoungGen      total 155648K, used 10551K [0x00000000f5580000, 0x00000000fef00000, 0x0000000100000000)
  eden space 154112K, 6% used [0x00000000f5580000,0x00000000f5fcdf80,0x00000000fec00000)
  from space 1536K, 0% used [0x00000000fed80000,0x00000000fed80000,0x00000000fef00000)
  to   space 1536K, 0% used [0x00000000fec00000,0x00000000fec00000,0x00000000fed80000)
 ParOldGen       total 136192K, used 65949K [0x00000000e0000000, 0x00000000e8500000, 0x00000000f5580000)
  object space 136192K, 48% used [0x00000000e0000000,0x00000000e40675f0,0x00000000e8500000)
 Metaspace       used 86046K, capacity 93082K, committed 93568K, reserved 1130496K
  class space    used 10238K, capacity 12545K, committed 12672K, reserved 1048576K
Event: 3607.507 GC heap after
Heap after GC invocations=1767 (full 54):
 PSYoungGen      total 155648K, used 576K [0x00000000f5580000, 0x00000000fef00000, 0x0000000100000000)
  eden space 154112K, 0% used [0x00000000f5580000,0x00000000f5580000,0x00000000fec00000)
  from space 1536K, 37% used [0x00000000fec00000,0x00000000fec90000,0x00000000fed80000)
  to   space 1536K, 0% used [0x00000000fed80000,0x00000000fed80000,0x00000000fef00000)
 ParOldGen       total 136192K, used 65949K [0x00000000e0000000, 0x00000000e8500000, 0x00000000f5580000)
  object space 136192K, 48% used [0x00000000e0000000,0x00000000e40675f0,0x00000000e8500000)
 Metaspace       used 86046K, capacity 93082K, committed 93568K, reserved 1130496K
  class space    used 10238K, capacity 12545K, committed 12672K, reserved 1048576K
}
Event: 3607.507 GC heap before
{Heap before GC invocations=1768 (full 55):
 PSYoungGen      total 155648K, used 576K [0x00000000f5580000, 0x00000000fef00000, 0x0000000100000000)
  eden space 154112K, 0% used [0x00000000f5580000,0x00000000f5580000,0x00000000fec00000)
  from space 1536K, 37% used [0x00000000fec00000,0x00000000fec90000,0x00000000fed80000)
  to   space 1536K, 0% used [0x00000000fed80000,0x00000000fed80000,0x00000000fef00000)
 ParOldGen       total 136192K, used 65949K [0x00000000e0000000, 0x00000000e8500000, 0x00000000f5580000)
  object space 136192K, 48% used [0x00000000e0000000,0x00000000e40675f0,0x00000000e8500000)
 Metaspace       used 86046K, capacity 93082K, committed 93568K, reserved 1130496K
  class space    used 10238K, capacity 12545K, committed 12672K, reserved 1048576K
Event: 3607.605 GC heap after
Heap after GC invocations=1768 (full 55):
 PSYoungGen      total 155648K, used 0K [0x00000000f5580000, 0x00000000fef00000, 0x0000000100000000)
  eden space 154112K, 0% used [0x00000000f5580000,0x00000000f5580000,0x00000000fec00000)
  from space 1536K, 0% used [0x00000000fec00000,0x00000000fec00000,0x00000000fed80000)
  to   space 1536K, 0% used [0x00000000fed80000,0x00000000fed80000,0x00000000fef00000)
 ParOldGen       total 136192K, used 66122K [0x00000000e0000000, 0x00000000e8500000, 0x00000000f5580000)
  object space 136192K, 48% used [0x00000000e0000000,0x00000000e4092b70,0x00000000e8500000)
 Metaspace       used 86046K, capacity 93082K, committed 93568K, reserved 1130496K
  class space    used 10238K, capacity 12545K, committed 12672K, reserved 1048576K
}
Event: 3667.516 GC heap before
{Heap before GC invocations=1769 (full 55):
 PSYoungGen      total 155648K, used 3938K [0x00000000f5580000, 0x00000000fef00000, 0x0000000100000000)
  eden space 154112K, 2% used [0x00000000f5580000,0x00000000f5958828,0x00000000fec00000)
  from space 1536K, 0% used [0x00000000fec00000,0x00000000fec00000,0x00000000fed80000)
  to   space 1536K, 0% used [0x00000000fed80000,0x00000000fed80000,0x00000000fef00000)
 ParOldGen       total 136192K, used 66122K [0x00000000e0000000, 0x00000000e8500000, 0x00000000f5580000)
  object space 136192K, 48% used [0x00000000e0000000,0x00000000e4092b70,0x00000000e8500000)
 Metaspace       used 86047K, capacity 93082K, committed 93568K, reserved 1130496K
  class space    used 10238K, capacity 12545K, committed 12672K, reserved 1048576K
Event: 3667.518 GC heap after
Heap after GC invocations=1769 (full 55):
 PSYoungGen      total 155648K, used 160K [0x00000000f5580000, 0x00000000fef00000, 0x0000000100000000)
  eden space 154112K, 0% used [0x00000000f5580000,0x00000000f5580000,0x00000000fec00000)
  from space 1536K, 10% used [0x00000000fed80000,0x00000000feda8000,0x00000000fef00000)
  to   space 1536K, 0% used [0x00000000fec00000,0x00000000fec00000,0x00000000fed80000)
 ParOldGen       total 136192K, used 66122K [0x00000000e0000000, 0x00000000e8500000, 0x00000000f5580000)
  object space 136192K, 48% used [0x00000000e0000000,0x00000000e4092b70,0x00000000e8500000)
 Metaspace       used 86047K, capacity 93082K, committed 93568K, reserved 1130496K
  class space    used 10238K, capacity 12545K, committed 12672K, reserved 1048576K
}
Event: 3667.518 GC heap before
{Heap before GC invocations=1770 (full 56):
 PSYoungGen      total 155648K, used 160K [0x00000000f5580000, 0x00000000fef00000, 0x0000000100000000)
  eden space 154112K, 0% used [0x00000000f5580000,0x00000000f5580000,0x00000000fec00000)
  from space 1536K, 10% used [0x00000000fed80000,0x00000000feda8000,0x00000000fef00000)
  to   space 1536K, 0% used [0x00000000fec00000,0x00000000fec00000,0x00000000fed80000)
 ParOldGen       total 136192K, used 66122K [0x00000000e0000000, 0x00000000e8500000, 0x00000000f5580000)
  object space 136192K, 48% used [0x00000000e0000000,0x00000000e4092b70,0x00000000e8500000)
 Metaspace       used 86047K, capacity 93082K, committed 93568K, reserved 1130496K
  class space    used 10238K, capacity 12545K, committed 12672K, reserved 1048576K
Event: 3667.609 GC heap after
Heap after GC invocations=1770 (full 56):
 PSYoungGen      total 155648K, used 0K [0x00000000f5580000, 0x00000000fef00000, 0x0000000100000000)
  eden space 154112K, 0% used [0x00000000f5580000,0x00000000f5580000,0x00000000fec00000)
  from space 1536K, 0% used [0x00000000fed80000,0x00000000fed80000,0x00000000fef00000)
  to   space 1536K, 0% used [0x00000000fec00000,0x00000000fec00000,0x00000000fed80000)
 ParOldGen       total 136192K, used 65952K [0x00000000e0000000, 0x00000000e8500000, 0x00000000f5580000)
  object space 136192K, 48% used [0x00000000e0000000,0x00000000e40682c0,0x00000000e8500000)
 Metaspace       used 86047K, capacity 93082K, committed 93568K, reserved 1130496K
  class space    used 10238K, capacity 12545K, committed 12672K, reserved 1048576K
}

