# JRE version: Java(TM) SE Runtime Environment (8.0_66-b18) (build 1.8.0_66-b18)
# Java VM: Java HotSpot(TM) 64-Bit Server VM (25.66-b18 mixed mode windows-amd64 compressed oops)
Heap:
 PSYoungGen      total 159232K, used 94970K [0x00000000f5580000, 0x00000000ff480000, 0x0000000100000000)
  eden space 156672K, 60% used [0x00000000f5580000,0x00000000fb23eb58,0x00000000fee80000)
  from space 2560K, 0% used [0x00000000fee80000,0x00000000fee80000,0x00000000ff100000)
  to   space 3072K, 0% used [0x00000000ff180000,0x00000000ff180000,0x00000000ff480000)
 ParOldGen       total 111616K, used 76729K [0x00000000e0000000, 0x00000000e6d00000, 0x00000000f5580000)
  object space 111616K, 68% used [0x00000000e0000000,0x00000000e4aee538,0x00000000e6d00000)
 Metaspace       used 104106K, capacity 111570K, committed 111744K, reserved 1146880K
  class space    used 12048K, capacity 14406K, committed 14464K, reserved 1048576K
GC Heap History (10 events):
Event: 3912.185 GC heap before
{Heap before GC invocations=159 (full 66):
 PSYoungGen      total 159232K, used 224K [0x00000000f5580000, 0x00000000ff380000, 0x0000000100000000)
  eden space 156672K, 0% used [0x00000000f5580000,0x00000000f5580000,0x00000000fee80000)
  from space 2560K, 8% used [0x00000000fee80000,0x00000000feeb8000,0x00000000ff100000)
  to   space 2560K, 0% used [0x00000000ff100000,0x00000000ff100000,0x00000000ff380000)
 ParOldGen       total 111616K, used 74838K [0x00000000e0000000, 0x00000000e6d00000, 0x00000000f5580000)
  object space 111616K, 67% used [0x00000000e0000000,0x00000000e49158b8,0x00000000e6d00000)
 Metaspace       used 103330K, capacity 110768K, committed 110848K, reserved 1146880K
  class space    used 11972K, capacity 14296K, committed 14336K, reserved 1048576K
Event: 3912.299 GC heap after
Heap after GC invocations=159 (full 66):
 PSYoungGen      total 159232K, used 0K [0x00000000f5580000, 0x00000000ff380000, 0x0000000100000000)
  eden space 156672K, 0% used [0x00000000f5580000,0x00000000f5580000,0x00000000fee80000)
  from space 2560K, 0% used [0x00000000fee80000,0x00000000fee80000,0x00000000ff100000)
  to   space 2560K, 0% used [0x00000000ff100000,0x00000000ff100000,0x00000000ff380000)
 ParOldGen       total 111616K, used 74838K [0x00000000e0000000, 0x00000000e6d00000, 0x00000000f5580000)
  object space 111616K, 67% used [0x00000000e0000000,0x00000000e49158b8,0x00000000e6d00000)
 Metaspace       used 103330K, capacity 110768K, committed 110848K, reserved 1146880K
  class space    used 11972K, capacity 14296K, committed 14336K, reserved 1048576K
}
Event: 3972.188 GC heap before
{Heap before GC invocations=160 (full 66):
 PSYoungGen      total 159232K, used 9836K [0x00000000f5580000, 0x00000000ff380000, 0x0000000100000000)
  eden space 156672K, 6% used [0x00000000f5580000,0x00000000f5f1b140,0x00000000fee80000)
  from space 2560K, 0% used [0x00000000fee80000,0x00000000fee80000,0x00000000ff100000)
  to   space 2560K, 0% used [0x00000000ff100000,0x00000000ff100000,0x00000000ff380000)
 ParOldGen       total 111616K, used 74838K [0x00000000e0000000, 0x00000000e6d00000, 0x00000000f5580000)
  object space 111616K, 67% used [0x00000000e0000000,0x00000000e49158b8,0x00000000e6d00000)
 Metaspace       used 103331K, capacity 110768K, committed 110848K, reserved 1146880K
  class space    used 11972K, capacity 14296K, committed 14336K, reserved 1048576K
Event: 3972.192 GC heap after
Heap after GC invocations=160 (full 66):
 PSYoungGen      total 159232K, used 544K [0x00000000f5580000, 0x00000000ff380000, 0x0000000100000000)
  eden space 156672K, 0% used [0x00000000f5580000,0x00000000f5580000,0x00000000fee80000)
  from space 2560K, 21% used [0x00000000ff100000,0x00000000ff188000,0x00000000ff380000)
  to   space 2560K, 0% used [0x00000000fee80000,0x00000000fee80000,0x00000000ff100000)
 ParOldGen       total 111616K, used 74838K [0x00000000e0000000, 0x00000000e6d00000, 0x00000000f5580000)
  object space 111616K, 67% used [0x00000000e0000000,0x00000000e49158b8,0x00000000e6d00000)
 Metaspace       used 103331K, capacity 110768K, committed 110848K, reserved 1146880K
  class space    used 11972K, capacity 14296K, committed 14336K, reserved 1048576K
}
Event: 3972.192 GC heap before
{Heap before GC invocations=161 (full 67):
 PSYoungGen      total 159232K, used 544K [0x00000000f5580000, 0x00000000ff380000, 0x0000000100000000)
  eden space 156672K, 0% used [0x00000000f5580000,0x00000000f5580000,0x00000000fee80000)
  from space 2560K, 21% used [0x00000000ff100000,0x00000000ff188000,0x00000000ff380000)
  to   space 2560K, 0% used [0x00000000fee80000,0x00000000fee80000,0x00000000ff100000)
 ParOldGen       total 111616K, used 74838K [0x00000000e0000000, 0x00000000e6d00000, 0x00000000f5580000)
  object space 111616K, 67% used [0x00000000e0000000,0x00000000e49158b8,0x00000000e6d00000)
 Metaspace       used 103331K, capacity 110768K, committed 110848K, reserved 1146880K
  class space    used 11972K, capacity 14296K, committed 14336K, reserved 1048576K
Event: 3972.321 GC heap after
Heap after GC invocations=161 (full 67):
 PSYoungGen      total 159232K, used 0K [0x00000000f5580000, 0x00000000ff380000, 0x0000000100000000)
  eden space 156672K, 0% used [0x00000000f5580000,0x00000000f5580000,0x00000000fee80000)
  from space 2560K, 0% used [0x00000000ff100000,0x00000000ff100000,0x00000000ff380000)
  to   space 2560K, 0% used [0x00000000fee80000,0x00000000fee80000,0x00000000ff100000)
 ParOldGen       total 111616K, used 74999K [0x00000000e0000000, 0x00000000e6d00000, 0x00000000f5580000)
  object space 111616K, 67% used [0x00000000e0000000,0x00000000e493dc68,0x00000000e6d00000)
 Metaspace       used 103331K, capacity 110768K, committed 110848K, reserved 1146880K
  class space    used 11972K, capacity 14296K, committed 14336K, reserved 1048576K
}
Event: 4039.424 GC heap before
{Heap before GC invocations=162 (full 67):
 PSYoungGen      total 159232K, used 84641K [0x00000000f5580000, 0x00000000ff380000, 0x0000000100000000)
  eden space 156672K, 54% used [0x00000000f5580000,0x00000000fa828728,0x00000000fee80000)
  from space 2560K, 0% used [0x00000000ff100000,0x00000000ff100000,0x00000000ff380000)
  to   space 2560K, 0% used [0x00000000fee80000,0x00000000fee80000,0x00000000ff100000)
 ParOldGen       total 111616K, used 74999K [0x00000000e0000000, 0x00000000e6d00000, 0x00000000f5580000)
  object space 111616K, 67% used [0x00000000e0000000,0x00000000e493dc68,0x00000000e6d00000)
 Metaspace       used 103443K, capacity 110878K, committed 111232K, reserved 1146880K
  class space    used 11980K, capacity 14332K, committed 14464K, reserved 1048576K
Event: 4039.429 GC heap after
Heap after GC invocations=162 (full 67):
 PSYoungGen      total 159232K, used 2555K [0x00000000f5580000, 0x00000000ff480000, 0x0000000100000000)
  eden space 156672K, 0% used [0x00000000f5580000,0x00000000f5580000,0x00000000fee80000)
  from space 2560K, 99% used [0x00000000fee80000,0x00000000ff0fed80,0x00000000ff100000)
  to   space 3072K, 0% used [0x00000000ff180000,0x00000000ff180000,0x00000000ff480000)
 ParOldGen       total 111616K, used 75565K [0x00000000e0000000, 0x00000000e6d00000, 0x00000000f5580000)
  object space 111616K, 67% used [0x00000000e0000000,0x00000000e49cb790,0x00000000e6d00000)
 Metaspace       used 103443K, capacity 110878K, committed 111232K, reserved 1146880K
  class space    used 11980K, capacity 14332K, committed 14464K, reserved 1048576K
}
Event: 4039.429 GC heap before
{Heap before GC invocations=163 (full 68):
 PSYoungGen      total 159232K, used 2555K [0x00000000f5580000, 0x00000000ff480000, 0x0000000100000000)
  eden space 156672K, 0% used [0x00000000f5580000,0x00000000f5580000,0x00000000fee80000)
  from space 2560K, 99% used [0x00000000fee80000,0x00000000ff0fed80,0x00000000ff100000)
  to   space 3072K, 0% used [0x00000000ff180000,0x00000000ff180000,0x00000000ff480000)
 ParOldGen       total 111616K, used 75565K [0x00000000e0000000, 0x00000000e6d00000, 0x00000000f5580000)
  object space 111616K, 67% used [0x00000000e0000000,0x00000000e49cb790,0x00000000e6d00000)
 Metaspace       used 103443K, capacity 110878K, committed 111232K, reserved 1146880K
  class space    used 11980K, capacity 14332K, committed 14464K, reserved 1048576K
Event: 4039.676 GC heap after
Heap after GC invocations=163 (full 68):
 PSYoungGen      total 159232K, used 0K [0x00000000f5580000, 0x00000000ff480000, 0x0000000100000000)
  eden space 156672K, 0% used [0x00000000f5580000,0x00000000f5580000,0x00000000fee80000)
  from space 2560K, 0% used [0x00000000fee80000,0x00000000fee80000,0x00000000ff100000)
  to   space 3072K, 0% used [0x00000000ff180000,0x00000000ff180000,0x00000000ff480000)
 ParOldGen       total 111616K, used 76729K [0x00000000e0000000, 0x00000000e6d00000, 0x00000000f5580000)
  object space 111616K, 68% used [0x00000000e0000000,0x00000000e4aee538,0x00000000e6d00000)
 Metaspace       used 103443K, capacity 110878K, committed 111232K, reserved 1146880K
  class space    used 11980K, capacity 14332K, committed 14464K, reserved 1048576K
}

