# JRE version: Java(TM) SE Runtime Environment (8.0_66-b18) (build 1.8.0_66-b18)
# Java VM: Java HotSpot(TM) 64-Bit Server VM (25.66-b18 mixed mode windows-amd64 compressed oops)
Heap:
 PSYoungGen      total 88064K, used 23516K [0x00000000f5580000, 0x00000000fcc00000, 0x0000000100000000)
  eden space 84480K, 23% used [0x00000000f5580000,0x00000000f68ffdd0,0x00000000fa800000)
  from space 3584K, 99% used [0x00000000fb180000,0x00000000fb4f7458,0x00000000fb500000)
  to   space 14848K, 0% used [0x00000000fbd80000,0x00000000fbd80000,0x00000000fcc00000)
 ParOldGen       total 100352K, used 78169K [0x00000000e0000000, 0x00000000e6200000, 0x00000000f5580000)
  object space 100352K, 77% used [0x00000000e0000000,0x00000000e4c56470,0x00000000e6200000)
 Metaspace       used 100594K, capacity 108038K, committed 108248K, reserved 1142784K
  class space    used 11765K, capacity 14304K, committed 14336K, reserved 1048576K
GC Heap History (10 events):
Event: 6609.483 GC heap before
{Heap before GC invocations=459 (full 78):
 PSYoungGen      total 105472K, used 105130K [0x00000000f5580000, 0x00000000fdb80000, 0x0000000100000000)
  eden space 99840K, 100% used [0x00000000f5580000,0x00000000fb700000,0x00000000fb700000)
  from space 5632K, 93% used [0x00000000fd600000,0x00000000fdb2aa10,0x00000000fdb80000)
  to   space 10240K, 0% used [0x00000000fc780000,0x00000000fc780000,0x00000000fd180000)
 ParOldGen       total 100352K, used 65802K [0x00000000e0000000, 0x00000000e6200000, 0x00000000f5580000)
  object space 100352K, 65% used [0x00000000e0000000,0x00000000e4042b20,0x00000000e6200000)
 Metaspace       used 93497K, capacity 101052K, committed 101208K, reserved 1136640K
  class space    used 10679K, capacity 13160K, committed 13184K, reserved 1048576K
Event: 6609.489 GC heap after
Heap after GC invocations=459 (full 78):
 PSYoungGen      total 102912K, used 6523K [0x00000000f5580000, 0x00000000fd680000, 0x0000000100000000)
  eden space 96256K, 0% used [0x00000000f5580000,0x00000000f5580000,0x00000000fb380000)
  from space 6656K, 98% used [0x00000000fc780000,0x00000000fcddec70,0x00000000fce00000)
  to   space 8704K, 0% used [0x00000000fce00000,0x00000000fce00000,0x00000000fd680000)
 ParOldGen       total 100352K, used 65810K [0x00000000e0000000, 0x00000000e6200000, 0x00000000f5580000)
  object space 100352K, 65% used [0x00000000e0000000,0x00000000e4044b20,0x00000000e6200000)
 Metaspace       used 93497K, capacity 101052K, committed 101208K, reserved 1136640K
  class space    used 10679K, capacity 13160K, committed 13184K, reserved 1048576K
}
Event: 6699.021 GC heap before
{Heap before GC invocations=460 (full 78):
 PSYoungGen      total 102912K, used 102779K [0x00000000f5580000, 0x00000000fd680000, 0x0000000100000000)
  eden space 96256K, 100% used [0x00000000f5580000,0x00000000fb380000,0x00000000fb380000)
  from space 6656K, 98% used [0x00000000fc780000,0x00000000fcddec70,0x00000000fce00000)
  to   space 8704K, 0% used [0x00000000fce00000,0x00000000fce00000,0x00000000fd680000)
 ParOldGen       total 100352K, used 65810K [0x00000000e0000000, 0x00000000e6200000, 0x00000000f5580000)
  object space 100352K, 65% used [0x00000000e0000000,0x00000000e4044b20,0x00000000e6200000)
 Metaspace       used 96169K, capacity 103774K, committed 103896K, reserved 1140736K
  class space    used 11070K, capacity 13489K, committed 13568K, reserved 1048576K
Event: 6699.030 GC heap after
Heap after GC invocations=460 (full 78):
 PSYoungGen      total 101888K, used 8693K [0x00000000f5580000, 0x00000000fd680000, 0x0000000100000000)
  eden space 93184K, 0% used [0x00000000f5580000,0x00000000f5580000,0x00000000fb080000)
  from space 8704K, 99% used [0x00000000fce00000,0x00000000fd67d448,0x00000000fd680000)
  to   space 11264K, 0% used [0x00000000fc080000,0x00000000fc080000,0x00000000fcb80000)
 ParOldGen       total 100352K, used 67180K [0x00000000e0000000, 0x00000000e6200000, 0x00000000f5580000)
  object space 100352K, 66% used [0x00000000e0000000,0x00000000e419b168,0x00000000e6200000)
 Metaspace       used 96169K, capacity 103774K, committed 103896K, reserved 1140736K
  class space    used 11070K, capacity 13489K, committed 13568K, reserved 1048576K
}
Event: 6734.071 GC heap before
{Heap before GC invocations=461 (full 78):
 PSYoungGen      total 101888K, used 101877K [0x00000000f5580000, 0x00000000fd680000, 0x0000000100000000)
  eden space 93184K, 100% used [0x00000000f5580000,0x00000000fb080000,0x00000000fb080000)
  from space 8704K, 99% used [0x00000000fce00000,0x00000000fd67d448,0x00000000fd680000)
  to   space 11264K, 0% used [0x00000000fc080000,0x00000000fc080000,0x00000000fcb80000)
 ParOldGen       total 100352K, used 67180K [0x00000000e0000000, 0x00000000e6200000, 0x00000000f5580000)
  object space 100352K, 66% used [0x00000000e0000000,0x00000000e419b168,0x00000000e6200000)
 Metaspace       used 99227K, capacity 107004K, committed 107224K, reserved 1142784K
  class space    used 11618K, capacity 14072K, committed 14080K, reserved 1048576K
Event: 6734.081 GC heap after
Heap after GC invocations=461 (full 78):
 PSYoungGen      total 101376K, used 11250K [0x00000000f5580000, 0x00000000fce80000, 0x0000000100000000)
  eden space 90112K, 0% used [0x00000000f5580000,0x00000000f5580000,0x00000000fad80000)
  from space 11264K, 99% used [0x00000000fc080000,0x00000000fcb7cb58,0x00000000fcb80000)
  to   space 3072K, 0% used [0x00000000fcb80000,0x00000000fcb80000,0x00000000fce80000)
 ParOldGen       total 100352K, used 69945K [0x00000000e0000000, 0x00000000e6200000, 0x00000000f5580000)
  object space 100352K, 69% used [0x00000000e0000000,0x00000000e444e430,0x00000000e6200000)
 Metaspace       used 99227K, capacity 107004K, committed 107224K, reserved 1142784K
  class space    used 11618K, capacity 14072K, committed 14080K, reserved 1048576K
}
Event: 6867.507 GC heap before
{Heap before GC invocations=462 (full 78):
 PSYoungGen      total 101376K, used 101362K [0x00000000f5580000, 0x00000000fce80000, 0x0000000100000000)
  eden space 90112K, 100% used [0x00000000f5580000,0x00000000fad80000,0x00000000fad80000)
  from space 11264K, 99% used [0x00000000fc080000,0x00000000fcb7cb58,0x00000000fcb80000)
  to   space 3072K, 0% used [0x00000000fcb80000,0x00000000fcb80000,0x00000000fce80000)
 ParOldGen       total 100352K, used 69945K [0x00000000e0000000, 0x00000000e6200000, 0x00000000f5580000)
  object space 100352K, 69% used [0x00000000e0000000,0x00000000e444e430,0x00000000e6200000)
 Metaspace       used 99802K, capacity 107518K, committed 107608K, reserved 1142784K
  class space    used 11678K, capacity 14202K, committed 14208K, reserved 1048576K
Event: 6867.516 GC heap after
Heap after GC invocations=462 (full 78):
 PSYoungGen      total 90112K, used 3062K [0x00000000f5580000, 0x00000000fce80000, 0x0000000100000000)
  eden space 87040K, 0% used [0x00000000f5580000,0x00000000f5580000,0x00000000faa80000)
  from space 3072K, 99% used [0x00000000fcb80000,0x00000000fce7d880,0x00000000fce80000)
  to   space 14848K, 0% used [0x00000000fb180000,0x00000000fb180000,0x00000000fc000000)
 ParOldGen       total 100352K, used 78145K [0x00000000e0000000, 0x00000000e6200000, 0x00000000f5580000)
  object space 100352K, 77% used [0x00000000e0000000,0x00000000e4c50470,0x00000000e6200000)
 Metaspace       used 99802K, capacity 107518K, committed 107608K, reserved 1142784K
  class space    used 11678K, capacity 14202K, committed 14208K, reserved 1048576K
}
Event: 6919.967 GC heap before
{Heap before GC invocations=463 (full 78):
 PSYoungGen      total 90112K, used 90102K [0x00000000f5580000, 0x00000000fce80000, 0x0000000100000000)
  eden space 87040K, 100% used [0x00000000f5580000,0x00000000faa80000,0x00000000faa80000)
  from space 3072K, 99% used [0x00000000fcb80000,0x00000000fce7d880,0x00000000fce80000)
  to   space 14848K, 0% used [0x00000000fb180000,0x00000000fb180000,0x00000000fc000000)
 ParOldGen       total 100352K, used 78145K [0x00000000e0000000, 0x00000000e6200000, 0x00000000f5580000)
  object space 100352K, 77% used [0x00000000e0000000,0x00000000e4c50470,0x00000000e6200000)
 Metaspace       used 100104K, capacity 107746K, committed 107864K, reserved 1142784K
  class space    used 11707K, capacity 14208K, committed 14208K, reserved 1048576K
Event: 6919.972 GC heap after
Heap after GC invocations=463 (full 78):
 PSYoungGen      total 88064K, used 3549K [0x00000000f5580000, 0x00000000fcc00000, 0x0000000100000000)
  eden space 84480K, 0% used [0x00000000f5580000,0x00000000f5580000,0x00000000fa800000)
  from space 3584K, 99% used [0x00000000fb180000,0x00000000fb4f7458,0x00000000fb500000)
  to   space 14848K, 0% used [0x00000000fbd80000,0x00000000fbd80000,0x00000000fcc00000)
 ParOldGen       total 100352K, used 78169K [0x00000000e0000000, 0x00000000e6200000, 0x00000000f5580000)
  object space 100352K, 77% used [0x00000000e0000000,0x00000000e4c56470,0x00000000e6200000)
 Metaspace       used 100104K, capacity 107746K, committed 107864K, reserved 1142784K
  class space    used 11707K, capacity 14208K, committed 14208K, reserved 1048576K
}

