# JRE version: Java(TM) SE Runtime Environment (8.0_66-b18) (build 1.8.0_66-b18)
# Java VM: Java HotSpot(TM) 64-Bit Server VM (25.66-b18 mixed mode windows-amd64 compressed oops)
Heap:
 PSYoungGen      total 68096K, used 9830K [0x00000000f5580000, 0x00000000fa380000, 0x0000000100000000)
  eden space 55808K, 15% used [0x00000000f5580000,0x00000000f5dc1908,0x00000000f8c00000)
  from space 12288K, 11% used [0x00000000f8c00000,0x00000000f8d58000,0x00000000f9800000)
  to   space 11776K, 0% used [0x00000000f9800000,0x00000000f9800000,0x00000000fa380000)
 ParOldGen       total 135168K, used 73510K [0x00000000e0000000, 0x00000000e8400000, 0x00000000f5580000)
  object space 135168K, 54% used [0x00000000e0000000,0x00000000e47c9b38,0x00000000e8400000)
 Metaspace       used 103879K, capacity 111538K, committed 111784K, reserved 1146880K
  class space    used 12262K, capacity 14931K, committed 15024K, reserved 1048576K
GC Heap History (10 events):
Event: 1861.553 GC heap before
{Heap before GC invocations=80 (full 17):
 PSYoungGen      total 69120K, used 9142K [0x00000000f5580000, 0x00000000fa600000, 0x0000000100000000)
  eden space 55808K, 16% used [0x00000000f5580000,0x00000000f5e6d908,0x00000000f8c00000)
  from space 13312K, 0% used [0x00000000f9900000,0x00000000f9900000,0x00000000fa600000)
  to   space 13312K, 0% used [0x00000000f8c00000,0x00000000f8c00000,0x00000000f9900000)
 ParOldGen       total 135168K, used 74220K [0x00000000e0000000, 0x00000000e8400000, 0x00000000f5580000)
  object space 135168K, 54% used [0x00000000e0000000,0x00000000e487b1c0,0x00000000e8400000)
 Metaspace       used 103404K, capacity 111182K, committed 111528K, reserved 1146880K
  class space    used 12214K, capacity 14899K, committed 15024K, reserved 1048576K
Event: 1861.557 GC heap after
Heap after GC invocations=80 (full 17):
 PSYoungGen      total 56832K, used 608K [0x00000000f5580000, 0x00000000fa500000, 0x0000000100000000)
  eden space 55808K, 0% used [0x00000000f5580000,0x00000000f5580000,0x00000000f8c00000)
  from space 1024K, 59% used [0x00000000f8c00000,0x00000000f8c98000,0x00000000f8d00000)
  to   space 12800K, 0% used [0x00000000f9880000,0x00000000f9880000,0x00000000fa500000)
 ParOldGen       total 135168K, used 74220K [0x00000000e0000000, 0x00000000e8400000, 0x00000000f5580000)
  object space 135168K, 54% used [0x00000000e0000000,0x00000000e487b1c0,0x00000000e8400000)
 Metaspace       used 103404K, capacity 111182K, committed 111528K, reserved 1146880K
  class space    used 12214K, capacity 14899K, committed 15024K, reserved 1048576K
}
Event: 1861.557 GC heap before
{Heap before GC invocations=81 (full 18):
 PSYoungGen      total 56832K, used 608K [0x00000000f5580000, 0x00000000fa500000, 0x0000000100000000)
  eden space 55808K, 0% used [0x00000000f5580000,0x00000000f5580000,0x00000000f8c00000)
  from space 1024K, 59% used [0x00000000f8c00000,0x00000000f8c98000,0x00000000f8d00000)
  to   space 12800K, 0% used [0x00000000f9880000,0x00000000f9880000,0x00000000fa500000)
 ParOldGen       total 135168K, used 74220K [0x00000000e0000000, 0x00000000e8400000, 0x00000000f5580000)
  object space 135168K, 54% used [0x00000000e0000000,0x00000000e487b1c0,0x00000000e8400000)
 Metaspace       used 103404K, capacity 111182K, committed 111528K, reserved 1146880K
  class space    used 12214K, capacity 14899K, committed 15024K, reserved 1048576K
Event: 1861.735 GC heap after
Heap after GC invocations=81 (full 18):
 PSYoungGen      total 56832K, used 0K [0x00000000f5580000, 0x00000000fa500000, 0x0000000100000000)
  eden space 55808K, 0% used [0x00000000f5580000,0x00000000f5580000,0x00000000f8c00000)
  from space 1024K, 0% used [0x00000000f8c00000,0x00000000f8c00000,0x00000000f8d00000)
  to   space 12800K, 0% used [0x00000000f9880000,0x00000000f9880000,0x00000000fa500000)
 ParOldGen       total 135168K, used 74353K [0x00000000e0000000, 0x00000000e8400000, 0x00000000f5580000)
  object space 135168K, 55% used [0x00000000e0000000,0x00000000e489c640,0x00000000e8400000)
 Metaspace       used 103404K, capacity 111182K, committed 111528K, reserved 1146880K
  class space    used 12214K, capacity 14899K, committed 15024K, reserved 1048576K
}
Event: 1921.562 GC heap before
{Heap before GC invocations=82 (full 18):
 PSYoungGen      total 56832K, used 2280K [0x00000000f5580000, 0x00000000fa500000, 0x0000000100000000)
  eden space 55808K, 4% used [0x00000000f5580000,0x00000000f57ba0b0,0x00000000f8c00000)
  from space 1024K, 0% used [0x00000000f8c00000,0x00000000f8c00000,0x00000000f8d00000)
  to   space 12800K, 0% used [0x00000000f9880000,0x00000000f9880000,0x00000000fa500000)
 ParOldGen       total 135168K, used 74353K [0x00000000e0000000, 0x00000000e8400000, 0x00000000f5580000)
  object space 135168K, 55% used [0x00000000e0000000,0x00000000e489c640,0x00000000e8400000)
 Metaspace       used 103405K, capacity 111182K, committed 111528K, reserved 1146880K
  class space    used 12214K, capacity 14899K, committed 15024K, reserved 1048576K
Event: 1921.566 GC heap after
Heap after GC invocations=82 (full 18):
 PSYoungGen      total 67584K, used 192K [0x00000000f5580000, 0x00000000fa400000, 0x0000000100000000)
  eden space 55808K, 0% used [0x00000000f5580000,0x00000000f5580000,0x00000000f8c00000)
  from space 11776K, 1% used [0x00000000f9880000,0x00000000f98b0000,0x00000000fa400000)
  to   space 12288K, 0% used [0x00000000f8c00000,0x00000000f8c00000,0x00000000f9800000)
 ParOldGen       total 135168K, used 74353K [0x00000000e0000000, 0x00000000e8400000, 0x00000000f5580000)
  object space 135168K, 55% used [0x00000000e0000000,0x00000000e489c640,0x00000000e8400000)
 Metaspace       used 103405K, capacity 111182K, committed 111528K, reserved 1146880K
  class space    used 12214K, capacity 14899K, committed 15024K, reserved 1048576K
}
Event: 1921.566 GC heap before
{Heap before GC invocations=83 (full 19):
 PSYoungGen      total 67584K, used 192K [0x00000000f5580000, 0x00000000fa400000, 0x0000000100000000)
  eden space 55808K, 0% used [0x00000000f5580000,0x00000000f5580000,0x00000000f8c00000)
  from space 11776K, 1% used [0x00000000f9880000,0x00000000f98b0000,0x00000000fa400000)
  to   space 12288K, 0% used [0x00000000f8c00000,0x00000000f8c00000,0x00000000f9800000)
 ParOldGen       total 135168K, used 74353K [0x00000000e0000000, 0x00000000e8400000, 0x00000000f5580000)
  object space 135168K, 55% used [0x00000000e0000000,0x00000000e489c640,0x00000000e8400000)
 Metaspace       used 103405K, capacity 111182K, committed 111528K, reserved 1146880K
  class space    used 12214K, capacity 14899K, committed 15024K, reserved 1048576K
Event: 1921.896 GC heap after
Heap after GC invocations=83 (full 19):
 PSYoungGen      total 67584K, used 0K [0x00000000f5580000, 0x00000000fa400000, 0x0000000100000000)
  eden space 55808K, 0% used [0x00000000f5580000,0x00000000f5580000,0x00000000f8c00000)
  from space 11776K, 0% used [0x00000000f9880000,0x00000000f9880000,0x00000000fa400000)
  to   space 12288K, 0% used [0x00000000f8c00000,0x00000000f8c00000,0x00000000f9800000)
 ParOldGen       total 135168K, used 73502K [0x00000000e0000000, 0x00000000e8400000, 0x00000000f5580000)
  object space 135168K, 54% used [0x00000000e0000000,0x00000000e47c7b38,0x00000000e8400000)
 Metaspace       used 103393K, capacity 111164K, committed 111528K, reserved 1146880K
  class space    used 12212K, capacity 14896K, committed 15024K, reserved 1048576K
}
Event: 1956.976 GC heap before
{Heap before GC invocations=84 (full 19):
 PSYoungGen      total 67584K, used 55808K [0x00000000f5580000, 0x00000000fa400000, 0x0000000100000000)
  eden space 55808K, 100% used [0x00000000f5580000,0x00000000f8c00000,0x00000000f8c00000)
  from space 11776K, 0% used [0x00000000f9880000,0x00000000f9880000,0x00000000fa400000)
  to   space 12288K, 0% used [0x00000000f8c00000,0x00000000f8c00000,0x00000000f9800000)
 ParOldGen       total 135168K, used 73502K [0x00000000e0000000, 0x00000000e8400000, 0x00000000f5580000)
  object space 135168K, 54% used [0x00000000e0000000,0x00000000e47c7b38,0x00000000e8400000)
 Metaspace       used 103617K, capacity 111374K, committed 111784K, reserved 1146880K
  class space    used 12237K, capacity 14899K, committed 15024K, reserved 1048576K
Event: 1956.980 GC heap after
Heap after GC invocations=84 (full 19):
 PSYoungGen      total 68096K, used 1376K [0x00000000f5580000, 0x00000000fa380000, 0x0000000100000000)
  eden space 55808K, 0% used [0x00000000f5580000,0x00000000f5580000,0x00000000f8c00000)
  from space 12288K, 11% used [0x00000000f8c00000,0x00000000f8d58000,0x00000000f9800000)
  to   space 11776K, 0% used [0x00000000f9800000,0x00000000f9800000,0x00000000fa380000)
 ParOldGen       total 135168K, used 73510K [0x00000000e0000000, 0x00000000e8400000, 0x00000000f5580000)
  object space 135168K, 54% used [0x00000000e0000000,0x00000000e47c9b38,0x00000000e8400000)
 Metaspace       used 103617K, capacity 111374K, committed 111784K, reserved 1146880K
  class space    used 12237K, capacity 14899K, committed 15024K, reserved 1048576K
}

