# JRE version: Java(TM) SE Runtime Environment (8.0_66-b18) (build 1.8.0_66-b18)
# Java VM: Java HotSpot(TM) 64-Bit Server VM (25.66-b18 mixed mode windows-amd64 compressed oops)
Heap:
 PSYoungGen      total 57856K, used 23644K [0x00000007bc400000, 0x00000007c0000000, 0x00000007c0000000)
  eden space 54272K, 39% used [0x00000007bc400000,0x00000007bd92c740,0x00000007bf900000)
  from space 3584K, 54% used [0x00000007bfc80000,0x00000007bfe6a9d0,0x00000007c0000000)
  to   space 3584K, 0% used [0x00000007bf900000,0x00000007bf900000,0x00000007bfc80000)
 ParOldGen       total 294400K, used 92798K [0x0000000700000000, 0x0000000711f80000, 0x00000007bc400000)
  object space 294400K, 31% used [0x0000000700000000,0x0000000705a9f978,0x0000000711f80000)
 Metaspace       used 74640K, capacity 75010K, committed 75892K, reserved 1114112K
  class space    used 10668K, capacity 10763K, committed 10880K, reserved 1048576K
GC Heap History (10 events):
Event: 10562.311 GC heap before
{Heap before GC invocations=529 (full 17):
 PSYoungGen      total 57344K, used 54368K [0x00000007bc400000, 0x00000007c0000000, 0x00000007c0000000)
  eden space 53248K, 100% used [0x00000007bc400000,0x00000007bf800000,0x00000007bf800000)
  from space 4096K, 27% used [0x00000007bf800000,0x00000007bf918000,0x00000007bfc00000)
  to   space 4096K, 0% used [0x00000007bfc00000,0x00000007bfc00000,0x00000007c0000000)
 ParOldGen       total 294400K, used 92678K [0x0000000700000000, 0x0000000711f80000, 0x00000007bc400000)
  object space 294400K, 31% used [0x0000000700000000,0x0000000705a81978,0x0000000711f80000)
 Metaspace       used 74627K, capacity 75010K, committed 75892K, reserved 1114112K
  class space    used 10668K, capacity 10763K, committed 10880K, reserved 1048576K
Event: 10562.315 GC heap after
Heap after GC invocations=529 (full 17):
 PSYoungGen      total 57344K, used 1856K [0x00000007bc400000, 0x00000007c0000000, 0x00000007c0000000)
  eden space 53248K, 0% used [0x00000007bc400000,0x00000007bc400000,0x00000007bf800000)
  from space 4096K, 45% used [0x00000007bfc00000,0x00000007bfdd0000,0x00000007c0000000)
  to   space 4096K, 0% used [0x00000007bf800000,0x00000007bf800000,0x00000007bfc00000)
 ParOldGen       total 294400K, used 92750K [0x0000000700000000, 0x0000000711f80000, 0x00000007bc400000)
  object space 294400K, 31% used [0x0000000700000000,0x0000000705a93978,0x0000000711f80000)
 Metaspace       used 74627K, capacity 75010K, committed 75892K, reserved 1114112K
  class space    used 10668K, capacity 10763K, committed 10880K, reserved 1048576K
}
Event: 10626.429 GC heap before
{Heap before GC invocations=530 (full 17):
 PSYoungGen      total 57344K, used 55104K [0x00000007bc400000, 0x00000007c0000000, 0x00000007c0000000)
  eden space 53248K, 100% used [0x00000007bc400000,0x00000007bf800000,0x00000007bf800000)
  from space 4096K, 45% used [0x00000007bfc00000,0x00000007bfdd0000,0x00000007c0000000)
  to   space 4096K, 0% used [0x00000007bf800000,0x00000007bf800000,0x00000007bfc00000)
 ParOldGen       total 294400K, used 92750K [0x0000000700000000, 0x0000000711f80000, 0x00000007bc400000)
  object space 294400K, 31% used [0x0000000700000000,0x0000000705a93978,0x0000000711f80000)
 Metaspace       used 74633K, capacity 75010K, committed 75892K, reserved 1114112K
  class space    used 10668K, capacity 10763K, committed 10880K, reserved 1048576K
Event: 10626.434 GC heap after
Heap after GC invocations=530 (full 17):
 PSYoungGen      total 57344K, used 2349K [0x00000007bc400000, 0x00000007c0000000, 0x00000007c0000000)
  eden space 53248K, 0% used [0x00000007bc400000,0x00000007bc400000,0x00000007bf800000)
  from space 4096K, 57% used [0x00000007bf800000,0x00000007bfa4b7b8,0x00000007bfc00000)
  to   space 4096K, 0% used [0x00000007bfc00000,0x00000007bfc00000,0x00000007c0000000)
 ParOldGen       total 294400K, used 92798K [0x0000000700000000, 0x0000000711f80000, 0x00000007bc400000)
  object space 294400K, 31% used [0x0000000700000000,0x0000000705a9f978,0x0000000711f80000)
 Metaspace       used 74633K, capacity 75010K, committed 75892K, reserved 1114112K
  class space    used 10668K, capacity 10763K, committed 10880K, reserved 1048576K
}
Event: 10684.462 GC heap before
{Heap before GC invocations=531 (full 17):
 PSYoungGen      total 57344K, used 55597K [0x00000007bc400000, 0x00000007c0000000, 0x00000007c0000000)
  eden space 53248K, 100% used [0x00000007bc400000,0x00000007bf800000,0x00000007bf800000)
  from space 4096K, 57% used [0x00000007bf800000,0x00000007bfa4b7b8,0x00000007bfc00000)
  to   space 4096K, 0% used [0x00000007bfc00000,0x00000007bfc00000,0x00000007c0000000)
 ParOldGen       total 294400K, used 92798K [0x0000000700000000, 0x0000000711f80000, 0x00000007bc400000)
  object space 294400K, 31% used [0x0000000700000000,0x0000000705a9f978,0x0000000711f80000)
 Metaspace       used 74639K, capacity 75010K, committed 75892K, reserved 1114112K
  class space    used 10668K, capacity 10763K, committed 10880K, reserved 1048576K
Event: 10684.467 GC heap after
Heap after GC invocations=531 (full 17):
 PSYoungGen      total 57344K, used 2058K [0x00000007bc400000, 0x00000007c0000000, 0x00000007c0000000)
  eden space 53248K, 0% used [0x00000007bc400000,0x00000007bc400000,0x00000007bf800000)
  from space 4096K, 50% used [0x00000007bfc00000,0x00000007bfe029d0,0x00000007c0000000)
  to   space 4096K, 0% used [0x00000007bf800000,0x00000007bf800000,0x00000007bfc00000)
 ParOldGen       total 294400K, used 92798K [0x0000000700000000, 0x0000000711f80000, 0x00000007bc400000)
  object space 294400K, 31% used [0x0000000700000000,0x0000000705a9f978,0x0000000711f80000)
 Metaspace       used 74639K, capacity 75010K, committed 75892K, reserved 1114112K
  class space    used 10668K, capacity 10763K, committed 10880K, reserved 1048576K
}
Event: 10820.509 GC heap before
{Heap before GC invocations=532 (full 17):
 PSYoungGen      total 57344K, used 55306K [0x00000007bc400000, 0x00000007c0000000, 0x00000007c0000000)
  eden space 53248K, 100% used [0x00000007bc400000,0x00000007bf800000,0x00000007bf800000)
  from space 4096K, 50% used [0x00000007bfc00000,0x00000007bfe029d0,0x00000007c0000000)
  to   space 4096K, 0% used [0x00000007bf800000,0x00000007bf800000,0x00000007bfc00000)
 ParOldGen       total 294400K, used 92798K [0x0000000700000000, 0x0000000711f80000, 0x00000007bc400000)
  object space 294400K, 31% used [0x0000000700000000,0x0000000705a9f978,0x0000000711f80000)
 Metaspace       used 74639K, capacity 75010K, committed 75892K, reserved 1114112K
  class space    used 10668K, capacity 10763K, committed 10880K, reserved 1048576K
Event: 10820.514 GC heap after
Heap after GC invocations=532 (full 17):
 PSYoungGen      total 57344K, used 1898K [0x00000007bc400000, 0x00000007c0000000, 0x00000007c0000000)
  eden space 53248K, 0% used [0x00000007bc400000,0x00000007bc400000,0x00000007bf800000)
  from space 4096K, 46% used [0x00000007bf800000,0x00000007bf9da9d0,0x00000007bfc00000)
  to   space 3584K, 0% used [0x00000007bfc80000,0x00000007bfc80000,0x00000007c0000000)
 ParOldGen       total 294400K, used 92798K [0x0000000700000000, 0x0000000711f80000, 0x00000007bc400000)
  object space 294400K, 31% used [0x0000000700000000,0x0000000705a9f978,0x0000000711f80000)
 Metaspace       used 74639K, capacity 75010K, committed 75892K, reserved 1114112K
  class space    used 10668K, capacity 10763K, committed 10880K, reserved 1048576K
}
Event: 10949.418 GC heap before
{Heap before GC invocations=533 (full 17):
 PSYoungGen      total 57344K, used 55146K [0x00000007bc400000, 0x00000007c0000000, 0x00000007c0000000)
  eden space 53248K, 100% used [0x00000007bc400000,0x00000007bf800000,0x00000007bf800000)
  from space 4096K, 46% used [0x00000007bf800000,0x00000007bf9da9d0,0x00000007bfc00000)
  to   space 3584K, 0% used [0x00000007bfc80000,0x00000007bfc80000,0x00000007c0000000)
 ParOldGen       total 294400K, used 92798K [0x0000000700000000, 0x0000000711f80000, 0x00000007bc400000)
  object space 294400K, 31% used [0x0000000700000000,0x0000000705a9f978,0x0000000711f80000)
 Metaspace       used 74639K, capacity 75010K, committed 75892K, reserved 1114112K
  class space    used 10668K, capacity 10763K, committed 10880K, reserved 1048576K
Event: 10949.422 GC heap after
Heap after GC invocations=533 (full 17):
 PSYoungGen      total 57856K, used 1962K [0x00000007bc400000, 0x00000007c0000000, 0x00000007c0000000)
  eden space 54272K, 0% used [0x00000007bc400000,0x00000007bc400000,0x00000007bf900000)
  from space 3584K, 54% used [0x00000007bfc80000,0x00000007bfe6a9d0,0x00000007c0000000)
  to   space 3584K, 0% used [0x00000007bf900000,0x00000007bf900000,0x00000007bfc80000)
 ParOldGen       total 294400K, used 92798K [0x0000000700000000, 0x0000000711f80000, 0x00000007bc400000)
  object space 294400K, 31% used [0x0000000700000000,0x0000000705a9f978,0x0000000711f80000)
 Metaspace       used 74639K, capacity 75010K, committed 75892K, reserved 1114112K
  class space    used 10668K, capacity 10763K, committed 10880K, reserved 1048576K
}

