# JRE version: Java(TM) SE Runtime Environment (8.0_66-b18) (build 1.8.0_66-b18)
# Java VM: Java HotSpot(TM) 64-Bit Server VM (25.66-b18 mixed mode windows-amd64 compressed oops)
Heap:
 PSYoungGen      total 129024K, used 3659K [0x00000000f5580000, 0x00000000ffe80000, 0x0000000100000000)
  eden space 86528K, 4% used [0x00000000f5580000,0x00000000f5912e28,0x00000000faa00000)
  from space 42496K, 0% used [0x00000000faa00000,0x00000000faa00000,0x00000000fd380000)
  to   space 41472K, 0% used [0x00000000fd600000,0x00000000fd600000,0x00000000ffe80000)
 ParOldGen       total 349696K, used 98118K [0x00000000e0000000, 0x00000000f5580000, 0x00000000f5580000)
  object space 349696K, 28% used [0x00000000e0000000,0x00000000e5fd1910,0x00000000f5580000)
 Metaspace       used 91265K, capacity 98814K, committed 99096K, reserved 1134592K
  class space    used 10807K, capacity 13326K, committed 13360K, reserved 1048576K
GC Heap History (10 events):
Event: 3544.158 GC heap before
{Heap before GC invocations=72823 (full 1542):
 PSYoungGen      total 124416K, used 64274K [0x00000000f5580000, 0x00000000ffe00000, 0x0000000100000000)
  eden space 77312K, 78% used [0x00000000f5580000,0x00000000f90ad9b0,0x00000000fa100000)
  from space 47104K, 7% used [0x00000000fa100000,0x00000000fa496ea0,0x00000000fcf00000)
  to   space 45056K, 0% used [0x00000000fd200000,0x00000000fd200000,0x00000000ffe00000)
 ParOldGen       total 349696K, used 311679K [0x00000000e0000000, 0x00000000f5580000, 0x00000000f5580000)
  object space 349696K, 89% used [0x00000000e0000000,0x00000000f305ff90,0x00000000f5580000)
 Metaspace       used 90103K, capacity 97784K, committed 97944K, reserved 1134592K
  class space    used 10691K, capacity 13132K, committed 13232K, reserved 1048576K
Event: 3544.162 GC heap after
Heap after GC invocations=72823 (full 1542):
 PSYoungGen      total 126464K, used 18849K [0x00000000f5580000, 0x00000000ffd00000, 0x0000000100000000)
  eden space 82432K, 0% used [0x00000000f5580000,0x00000000f5580000,0x00000000fa600000)
  from space 44032K, 42% used [0x00000000fd200000,0x00000000fe468730,0x00000000ffd00000)
  to   space 44544K, 0% used [0x00000000fa600000,0x00000000fa600000,0x00000000fd180000)
 ParOldGen       total 349696K, used 312483K [0x00000000e0000000, 0x00000000f5580000, 0x00000000f5580000)
  object space 349696K, 89% used [0x00000000e0000000,0x00000000f3128e30,0x00000000f5580000)
 Metaspace       used 90103K, capacity 97784K, committed 97944K, reserved 1134592K
  class space    used 10691K, capacity 13132K, committed 13232K, reserved 1048576K
}
Event: 3544.194 GC heap before
{Heap before GC invocations=72824 (full 1542):
 PSYoungGen      total 126464K, used 95549K [0x00000000f5580000, 0x00000000ffd00000, 0x0000000100000000)
  eden space 82432K, 93% used [0x00000000f5580000,0x00000000fa067010,0x00000000fa600000)
  from space 44032K, 42% used [0x00000000fd200000,0x00000000fe468730,0x00000000ffd00000)
  to   space 44544K, 0% used [0x00000000fa600000,0x00000000fa600000,0x00000000fd180000)
 ParOldGen       total 349696K, used 312483K [0x00000000e0000000, 0x00000000f5580000, 0x00000000f5580000)
  object space 349696K, 89% used [0x00000000e0000000,0x00000000f3128e30,0x00000000f5580000)
 Metaspace       used 90110K, capacity 97784K, committed 97944K, reserved 1134592K
  class space    used 10691K, capacity 13132K, committed 13232K, reserved 1048576K
Event: 3544.198 GC heap after
Heap after GC invocations=72824 (full 1542):
 PSYoungGen      total 126976K, used 18625K [0x00000000f5580000, 0x00000000ffe80000, 0x0000000100000000)
  eden space 82432K, 0% used [0x00000000f5580000,0x00000000f5580000,0x00000000fa600000)
  from space 44544K, 41% used [0x00000000fa600000,0x00000000fb830730,0x00000000fd180000)
  to   space 43520K, 0% used [0x00000000fd400000,0x00000000fd400000,0x00000000ffe80000)
 ParOldGen       total 349696K, used 312747K [0x00000000e0000000, 0x00000000f5580000, 0x00000000f5580000)
  object space 349696K, 89% used [0x00000000e0000000,0x00000000f316ae30,0x00000000f5580000)
 Metaspace       used 90110K, capacity 97784K, committed 97944K, reserved 1134592K
  class space    used 10691K, capacity 13132K, committed 13232K, reserved 1048576K
}
Event: 3544.221 GC heap before
{Heap before GC invocations=72825 (full 1542):
 PSYoungGen      total 126976K, used 101057K [0x00000000f5580000, 0x00000000ffe80000, 0x0000000100000000)
  eden space 82432K, 100% used [0x00000000f5580000,0x00000000fa600000,0x00000000fa600000)
  from space 44544K, 41% used [0x00000000fa600000,0x00000000fb830730,0x00000000fd180000)
  to   space 43520K, 0% used [0x00000000fd400000,0x00000000fd400000,0x00000000ffe80000)
 ParOldGen       total 349696K, used 312747K [0x00000000e0000000, 0x00000000f5580000, 0x00000000f5580000)
  object space 349696K, 89% used [0x00000000e0000000,0x00000000f316ae30,0x00000000f5580000)
 Metaspace       used 90126K, capacity 97784K, committed 97944K, reserved 1134592K
  class space    used 10691K, capacity 13132K, committed 13232K, reserved 1048576K
Event: 3544.225 GC heap after
Heap after GC invocations=72825 (full 1542):
 PSYoungGen      total 128512K, used 18658K [0x00000000f5580000, 0x00000000ffd00000, 0x0000000100000000)
  eden space 86528K, 0% used [0x00000000f5580000,0x00000000f5580000,0x00000000faa00000)
  from space 41984K, 44% used [0x00000000fd400000,0x00000000fe6389f8,0x00000000ffd00000)
  to   space 42496K, 0% used [0x00000000faa00000,0x00000000faa00000,0x00000000fd380000)
 ParOldGen       total 349696K, used 312795K [0x00000000e0000000, 0x00000000f5580000, 0x00000000f5580000)
  object space 349696K, 89% used [0x00000000e0000000,0x00000000f3176e30,0x00000000f5580000)
 Metaspace       used 90126K, capacity 97784K, committed 97944K, reserved 1134592K
  class space    used 10691K, capacity 13132K, committed 13232K, reserved 1048576K
}
Event: 3549.672 GC heap before
{Heap before GC invocations=72826 (full 1542):
 PSYoungGen      total 128512K, used 105186K [0x00000000f5580000, 0x00000000ffd00000, 0x0000000100000000)
  eden space 86528K, 100% used [0x00000000f5580000,0x00000000faa00000,0x00000000faa00000)
  from space 41984K, 44% used [0x00000000fd400000,0x00000000fe6389f8,0x00000000ffd00000)
  to   space 42496K, 0% used [0x00000000faa00000,0x00000000faa00000,0x00000000fd380000)
 ParOldGen       total 349696K, used 312795K [0x00000000e0000000, 0x00000000f5580000, 0x00000000f5580000)
  object space 349696K, 89% used [0x00000000e0000000,0x00000000f3176e30,0x00000000f5580000)
 Metaspace       used 91247K, capacity 98820K, committed 99096K, reserved 1134592K
  class space    used 10805K, capacity 13327K, committed 13360K, reserved 1048576K
Event: 3549.678 GC heap after
Heap after GC invocations=72826 (full 1542):
 PSYoungGen      total 129024K, used 3034K [0x00000000f5580000, 0x00000000ffe80000, 0x0000000100000000)
  eden space 86528K, 0% used [0x00000000f5580000,0x00000000f5580000,0x00000000faa00000)
  from space 42496K, 7% used [0x00000000faa00000,0x00000000facf6a30,0x00000000fd380000)
  to   space 41472K, 0% used [0x00000000fd600000,0x00000000fd600000,0x00000000ffe80000)
 ParOldGen       total 349696K, used 331270K [0x00000000e0000000, 0x00000000f5580000, 0x00000000f5580000)
  object space 349696K, 94% used [0x00000000e0000000,0x00000000f4381828,0x00000000f5580000)
 Metaspace       used 91247K, capacity 98820K, committed 99096K, reserved 1134592K
  class space    used 10805K, capacity 13327K, committed 13360K, reserved 1048576K
}
Event: 3549.678 GC heap before
{Heap before GC invocations=72827 (full 1543):
 PSYoungGen      total 129024K, used 3034K [0x00000000f5580000, 0x00000000ffe80000, 0x0000000100000000)
  eden space 86528K, 0% used [0x00000000f5580000,0x00000000f5580000,0x00000000faa00000)
  from space 42496K, 7% used [0x00000000faa00000,0x00000000facf6a30,0x00000000fd380000)
  to   space 41472K, 0% used [0x00000000fd600000,0x00000000fd600000,0x00000000ffe80000)
 ParOldGen       total 349696K, used 331270K [0x00000000e0000000, 0x00000000f5580000, 0x00000000f5580000)
  object space 349696K, 94% used [0x00000000e0000000,0x00000000f4381828,0x00000000f5580000)
 Metaspace       used 91247K, capacity 98820K, committed 99096K, reserved 1134592K
  class space    used 10805K, capacity 13327K, committed 13360K, reserved 1048576K
Event: 3549.769 GC heap after
Heap after GC invocations=72827 (full 1543):
 PSYoungGen      total 129024K, used 0K [0x00000000f5580000, 0x00000000ffe80000, 0x0000000100000000)
  eden space 86528K, 0% used [0x00000000f5580000,0x00000000f5580000,0x00000000faa00000)
  from space 42496K, 0% used [0x00000000faa00000,0x00000000faa00000,0x00000000fd380000)
  to   space 41472K, 0% used [0x00000000fd600000,0x00000000fd600000,0x00000000ffe80000)
 ParOldGen       total 349696K, used 98118K [0x00000000e0000000, 0x00000000f5580000, 0x00000000f5580000)
  object space 349696K, 28% used [0x00000000e0000000,0x00000000e5fd1910,0x00000000f5580000)
 Metaspace       used 91237K, capacity 98750K, committed 99096K, reserved 1134592K
  class space    used 10804K, capacity 13326K, committed 13360K, reserved 1048576K
}

