# JRE version: Java(TM) SE Runtime Environment (8.0_66-b18) (build 1.8.0_66-b18)
# Java VM: Java HotSpot(TM) 64-Bit Server VM (25.66-b18 mixed mode windows-amd64 compressed oops)
Heap:
 PSYoungGen      total 68096K, used 34668K [0x00000000f5580000, 0x00000000fa600000, 0x0000000100000000)
  eden space 56832K, 53% used [0x00000000f5580000,0x00000000f736e1e0,0x00000000f8d00000)
  from space 11264K, 35% used [0x00000000f9b00000,0x00000000f9eed0c0,0x00000000fa600000)
  to   space 12800K, 0% used [0x00000000f8d00000,0x00000000f8d00000,0x00000000f9980000)
 ParOldGen       total 109568K, used 68976K [0x00000000e0000000, 0x00000000e6b00000, 0x00000000f5580000)
  object space 109568K, 62% used [0x00000000e0000000,0x00000000e435c010,0x00000000e6b00000)
 Metaspace       used 95510K, capacity 103052K, committed 103424K, reserved 1138688K
  class space    used 11123K, capacity 13490K, committed 13568K, reserved 1048576K
GC Heap History (10 events):
Event: 5655.444 GC heap before
{Heap before GC invocations=48 (full 6):
 PSYoungGen      total 71168K, used 71150K [0x00000000f5580000, 0x00000000fb000000, 0x0000000100000000)
  eden space 65024K, 100% used [0x00000000f5580000,0x00000000f9500000,0x00000000f9500000)
  from space 6144K, 99% used [0x00000000f9700000,0x00000000f9cfb820,0x00000000f9d00000)
  to   space 13824K, 0% used [0x00000000fa280000,0x00000000fa280000,0x00000000fb000000)
 ParOldGen       total 109568K, used 67512K [0x00000000e0000000, 0x00000000e6b00000, 0x00000000f5580000)
  object space 109568K, 61% used [0x00000000e0000000,0x00000000e41ee290,0x00000000e6b00000)
 Metaspace       used 94333K, capacity 101944K, committed 102272K, reserved 1138688K
  class space    used 11001K, capacity 13386K, committed 13440K, reserved 1048576K
Event: 5655.450 GC heap after
Heap after GC invocations=48 (full 6):
 PSYoungGen      total 74752K, used 4466K [0x00000000f5580000, 0x00000000fae00000, 0x0000000100000000)
  eden space 62976K, 0% used [0x00000000f5580000,0x00000000f5580000,0x00000000f9300000)
  from space 11776K, 37% used [0x00000000fa280000,0x00000000fa6dcb50,0x00000000fae00000)
  to   space 13824K, 0% used [0x00000000f9300000,0x00000000f9300000,0x00000000fa080000)
 ParOldGen       total 109568K, used 67823K [0x00000000e0000000, 0x00000000e6b00000, 0x00000000f5580000)
  object space 109568K, 61% used [0x00000000e0000000,0x00000000e423be70,0x00000000e6b00000)
 Metaspace       used 94333K, capacity 101944K, committed 102272K, reserved 1138688K
  class space    used 11001K, capacity 13386K, committed 13440K, reserved 1048576K
}
Event: 5890.501 GC heap before
{Heap before GC invocations=49 (full 6):
 PSYoungGen      total 74752K, used 67442K [0x00000000f5580000, 0x00000000fae00000, 0x0000000100000000)
  eden space 62976K, 100% used [0x00000000f5580000,0x00000000f9300000,0x00000000f9300000)
  from space 11776K, 37% used [0x00000000fa280000,0x00000000fa6dcb50,0x00000000fae00000)
  to   space 13824K, 0% used [0x00000000f9300000,0x00000000f9300000,0x00000000fa080000)
 ParOldGen       total 109568K, used 67823K [0x00000000e0000000, 0x00000000e6b00000, 0x00000000f5580000)
  object space 109568K, 61% used [0x00000000e0000000,0x00000000e423be70,0x00000000e6b00000)
 Metaspace       used 94366K, capacity 101944K, committed 102272K, reserved 1138688K
  class space    used 11001K, capacity 13386K, committed 13440K, reserved 1048576K
Event: 5890.508 GC heap after
Heap after GC invocations=49 (full 6):
 PSYoungGen      total 67584K, used 5932K [0x00000000f5580000, 0x00000000fab80000, 0x0000000100000000)
  eden space 61440K, 0% used [0x00000000f5580000,0x00000000f5580000,0x00000000f9180000)
  from space 6144K, 96% used [0x00000000f9300000,0x00000000f98cb080,0x00000000f9900000)
  to   space 13312K, 0% used [0x00000000f9e80000,0x00000000f9e80000,0x00000000fab80000)
 ParOldGen       total 109568K, used 68187K [0x00000000e0000000, 0x00000000e6b00000, 0x00000000f5580000)
  object space 109568K, 62% used [0x00000000e0000000,0x00000000e4296e80,0x00000000e6b00000)
 Metaspace       used 94366K, capacity 101944K, committed 102272K, reserved 1138688K
  class space    used 11001K, capacity 13386K, committed 13440K, reserved 1048576K
}
Event: 5965.034 GC heap before
{Heap before GC invocations=50 (full 6):
 PSYoungGen      total 67584K, used 67372K [0x00000000f5580000, 0x00000000fab80000, 0x0000000100000000)
  eden space 61440K, 100% used [0x00000000f5580000,0x00000000f9180000,0x00000000f9180000)
  from space 6144K, 96% used [0x00000000f9300000,0x00000000f98cb080,0x00000000f9900000)
  to   space 13312K, 0% used [0x00000000f9e80000,0x00000000f9e80000,0x00000000fab80000)
 ParOldGen       total 109568K, used 68187K [0x00000000e0000000, 0x00000000e6b00000, 0x00000000f5580000)
  object space 109568K, 62% used [0x00000000e0000000,0x00000000e4296e80,0x00000000e6b00000)
 Metaspace       used 94405K, capacity 101944K, committed 102272K, reserved 1138688K
  class space    used 11002K, capacity 13386K, committed 13440K, reserved 1048576K
Event: 5965.039 GC heap after
Heap after GC invocations=50 (full 6):
 PSYoungGen      total 71680K, used 5351K [0x00000000f5580000, 0x00000000faa00000, 0x0000000100000000)
  eden space 59904K, 0% used [0x00000000f5580000,0x00000000f5580000,0x00000000f9000000)
  from space 11776K, 45% used [0x00000000f9e80000,0x00000000fa3b9d50,0x00000000faa00000)
  to   space 13312K, 0% used [0x00000000f9000000,0x00000000f9000000,0x00000000f9d00000)
 ParOldGen       total 109568K, used 68371K [0x00000000e0000000, 0x00000000e6b00000, 0x00000000f5580000)
  object space 109568K, 62% used [0x00000000e0000000,0x00000000e42c4e80,0x00000000e6b00000)
 Metaspace       used 94405K, capacity 101944K, committed 102272K, reserved 1138688K
  class space    used 11002K, capacity 13386K, committed 13440K, reserved 1048576K
}
Event: 6032.061 GC heap before
{Heap before GC invocations=51 (full 6):
 PSYoungGen      total 71680K, used 65255K [0x00000000f5580000, 0x00000000faa00000, 0x0000000100000000)
  eden space 59904K, 100% used [0x00000000f5580000,0x00000000f9000000,0x00000000f9000000)
  from space 11776K, 45% used [0x00000000f9e80000,0x00000000fa3b9d50,0x00000000faa00000)
  to   space 13312K, 0% used [0x00000000f9000000,0x00000000f9000000,0x00000000f9d00000)
 ParOldGen       total 109568K, used 68371K [0x00000000e0000000, 0x00000000e6b00000, 0x00000000f5580000)
  object space 109568K, 62% used [0x00000000e0000000,0x00000000e42c4e80,0x00000000e6b00000)
 Metaspace       used 94593K, capacity 102110K, committed 102272K, reserved 1138688K
  class space    used 11026K, capacity 13419K, committed 13440K, reserved 1048576K
Event: 6032.068 GC heap after
Heap after GC invocations=51 (full 6):
 PSYoungGen      total 64512K, used 5815K [0x00000000f5580000, 0x00000000fa780000, 0x0000000100000000)
  eden space 58368K, 0% used [0x00000000f5580000,0x00000000f5580000,0x00000000f8e80000)
  from space 6144K, 94% used [0x00000000f9000000,0x00000000f95adea0,0x00000000f9600000)
  to   space 12800K, 0% used [0x00000000f9b00000,0x00000000f9b00000,0x00000000fa780000)
 ParOldGen       total 109568K, used 68419K [0x00000000e0000000, 0x00000000e6b00000, 0x00000000f5580000)
  object space 109568K, 62% used [0x00000000e0000000,0x00000000e42d0e80,0x00000000e6b00000)
 Metaspace       used 94593K, capacity 102110K, committed 102272K, reserved 1138688K
  class space    used 11026K, capacity 13419K, committed 13440K, reserved 1048576K
}
Event: 6437.826 GC heap before
{Heap before GC invocations=52 (full 6):
 PSYoungGen      total 64512K, used 64183K [0x00000000f5580000, 0x00000000fa780000, 0x0000000100000000)
  eden space 58368K, 100% used [0x00000000f5580000,0x00000000f8e80000,0x00000000f8e80000)
  from space 6144K, 94% used [0x00000000f9000000,0x00000000f95adea0,0x00000000f9600000)
  to   space 12800K, 0% used [0x00000000f9b00000,0x00000000f9b00000,0x00000000fa780000)
 ParOldGen       total 109568K, used 68419K [0x00000000e0000000, 0x00000000e6b00000, 0x00000000f5580000)
  object space 109568K, 62% used [0x00000000e0000000,0x00000000e42d0e80,0x00000000e6b00000)
 Metaspace       used 94785K, capacity 102288K, committed 102656K, reserved 1138688K
  class space    used 11041K, capacity 13454K, committed 13568K, reserved 1048576K
Event: 6437.843 GC heap after
Heap after GC invocations=52 (full 6):
 PSYoungGen      total 68096K, used 4020K [0x00000000f5580000, 0x00000000fa600000, 0x0000000100000000)
  eden space 56832K, 0% used [0x00000000f5580000,0x00000000f5580000,0x00000000f8d00000)
  from space 11264K, 35% used [0x00000000f9b00000,0x00000000f9eed0c0,0x00000000fa600000)
  to   space 12800K, 0% used [0x00000000f8d00000,0x00000000f8d00000,0x00000000f9980000)
 ParOldGen       total 109568K, used 68976K [0x00000000e0000000, 0x00000000e6b00000, 0x00000000f5580000)
  object space 109568K, 62% used [0x00000000e0000000,0x00000000e435c010,0x00000000e6b00000)
 Metaspace       used 94785K, capacity 102288K, committed 102656K, reserved 1138688K
  class space    used 11041K, capacity 13454K, committed 13568K, reserved 1048576K
}

