# JRE version: Java(TM) SE Runtime Environment (8.0_66-b18) (build 1.8.0_66-b18)
# Java VM: Java HotSpot(TM) 64-Bit Server VM (25.66-b18 mixed mode windows-amd64 compressed oops)
Heap:
 PSYoungGen      total 163328K, used 60415K [0x00000000f5580000, 0x0000000100000000, 0x0000000100000000)
  eden space 152576K, 39% used [0x00000000f5580000,0x00000000f907fd98,0x00000000fea80000)
  from space 10752K, 0% used [0x00000000fea80000,0x00000000fea80000,0x00000000ff500000)
  to   space 10240K, 0% used [0x00000000ff600000,0x00000000ff600000,0x0000000100000000)
 ParOldGen       total 149504K, used 84718K [0x00000000e0000000, 0x00000000e9200000, 0x00000000f5580000)
  object space 149504K, 56% used [0x00000000e0000000,0x00000000e52bbb38,0x00000000e9200000)
 Metaspace       used 112887K, capacity 121284K, committed 121560K, reserved 1155072K
  class space    used 13095K, capacity 15782K, committed 15872K, reserved 1048576K
GC Heap History (10 events):
Event: 7808.536 GC heap before
{Heap before GC invocations=421 (full 56):
 PSYoungGen      total 162816K, used 608K [0x00000000f5580000, 0x0000000100000000, 0x0000000100000000)
  eden space 151040K, 0% used [0x00000000f5580000,0x00000000f5580000,0x00000000fe900000)
  from space 11776K, 5% used [0x00000000fe900000,0x00000000fe998000,0x00000000ff480000)
  to   space 11264K, 0% used [0x00000000ff500000,0x00000000ff500000,0x0000000100000000)
 ParOldGen       total 149504K, used 85085K [0x00000000e0000000, 0x00000000e9200000, 0x00000000f5580000)
  object space 149504K, 56% used [0x00000000e0000000,0x00000000e5317560,0x00000000e9200000)
 Metaspace       used 112447K, capacity 120806K, committed 121176K, reserved 1155072K
  class space    used 13048K, capacity 15687K, committed 15744K, reserved 1048576K
Event: 7808.836 GC heap after
Heap after GC invocations=421 (full 56):
 PSYoungGen      total 162816K, used 0K [0x00000000f5580000, 0x0000000100000000, 0x0000000100000000)
  eden space 151040K, 0% used [0x00000000f5580000,0x00000000f5580000,0x00000000fe900000)
  from space 11776K, 0% used [0x00000000fe900000,0x00000000fe900000,0x00000000ff480000)
  to   space 11264K, 0% used [0x00000000ff500000,0x00000000ff500000,0x0000000100000000)
 ParOldGen       total 149504K, used 84961K [0x00000000e0000000, 0x00000000e9200000, 0x00000000f5580000)
  object space 149504K, 56% used [0x00000000e0000000,0x00000000e52f8720,0x00000000e9200000)
 Metaspace       used 112440K, capacity 120794K, committed 121176K, reserved 1155072K
  class space    used 13047K, capacity 15685K, committed 15744K, reserved 1048576K
}
Event: 7868.551 GC heap before
{Heap before GC invocations=422 (full 56):
 PSYoungGen      total 162816K, used 4222K [0x00000000f5580000, 0x0000000100000000, 0x0000000100000000)
  eden space 151040K, 2% used [0x00000000f5580000,0x00000000f599f9d0,0x00000000fe900000)
  from space 11776K, 0% used [0x00000000fe900000,0x00000000fe900000,0x00000000ff480000)
  to   space 11264K, 0% used [0x00000000ff500000,0x00000000ff500000,0x0000000100000000)
 ParOldGen       total 149504K, used 84961K [0x00000000e0000000, 0x00000000e9200000, 0x00000000f5580000)
  object space 149504K, 56% used [0x00000000e0000000,0x00000000e52f8720,0x00000000e9200000)
 Metaspace       used 112440K, capacity 120794K, committed 121176K, reserved 1155072K
  class space    used 13047K, capacity 15685K, committed 15744K, reserved 1048576K
Event: 7868.555 GC heap after
Heap after GC invocations=422 (full 56):
 PSYoungGen      total 163840K, used 224K [0x00000000f5580000, 0x0000000100000000, 0x0000000100000000)
  eden space 152576K, 0% used [0x00000000f5580000,0x00000000f5580000,0x00000000fea80000)
  from space 11264K, 1% used [0x00000000ff500000,0x00000000ff538000,0x0000000100000000)
  to   space 10752K, 0% used [0x00000000fea80000,0x00000000fea80000,0x00000000ff500000)
 ParOldGen       total 149504K, used 84961K [0x00000000e0000000, 0x00000000e9200000, 0x00000000f5580000)
  object space 149504K, 56% used [0x00000000e0000000,0x00000000e52f8720,0x00000000e9200000)
 Metaspace       used 112440K, capacity 120794K, committed 121176K, reserved 1155072K
  class space    used 13047K, capacity 15685K, committed 15744K, reserved 1048576K
}
Event: 7868.555 GC heap before
{Heap before GC invocations=423 (full 57):
 PSYoungGen      total 163840K, used 224K [0x00000000f5580000, 0x0000000100000000, 0x0000000100000000)
  eden space 152576K, 0% used [0x00000000f5580000,0x00000000f5580000,0x00000000fea80000)
  from space 11264K, 1% used [0x00000000ff500000,0x00000000ff538000,0x0000000100000000)
  to   space 10752K, 0% used [0x00000000fea80000,0x00000000fea80000,0x00000000ff500000)
 ParOldGen       total 149504K, used 84961K [0x00000000e0000000, 0x00000000e9200000, 0x00000000f5580000)
  object space 149504K, 56% used [0x00000000e0000000,0x00000000e52f8720,0x00000000e9200000)
 Metaspace       used 112440K, capacity 120794K, committed 121176K, reserved 1155072K
  class space    used 13047K, capacity 15685K, committed 15744K, reserved 1048576K
Event: 7868.757 GC heap after
Heap after GC invocations=423 (full 57):
 PSYoungGen      total 163840K, used 0K [0x00000000f5580000, 0x0000000100000000, 0x0000000100000000)
  eden space 152576K, 0% used [0x00000000f5580000,0x00000000f5580000,0x00000000fea80000)
  from space 11264K, 0% used [0x00000000ff500000,0x00000000ff500000,0x0000000100000000)
  to   space 10752K, 0% used [0x00000000fea80000,0x00000000fea80000,0x00000000ff500000)
 ParOldGen       total 149504K, used 84670K [0x00000000e0000000, 0x00000000e9200000, 0x00000000f5580000)
  object space 149504K, 56% used [0x00000000e0000000,0x00000000e52af928,0x00000000e9200000)
 Metaspace       used 112440K, capacity 120794K, committed 121176K, reserved 1155072K
  class space    used 13047K, capacity 15685K, committed 15744K, reserved 1048576K
}
Event: 7928.551 GC heap before
{Heap before GC invocations=424 (full 57):
 PSYoungGen      total 163840K, used 7238K [0x00000000f5580000, 0x0000000100000000, 0x0000000100000000)
  eden space 152576K, 4% used [0x00000000f5580000,0x00000000f5c91970,0x00000000fea80000)
  from space 11264K, 0% used [0x00000000ff500000,0x00000000ff500000,0x0000000100000000)
  to   space 10752K, 0% used [0x00000000fea80000,0x00000000fea80000,0x00000000ff500000)
 ParOldGen       total 149504K, used 84670K [0x00000000e0000000, 0x00000000e9200000, 0x00000000f5580000)
  object space 149504K, 56% used [0x00000000e0000000,0x00000000e52af928,0x00000000e9200000)
 Metaspace       used 112441K, capacity 120794K, committed 121176K, reserved 1155072K
  class space    used 13047K, capacity 15685K, committed 15744K, reserved 1048576K
Event: 7928.555 GC heap after
Heap after GC invocations=424 (full 57):
 PSYoungGen      total 163328K, used 224K [0x00000000f5580000, 0x0000000100000000, 0x0000000100000000)
  eden space 152576K, 0% used [0x00000000f5580000,0x00000000f5580000,0x00000000fea80000)
  from space 10752K, 2% used [0x00000000fea80000,0x00000000feab8000,0x00000000ff500000)
  to   space 10240K, 0% used [0x00000000ff600000,0x00000000ff600000,0x0000000100000000)
 ParOldGen       total 149504K, used 84670K [0x00000000e0000000, 0x00000000e9200000, 0x00000000f5580000)
  object space 149504K, 56% used [0x00000000e0000000,0x00000000e52af928,0x00000000e9200000)
 Metaspace       used 112441K, capacity 120794K, committed 121176K, reserved 1155072K
  class space    used 13047K, capacity 15685K, committed 15744K, reserved 1048576K
}
Event: 7928.555 GC heap before
{Heap before GC invocations=425 (full 58):
 PSYoungGen      total 163328K, used 224K [0x00000000f5580000, 0x0000000100000000, 0x0000000100000000)
  eden space 152576K, 0% used [0x00000000f5580000,0x00000000f5580000,0x00000000fea80000)
  from space 10752K, 2% used [0x00000000fea80000,0x00000000feab8000,0x00000000ff500000)
  to   space 10240K, 0% used [0x00000000ff600000,0x00000000ff600000,0x0000000100000000)
 ParOldGen       total 149504K, used 84670K [0x00000000e0000000, 0x00000000e9200000, 0x00000000f5580000)
  object space 149504K, 56% used [0x00000000e0000000,0x00000000e52af928,0x00000000e9200000)
 Metaspace       used 112441K, capacity 120794K, committed 121176K, reserved 1155072K
  class space    used 13047K, capacity 15685K, committed 15744K, reserved 1048576K
Event: 7928.762 GC heap after
Heap after GC invocations=425 (full 58):
 PSYoungGen      total 163328K, used 0K [0x00000000f5580000, 0x0000000100000000, 0x0000000100000000)
  eden space 152576K, 0% used [0x00000000f5580000,0x00000000f5580000,0x00000000fea80000)
  from space 10752K, 0% used [0x00000000fea80000,0x00000000fea80000,0x00000000ff500000)
  to   space 10240K, 0% used [0x00000000ff600000,0x00000000ff600000,0x0000000100000000)
 ParOldGen       total 149504K, used 84718K [0x00000000e0000000, 0x00000000e9200000, 0x00000000f5580000)
  object space 149504K, 56% used [0x00000000e0000000,0x00000000e52bbb38,0x00000000e9200000)
 Metaspace       used 112441K, capacity 120794K, committed 121176K, reserved 1155072K
  class space    used 13047K, capacity 15685K, committed 15744K, reserved 1048576K
}

